[2.295s] Invoking command in '/home/student/anro_ws/src/ForwardKin': PYTHONPATH=/home/student/anro_ws/src/build/ForwardKin/prefix_override:/home/student/anro_ws/src/install/ForwardKin/lib/python3.10/site-packages:${PYTHONPATH} /usr/bin/python3 setup.py egg_info --egg-base ../build/ForwardKin build --build-base /home/student/anro_ws/src/build/ForwardKin/build install --record /home/student/anro_ws/src/build/ForwardKin/install.log --single-version-externally-managed
[2.580s] running egg_info
[2.581s] creating ../build/ForwardKin/ForwardKin.egg-info
[2.582s] writing ../build/ForwardKin/ForwardKin.egg-info/PKG-INFO
[2.582s] writing dependency_links to ../build/ForwardKin/ForwardKin.egg-info/dependency_links.txt
[2.582s] writing entry points to ../build/ForwardKin/ForwardKin.egg-info/entry_points.txt
[2.582s] writing requirements to ../build/ForwardKin/ForwardKin.egg-info/requires.txt
[2.582s] writing top-level names to ../build/ForwardKin/ForwardKin.egg-info/top_level.txt
[2.582s] writing manifest file '../build/ForwardKin/ForwardKin.egg-info/SOURCES.txt'
[2.584s] reading manifest file '../build/ForwardKin/ForwardKin.egg-info/SOURCES.txt'
[2.584s] adding license file 'LICENSE'
[2.585s] writing manifest file '../build/ForwardKin/ForwardKin.egg-info/SOURCES.txt'
[2.585s] running build
[2.585s] running build_py
[2.586s] creating /home/student/anro_ws/src/build/ForwardKin/build
[2.586s] creating /home/student/anro_ws/src/build/ForwardKin/build/lib
[2.588s] creating /home/student/anro_ws/src/build/ForwardKin/build/lib/ForwardKin
[2.588s] copying ForwardKin/ForwardKin.py -> /home/student/anro_ws/src/build/ForwardKin/build/lib/ForwardKin
[2.588s] copying ForwardKin/tests.py -> /home/student/anro_ws/src/build/ForwardKin/build/lib/ForwardKin
[2.589s] copying ForwardKin/__init__.py -> /home/student/anro_ws/src/build/ForwardKin/build/lib/ForwardKin
[2.589s] running install
[2.589s] running install_lib
[2.589s] creating /home/student/anro_ws/src/install/ForwardKin/lib/python3.10/site-packages/ForwardKin
[2.589s] copying /home/student/anro_ws/src/build/ForwardKin/build/lib/ForwardKin/ForwardKin.py -> /home/student/anro_ws/src/install/ForwardKin/lib/python3.10/site-packages/ForwardKin
[2.589s] copying /home/student/anro_ws/src/build/ForwardKin/build/lib/ForwardKin/tests.py -> /home/student/anro_ws/src/install/ForwardKin/lib/python3.10/site-packages/ForwardKin
[2.589s] copying /home/student/anro_ws/src/build/ForwardKin/build/lib/ForwardKin/__init__.py -> /home/student/anro_ws/src/install/ForwardKin/lib/python3.10/site-packages/ForwardKin
[2.590s] byte-compiling /home/student/anro_ws/src/install/ForwardKin/lib/python3.10/site-packages/ForwardKin/ForwardKin.py to ForwardKin.cpython-310.pyc
[2.592s] byte-compiling /home/student/anro_ws/src/install/ForwardKin/lib/python3.10/site-packages/ForwardKin/tests.py to tests.cpython-310.pyc
[2.594s] byte-compiling /home/student/anro_ws/src/install/ForwardKin/lib/python3.10/site-packages/ForwardKin/__init__.py to __init__.cpython-310.pyc
[2.594s] running install_data
[2.595s] creating /home/student/anro_ws/src/install/ForwardKin/share/ament_index
[2.595s] creating /home/student/anro_ws/src/install/ForwardKin/share/ament_index/resource_index
[2.595s] creating /home/student/anro_ws/src/install/ForwardKin/share/ament_index/resource_index/packages
[2.595s] copying resource/ForwardKin -> /home/student/anro_ws/src/install/ForwardKin/share/ament_index/resource_index/packages
[2.595s] copying package.xml -> /home/student/anro_ws/src/install/ForwardKin/share/ForwardKin
[2.596s] running install_egg_info
[2.600s] Copying ../build/ForwardKin/ForwardKin.egg-info to /home/student/anro_ws/src/install/ForwardKin/lib/python3.10/site-packages/ForwardKin-0.0.0-py3.10.egg-info
[2.602s] running install_scripts
[2.625s] Installing ForwardKin script to /home/student/anro_ws/src/install/ForwardKin/lib/ForwardKin
[2.626s] writing list of installed files to '/home/student/anro_ws/src/build/ForwardKin/install.log'
[2.906s] Invoked command in '/home/student/anro_ws/src/ForwardKin' returned '0': PYTHONPATH=/home/student/anro_ws/src/build/ForwardKin/prefix_override:/home/student/anro_ws/src/install/ForwardKin/lib/python3.10/site-packages:${PYTHONPATH} /usr/bin/python3 setup.py egg_info --egg-base ../build/ForwardKin build --build-base /home/student/anro_ws/src/build/ForwardKin/build install --record /home/student/anro_ws/src/build/ForwardKin/install.log --single-version-externally-managed
