[2.602s] Invoking command in '/home/student/anro_ws/src/joint_state_publisher/joint_state_publisher_gui': AMENT_PREFIX_PATH=/home/student/anro_ws/src/install/joint_state_publisher:${AMENT_PREFIX_PATH} PYTHONPATH=/home/student/anro_ws/src/build/joint_state_publisher_gui/prefix_override:/home/student/anro_ws/src/install/joint_state_publisher_gui/lib/python3.10/site-packages:/home/student/anro_ws/src/install/joint_state_publisher/lib/python3.10/site-packages:${PYTHONPATH} /usr/bin/python3 setup.py egg_info --egg-base ../../build/joint_state_publisher_gui build --build-base /home/student/anro_ws/src/build/joint_state_publisher_gui/build install --record /home/student/anro_ws/src/build/joint_state_publisher_gui/install.log --single-version-externally-managed
[2.919s] running egg_info
[2.920s] creating ../../build/joint_state_publisher_gui/joint_state_publisher_gui.egg-info
[2.921s] writing ../../build/joint_state_publisher_gui/joint_state_publisher_gui.egg-info/PKG-INFO
[2.921s] writing dependency_links to ../../build/joint_state_publisher_gui/joint_state_publisher_gui.egg-info/dependency_links.txt
[2.921s] writing entry points to ../../build/joint_state_publisher_gui/joint_state_publisher_gui.egg-info/entry_points.txt
[2.921s] writing requirements to ../../build/joint_state_publisher_gui/joint_state_publisher_gui.egg-info/requires.txt
[2.922s] writing top-level names to ../../build/joint_state_publisher_gui/joint_state_publisher_gui.egg-info/top_level.txt
[2.922s] writing manifest file '../../build/joint_state_publisher_gui/joint_state_publisher_gui.egg-info/SOURCES.txt'
[2.924s] reading manifest file '../../build/joint_state_publisher_gui/joint_state_publisher_gui.egg-info/SOURCES.txt'
[2.925s] adding license file 'LICENSE'
[2.925s] writing manifest file '../../build/joint_state_publisher_gui/joint_state_publisher_gui.egg-info/SOURCES.txt'
[2.926s] running build
[2.926s] running build_py
[2.926s] creating /home/student/anro_ws/src/build/joint_state_publisher_gui/build
[2.926s] creating /home/student/anro_ws/src/build/joint_state_publisher_gui/build/lib
[2.927s] creating /home/student/anro_ws/src/build/joint_state_publisher_gui/build/lib/joint_state_publisher_gui
[2.927s] copying joint_state_publisher_gui/joint_state_publisher_gui.py -> /home/student/anro_ws/src/build/joint_state_publisher_gui/build/lib/joint_state_publisher_gui
[2.927s] copying joint_state_publisher_gui/flow_layout.py -> /home/student/anro_ws/src/build/joint_state_publisher_gui/build/lib/joint_state_publisher_gui
[2.927s] copying joint_state_publisher_gui/__init__.py -> /home/student/anro_ws/src/build/joint_state_publisher_gui/build/lib/joint_state_publisher_gui
[2.928s] running install
[2.928s] running install_lib
[2.929s] creating /home/student/anro_ws/src/install/joint_state_publisher_gui/lib/python3.10/site-packages/joint_state_publisher_gui
[2.929s] copying /home/student/anro_ws/src/build/joint_state_publisher_gui/build/lib/joint_state_publisher_gui/joint_state_publisher_gui.py -> /home/student/anro_ws/src/install/joint_state_publisher_gui/lib/python3.10/site-packages/joint_state_publisher_gui
[2.930s] copying /home/student/anro_ws/src/build/joint_state_publisher_gui/build/lib/joint_state_publisher_gui/flow_layout.py -> /home/student/anro_ws/src/install/joint_state_publisher_gui/lib/python3.10/site-packages/joint_state_publisher_gui
[2.930s] copying /home/student/anro_ws/src/build/joint_state_publisher_gui/build/lib/joint_state_publisher_gui/__init__.py -> /home/student/anro_ws/src/install/joint_state_publisher_gui/lib/python3.10/site-packages/joint_state_publisher_gui
[2.931s] byte-compiling /home/student/anro_ws/src/install/joint_state_publisher_gui/lib/python3.10/site-packages/joint_state_publisher_gui/joint_state_publisher_gui.py to joint_state_publisher_gui.cpython-310.pyc
[2.934s] byte-compiling /home/student/anro_ws/src/install/joint_state_publisher_gui/lib/python3.10/site-packages/joint_state_publisher_gui/flow_layout.py to flow_layout.cpython-310.pyc
[2.935s] byte-compiling /home/student/anro_ws/src/install/joint_state_publisher_gui/lib/python3.10/site-packages/joint_state_publisher_gui/__init__.py to __init__.cpython-310.pyc
[2.936s] running install_data
[2.937s] creating /home/student/anro_ws/src/install/joint_state_publisher_gui/share/ament_index
[2.937s] creating /home/student/anro_ws/src/install/joint_state_publisher_gui/share/ament_index/resource_index
[2.937s] creating /home/student/anro_ws/src/install/joint_state_publisher_gui/share/ament_index/resource_index/packages
[2.937s] copying resource/joint_state_publisher_gui -> /home/student/anro_ws/src/install/joint_state_publisher_gui/share/ament_index/resource_index/packages
[2.938s] copying package.xml -> /home/student/anro_ws/src/install/joint_state_publisher_gui/share/joint_state_publisher_gui
[2.938s] running install_egg_info
[2.941s] Copying ../../build/joint_state_publisher_gui/joint_state_publisher_gui.egg-info to /home/student/anro_ws/src/install/joint_state_publisher_gui/lib/python3.10/site-packages/joint_state_publisher_gui-2.4.0-py3.10.egg-info
[2.942s] running install_scripts
[2.968s] Installing joint_state_publisher_gui script to /home/student/anro_ws/src/install/joint_state_publisher_gui/lib/joint_state_publisher_gui
[2.969s] writing list of installed files to '/home/student/anro_ws/src/build/joint_state_publisher_gui/install.log'
[3.126s] Invoked command in '/home/student/anro_ws/src/joint_state_publisher/joint_state_publisher_gui' returned '0': AMENT_PREFIX_PATH=/home/student/anro_ws/src/install/joint_state_publisher:${AMENT_PREFIX_PATH} PYTHONPATH=/home/student/anro_ws/src/build/joint_state_publisher_gui/prefix_override:/home/student/anro_ws/src/install/joint_state_publisher_gui/lib/python3.10/site-packages:/home/student/anro_ws/src/install/joint_state_publisher/lib/python3.10/site-packages:${PYTHONPATH} /usr/bin/python3 setup.py egg_info --egg-base ../../build/joint_state_publisher_gui build --build-base /home/student/anro_ws/src/build/joint_state_publisher_gui/build install --record /home/student/anro_ws/src/build/joint_state_publisher_gui/install.log --single-version-externally-managed
