[0.094s] Invoking command in '/home/student/anro_24l/build/urdf_launch': AMENT_PREFIX_PATH=/home/student/anro_24l/install/joint_state_publisher_gui:/home/student/anro_24l/install/joint_state_publisher PYTHONPATH=/home/student/anro_24l/install/joint_state_publisher_gui/lib/python3.10/site-packages:/home/student/anro_24l/install/joint_state_publisher/lib/python3.10/site-packages /usr/bin/cmake /home/student/anro_24l/urdf_launch -DCMAKE_INSTALL_PREFIX=/home/student/anro_24l/install/urdf_launch
[0.113s] [31mCMake Error at CMakeLists.txt:4 (find_package):
[0.113s]   By not providing "Findament_cmake.cmake" in CMAKE_MODULE_PATH this project
[0.113s]   has asked CMake to find a package configuration file provided by
[0.113s]   "ament_cmake", but CMake did not find one.
[0.113s] 
[0.113s]   Could not find a package configuration file provided by "ament_cmake" with
[0.113s]   any of the following names:
[0.113s] 
[0.113s]     ament_cmakeConfig.cmake
[0.113s]     ament_cmake-config.cmake
[0.114s] 
[0.114s]   Add the installation prefix of "ament_cmake" to CMAKE_PREFIX_PATH or set
[0.114s]   "ament_cmake_DIR" to a directory containing one of the above files.  If
[0.114s]   "ament_cmake" provides a separate development package or SDK, be sure it
[0.115s]   has been installed.
[0.115s] 
[0.115s] [0m
[0.115s] -- Configuring incomplete, errors occurred!
[0.115s] See also "/home/student/anro_24l/build/urdf_launch/CMakeFiles/CMakeOutput.log".
[0.115s] Invoked command in '/home/student/anro_24l/build/urdf_launch' returned '1': AMENT_PREFIX_PATH=/home/student/anro_24l/install/joint_state_publisher_gui:/home/student/anro_24l/install/joint_state_publisher PYTHONPATH=/home/student/anro_24l/install/joint_state_publisher_gui/lib/python3.10/site-packages:/home/student/anro_24l/install/joint_state_publisher/lib/python3.10/site-packages /usr/bin/cmake /home/student/anro_24l/urdf_launch -DCMAKE_INSTALL_PREFIX=/home/student/anro_24l/install/urdf_launch
