[0.614s] DEBUG:colcon:Command line arguments: ['/usr/bin/colcon', 'build']
[0.614s] DEBUG:colcon:Parsed command line arguments: Namespace(log_base=None, log_level=None, verb_name='build', build_base='build', install_base='install', merge_install=False, symlink_install=False, test_result_base=None, continue_on_error=False, executor='parallel', parallel_workers=4, event_handlers=None, ignore_user_meta=False, metas=['./colcon.meta'], base_paths=['.'], packages_ignore=None, packages_ignore_regex=None, paths=None, packages_up_to=None, packages_up_to_regex=None, packages_above=None, packages_above_and_dependencies=None, packages_above_depth=None, packages_select_by_dep=None, packages_skip_by_dep=None, packages_skip_up_to=None, packages_select_build_failed=False, packages_skip_build_finished=False, packages_select_test_failures=False, packages_skip_test_passed=False, packages_select=None, packages_skip=None, packages_select_regex=None, packages_skip_regex=None, packages_start=None, packages_end=None, allow_overriding=[], cmake_args=None, cmake_target=None, cmake_target_skip_unavailable=False, cmake_clean_cache=False, cmake_clean_first=False, cmake_force_configure=False, ament_cmake_args=None, catkin_cmake_args=None, catkin_skip_building_tests=False, verb_parser=<colcon_defaults.argument_parser.defaults.DefaultArgumentsDecorator object at 0x7ae55fbedd80>, verb_extension=<colcon_core.verb.build.BuildVerb object at 0x7ae55fbeda50>, main=<bound method BuildVerb.main of <colcon_core.verb.build.BuildVerb object at 0x7ae55fbeda50>>)
[0.646s] Level 1:colcon.colcon_core.package_discovery:discover_packages(colcon_meta) check parameters
[0.646s] Level 1:colcon.colcon_core.package_discovery:discover_packages(recursive) check parameters
[0.646s] Level 1:colcon.colcon_core.package_discovery:discover_packages(ignore) check parameters
[0.646s] Level 1:colcon.colcon_core.package_discovery:discover_packages(path) check parameters
[0.646s] Level 1:colcon.colcon_core.package_discovery:discover_packages(colcon_meta) discover
[0.646s] Level 1:colcon.colcon_core.package_discovery:discover_packages(recursive) discover
[0.646s] INFO:colcon.colcon_core.package_discovery:Crawling recursively for packages in '/home/student/anro_24l'
[0.646s] Level 1:colcon.colcon_core.package_identification:_identify(.) by extensions ['ignore', 'ignore_ament_install']
[0.646s] Level 1:colcon.colcon_core.package_identification:_identify(.) by extension 'ignore'
[0.647s] Level 1:colcon.colcon_core.package_identification:_identify(.) by extension 'ignore_ament_install'
[0.647s] Level 1:colcon.colcon_core.package_identification:_identify(.) by extensions ['colcon_pkg']
[0.647s] Level 1:colcon.colcon_core.package_identification:_identify(.) by extension 'colcon_pkg'
[0.647s] Level 1:colcon.colcon_core.package_identification:_identify(.) by extensions ['colcon_meta']
[0.647s] Level 1:colcon.colcon_core.package_identification:_identify(.) by extension 'colcon_meta'
[0.647s] Level 1:colcon.colcon_core.package_identification:_identify(.) by extensions ['ros']
[0.647s] Level 1:colcon.colcon_core.package_identification:_identify(.) by extension 'ros'
[0.657s] Level 1:colcon.colcon_core.package_identification:_identify(.) by extensions ['cmake', 'python']
[0.657s] Level 1:colcon.colcon_core.package_identification:_identify(.) by extension 'cmake'
[0.658s] Level 1:colcon.colcon_core.package_identification:_identify(.) by extension 'python'
[0.658s] Level 1:colcon.colcon_core.package_identification:_identify(.) by extensions ['python_setup_py']
[0.658s] Level 1:colcon.colcon_core.package_identification:_identify(.) by extension 'python_setup_py'
[0.658s] Level 1:colcon.colcon_core.package_identification:_identify(Move_To_Point) by extensions ['ignore', 'ignore_ament_install']
[0.658s] Level 1:colcon.colcon_core.package_identification:_identify(Move_To_Point) by extension 'ignore'
[0.658s] Level 1:colcon.colcon_core.package_identification:_identify(Move_To_Point) by extension 'ignore_ament_install'
[0.658s] Level 1:colcon.colcon_core.package_identification:_identify(Move_To_Point) by extensions ['colcon_pkg']
[0.658s] Level 1:colcon.colcon_core.package_identification:_identify(Move_To_Point) by extension 'colcon_pkg'
[0.658s] Level 1:colcon.colcon_core.package_identification:_identify(Move_To_Point) by extensions ['colcon_meta']
[0.658s] Level 1:colcon.colcon_core.package_identification:_identify(Move_To_Point) by extension 'colcon_meta'
[0.658s] Level 1:colcon.colcon_core.package_identification:_identify(Move_To_Point) by extensions ['ros']
[0.658s] Level 1:colcon.colcon_core.package_identification:_identify(Move_To_Point) by extension 'ros'
[0.661s] DEBUG:colcon.colcon_core.package_identification:Package 'Move_To_Point' with type 'ros.ament_python' and name 'Move_To_Point'
[0.661s] Level 1:colcon.colcon_core.package_identification:_identify(angle_translator) by extensions ['ignore', 'ignore_ament_install']
[0.661s] Level 1:colcon.colcon_core.package_identification:_identify(angle_translator) by extension 'ignore'
[0.661s] Level 1:colcon.colcon_core.package_identification:_identify(angle_translator) by extension 'ignore_ament_install'
[0.661s] Level 1:colcon.colcon_core.package_identification:_identify(angle_translator) by extensions ['colcon_pkg']
[0.661s] Level 1:colcon.colcon_core.package_identification:_identify(angle_translator) by extension 'colcon_pkg'
[0.661s] Level 1:colcon.colcon_core.package_identification:_identify(angle_translator) by extensions ['colcon_meta']
[0.661s] Level 1:colcon.colcon_core.package_identification:_identify(angle_translator) by extension 'colcon_meta'
[0.661s] Level 1:colcon.colcon_core.package_identification:_identify(angle_translator) by extensions ['ros']
[0.661s] Level 1:colcon.colcon_core.package_identification:_identify(angle_translator) by extension 'ros'
[0.662s] DEBUG:colcon.colcon_core.package_identification:Package 'angle_translator' with type 'ros.ament_python' and name 'angle_translator'
[0.662s] Level 1:colcon.colcon_core.package_identification:_identify(build) by extensions ['ignore', 'ignore_ament_install']
[0.662s] Level 1:colcon.colcon_core.package_identification:_identify(build) by extension 'ignore'
[0.662s] Level 1:colcon.colcon_core.package_identification:_identify(build) ignored
[0.662s] Level 1:colcon.colcon_core.package_identification:_identify(forward_kin) by extensions ['ignore', 'ignore_ament_install']
[0.662s] Level 1:colcon.colcon_core.package_identification:_identify(forward_kin) by extension 'ignore'
[0.662s] Level 1:colcon.colcon_core.package_identification:_identify(forward_kin) by extension 'ignore_ament_install'
[0.662s] Level 1:colcon.colcon_core.package_identification:_identify(forward_kin) by extensions ['colcon_pkg']
[0.662s] Level 1:colcon.colcon_core.package_identification:_identify(forward_kin) by extension 'colcon_pkg'
[0.662s] Level 1:colcon.colcon_core.package_identification:_identify(forward_kin) by extensions ['colcon_meta']
[0.662s] Level 1:colcon.colcon_core.package_identification:_identify(forward_kin) by extension 'colcon_meta'
[0.662s] Level 1:colcon.colcon_core.package_identification:_identify(forward_kin) by extensions ['ros']
[0.662s] Level 1:colcon.colcon_core.package_identification:_identify(forward_kin) by extension 'ros'
[0.663s] DEBUG:colcon.colcon_core.package_identification:Package 'forward_kin' with type 'ros.ament_python' and name 'forward_kin'
[0.663s] Level 1:colcon.colcon_core.package_identification:_identify(install) by extensions ['ignore', 'ignore_ament_install']
[0.663s] Level 1:colcon.colcon_core.package_identification:_identify(install) by extension 'ignore'
[0.663s] Level 1:colcon.colcon_core.package_identification:_identify(install) ignored
[0.663s] Level 1:colcon.colcon_core.package_identification:_identify(inverse_kin) by extensions ['ignore', 'ignore_ament_install']
[0.663s] Level 1:colcon.colcon_core.package_identification:_identify(inverse_kin) by extension 'ignore'
[0.663s] Level 1:colcon.colcon_core.package_identification:_identify(inverse_kin) by extension 'ignore_ament_install'
[0.664s] Level 1:colcon.colcon_core.package_identification:_identify(inverse_kin) by extensions ['colcon_pkg']
[0.664s] Level 1:colcon.colcon_core.package_identification:_identify(inverse_kin) by extension 'colcon_pkg'
[0.664s] Level 1:colcon.colcon_core.package_identification:_identify(inverse_kin) by extensions ['colcon_meta']
[0.664s] Level 1:colcon.colcon_core.package_identification:_identify(inverse_kin) by extension 'colcon_meta'
[0.664s] Level 1:colcon.colcon_core.package_identification:_identify(inverse_kin) by extensions ['ros']
[0.664s] Level 1:colcon.colcon_core.package_identification:_identify(inverse_kin) by extension 'ros'
[0.664s] DEBUG:colcon.colcon_core.package_identification:Package 'inverse_kin' with type 'ros.ament_python' and name 'inverse_kin'
[0.664s] Level 1:colcon.colcon_core.package_identification:_identify(joint_state_publisher) by extensions ['ignore', 'ignore_ament_install']
[0.664s] Level 1:colcon.colcon_core.package_identification:_identify(joint_state_publisher) by extension 'ignore'
[0.664s] Level 1:colcon.colcon_core.package_identification:_identify(joint_state_publisher) by extension 'ignore_ament_install'
[0.665s] Level 1:colcon.colcon_core.package_identification:_identify(joint_state_publisher) by extensions ['colcon_pkg']
[0.665s] Level 1:colcon.colcon_core.package_identification:_identify(joint_state_publisher) by extension 'colcon_pkg'
[0.665s] Level 1:colcon.colcon_core.package_identification:_identify(joint_state_publisher) by extensions ['colcon_meta']
[0.665s] Level 1:colcon.colcon_core.package_identification:_identify(joint_state_publisher) by extension 'colcon_meta'
[0.665s] Level 1:colcon.colcon_core.package_identification:_identify(joint_state_publisher) by extensions ['ros']
[0.665s] Level 1:colcon.colcon_core.package_identification:_identify(joint_state_publisher) by extension 'ros'
[0.665s] Level 1:colcon.colcon_core.package_identification:_identify(joint_state_publisher) by extensions ['cmake', 'python']
[0.665s] Level 1:colcon.colcon_core.package_identification:_identify(joint_state_publisher) by extension 'cmake'
[0.665s] Level 1:colcon.colcon_core.package_identification:_identify(joint_state_publisher) by extension 'python'
[0.665s] Level 1:colcon.colcon_core.package_identification:_identify(joint_state_publisher) by extensions ['python_setup_py']
[0.665s] Level 1:colcon.colcon_core.package_identification:_identify(joint_state_publisher) by extension 'python_setup_py'
[0.665s] Level 1:colcon.colcon_core.package_identification:_identify(joint_state_publisher/joint_state_publisher) by extensions ['ignore', 'ignore_ament_install']
[0.665s] Level 1:colcon.colcon_core.package_identification:_identify(joint_state_publisher/joint_state_publisher) by extension 'ignore'
[0.665s] Level 1:colcon.colcon_core.package_identification:_identify(joint_state_publisher/joint_state_publisher) by extension 'ignore_ament_install'
[0.665s] Level 1:colcon.colcon_core.package_identification:_identify(joint_state_publisher/joint_state_publisher) by extensions ['colcon_pkg']
[0.665s] Level 1:colcon.colcon_core.package_identification:_identify(joint_state_publisher/joint_state_publisher) by extension 'colcon_pkg'
[0.665s] Level 1:colcon.colcon_core.package_identification:_identify(joint_state_publisher/joint_state_publisher) by extensions ['colcon_meta']
[0.665s] Level 1:colcon.colcon_core.package_identification:_identify(joint_state_publisher/joint_state_publisher) by extension 'colcon_meta'
[0.665s] Level 1:colcon.colcon_core.package_identification:_identify(joint_state_publisher/joint_state_publisher) by extensions ['ros']
[0.665s] Level 1:colcon.colcon_core.package_identification:_identify(joint_state_publisher/joint_state_publisher) by extension 'ros'
[0.666s] DEBUG:colcon.colcon_core.package_identification:Package 'joint_state_publisher/joint_state_publisher' with type 'ros.ament_python' and name 'joint_state_publisher'
[0.666s] Level 1:colcon.colcon_core.package_identification:_identify(joint_state_publisher/joint_state_publisher_gui) by extensions ['ignore', 'ignore_ament_install']
[0.666s] Level 1:colcon.colcon_core.package_identification:_identify(joint_state_publisher/joint_state_publisher_gui) by extension 'ignore'
[0.666s] Level 1:colcon.colcon_core.package_identification:_identify(joint_state_publisher/joint_state_publisher_gui) by extension 'ignore_ament_install'
[0.666s] Level 1:colcon.colcon_core.package_identification:_identify(joint_state_publisher/joint_state_publisher_gui) by extensions ['colcon_pkg']
[0.667s] Level 1:colcon.colcon_core.package_identification:_identify(joint_state_publisher/joint_state_publisher_gui) by extension 'colcon_pkg'
[0.667s] Level 1:colcon.colcon_core.package_identification:_identify(joint_state_publisher/joint_state_publisher_gui) by extensions ['colcon_meta']
[0.667s] Level 1:colcon.colcon_core.package_identification:_identify(joint_state_publisher/joint_state_publisher_gui) by extension 'colcon_meta'
[0.667s] Level 1:colcon.colcon_core.package_identification:_identify(joint_state_publisher/joint_state_publisher_gui) by extensions ['ros']
[0.667s] Level 1:colcon.colcon_core.package_identification:_identify(joint_state_publisher/joint_state_publisher_gui) by extension 'ros'
[0.667s] DEBUG:colcon.colcon_core.package_identification:Package 'joint_state_publisher/joint_state_publisher_gui' with type 'ros.ament_python' and name 'joint_state_publisher_gui'
[0.667s] Level 1:colcon.colcon_core.package_identification:_identify(lab2) by extensions ['ignore', 'ignore_ament_install']
[0.667s] Level 1:colcon.colcon_core.package_identification:_identify(lab2) by extension 'ignore'
[0.668s] Level 1:colcon.colcon_core.package_identification:_identify(lab2) by extension 'ignore_ament_install'
[0.668s] Level 1:colcon.colcon_core.package_identification:_identify(lab2) by extensions ['colcon_pkg']
[0.668s] Level 1:colcon.colcon_core.package_identification:_identify(lab2) by extension 'colcon_pkg'
[0.668s] Level 1:colcon.colcon_core.package_identification:_identify(lab2) by extensions ['colcon_meta']
[0.668s] Level 1:colcon.colcon_core.package_identification:_identify(lab2) by extension 'colcon_meta'
[0.668s] Level 1:colcon.colcon_core.package_identification:_identify(lab2) by extensions ['ros']
[0.668s] Level 1:colcon.colcon_core.package_identification:_identify(lab2) by extension 'ros'
[0.668s] DEBUG:colcon.colcon_core.package_identification:Package 'lab2' with type 'ros.ament_python' and name 'lab2'
[0.668s] Level 1:colcon.colcon_core.package_identification:_identify(log) by extensions ['ignore', 'ignore_ament_install']
[0.668s] Level 1:colcon.colcon_core.package_identification:_identify(log) by extension 'ignore'
[0.668s] Level 1:colcon.colcon_core.package_identification:_identify(log) ignored
[0.669s] Level 1:colcon.colcon_core.package_identification:_identify(meROS) by extensions ['ignore', 'ignore_ament_install']
[0.669s] Level 1:colcon.colcon_core.package_identification:_identify(meROS) by extension 'ignore'
[0.669s] Level 1:colcon.colcon_core.package_identification:_identify(meROS) by extension 'ignore_ament_install'
[0.669s] Level 1:colcon.colcon_core.package_identification:_identify(meROS) by extensions ['colcon_pkg']
[0.669s] Level 1:colcon.colcon_core.package_identification:_identify(meROS) by extension 'colcon_pkg'
[0.669s] Level 1:colcon.colcon_core.package_identification:_identify(meROS) by extensions ['colcon_meta']
[0.669s] Level 1:colcon.colcon_core.package_identification:_identify(meROS) by extension 'colcon_meta'
[0.669s] Level 1:colcon.colcon_core.package_identification:_identify(meROS) by extensions ['ros']
[0.669s] Level 1:colcon.colcon_core.package_identification:_identify(meROS) by extension 'ros'
[0.669s] Level 1:colcon.colcon_core.package_identification:_identify(meROS) by extensions ['cmake', 'python']
[0.669s] Level 1:colcon.colcon_core.package_identification:_identify(meROS) by extension 'cmake'
[0.669s] Level 1:colcon.colcon_core.package_identification:_identify(meROS) by extension 'python'
[0.669s] Level 1:colcon.colcon_core.package_identification:_identify(meROS) by extensions ['python_setup_py']
[0.669s] Level 1:colcon.colcon_core.package_identification:_identify(meROS) by extension 'python_setup_py'
[0.669s] Level 1:colcon.colcon_core.package_identification:_identify(prd1) by extensions ['ignore', 'ignore_ament_install']
[0.669s] Level 1:colcon.colcon_core.package_identification:_identify(prd1) by extension 'ignore'
[0.669s] Level 1:colcon.colcon_core.package_identification:_identify(prd1) by extension 'ignore_ament_install'
[0.669s] Level 1:colcon.colcon_core.package_identification:_identify(prd1) by extensions ['colcon_pkg']
[0.670s] Level 1:colcon.colcon_core.package_identification:_identify(prd1) by extension 'colcon_pkg'
[0.670s] Level 1:colcon.colcon_core.package_identification:_identify(prd1) by extensions ['colcon_meta']
[0.670s] Level 1:colcon.colcon_core.package_identification:_identify(prd1) by extension 'colcon_meta'
[0.670s] Level 1:colcon.colcon_core.package_identification:_identify(prd1) by extensions ['ros']
[0.670s] Level 1:colcon.colcon_core.package_identification:_identify(prd1) by extension 'ros'
[0.670s] DEBUG:colcon.colcon_core.package_identification:Package 'prd1' with type 'ros.ament_python' and name 'prd1'
[0.670s] Level 1:colcon.colcon_core.package_identification:_identify(urdf_launch) by extensions ['ignore', 'ignore_ament_install']
[0.670s] Level 1:colcon.colcon_core.package_identification:_identify(urdf_launch) by extension 'ignore'
[0.670s] Level 1:colcon.colcon_core.package_identification:_identify(urdf_launch) by extension 'ignore_ament_install'
[0.671s] Level 1:colcon.colcon_core.package_identification:_identify(urdf_launch) by extensions ['colcon_pkg']
[0.671s] Level 1:colcon.colcon_core.package_identification:_identify(urdf_launch) by extension 'colcon_pkg'
[0.671s] Level 1:colcon.colcon_core.package_identification:_identify(urdf_launch) by extensions ['colcon_meta']
[0.671s] Level 1:colcon.colcon_core.package_identification:_identify(urdf_launch) by extension 'colcon_meta'
[0.671s] Level 1:colcon.colcon_core.package_identification:_identify(urdf_launch) by extensions ['ros']
[0.671s] Level 1:colcon.colcon_core.package_identification:_identify(urdf_launch) by extension 'ros'
[0.671s] DEBUG:colcon.colcon_core.package_identification:Package 'urdf_launch' with type 'ros.ament_cmake' and name 'urdf_launch'
[0.672s] Level 1:colcon.colcon_core.package_identification:_identify(urdf_tutorial) by extensions ['ignore', 'ignore_ament_install']
[0.672s] Level 1:colcon.colcon_core.package_identification:_identify(urdf_tutorial) by extension 'ignore'
[0.672s] Level 1:colcon.colcon_core.package_identification:_identify(urdf_tutorial) by extension 'ignore_ament_install'
[0.672s] Level 1:colcon.colcon_core.package_identification:_identify(urdf_tutorial) by extensions ['colcon_pkg']
[0.672s] Level 1:colcon.colcon_core.package_identification:_identify(urdf_tutorial) by extension 'colcon_pkg'
[0.672s] Level 1:colcon.colcon_core.package_identification:_identify(urdf_tutorial) by extensions ['colcon_meta']
[0.672s] Level 1:colcon.colcon_core.package_identification:_identify(urdf_tutorial) by extension 'colcon_meta'
[0.672s] Level 1:colcon.colcon_core.package_identification:_identify(urdf_tutorial) by extensions ['ros']
[0.672s] Level 1:colcon.colcon_core.package_identification:_identify(urdf_tutorial) by extension 'ros'
[0.672s] DEBUG:colcon.colcon_core.package_identification:Package 'urdf_tutorial' with type 'ros.ament_cmake' and name 'urdf_tutorial'
[0.672s] Level 1:colcon.colcon_core.package_discovery:discover_packages(recursive) using defaults
[0.673s] Level 1:colcon.colcon_core.package_discovery:discover_packages(ignore) discover
[0.673s] Level 1:colcon.colcon_core.package_discovery:discover_packages(ignore) using defaults
[0.673s] Level 1:colcon.colcon_core.package_discovery:discover_packages(path) discover
[0.673s] Level 1:colcon.colcon_core.package_discovery:discover_packages(path) using defaults
[0.732s] Level 1:colcon.colcon_core.package_discovery:discover_packages(prefix_path) check parameters
[0.733s] Level 1:colcon.colcon_core.package_discovery:discover_packages(prefix_path) discover
[0.741s] Level 1:colcon.colcon_core.package_discovery:discover_packages(prefix_path) using defaults
[0.757s] Level 5:colcon.colcon_core.verb:set package 'Move_To_Point' build argument 'cmake_args' from command line to 'None'
[0.757s] Level 5:colcon.colcon_core.verb:set package 'Move_To_Point' build argument 'cmake_target' from command line to 'None'
[0.757s] Level 5:colcon.colcon_core.verb:set package 'Move_To_Point' build argument 'cmake_target_skip_unavailable' from command line to 'False'
[0.757s] Level 5:colcon.colcon_core.verb:set package 'Move_To_Point' build argument 'cmake_clean_cache' from command line to 'False'
[0.757s] Level 5:colcon.colcon_core.verb:set package 'Move_To_Point' build argument 'cmake_clean_first' from command line to 'False'
[0.757s] Level 5:colcon.colcon_core.verb:set package 'Move_To_Point' build argument 'cmake_force_configure' from command line to 'False'
[0.757s] Level 5:colcon.colcon_core.verb:set package 'Move_To_Point' build argument 'ament_cmake_args' from command line to 'None'
[0.757s] Level 5:colcon.colcon_core.verb:set package 'Move_To_Point' build argument 'catkin_cmake_args' from command line to 'None'
[0.757s] Level 5:colcon.colcon_core.verb:set package 'Move_To_Point' build argument 'catkin_skip_building_tests' from command line to 'False'
[0.757s] DEBUG:colcon.colcon_core.verb:Building package 'Move_To_Point' with the following arguments: {'ament_cmake_args': None, 'build_base': '/home/student/anro_24l/build/Move_To_Point', 'catkin_cmake_args': None, 'catkin_skip_building_tests': False, 'cmake_args': None, 'cmake_clean_cache': False, 'cmake_clean_first': False, 'cmake_force_configure': False, 'cmake_target': None, 'cmake_target_skip_unavailable': False, 'install_base': '/home/student/anro_24l/install/Move_To_Point', 'merge_install': False, 'path': '/home/student/anro_24l/Move_To_Point', 'symlink_install': False, 'test_result_base': None}
[0.765s] Level 5:colcon.colcon_core.verb:set package 'angle_translator' build argument 'cmake_args' from command line to 'None'
[0.766s] Level 5:colcon.colcon_core.verb:set package 'angle_translator' build argument 'cmake_target' from command line to 'None'
[0.766s] Level 5:colcon.colcon_core.verb:set package 'angle_translator' build argument 'cmake_target_skip_unavailable' from command line to 'False'
[0.766s] Level 5:colcon.colcon_core.verb:set package 'angle_translator' build argument 'cmake_clean_cache' from command line to 'False'
[0.766s] Level 5:colcon.colcon_core.verb:set package 'angle_translator' build argument 'cmake_clean_first' from command line to 'False'
[0.766s] Level 5:colcon.colcon_core.verb:set package 'angle_translator' build argument 'cmake_force_configure' from command line to 'False'
[0.766s] Level 5:colcon.colcon_core.verb:set package 'angle_translator' build argument 'ament_cmake_args' from command line to 'None'
[0.766s] Level 5:colcon.colcon_core.verb:set package 'angle_translator' build argument 'catkin_cmake_args' from command line to 'None'
[0.766s] Level 5:colcon.colcon_core.verb:set package 'angle_translator' build argument 'catkin_skip_building_tests' from command line to 'False'
[0.766s] DEBUG:colcon.colcon_core.verb:Building package 'angle_translator' with the following arguments: {'ament_cmake_args': None, 'build_base': '/home/student/anro_24l/build/angle_translator', 'catkin_cmake_args': None, 'catkin_skip_building_tests': False, 'cmake_args': None, 'cmake_clean_cache': False, 'cmake_clean_first': False, 'cmake_force_configure': False, 'cmake_target': None, 'cmake_target_skip_unavailable': False, 'install_base': '/home/student/anro_24l/install/angle_translator', 'merge_install': False, 'path': '/home/student/anro_24l/angle_translator', 'symlink_install': False, 'test_result_base': None}
[0.774s] Level 5:colcon.colcon_core.verb:set package 'forward_kin' build argument 'cmake_args' from command line to 'None'
[0.774s] Level 5:colcon.colcon_core.verb:set package 'forward_kin' build argument 'cmake_target' from command line to 'None'
[0.774s] Level 5:colcon.colcon_core.verb:set package 'forward_kin' build argument 'cmake_target_skip_unavailable' from command line to 'False'
[0.774s] Level 5:colcon.colcon_core.verb:set package 'forward_kin' build argument 'cmake_clean_cache' from command line to 'False'
[0.774s] Level 5:colcon.colcon_core.verb:set package 'forward_kin' build argument 'cmake_clean_first' from command line to 'False'
[0.774s] Level 5:colcon.colcon_core.verb:set package 'forward_kin' build argument 'cmake_force_configure' from command line to 'False'
[0.774s] Level 5:colcon.colcon_core.verb:set package 'forward_kin' build argument 'ament_cmake_args' from command line to 'None'
[0.774s] Level 5:colcon.colcon_core.verb:set package 'forward_kin' build argument 'catkin_cmake_args' from command line to 'None'
[0.774s] Level 5:colcon.colcon_core.verb:set package 'forward_kin' build argument 'catkin_skip_building_tests' from command line to 'False'
[0.774s] DEBUG:colcon.colcon_core.verb:Building package 'forward_kin' with the following arguments: {'ament_cmake_args': None, 'build_base': '/home/student/anro_24l/build/forward_kin', 'catkin_cmake_args': None, 'catkin_skip_building_tests': False, 'cmake_args': None, 'cmake_clean_cache': False, 'cmake_clean_first': False, 'cmake_force_configure': False, 'cmake_target': None, 'cmake_target_skip_unavailable': False, 'install_base': '/home/student/anro_24l/install/forward_kin', 'merge_install': False, 'path': '/home/student/anro_24l/forward_kin', 'symlink_install': False, 'test_result_base': None}
[0.782s] Level 5:colcon.colcon_core.verb:set package 'inverse_kin' build argument 'cmake_args' from command line to 'None'
[0.782s] Level 5:colcon.colcon_core.verb:set package 'inverse_kin' build argument 'cmake_target' from command line to 'None'
[0.782s] Level 5:colcon.colcon_core.verb:set package 'inverse_kin' build argument 'cmake_target_skip_unavailable' from command line to 'False'
[0.782s] Level 5:colcon.colcon_core.verb:set package 'inverse_kin' build argument 'cmake_clean_cache' from command line to 'False'
[0.782s] Level 5:colcon.colcon_core.verb:set package 'inverse_kin' build argument 'cmake_clean_first' from command line to 'False'
[0.782s] Level 5:colcon.colcon_core.verb:set package 'inverse_kin' build argument 'cmake_force_configure' from command line to 'False'
[0.783s] Level 5:colcon.colcon_core.verb:set package 'inverse_kin' build argument 'ament_cmake_args' from command line to 'None'
[0.783s] Level 5:colcon.colcon_core.verb:set package 'inverse_kin' build argument 'catkin_cmake_args' from command line to 'None'
[0.783s] Level 5:colcon.colcon_core.verb:set package 'inverse_kin' build argument 'catkin_skip_building_tests' from command line to 'False'
[0.783s] DEBUG:colcon.colcon_core.verb:Building package 'inverse_kin' with the following arguments: {'ament_cmake_args': None, 'build_base': '/home/student/anro_24l/build/inverse_kin', 'catkin_cmake_args': None, 'catkin_skip_building_tests': False, 'cmake_args': None, 'cmake_clean_cache': False, 'cmake_clean_first': False, 'cmake_force_configure': False, 'cmake_target': None, 'cmake_target_skip_unavailable': False, 'install_base': '/home/student/anro_24l/install/inverse_kin', 'merge_install': False, 'path': '/home/student/anro_24l/inverse_kin', 'symlink_install': False, 'test_result_base': None}
[0.790s] Level 5:colcon.colcon_core.verb:set package 'joint_state_publisher' build argument 'cmake_args' from command line to 'None'
[0.790s] Level 5:colcon.colcon_core.verb:set package 'joint_state_publisher' build argument 'cmake_target' from command line to 'None'
[0.790s] Level 5:colcon.colcon_core.verb:set package 'joint_state_publisher' build argument 'cmake_target_skip_unavailable' from command line to 'False'
[0.791s] Level 5:colcon.colcon_core.verb:set package 'joint_state_publisher' build argument 'cmake_clean_cache' from command line to 'False'
[0.791s] Level 5:colcon.colcon_core.verb:set package 'joint_state_publisher' build argument 'cmake_clean_first' from command line to 'False'
[0.791s] Level 5:colcon.colcon_core.verb:set package 'joint_state_publisher' build argument 'cmake_force_configure' from command line to 'False'
[0.791s] Level 5:colcon.colcon_core.verb:set package 'joint_state_publisher' build argument 'ament_cmake_args' from command line to 'None'
[0.791s] Level 5:colcon.colcon_core.verb:set package 'joint_state_publisher' build argument 'catkin_cmake_args' from command line to 'None'
[0.791s] Level 5:colcon.colcon_core.verb:set package 'joint_state_publisher' build argument 'catkin_skip_building_tests' from command line to 'False'
[0.791s] DEBUG:colcon.colcon_core.verb:Building package 'joint_state_publisher' with the following arguments: {'ament_cmake_args': None, 'build_base': '/home/student/anro_24l/build/joint_state_publisher', 'catkin_cmake_args': None, 'catkin_skip_building_tests': False, 'cmake_args': None, 'cmake_clean_cache': False, 'cmake_clean_first': False, 'cmake_force_configure': False, 'cmake_target': None, 'cmake_target_skip_unavailable': False, 'install_base': '/home/student/anro_24l/install/joint_state_publisher', 'merge_install': False, 'path': '/home/student/anro_24l/joint_state_publisher/joint_state_publisher', 'symlink_install': False, 'test_result_base': None}
[0.799s] Level 5:colcon.colcon_core.verb:set package 'lab2' build argument 'cmake_args' from command line to 'None'
[0.799s] Level 5:colcon.colcon_core.verb:set package 'lab2' build argument 'cmake_target' from command line to 'None'
[0.799s] Level 5:colcon.colcon_core.verb:set package 'lab2' build argument 'cmake_target_skip_unavailable' from command line to 'False'
[0.799s] Level 5:colcon.colcon_core.verb:set package 'lab2' build argument 'cmake_clean_cache' from command line to 'False'
[0.799s] Level 5:colcon.colcon_core.verb:set package 'lab2' build argument 'cmake_clean_first' from command line to 'False'
[0.799s] Level 5:colcon.colcon_core.verb:set package 'lab2' build argument 'cmake_force_configure' from command line to 'False'
[0.799s] Level 5:colcon.colcon_core.verb:set package 'lab2' build argument 'ament_cmake_args' from command line to 'None'
[0.799s] Level 5:colcon.colcon_core.verb:set package 'lab2' build argument 'catkin_cmake_args' from command line to 'None'
[0.799s] Level 5:colcon.colcon_core.verb:set package 'lab2' build argument 'catkin_skip_building_tests' from command line to 'False'
[0.799s] DEBUG:colcon.colcon_core.verb:Building package 'lab2' with the following arguments: {'ament_cmake_args': None, 'build_base': '/home/student/anro_24l/build/lab2', 'catkin_cmake_args': None, 'catkin_skip_building_tests': False, 'cmake_args': None, 'cmake_clean_cache': False, 'cmake_clean_first': False, 'cmake_force_configure': False, 'cmake_target': None, 'cmake_target_skip_unavailable': False, 'install_base': '/home/student/anro_24l/install/lab2', 'merge_install': False, 'path': '/home/student/anro_24l/lab2', 'symlink_install': False, 'test_result_base': None}
[0.807s] Level 5:colcon.colcon_core.verb:set package 'prd1' build argument 'cmake_args' from command line to 'None'
[0.807s] Level 5:colcon.colcon_core.verb:set package 'prd1' build argument 'cmake_target' from command line to 'None'
[0.807s] Level 5:colcon.colcon_core.verb:set package 'prd1' build argument 'cmake_target_skip_unavailable' from command line to 'False'
[0.807s] Level 5:colcon.colcon_core.verb:set package 'prd1' build argument 'cmake_clean_cache' from command line to 'False'
[0.807s] Level 5:colcon.colcon_core.verb:set package 'prd1' build argument 'cmake_clean_first' from command line to 'False'
[0.807s] Level 5:colcon.colcon_core.verb:set package 'prd1' build argument 'cmake_force_configure' from command line to 'False'
[0.807s] Level 5:colcon.colcon_core.verb:set package 'prd1' build argument 'ament_cmake_args' from command line to 'None'
[0.807s] Level 5:colcon.colcon_core.verb:set package 'prd1' build argument 'catkin_cmake_args' from command line to 'None'
[0.807s] Level 5:colcon.colcon_core.verb:set package 'prd1' build argument 'catkin_skip_building_tests' from command line to 'False'
[0.807s] DEBUG:colcon.colcon_core.verb:Building package 'prd1' with the following arguments: {'ament_cmake_args': None, 'build_base': '/home/student/anro_24l/build/prd1', 'catkin_cmake_args': None, 'catkin_skip_building_tests': False, 'cmake_args': None, 'cmake_clean_cache': False, 'cmake_clean_first': False, 'cmake_force_configure': False, 'cmake_target': None, 'cmake_target_skip_unavailable': False, 'install_base': '/home/student/anro_24l/install/prd1', 'merge_install': False, 'path': '/home/student/anro_24l/prd1', 'symlink_install': False, 'test_result_base': None}
[0.815s] Level 5:colcon.colcon_core.verb:set package 'joint_state_publisher_gui' build argument 'cmake_args' from command line to 'None'
[0.816s] Level 5:colcon.colcon_core.verb:set package 'joint_state_publisher_gui' build argument 'cmake_target' from command line to 'None'
[0.816s] Level 5:colcon.colcon_core.verb:set package 'joint_state_publisher_gui' build argument 'cmake_target_skip_unavailable' from command line to 'False'
[0.816s] Level 5:colcon.colcon_core.verb:set package 'joint_state_publisher_gui' build argument 'cmake_clean_cache' from command line to 'False'
[0.816s] Level 5:colcon.colcon_core.verb:set package 'joint_state_publisher_gui' build argument 'cmake_clean_first' from command line to 'False'
[0.816s] Level 5:colcon.colcon_core.verb:set package 'joint_state_publisher_gui' build argument 'cmake_force_configure' from command line to 'False'
[0.816s] Level 5:colcon.colcon_core.verb:set package 'joint_state_publisher_gui' build argument 'ament_cmake_args' from command line to 'None'
[0.816s] Level 5:colcon.colcon_core.verb:set package 'joint_state_publisher_gui' build argument 'catkin_cmake_args' from command line to 'None'
[0.816s] Level 5:colcon.colcon_core.verb:set package 'joint_state_publisher_gui' build argument 'catkin_skip_building_tests' from command line to 'False'
[0.816s] DEBUG:colcon.colcon_core.verb:Building package 'joint_state_publisher_gui' with the following arguments: {'ament_cmake_args': None, 'build_base': '/home/student/anro_24l/build/joint_state_publisher_gui', 'catkin_cmake_args': None, 'catkin_skip_building_tests': False, 'cmake_args': None, 'cmake_clean_cache': False, 'cmake_clean_first': False, 'cmake_force_configure': False, 'cmake_target': None, 'cmake_target_skip_unavailable': False, 'install_base': '/home/student/anro_24l/install/joint_state_publisher_gui', 'merge_install': False, 'path': '/home/student/anro_24l/joint_state_publisher/joint_state_publisher_gui', 'symlink_install': False, 'test_result_base': None}
[0.824s] Level 5:colcon.colcon_core.verb:set package 'urdf_launch' build argument 'cmake_args' from command line to 'None'
[0.824s] Level 5:colcon.colcon_core.verb:set package 'urdf_launch' build argument 'cmake_target' from command line to 'None'
[0.824s] Level 5:colcon.colcon_core.verb:set package 'urdf_launch' build argument 'cmake_target_skip_unavailable' from command line to 'False'
[0.824s] Level 5:colcon.colcon_core.verb:set package 'urdf_launch' build argument 'cmake_clean_cache' from command line to 'False'
[0.824s] Level 5:colcon.colcon_core.verb:set package 'urdf_launch' build argument 'cmake_clean_first' from command line to 'False'
[0.824s] Level 5:colcon.colcon_core.verb:set package 'urdf_launch' build argument 'cmake_force_configure' from command line to 'False'
[0.824s] Level 5:colcon.colcon_core.verb:set package 'urdf_launch' build argument 'ament_cmake_args' from command line to 'None'
[0.824s] Level 5:colcon.colcon_core.verb:set package 'urdf_launch' build argument 'catkin_cmake_args' from command line to 'None'
[0.824s] Level 5:colcon.colcon_core.verb:set package 'urdf_launch' build argument 'catkin_skip_building_tests' from command line to 'False'
[0.824s] DEBUG:colcon.colcon_core.verb:Building package 'urdf_launch' with the following arguments: {'ament_cmake_args': None, 'build_base': '/home/student/anro_24l/build/urdf_launch', 'catkin_cmake_args': None, 'catkin_skip_building_tests': False, 'cmake_args': None, 'cmake_clean_cache': False, 'cmake_clean_first': False, 'cmake_force_configure': False, 'cmake_target': None, 'cmake_target_skip_unavailable': False, 'install_base': '/home/student/anro_24l/install/urdf_launch', 'merge_install': False, 'path': '/home/student/anro_24l/urdf_launch', 'symlink_install': False, 'test_result_base': None}
[0.832s] Level 5:colcon.colcon_core.verb:set package 'urdf_tutorial' build argument 'cmake_args' from command line to 'None'
[0.832s] Level 5:colcon.colcon_core.verb:set package 'urdf_tutorial' build argument 'cmake_target' from command line to 'None'
[0.832s] Level 5:colcon.colcon_core.verb:set package 'urdf_tutorial' build argument 'cmake_target_skip_unavailable' from command line to 'False'
[0.832s] Level 5:colcon.colcon_core.verb:set package 'urdf_tutorial' build argument 'cmake_clean_cache' from command line to 'False'
[0.832s] Level 5:colcon.colcon_core.verb:set package 'urdf_tutorial' build argument 'cmake_clean_first' from command line to 'False'
[0.832s] Level 5:colcon.colcon_core.verb:set package 'urdf_tutorial' build argument 'cmake_force_configure' from command line to 'False'
[0.832s] Level 5:colcon.colcon_core.verb:set package 'urdf_tutorial' build argument 'ament_cmake_args' from command line to 'None'
[0.832s] Level 5:colcon.colcon_core.verb:set package 'urdf_tutorial' build argument 'catkin_cmake_args' from command line to 'None'
[0.832s] Level 5:colcon.colcon_core.verb:set package 'urdf_tutorial' build argument 'catkin_skip_building_tests' from command line to 'False'
[0.832s] DEBUG:colcon.colcon_core.verb:Building package 'urdf_tutorial' with the following arguments: {'ament_cmake_args': None, 'build_base': '/home/student/anro_24l/build/urdf_tutorial', 'catkin_cmake_args': None, 'catkin_skip_building_tests': False, 'cmake_args': None, 'cmake_clean_cache': False, 'cmake_clean_first': False, 'cmake_force_configure': False, 'cmake_target': None, 'cmake_target_skip_unavailable': False, 'install_base': '/home/student/anro_24l/install/urdf_tutorial', 'merge_install': False, 'path': '/home/student/anro_24l/urdf_tutorial', 'symlink_install': False, 'test_result_base': None}
[0.840s] INFO:colcon.colcon_core.executor:Executing jobs using 'parallel' executor
[0.848s] DEBUG:colcon.colcon_parallel_executor.executor.parallel:run_until_complete
[0.849s] INFO:colcon.colcon_ros.task.ament_python.build:Building ROS package in '/home/student/anro_24l/joint_state_publisher/joint_state_publisher' with build type 'ament_python'
[0.849s] Level 1:colcon.colcon_core.shell:create_environment_hook('joint_state_publisher', 'ament_prefix_path')
[0.859s] INFO:colcon.colcon_core.plugin_system:Skipping extension 'colcon_core.shell.bat': Not used on non-Windows systems
[0.859s] INFO:colcon.colcon_core.shell:Creating environment hook '/home/student/anro_24l/install/joint_state_publisher/share/joint_state_publisher/hook/ament_prefix_path.ps1'
[0.860s] INFO:colcon.colcon_core.shell:Creating environment descriptor '/home/student/anro_24l/install/joint_state_publisher/share/joint_state_publisher/hook/ament_prefix_path.dsv'
[0.860s] INFO:colcon.colcon_core.shell:Creating environment hook '/home/student/anro_24l/install/joint_state_publisher/share/joint_state_publisher/hook/ament_prefix_path.sh'
[0.869s] INFO:colcon.colcon_core.shell:Skip shell extension 'powershell' for command environment: Not usable outside of PowerShell
[0.869s] DEBUG:colcon.colcon_core.shell:Skip shell extension 'dsv' for command environment
[0.878s] INFO:colcon.colcon_ros.task.ament_python.build:Building ROS package in '/home/student/anro_24l/Move_To_Point' with build type 'ament_python'
[0.878s] Level 1:colcon.colcon_core.shell:create_environment_hook('Move_To_Point', 'ament_prefix_path')
[0.887s] INFO:colcon.colcon_core.shell:Creating environment hook '/home/student/anro_24l/install/Move_To_Point/share/Move_To_Point/hook/ament_prefix_path.ps1'
[0.888s] INFO:colcon.colcon_core.shell:Creating environment descriptor '/home/student/anro_24l/install/Move_To_Point/share/Move_To_Point/hook/ament_prefix_path.dsv'
[0.888s] INFO:colcon.colcon_core.shell:Creating environment hook '/home/student/anro_24l/install/Move_To_Point/share/Move_To_Point/hook/ament_prefix_path.sh'
[0.896s] INFO:colcon.colcon_core.shell:Skip shell extension 'powershell' for command environment: Not usable outside of PowerShell
[0.896s] DEBUG:colcon.colcon_core.shell:Skip shell extension 'dsv' for command environment
[0.905s] INFO:colcon.colcon_ros.task.ament_python.build:Building ROS package in '/home/student/anro_24l/angle_translator' with build type 'ament_python'
[0.905s] Level 1:colcon.colcon_core.shell:create_environment_hook('angle_translator', 'ament_prefix_path')
[0.914s] INFO:colcon.colcon_core.shell:Creating environment hook '/home/student/anro_24l/install/angle_translator/share/angle_translator/hook/ament_prefix_path.ps1'
[0.915s] INFO:colcon.colcon_core.shell:Creating environment descriptor '/home/student/anro_24l/install/angle_translator/share/angle_translator/hook/ament_prefix_path.dsv'
[0.915s] INFO:colcon.colcon_core.shell:Creating environment hook '/home/student/anro_24l/install/angle_translator/share/angle_translator/hook/ament_prefix_path.sh'
[0.924s] INFO:colcon.colcon_core.shell:Skip shell extension 'powershell' for command environment: Not usable outside of PowerShell
[0.924s] DEBUG:colcon.colcon_core.shell:Skip shell extension 'dsv' for command environment
[0.933s] INFO:colcon.colcon_ros.task.ament_python.build:Building ROS package in '/home/student/anro_24l/forward_kin' with build type 'ament_python'
[0.933s] Level 1:colcon.colcon_core.shell:create_environment_hook('forward_kin', 'ament_prefix_path')
[0.942s] INFO:colcon.colcon_core.shell:Creating environment hook '/home/student/anro_24l/install/forward_kin/share/forward_kin/hook/ament_prefix_path.ps1'
[0.942s] INFO:colcon.colcon_core.shell:Creating environment descriptor '/home/student/anro_24l/install/forward_kin/share/forward_kin/hook/ament_prefix_path.dsv'
[0.942s] INFO:colcon.colcon_core.shell:Creating environment hook '/home/student/anro_24l/install/forward_kin/share/forward_kin/hook/ament_prefix_path.sh'
[0.951s] INFO:colcon.colcon_core.shell:Skip shell extension 'powershell' for command environment: Not usable outside of PowerShell
[0.951s] DEBUG:colcon.colcon_core.shell:Skip shell extension 'dsv' for command environment
[1.168s] INFO:colcon.colcon_core.task.python.build:Building Python package in '/home/student/anro_24l/joint_state_publisher/joint_state_publisher'
[1.176s] INFO:colcon.colcon_core.shell:Skip shell extension 'powershell' for command environment: Not usable outside of PowerShell
[1.176s] DEBUG:colcon.colcon_core.shell:Skip shell extension 'dsv' for command environment
[1.394s] INFO:colcon.colcon_core.task.python.build:Building Python package in '/home/student/anro_24l/Move_To_Point'
[1.402s] INFO:colcon.colcon_core.shell:Skip shell extension 'powershell' for command environment: Not usable outside of PowerShell
[1.402s] DEBUG:colcon.colcon_core.shell:Skip shell extension 'dsv' for command environment
[1.620s] INFO:colcon.colcon_core.task.python.build:Building Python package in '/home/student/anro_24l/angle_translator'
[1.628s] INFO:colcon.colcon_core.shell:Skip shell extension 'powershell' for command environment: Not usable outside of PowerShell
[1.628s] DEBUG:colcon.colcon_core.shell:Skip shell extension 'dsv' for command environment
[1.850s] INFO:colcon.colcon_core.task.python.build:Building Python package in '/home/student/anro_24l/forward_kin'
[1.860s] INFO:colcon.colcon_core.shell:Skip shell extension 'powershell' for command environment: Not usable outside of PowerShell
[1.860s] DEBUG:colcon.colcon_core.shell:Skip shell extension 'dsv' for command environment
[2.247s] DEBUG:colcon.colcon_core.event_handler.log_command:Invoking command in '/home/student/anro_24l/Move_To_Point': PYTHONPATH=/home/student/anro_24l/build/Move_To_Point/prefix_override:/home/student/anro_24l/install/Move_To_Point/lib/python3.10/site-packages: /usr/bin/python3 setup.py egg_info --egg-base ../build/Move_To_Point build --build-base /home/student/anro_24l/build/Move_To_Point/build install --record /home/student/anro_24l/build/Move_To_Point/install.log --single-version-externally-managed
[2.252s] DEBUG:colcon.colcon_core.event_handler.log_command:Invoking command in '/home/student/anro_24l/angle_translator': PYTHONPATH=/home/student/anro_24l/build/angle_translator/prefix_override:/home/student/anro_24l/install/angle_translator/lib/python3.10/site-packages: /usr/bin/python3 setup.py egg_info --egg-base ../build/angle_translator build --build-base /home/student/anro_24l/build/angle_translator/build install --record /home/student/anro_24l/build/angle_translator/install.log --single-version-externally-managed
[2.253s] DEBUG:colcon.colcon_core.event_handler.log_command:Invoking command in '/home/student/anro_24l/forward_kin': PYTHONPATH=/home/student/anro_24l/build/forward_kin/prefix_override:/home/student/anro_24l/install/forward_kin/lib/python3.10/site-packages: /usr/bin/python3 setup.py egg_info --egg-base ../build/forward_kin build --build-base /home/student/anro_24l/build/forward_kin/build install --record /home/student/anro_24l/build/forward_kin/install.log --single-version-externally-managed
[2.256s] DEBUG:colcon.colcon_core.event_handler.log_command:Invoking command in '/home/student/anro_24l/joint_state_publisher/joint_state_publisher': PYTHONPATH=/home/student/anro_24l/build/joint_state_publisher/prefix_override:/home/student/anro_24l/install/joint_state_publisher/lib/python3.10/site-packages: /usr/bin/python3 setup.py egg_info --egg-base ../../build/joint_state_publisher build --build-base /home/student/anro_24l/build/joint_state_publisher/build install --record /home/student/anro_24l/build/joint_state_publisher/install.log --single-version-externally-managed
[2.527s] DEBUG:colcon.colcon_core.event_handler.log_command:Invoked command in '/home/student/anro_24l/angle_translator' returned '0': PYTHONPATH=/home/student/anro_24l/build/angle_translator/prefix_override:/home/student/anro_24l/install/angle_translator/lib/python3.10/site-packages: /usr/bin/python3 setup.py egg_info --egg-base ../build/angle_translator build --build-base /home/student/anro_24l/build/angle_translator/build install --record /home/student/anro_24l/build/angle_translator/install.log --single-version-externally-managed
[2.537s] Level 1:colcon.colcon_core.environment:checking '/home/student/anro_24l/install/angle_translator' for CMake module files
[2.538s] Level 1:colcon.colcon_core.environment:checking '/home/student/anro_24l/install/angle_translator' for CMake config files
[2.539s] Level 1:colcon.colcon_core.environment:checking '/home/student/anro_24l/install/angle_translator/lib'
[2.539s] Level 1:colcon.colcon_core.environment:checking '/home/student/anro_24l/install/angle_translator/bin'
[2.539s] Level 1:colcon.colcon_core.environment:checking '/home/student/anro_24l/install/angle_translator/lib/pkgconfig/angle_translator.pc'
[2.539s] Level 1:colcon.colcon_core.environment:checking '/home/student/anro_24l/install/angle_translator/lib/python3.10/site-packages'
[2.539s] Level 1:colcon.colcon_core.shell:create_environment_hook('angle_translator', 'pythonpath')
[2.548s] INFO:colcon.colcon_core.shell:Creating environment hook '/home/student/anro_24l/install/angle_translator/share/angle_translator/hook/pythonpath.ps1'
[2.549s] INFO:colcon.colcon_core.shell:Creating environment descriptor '/home/student/anro_24l/install/angle_translator/share/angle_translator/hook/pythonpath.dsv'
[2.549s] INFO:colcon.colcon_core.shell:Creating environment hook '/home/student/anro_24l/install/angle_translator/share/angle_translator/hook/pythonpath.sh'
[2.550s] Level 1:colcon.colcon_core.environment:checking '/home/student/anro_24l/install/angle_translator/bin'
[2.550s] Level 1:colcon.colcon_core.environment:create_environment_scripts_only(angle_translator)
[2.559s] INFO:colcon.colcon_core.shell:Creating package script '/home/student/anro_24l/install/angle_translator/share/angle_translator/package.ps1'
[2.560s] INFO:colcon.colcon_core.shell:Creating package descriptor '/home/student/anro_24l/install/angle_translator/share/angle_translator/package.dsv'
[2.561s] INFO:colcon.colcon_core.shell:Creating package script '/home/student/anro_24l/install/angle_translator/share/angle_translator/package.sh'
[2.562s] INFO:colcon.colcon_core.shell:Creating package script '/home/student/anro_24l/install/angle_translator/share/angle_translator/package.bash'
[2.562s] INFO:colcon.colcon_core.shell:Creating package script '/home/student/anro_24l/install/angle_translator/share/angle_translator/package.zsh'
[2.563s] Level 1:colcon.colcon_core.environment:create_file_with_runtime_dependencies(/home/student/anro_24l/install/angle_translator/share/colcon-core/packages/angle_translator)
[2.564s] INFO:colcon.colcon_ros.task.ament_python.build:Building ROS package in '/home/student/anro_24l/inverse_kin' with build type 'ament_python'
[2.564s] Level 1:colcon.colcon_core.shell:create_environment_hook('inverse_kin', 'ament_prefix_path')
[2.573s] INFO:colcon.colcon_core.shell:Creating environment hook '/home/student/anro_24l/install/inverse_kin/share/inverse_kin/hook/ament_prefix_path.ps1'
[2.574s] INFO:colcon.colcon_core.shell:Creating environment descriptor '/home/student/anro_24l/install/inverse_kin/share/inverse_kin/hook/ament_prefix_path.dsv'
[2.574s] INFO:colcon.colcon_core.shell:Creating environment hook '/home/student/anro_24l/install/inverse_kin/share/inverse_kin/hook/ament_prefix_path.sh'
[2.583s] INFO:colcon.colcon_core.shell:Skip shell extension 'powershell' for command environment: Not usable outside of PowerShell
[2.583s] DEBUG:colcon.colcon_core.shell:Skip shell extension 'dsv' for command environment
[2.594s] DEBUG:colcon.colcon_core.event_handler.log_command:Invoked command in '/home/student/anro_24l/Move_To_Point' returned '0': PYTHONPATH=/home/student/anro_24l/build/Move_To_Point/prefix_override:/home/student/anro_24l/install/Move_To_Point/lib/python3.10/site-packages: /usr/bin/python3 setup.py egg_info --egg-base ../build/Move_To_Point build --build-base /home/student/anro_24l/build/Move_To_Point/build install --record /home/student/anro_24l/build/Move_To_Point/install.log --single-version-externally-managed
[2.602s] Level 1:colcon.colcon_core.environment:checking '/home/student/anro_24l/install/Move_To_Point' for CMake module files
[2.602s] Level 1:colcon.colcon_core.environment:checking '/home/student/anro_24l/install/Move_To_Point' for CMake config files
[2.603s] Level 1:colcon.colcon_core.environment:checking '/home/student/anro_24l/install/Move_To_Point/lib'
[2.603s] Level 1:colcon.colcon_core.environment:checking '/home/student/anro_24l/install/Move_To_Point/bin'
[2.603s] Level 1:colcon.colcon_core.environment:checking '/home/student/anro_24l/install/Move_To_Point/lib/pkgconfig/Move_To_Point.pc'
[2.604s] Level 1:colcon.colcon_core.environment:checking '/home/student/anro_24l/install/Move_To_Point/lib/python3.10/site-packages'
[2.604s] Level 1:colcon.colcon_core.shell:create_environment_hook('Move_To_Point', 'pythonpath')
[2.612s] INFO:colcon.colcon_core.shell:Creating environment hook '/home/student/anro_24l/install/Move_To_Point/share/Move_To_Point/hook/pythonpath.ps1'
[2.612s] INFO:colcon.colcon_core.shell:Creating environment descriptor '/home/student/anro_24l/install/Move_To_Point/share/Move_To_Point/hook/pythonpath.dsv'
[2.612s] INFO:colcon.colcon_core.shell:Creating environment hook '/home/student/anro_24l/install/Move_To_Point/share/Move_To_Point/hook/pythonpath.sh'
[2.613s] Level 1:colcon.colcon_core.environment:checking '/home/student/anro_24l/install/Move_To_Point/bin'
[2.613s] Level 1:colcon.colcon_core.environment:create_environment_scripts_only(Move_To_Point)
[2.621s] INFO:colcon.colcon_core.shell:Creating package script '/home/student/anro_24l/install/Move_To_Point/share/Move_To_Point/package.ps1'
[2.621s] INFO:colcon.colcon_core.shell:Creating package descriptor '/home/student/anro_24l/install/Move_To_Point/share/Move_To_Point/package.dsv'
[2.622s] INFO:colcon.colcon_core.shell:Creating package script '/home/student/anro_24l/install/Move_To_Point/share/Move_To_Point/package.sh'
[2.622s] INFO:colcon.colcon_core.shell:Creating package script '/home/student/anro_24l/install/Move_To_Point/share/Move_To_Point/package.bash'
[2.622s] INFO:colcon.colcon_core.shell:Creating package script '/home/student/anro_24l/install/Move_To_Point/share/Move_To_Point/package.zsh'
[2.623s] Level 1:colcon.colcon_core.environment:create_file_with_runtime_dependencies(/home/student/anro_24l/install/Move_To_Point/share/colcon-core/packages/Move_To_Point)
[2.625s] DEBUG:colcon.colcon_core.event_handler.log_command:Invoked command in '/home/student/anro_24l/forward_kin' returned '0': PYTHONPATH=/home/student/anro_24l/build/forward_kin/prefix_override:/home/student/anro_24l/install/forward_kin/lib/python3.10/site-packages: /usr/bin/python3 setup.py egg_info --egg-base ../build/forward_kin build --build-base /home/student/anro_24l/build/forward_kin/build install --record /home/student/anro_24l/build/forward_kin/install.log --single-version-externally-managed
[2.632s] Level 1:colcon.colcon_core.environment:checking '/home/student/anro_24l/install/forward_kin' for CMake module files
[2.633s] Level 1:colcon.colcon_core.environment:checking '/home/student/anro_24l/install/forward_kin' for CMake config files
[2.633s] Level 1:colcon.colcon_core.environment:checking '/home/student/anro_24l/install/forward_kin/lib'
[2.633s] Level 1:colcon.colcon_core.environment:checking '/home/student/anro_24l/install/forward_kin/bin'
[2.633s] Level 1:colcon.colcon_core.environment:checking '/home/student/anro_24l/install/forward_kin/lib/pkgconfig/forward_kin.pc'
[2.634s] Level 1:colcon.colcon_core.environment:checking '/home/student/anro_24l/install/forward_kin/lib/python3.10/site-packages'
[2.634s] Level 1:colcon.colcon_core.shell:create_environment_hook('forward_kin', 'pythonpath')
[2.642s] INFO:colcon.colcon_core.shell:Creating environment hook '/home/student/anro_24l/install/forward_kin/share/forward_kin/hook/pythonpath.ps1'
[2.642s] INFO:colcon.colcon_core.shell:Creating environment descriptor '/home/student/anro_24l/install/forward_kin/share/forward_kin/hook/pythonpath.dsv'
[2.643s] INFO:colcon.colcon_core.shell:Creating environment hook '/home/student/anro_24l/install/forward_kin/share/forward_kin/hook/pythonpath.sh'
[2.643s] Level 1:colcon.colcon_core.environment:checking '/home/student/anro_24l/install/forward_kin/bin'
[2.644s] Level 1:colcon.colcon_core.environment:create_environment_scripts_only(forward_kin)
[2.652s] INFO:colcon.colcon_core.shell:Creating package script '/home/student/anro_24l/install/forward_kin/share/forward_kin/package.ps1'
[2.653s] INFO:colcon.colcon_core.shell:Creating package descriptor '/home/student/anro_24l/install/forward_kin/share/forward_kin/package.dsv'
[2.653s] INFO:colcon.colcon_core.shell:Creating package script '/home/student/anro_24l/install/forward_kin/share/forward_kin/package.sh'
[2.653s] INFO:colcon.colcon_core.shell:Creating package script '/home/student/anro_24l/install/forward_kin/share/forward_kin/package.bash'
[2.654s] INFO:colcon.colcon_core.shell:Creating package script '/home/student/anro_24l/install/forward_kin/share/forward_kin/package.zsh'
[2.654s] Level 1:colcon.colcon_core.environment:create_file_with_runtime_dependencies(/home/student/anro_24l/install/forward_kin/share/colcon-core/packages/forward_kin)
[2.654s] INFO:colcon.colcon_ros.task.ament_python.build:Building ROS package in '/home/student/anro_24l/lab2' with build type 'ament_python'
[2.655s] Level 1:colcon.colcon_core.shell:create_environment_hook('lab2', 'ament_prefix_path')
[2.664s] INFO:colcon.colcon_core.shell:Creating environment hook '/home/student/anro_24l/install/lab2/share/lab2/hook/ament_prefix_path.ps1'
[2.664s] INFO:colcon.colcon_core.shell:Creating environment descriptor '/home/student/anro_24l/install/lab2/share/lab2/hook/ament_prefix_path.dsv'
[2.664s] INFO:colcon.colcon_core.shell:Creating environment hook '/home/student/anro_24l/install/lab2/share/lab2/hook/ament_prefix_path.sh'
[2.673s] INFO:colcon.colcon_core.shell:Skip shell extension 'powershell' for command environment: Not usable outside of PowerShell
[2.673s] DEBUG:colcon.colcon_core.shell:Skip shell extension 'dsv' for command environment
[2.683s] DEBUG:colcon.colcon_core.event_handler.log_command:Invoked command in '/home/student/anro_24l/joint_state_publisher/joint_state_publisher' returned '0': PYTHONPATH=/home/student/anro_24l/build/joint_state_publisher/prefix_override:/home/student/anro_24l/install/joint_state_publisher/lib/python3.10/site-packages: /usr/bin/python3 setup.py egg_info --egg-base ../../build/joint_state_publisher build --build-base /home/student/anro_24l/build/joint_state_publisher/build install --record /home/student/anro_24l/build/joint_state_publisher/install.log --single-version-externally-managed
[2.691s] Level 1:colcon.colcon_core.environment:checking '/home/student/anro_24l/install/joint_state_publisher' for CMake module files
[2.692s] Level 1:colcon.colcon_core.environment:checking '/home/student/anro_24l/install/joint_state_publisher' for CMake config files
[2.692s] Level 1:colcon.colcon_core.environment:checking '/home/student/anro_24l/install/joint_state_publisher/lib'
[2.692s] Level 1:colcon.colcon_core.environment:checking '/home/student/anro_24l/install/joint_state_publisher/bin'
[2.692s] Level 1:colcon.colcon_core.environment:checking '/home/student/anro_24l/install/joint_state_publisher/lib/pkgconfig/joint_state_publisher.pc'
[2.693s] Level 1:colcon.colcon_core.environment:checking '/home/student/anro_24l/install/joint_state_publisher/lib/python3.10/site-packages'
[2.693s] Level 1:colcon.colcon_core.shell:create_environment_hook('joint_state_publisher', 'pythonpath')
[2.700s] INFO:colcon.colcon_core.shell:Creating environment hook '/home/student/anro_24l/install/joint_state_publisher/share/joint_state_publisher/hook/pythonpath.ps1'
[2.701s] INFO:colcon.colcon_core.shell:Creating environment descriptor '/home/student/anro_24l/install/joint_state_publisher/share/joint_state_publisher/hook/pythonpath.dsv'
[2.701s] INFO:colcon.colcon_core.shell:Creating environment hook '/home/student/anro_24l/install/joint_state_publisher/share/joint_state_publisher/hook/pythonpath.sh'
[2.702s] Level 1:colcon.colcon_core.environment:checking '/home/student/anro_24l/install/joint_state_publisher/bin'
[2.702s] Level 1:colcon.colcon_core.environment:create_environment_scripts_only(joint_state_publisher)
[2.710s] INFO:colcon.colcon_core.shell:Creating package script '/home/student/anro_24l/install/joint_state_publisher/share/joint_state_publisher/package.ps1'
[2.710s] INFO:colcon.colcon_core.shell:Creating package descriptor '/home/student/anro_24l/install/joint_state_publisher/share/joint_state_publisher/package.dsv'
[2.711s] INFO:colcon.colcon_core.shell:Creating package script '/home/student/anro_24l/install/joint_state_publisher/share/joint_state_publisher/package.sh'
[2.711s] INFO:colcon.colcon_core.shell:Creating package script '/home/student/anro_24l/install/joint_state_publisher/share/joint_state_publisher/package.bash'
[2.712s] INFO:colcon.colcon_core.shell:Creating package script '/home/student/anro_24l/install/joint_state_publisher/share/joint_state_publisher/package.zsh'
[2.712s] Level 1:colcon.colcon_core.environment:create_file_with_runtime_dependencies(/home/student/anro_24l/install/joint_state_publisher/share/colcon-core/packages/joint_state_publisher)
[2.713s] INFO:colcon.colcon_ros.task.ament_python.build:Building ROS package in '/home/student/anro_24l/joint_state_publisher/joint_state_publisher_gui' with build type 'ament_python'
[2.713s] Level 1:colcon.colcon_core.shell:create_environment_hook('joint_state_publisher_gui', 'ament_prefix_path')
[2.721s] INFO:colcon.colcon_core.shell:Creating environment hook '/home/student/anro_24l/install/joint_state_publisher_gui/share/joint_state_publisher_gui/hook/ament_prefix_path.ps1'
[2.722s] INFO:colcon.colcon_core.shell:Creating environment descriptor '/home/student/anro_24l/install/joint_state_publisher_gui/share/joint_state_publisher_gui/hook/ament_prefix_path.dsv'
[2.722s] INFO:colcon.colcon_core.shell:Creating environment hook '/home/student/anro_24l/install/joint_state_publisher_gui/share/joint_state_publisher_gui/hook/ament_prefix_path.sh'
[2.731s] INFO:colcon.colcon_core.shell:Skip shell extension 'powershell' for command environment: Not usable outside of PowerShell
[2.731s] DEBUG:colcon.colcon_core.shell:Skip shell extension 'dsv' for command environment
[2.740s] INFO:colcon.colcon_ros.task.ament_python.build:Building ROS package in '/home/student/anro_24l/prd1' with build type 'ament_python'
[2.740s] Level 1:colcon.colcon_core.shell:create_environment_hook('prd1', 'ament_prefix_path')
[2.749s] INFO:colcon.colcon_core.shell:Creating environment hook '/home/student/anro_24l/install/prd1/share/prd1/hook/ament_prefix_path.ps1'
[2.749s] INFO:colcon.colcon_core.shell:Creating environment descriptor '/home/student/anro_24l/install/prd1/share/prd1/hook/ament_prefix_path.dsv'
[2.750s] INFO:colcon.colcon_core.shell:Creating environment hook '/home/student/anro_24l/install/prd1/share/prd1/hook/ament_prefix_path.sh'
[2.758s] INFO:colcon.colcon_core.shell:Skip shell extension 'powershell' for command environment: Not usable outside of PowerShell
[2.758s] DEBUG:colcon.colcon_core.shell:Skip shell extension 'dsv' for command environment
[2.972s] INFO:colcon.colcon_core.task.python.build:Building Python package in '/home/student/anro_24l/inverse_kin'
[2.981s] INFO:colcon.colcon_core.shell:Skip shell extension 'powershell' for command environment: Not usable outside of PowerShell
[2.981s] DEBUG:colcon.colcon_core.shell:Skip shell extension 'dsv' for command environment
[3.195s] INFO:colcon.colcon_core.task.python.build:Building Python package in '/home/student/anro_24l/lab2'
[3.203s] INFO:colcon.colcon_core.shell:Skip shell extension 'powershell' for command environment: Not usable outside of PowerShell
[3.203s] DEBUG:colcon.colcon_core.shell:Skip shell extension 'dsv' for command environment
[3.417s] INFO:colcon.colcon_core.task.python.build:Building Python package in '/home/student/anro_24l/joint_state_publisher/joint_state_publisher_gui'
[3.425s] INFO:colcon.colcon_core.shell:Skip shell extension 'powershell' for command environment: Not usable outside of PowerShell
[3.425s] DEBUG:colcon.colcon_core.shell:Skip shell extension 'dsv' for command environment
[3.638s] INFO:colcon.colcon_core.task.python.build:Building Python package in '/home/student/anro_24l/prd1'
[3.647s] INFO:colcon.colcon_core.shell:Skip shell extension 'powershell' for command environment: Not usable outside of PowerShell
[3.647s] DEBUG:colcon.colcon_core.shell:Skip shell extension 'dsv' for command environment
[4.029s] DEBUG:colcon.colcon_core.event_handler.log_command:Invoking command in '/home/student/anro_24l/inverse_kin': PYTHONPATH=/home/student/anro_24l/build/inverse_kin/prefix_override:/home/student/anro_24l/install/inverse_kin/lib/python3.10/site-packages: /usr/bin/python3 setup.py egg_info --egg-base ../build/inverse_kin build --build-base /home/student/anro_24l/build/inverse_kin/build install --record /home/student/anro_24l/build/inverse_kin/install.log --single-version-externally-managed
[4.042s] DEBUG:colcon.colcon_core.event_handler.log_command:Invoking command in '/home/student/anro_24l/lab2': PYTHONPATH=/home/student/anro_24l/build/lab2/prefix_override:/home/student/anro_24l/install/lab2/lib/python3.10/site-packages: /usr/bin/python3 setup.py egg_info --egg-base ../build/lab2 build --build-base /home/student/anro_24l/build/lab2/build install --record /home/student/anro_24l/build/lab2/install.log --single-version-externally-managed
[4.044s] DEBUG:colcon.colcon_core.event_handler.log_command:Invoking command in '/home/student/anro_24l/joint_state_publisher/joint_state_publisher_gui': AMENT_PREFIX_PATH=/home/student/anro_24l/install/joint_state_publisher PYTHONPATH=/home/student/anro_24l/build/joint_state_publisher_gui/prefix_override:/home/student/anro_24l/install/joint_state_publisher_gui/lib/python3.10/site-packages:/home/student/anro_24l/install/joint_state_publisher/lib/python3.10/site-packages /usr/bin/python3 setup.py egg_info --egg-base ../../build/joint_state_publisher_gui build --build-base /home/student/anro_24l/build/joint_state_publisher_gui/build install --record /home/student/anro_24l/build/joint_state_publisher_gui/install.log --single-version-externally-managed
[4.047s] DEBUG:colcon.colcon_core.event_handler.log_command:Invoking command in '/home/student/anro_24l/prd1': PYTHONPATH=/home/student/anro_24l/build/prd1/prefix_override:/home/student/anro_24l/install/prd1/lib/python3.10/site-packages: /usr/bin/python3 setup.py egg_info --egg-base ../build/prd1 build --build-base /home/student/anro_24l/build/prd1/build install --record /home/student/anro_24l/build/prd1/install.log --single-version-externally-managed
[4.314s] DEBUG:colcon.colcon_core.event_handler.log_command:Invoked command in '/home/student/anro_24l/inverse_kin' returned '0': PYTHONPATH=/home/student/anro_24l/build/inverse_kin/prefix_override:/home/student/anro_24l/install/inverse_kin/lib/python3.10/site-packages: /usr/bin/python3 setup.py egg_info --egg-base ../build/inverse_kin build --build-base /home/student/anro_24l/build/inverse_kin/build install --record /home/student/anro_24l/build/inverse_kin/install.log --single-version-externally-managed
[4.323s] Level 1:colcon.colcon_core.environment:checking '/home/student/anro_24l/install/inverse_kin' for CMake module files
[4.324s] Level 1:colcon.colcon_core.environment:checking '/home/student/anro_24l/install/inverse_kin' for CMake config files
[4.325s] Level 1:colcon.colcon_core.environment:checking '/home/student/anro_24l/install/inverse_kin/lib'
[4.325s] Level 1:colcon.colcon_core.environment:checking '/home/student/anro_24l/install/inverse_kin/bin'
[4.325s] Level 1:colcon.colcon_core.environment:checking '/home/student/anro_24l/install/inverse_kin/lib/pkgconfig/inverse_kin.pc'
[4.325s] Level 1:colcon.colcon_core.environment:checking '/home/student/anro_24l/install/inverse_kin/lib/python3.10/site-packages'
[4.326s] Level 1:colcon.colcon_core.shell:create_environment_hook('inverse_kin', 'pythonpath')
[4.335s] INFO:colcon.colcon_core.shell:Creating environment hook '/home/student/anro_24l/install/inverse_kin/share/inverse_kin/hook/pythonpath.ps1'
[4.336s] INFO:colcon.colcon_core.shell:Creating environment descriptor '/home/student/anro_24l/install/inverse_kin/share/inverse_kin/hook/pythonpath.dsv'
[4.336s] INFO:colcon.colcon_core.shell:Creating environment hook '/home/student/anro_24l/install/inverse_kin/share/inverse_kin/hook/pythonpath.sh'
[4.337s] Level 1:colcon.colcon_core.environment:checking '/home/student/anro_24l/install/inverse_kin/bin'
[4.337s] Level 1:colcon.colcon_core.environment:create_environment_scripts_only(inverse_kin)
[4.347s] INFO:colcon.colcon_core.shell:Creating package script '/home/student/anro_24l/install/inverse_kin/share/inverse_kin/package.ps1'
[4.347s] INFO:colcon.colcon_core.shell:Creating package descriptor '/home/student/anro_24l/install/inverse_kin/share/inverse_kin/package.dsv'
[4.348s] INFO:colcon.colcon_core.shell:Creating package script '/home/student/anro_24l/install/inverse_kin/share/inverse_kin/package.sh'
[4.348s] INFO:colcon.colcon_core.shell:Creating package script '/home/student/anro_24l/install/inverse_kin/share/inverse_kin/package.bash'
[4.349s] INFO:colcon.colcon_core.shell:Creating package script '/home/student/anro_24l/install/inverse_kin/share/inverse_kin/package.zsh'
[4.349s] Level 1:colcon.colcon_core.environment:create_file_with_runtime_dependencies(/home/student/anro_24l/install/inverse_kin/share/colcon-core/packages/inverse_kin)
[4.351s] DEBUG:colcon.colcon_core.event_handler.log_command:Invoked command in '/home/student/anro_24l/lab2' returned '0': PYTHONPATH=/home/student/anro_24l/build/lab2/prefix_override:/home/student/anro_24l/install/lab2/lib/python3.10/site-packages: /usr/bin/python3 setup.py egg_info --egg-base ../build/lab2 build --build-base /home/student/anro_24l/build/lab2/build install --record /home/student/anro_24l/build/lab2/install.log --single-version-externally-managed
[4.359s] Level 1:colcon.colcon_core.environment:checking '/home/student/anro_24l/install/lab2' for CMake module files
[4.360s] Level 1:colcon.colcon_core.environment:checking '/home/student/anro_24l/install/lab2' for CMake config files
[4.360s] Level 1:colcon.colcon_core.environment:checking '/home/student/anro_24l/install/lab2/lib'
[4.360s] Level 1:colcon.colcon_core.environment:checking '/home/student/anro_24l/install/lab2/bin'
[4.361s] Level 1:colcon.colcon_core.environment:checking '/home/student/anro_24l/install/lab2/lib/pkgconfig/lab2.pc'
[4.361s] Level 1:colcon.colcon_core.environment:checking '/home/student/anro_24l/install/lab2/lib/python3.10/site-packages'
[4.361s] Level 1:colcon.colcon_core.shell:create_environment_hook('lab2', 'pythonpath')
[4.369s] INFO:colcon.colcon_core.shell:Creating environment hook '/home/student/anro_24l/install/lab2/share/lab2/hook/pythonpath.ps1'
[4.370s] INFO:colcon.colcon_core.shell:Creating environment descriptor '/home/student/anro_24l/install/lab2/share/lab2/hook/pythonpath.dsv'
[4.370s] INFO:colcon.colcon_core.shell:Creating environment hook '/home/student/anro_24l/install/lab2/share/lab2/hook/pythonpath.sh'
[4.371s] Level 1:colcon.colcon_core.environment:checking '/home/student/anro_24l/install/lab2/bin'
[4.371s] Level 1:colcon.colcon_core.environment:create_environment_scripts_only(lab2)
[4.380s] INFO:colcon.colcon_core.shell:Creating package script '/home/student/anro_24l/install/lab2/share/lab2/package.ps1'
[4.380s] INFO:colcon.colcon_core.shell:Creating package descriptor '/home/student/anro_24l/install/lab2/share/lab2/package.dsv'
[4.381s] INFO:colcon.colcon_core.shell:Creating package script '/home/student/anro_24l/install/lab2/share/lab2/package.sh'
[4.381s] INFO:colcon.colcon_core.shell:Creating package script '/home/student/anro_24l/install/lab2/share/lab2/package.bash'
[4.381s] INFO:colcon.colcon_core.shell:Creating package script '/home/student/anro_24l/install/lab2/share/lab2/package.zsh'
[4.382s] Level 1:colcon.colcon_core.environment:create_file_with_runtime_dependencies(/home/student/anro_24l/install/lab2/share/colcon-core/packages/lab2)
[4.383s] DEBUG:colcon.colcon_core.event_handler.log_command:Invoked command in '/home/student/anro_24l/joint_state_publisher/joint_state_publisher_gui' returned '0': AMENT_PREFIX_PATH=/home/student/anro_24l/install/joint_state_publisher PYTHONPATH=/home/student/anro_24l/build/joint_state_publisher_gui/prefix_override:/home/student/anro_24l/install/joint_state_publisher_gui/lib/python3.10/site-packages:/home/student/anro_24l/install/joint_state_publisher/lib/python3.10/site-packages /usr/bin/python3 setup.py egg_info --egg-base ../../build/joint_state_publisher_gui build --build-base /home/student/anro_24l/build/joint_state_publisher_gui/build install --record /home/student/anro_24l/build/joint_state_publisher_gui/install.log --single-version-externally-managed
[4.391s] Level 1:colcon.colcon_core.environment:checking '/home/student/anro_24l/install/joint_state_publisher_gui' for CMake module files
[4.391s] Level 1:colcon.colcon_core.environment:checking '/home/student/anro_24l/install/joint_state_publisher_gui' for CMake config files
[4.392s] Level 1:colcon.colcon_core.environment:checking '/home/student/anro_24l/install/joint_state_publisher_gui/lib'
[4.392s] Level 1:colcon.colcon_core.environment:checking '/home/student/anro_24l/install/joint_state_publisher_gui/bin'
[4.392s] Level 1:colcon.colcon_core.environment:checking '/home/student/anro_24l/install/joint_state_publisher_gui/lib/pkgconfig/joint_state_publisher_gui.pc'
[4.392s] Level 1:colcon.colcon_core.environment:checking '/home/student/anro_24l/install/joint_state_publisher_gui/lib/python3.10/site-packages'
[4.392s] Level 1:colcon.colcon_core.shell:create_environment_hook('joint_state_publisher_gui', 'pythonpath')
[4.401s] INFO:colcon.colcon_core.shell:Creating environment hook '/home/student/anro_24l/install/joint_state_publisher_gui/share/joint_state_publisher_gui/hook/pythonpath.ps1'
[4.401s] INFO:colcon.colcon_core.shell:Creating environment descriptor '/home/student/anro_24l/install/joint_state_publisher_gui/share/joint_state_publisher_gui/hook/pythonpath.dsv'
[4.401s] INFO:colcon.colcon_core.shell:Creating environment hook '/home/student/anro_24l/install/joint_state_publisher_gui/share/joint_state_publisher_gui/hook/pythonpath.sh'
[4.402s] Level 1:colcon.colcon_core.environment:checking '/home/student/anro_24l/install/joint_state_publisher_gui/bin'
[4.402s] Level 1:colcon.colcon_core.environment:create_environment_scripts_only(joint_state_publisher_gui)
[4.410s] INFO:colcon.colcon_core.shell:Creating package script '/home/student/anro_24l/install/joint_state_publisher_gui/share/joint_state_publisher_gui/package.ps1'
[4.411s] INFO:colcon.colcon_core.shell:Creating package descriptor '/home/student/anro_24l/install/joint_state_publisher_gui/share/joint_state_publisher_gui/package.dsv'
[4.411s] INFO:colcon.colcon_core.shell:Creating package script '/home/student/anro_24l/install/joint_state_publisher_gui/share/joint_state_publisher_gui/package.sh'
[4.412s] INFO:colcon.colcon_core.shell:Creating package script '/home/student/anro_24l/install/joint_state_publisher_gui/share/joint_state_publisher_gui/package.bash'
[4.412s] INFO:colcon.colcon_core.shell:Creating package script '/home/student/anro_24l/install/joint_state_publisher_gui/share/joint_state_publisher_gui/package.zsh'
[4.412s] Level 1:colcon.colcon_core.environment:create_file_with_runtime_dependencies(/home/student/anro_24l/install/joint_state_publisher_gui/share/colcon-core/packages/joint_state_publisher_gui)
[4.413s] INFO:colcon.colcon_ros.task.ament_cmake.build:Building ROS package in '/home/student/anro_24l/urdf_launch' with build type 'ament_cmake'
[4.413s] INFO:colcon.colcon_cmake.task.cmake.build:Building CMake package in '/home/student/anro_24l/urdf_launch'
[4.422s] INFO:colcon.colcon_core.shell:Skip shell extension 'powershell' for command environment: Not usable outside of PowerShell
[4.422s] DEBUG:colcon.colcon_core.shell:Skip shell extension 'dsv' for command environment
[4.432s] DEBUG:colcon.colcon_core.event_handler.log_command:Invoked command in '/home/student/anro_24l/prd1' returned '0': PYTHONPATH=/home/student/anro_24l/build/prd1/prefix_override:/home/student/anro_24l/install/prd1/lib/python3.10/site-packages: /usr/bin/python3 setup.py egg_info --egg-base ../build/prd1 build --build-base /home/student/anro_24l/build/prd1/build install --record /home/student/anro_24l/build/prd1/install.log --single-version-externally-managed
[4.441s] Level 1:colcon.colcon_core.environment:checking '/home/student/anro_24l/install/prd1' for CMake module files
[4.441s] Level 1:colcon.colcon_core.environment:checking '/home/student/anro_24l/install/prd1' for CMake config files
[4.442s] Level 1:colcon.colcon_core.environment:checking '/home/student/anro_24l/install/prd1/lib'
[4.442s] Level 1:colcon.colcon_core.environment:checking '/home/student/anro_24l/install/prd1/bin'
[4.442s] Level 1:colcon.colcon_core.environment:checking '/home/student/anro_24l/install/prd1/lib/pkgconfig/prd1.pc'
[4.442s] Level 1:colcon.colcon_core.environment:checking '/home/student/anro_24l/install/prd1/lib/python3.10/site-packages'
[4.442s] Level 1:colcon.colcon_core.shell:create_environment_hook('prd1', 'pythonpath')
[4.463s] INFO:colcon.colcon_core.shell:Creating environment hook '/home/student/anro_24l/install/prd1/share/prd1/hook/pythonpath.ps1'
[4.464s] INFO:colcon.colcon_core.shell:Creating environment descriptor '/home/student/anro_24l/install/prd1/share/prd1/hook/pythonpath.dsv'
[4.464s] INFO:colcon.colcon_core.shell:Creating environment hook '/home/student/anro_24l/install/prd1/share/prd1/hook/pythonpath.sh'
[4.465s] Level 1:colcon.colcon_core.environment:checking '/home/student/anro_24l/install/prd1/bin'
[4.465s] Level 1:colcon.colcon_core.environment:create_environment_scripts_only(prd1)
[4.473s] INFO:colcon.colcon_core.shell:Creating package script '/home/student/anro_24l/install/prd1/share/prd1/package.ps1'
[4.474s] INFO:colcon.colcon_core.shell:Creating package descriptor '/home/student/anro_24l/install/prd1/share/prd1/package.dsv'
[4.474s] INFO:colcon.colcon_core.shell:Creating package script '/home/student/anro_24l/install/prd1/share/prd1/package.sh'
[4.475s] INFO:colcon.colcon_core.shell:Creating package script '/home/student/anro_24l/install/prd1/share/prd1/package.bash'
[4.475s] INFO:colcon.colcon_core.shell:Creating package script '/home/student/anro_24l/install/prd1/share/prd1/package.zsh'
[4.475s] Level 1:colcon.colcon_core.environment:create_file_with_runtime_dependencies(/home/student/anro_24l/install/prd1/share/colcon-core/packages/prd1)
[4.479s] DEBUG:colcon.colcon_core.event_handler.log_command:Invoking command in '/home/student/anro_24l/build/urdf_launch': AMENT_PREFIX_PATH=/home/student/anro_24l/install/joint_state_publisher_gui:/home/student/anro_24l/install/joint_state_publisher PYTHONPATH=/home/student/anro_24l/install/joint_state_publisher_gui/lib/python3.10/site-packages:/home/student/anro_24l/install/joint_state_publisher/lib/python3.10/site-packages /usr/bin/cmake /home/student/anro_24l/urdf_launch -DCMAKE_INSTALL_PREFIX=/home/student/anro_24l/install/urdf_launch
[4.500s] DEBUG:colcon.colcon_core.event_handler.log_command:Invoked command in '/home/student/anro_24l/build/urdf_launch' returned '1': AMENT_PREFIX_PATH=/home/student/anro_24l/install/joint_state_publisher_gui:/home/student/anro_24l/install/joint_state_publisher PYTHONPATH=/home/student/anro_24l/install/joint_state_publisher_gui/lib/python3.10/site-packages:/home/student/anro_24l/install/joint_state_publisher/lib/python3.10/site-packages /usr/bin/cmake /home/student/anro_24l/urdf_launch -DCMAKE_INSTALL_PREFIX=/home/student/anro_24l/install/urdf_launch
[4.510s] Level 1:colcon.colcon_core.environment:create_environment_scripts_only(urdf_launch)
[4.519s] Level 1:colcon.colcon_core.environment:checking '/home/student/anro_24l/install/urdf_launch' for CMake module files
[4.519s] Level 1:colcon.colcon_core.environment:checking '/home/student/anro_24l/install/urdf_launch' for CMake config files
[4.520s] Level 1:colcon.colcon_core.environment:checking '/home/student/anro_24l/install/urdf_launch/bin'
[4.520s] Level 1:colcon.colcon_core.environment:checking '/home/student/anro_24l/install/urdf_launch/lib/pkgconfig/urdf_launch.pc'
[4.520s] Level 1:colcon.colcon_core.environment:checking '/home/student/anro_24l/install/urdf_launch/lib/python3.10/site-packages'
[4.520s] Level 1:colcon.colcon_core.environment:checking '/home/student/anro_24l/install/urdf_launch/bin'
[4.528s] INFO:colcon.colcon_core.shell:Creating package script '/home/student/anro_24l/install/urdf_launch/share/urdf_launch/package.ps1'
[4.529s] INFO:colcon.colcon_core.shell:Creating package descriptor '/home/student/anro_24l/install/urdf_launch/share/urdf_launch/package.dsv'
[4.529s] INFO:colcon.colcon_core.shell:Creating package script '/home/student/anro_24l/install/urdf_launch/share/urdf_launch/package.sh'
[4.529s] INFO:colcon.colcon_core.shell:Creating package script '/home/student/anro_24l/install/urdf_launch/share/urdf_launch/package.bash'
[4.530s] INFO:colcon.colcon_core.shell:Creating package script '/home/student/anro_24l/install/urdf_launch/share/urdf_launch/package.zsh'
[4.530s] Level 1:colcon.colcon_core.environment:create_file_with_runtime_dependencies(/home/student/anro_24l/install/urdf_launch/share/colcon-core/packages/urdf_launch)
[4.540s] DEBUG:colcon.colcon_parallel_executor.executor.parallel:closing loop
[4.541s] DEBUG:colcon.colcon_parallel_executor.executor.parallel:loop closed
[4.541s] DEBUG:colcon.colcon_parallel_executor.executor.parallel:run_until_complete finished with '1'
[4.541s] DEBUG:colcon.colcon_core.event_reactor:joining thread
[4.554s] INFO:colcon.colcon_core.plugin_system:Skipping extension 'colcon_notification.desktop_notification.terminal_notifier': Not used on non-Darwin systems
[4.554s] INFO:colcon.colcon_core.plugin_system:Skipping extension 'colcon_notification.desktop_notification.win32': Not used on non-Windows systems
[4.554s] INFO:colcon.colcon_notification.desktop_notification:Sending desktop notification using 'notify2'
[4.565s] DEBUG:colcon.colcon_core.event_reactor:joined thread
[4.574s] INFO:colcon.colcon_core.shell:Creating prefix script '/home/student/anro_24l/install/local_setup.ps1'
[4.575s] INFO:colcon.colcon_core.shell:Creating prefix util module '/home/student/anro_24l/install/_local_setup_util_ps1.py'
[4.576s] INFO:colcon.colcon_core.shell:Creating prefix chain script '/home/student/anro_24l/install/setup.ps1'
[4.585s] INFO:colcon.colcon_core.shell:Creating prefix script '/home/student/anro_24l/install/local_setup.sh'
[4.586s] INFO:colcon.colcon_core.shell:Creating prefix util module '/home/student/anro_24l/install/_local_setup_util_sh.py'
[4.586s] INFO:colcon.colcon_core.shell:Creating prefix chain script '/home/student/anro_24l/install/setup.sh'
[4.595s] INFO:colcon.colcon_core.shell:Creating prefix script '/home/student/anro_24l/install/local_setup.bash'
[4.596s] INFO:colcon.colcon_core.shell:Creating prefix chain script '/home/student/anro_24l/install/setup.bash'
[4.605s] INFO:colcon.colcon_core.shell:Creating prefix script '/home/student/anro_24l/install/local_setup.zsh'
[4.605s] INFO:colcon.colcon_core.shell:Creating prefix chain script '/home/student/anro_24l/install/setup.zsh'
