running egg_info
creating ../build/forward_kin/forward_kin.egg-info
writing ../build/forward_kin/forward_kin.egg-info/PKG-INFO
writing dependency_links to ../build/forward_kin/forward_kin.egg-info/dependency_links.txt
writing entry points to ../build/forward_kin/forward_kin.egg-info/entry_points.txt
writing requirements to ../build/forward_kin/forward_kin.egg-info/requires.txt
writing top-level names to ../build/forward_kin/forward_kin.egg-info/top_level.txt
writing manifest file '../build/forward_kin/forward_kin.egg-info/SOURCES.txt'
reading manifest file '../build/forward_kin/forward_kin.egg-info/SOURCES.txt'
writing manifest file '../build/forward_kin/forward_kin.egg-info/SOURCES.txt'
running build
running build_py
creating /home/student/anro_24l/build/forward_kin/build
creating /home/student/anro_24l/build/forward_kin/build/lib
creating /home/student/anro_24l/build/forward_kin/build/lib/forward_kin
copying forward_kin/__init__.py -> /home/student/anro_24l/build/forward_kin/build/lib/forward_kin
copying forward_kin/forward_kin.py -> /home/student/anro_24l/build/forward_kin/build/lib/forward_kin
running install
running install_lib
creating /home/student/anro_24l/install/forward_kin/lib/python3.10/site-packages/forward_kin
copying /home/student/anro_24l/build/forward_kin/build/lib/forward_kin/__init__.py -> /home/student/anro_24l/install/forward_kin/lib/python3.10/site-packages/forward_kin
copying /home/student/anro_24l/build/forward_kin/build/lib/forward_kin/forward_kin.py -> /home/student/anro_24l/install/forward_kin/lib/python3.10/site-packages/forward_kin
byte-compiling /home/student/anro_24l/install/forward_kin/lib/python3.10/site-packages/forward_kin/__init__.py to __init__.cpython-310.pyc
byte-compiling /home/student/anro_24l/install/forward_kin/lib/python3.10/site-packages/forward_kin/forward_kin.py to forward_kin.cpython-310.pyc
running install_data
creating /home/student/anro_24l/install/forward_kin/share/ament_index
creating /home/student/anro_24l/install/forward_kin/share/ament_index/resource_index
creating /home/student/anro_24l/install/forward_kin/share/ament_index/resource_index/packages
copying resource/forward_kin -> /home/student/anro_24l/install/forward_kin/share/ament_index/resource_index/packages
copying package.xml -> /home/student/anro_24l/install/forward_kin/share/forward_kin
running install_egg_info
Copying ../build/forward_kin/forward_kin.egg-info to /home/student/anro_24l/install/forward_kin/lib/python3.10/site-packages/forward_kin-0.0.0-py3.10.egg-info
running install_scripts
Installing forward_kin script to /home/student/anro_24l/install/forward_kin/lib/forward_kin
writing list of installed files to '/home/student/anro_24l/build/forward_kin/install.log'
