[1.311s] Invoking command in '/home/student/anro_24l/forward_kin': PYTHONPATH=/home/student/anro_24l/build/forward_kin/prefix_override:/home/student/anro_24l/install/forward_kin/lib/python3.10/site-packages: /usr/bin/python3 setup.py egg_info --egg-base ../build/forward_kin build --build-base /home/student/anro_24l/build/forward_kin/build install --record /home/student/anro_24l/build/forward_kin/install.log --single-version-externally-managed
[1.511s] running egg_info
[1.512s] creating ../build/forward_kin/forward_kin.egg-info
[1.513s] writing ../build/forward_kin/forward_kin.egg-info/PKG-INFO
[1.513s] writing dependency_links to ../build/forward_kin/forward_kin.egg-info/dependency_links.txt
[1.514s] writing entry points to ../build/forward_kin/forward_kin.egg-info/entry_points.txt
[1.514s] writing requirements to ../build/forward_kin/forward_kin.egg-info/requires.txt
[1.514s] writing top-level names to ../build/forward_kin/forward_kin.egg-info/top_level.txt
[1.514s] writing manifest file '../build/forward_kin/forward_kin.egg-info/SOURCES.txt'
[1.514s] reading manifest file '../build/forward_kin/forward_kin.egg-info/SOURCES.txt'
[1.514s] writing manifest file '../build/forward_kin/forward_kin.egg-info/SOURCES.txt'
[1.528s] running build
[1.528s] running build_py
[1.528s] creating /home/student/anro_24l/build/forward_kin/build
[1.528s] creating /home/student/anro_24l/build/forward_kin/build/lib
[1.528s] creating /home/student/anro_24l/build/forward_kin/build/lib/forward_kin
[1.528s] copying forward_kin/__init__.py -> /home/student/anro_24l/build/forward_kin/build/lib/forward_kin
[1.528s] copying forward_kin/forward_kin.py -> /home/student/anro_24l/build/forward_kin/build/lib/forward_kin
[1.529s] running install
[1.529s] running install_lib
[1.529s] creating /home/student/anro_24l/install/forward_kin/lib/python3.10/site-packages/forward_kin
[1.530s] copying /home/student/anro_24l/build/forward_kin/build/lib/forward_kin/__init__.py -> /home/student/anro_24l/install/forward_kin/lib/python3.10/site-packages/forward_kin
[1.530s] copying /home/student/anro_24l/build/forward_kin/build/lib/forward_kin/forward_kin.py -> /home/student/anro_24l/install/forward_kin/lib/python3.10/site-packages/forward_kin
[1.530s] byte-compiling /home/student/anro_24l/install/forward_kin/lib/python3.10/site-packages/forward_kin/__init__.py to __init__.cpython-310.pyc
[1.530s] byte-compiling /home/student/anro_24l/install/forward_kin/lib/python3.10/site-packages/forward_kin/forward_kin.py to forward_kin.cpython-310.pyc
[1.531s] running install_data
[1.547s] creating /home/student/anro_24l/install/forward_kin/share/ament_index
[1.548s] creating /home/student/anro_24l/install/forward_kin/share/ament_index/resource_index
[1.548s] creating /home/student/anro_24l/install/forward_kin/share/ament_index/resource_index/packages
[1.548s] copying resource/forward_kin -> /home/student/anro_24l/install/forward_kin/share/ament_index/resource_index/packages
[1.548s] copying package.xml -> /home/student/anro_24l/install/forward_kin/share/forward_kin
[1.548s] running install_egg_info
[1.549s] Copying ../build/forward_kin/forward_kin.egg-info to /home/student/anro_24l/install/forward_kin/lib/python3.10/site-packages/forward_kin-0.0.0-py3.10.egg-info
[1.550s] running install_scripts
[1.579s] Installing forward_kin script to /home/student/anro_24l/install/forward_kin/lib/forward_kin
[1.580s] writing list of installed files to '/home/student/anro_24l/build/forward_kin/install.log'
[1.724s] Invoked command in '/home/student/anro_24l/forward_kin' returned '0': PYTHONPATH=/home/student/anro_24l/build/forward_kin/prefix_override:/home/student/anro_24l/install/forward_kin/lib/python3.10/site-packages: /usr/bin/python3 setup.py egg_info --egg-base ../build/forward_kin build --build-base /home/student/anro_24l/build/forward_kin/build install --record /home/student/anro_24l/build/forward_kin/install.log --single-version-externally-managed
