-- Install configuration: ""
-- Up-to-date: /home/student/anro_24l/install/urdf_launch/share/urdf_launch/config
-- Up-to-date: /home/student/anro_24l/install/urdf_launch/share/urdf_launch/config/urdf.rviz
-- Up-to-date: /home/student/anro_24l/install/urdf_launch/share/urdf_launch/launch
-- Up-to-date: /home/student/anro_24l/install/urdf_launch/share/urdf_launch/launch/display.launch.py
-- Up-to-date: /home/student/anro_24l/install/urdf_launch/share/urdf_launch/launch/description.launch.py
-- Up-to-date: /home/student/anro_24l/install/urdf_launch/share/ament_index/resource_index/package_run_dependencies/urdf_launch
-- Up-to-date: /home/student/anro_24l/install/urdf_launch/share/ament_index/resource_index/parent_prefix_path/urdf_launch
-- Up-to-date: /home/student/anro_24l/install/urdf_launch/share/urdf_launch/environment/ament_prefix_path.sh
-- Up-to-date: /home/student/anro_24l/install/urdf_launch/share/urdf_launch/environment/ament_prefix_path.dsv
-- Up-to-date: /home/student/anro_24l/install/urdf_launch/share/urdf_launch/environment/path.sh
-- Up-to-date: /home/student/anro_24l/install/urdf_launch/share/urdf_launch/environment/path.dsv
-- Up-to-date: /home/student/anro_24l/install/urdf_launch/share/urdf_launch/local_setup.bash
-- Up-to-date: /home/student/anro_24l/install/urdf_launch/share/urdf_launch/local_setup.sh
-- Up-to-date: /home/student/anro_24l/install/urdf_launch/share/urdf_launch/local_setup.zsh
-- Up-to-date: /home/student/anro_24l/install/urdf_launch/share/urdf_launch/local_setup.dsv
-- Installing: /home/student/anro_24l/install/urdf_launch/share/urdf_launch/package.dsv
-- Up-to-date: /home/student/anro_24l/install/urdf_launch/share/ament_index/resource_index/packages/urdf_launch
-- Up-to-date: /home/student/anro_24l/install/urdf_launch/share/urdf_launch/cmake/urdf_launchConfig.cmake
-- Up-to-date: /home/student/anro_24l/install/urdf_launch/share/urdf_launch/cmake/urdf_launchConfig-version.cmake
-- Up-to-date: /home/student/anro_24l/install/urdf_launch/share/urdf_launch/package.xml
