[1.178s] Invoking command in '/home/student/anro_24l/lab2': PYTHONPATH=/home/student/anro_24l/build/lab2/prefix_override:/home/student/anro_24l/install/lab2/lib/python3.10/site-packages: /usr/bin/python3 setup.py egg_info --egg-base ../build/lab2 build --build-base /home/student/anro_24l/build/lab2/build install --record /home/student/anro_24l/build/lab2/install.log --single-version-externally-managed
[1.374s] running egg_info
[1.375s] creating ../build/lab2/lab2.egg-info
[1.375s] writing ../build/lab2/lab2.egg-info/PKG-INFO
[1.375s] writing dependency_links to ../build/lab2/lab2.egg-info/dependency_links.txt
[1.375s] writing entry points to ../build/lab2/lab2.egg-info/entry_points.txt
[1.376s] writing requirements to ../build/lab2/lab2.egg-info/requires.txt
[1.376s] writing top-level names to ../build/lab2/lab2.egg-info/top_level.txt
[1.376s] writing manifest file '../build/lab2/lab2.egg-info/SOURCES.txt'
[1.377s] reading manifest file '../build/lab2/lab2.egg-info/SOURCES.txt'
[1.377s] adding license file 'LICENSE'
[1.378s] writing manifest file '../build/lab2/lab2.egg-info/SOURCES.txt'
[1.379s] running build
[1.380s] running build_py
[1.380s] creating /home/student/anro_24l/build/lab2/build
[1.380s] creating /home/student/anro_24l/build/lab2/build/lib
[1.380s] creating /home/student/anro_24l/build/lab2/build/lib/lab2
[1.380s] copying lab2/tower_builder.py -> /home/student/anro_24l/build/lab2/build/lib/lab2
[1.380s] copying lab2/pick_place.py -> /home/student/anro_24l/build/lab2/build/lib/lab2
[1.380s] copying lab2/__init__.py -> /home/student/anro_24l/build/lab2/build/lib/lab2
[1.380s] running install
[1.380s] running install_lib
[1.382s] creating /home/student/anro_24l/install/lab2/lib/python3.10/site-packages/lab2
[1.382s] copying /home/student/anro_24l/build/lab2/build/lib/lab2/tower_builder.py -> /home/student/anro_24l/install/lab2/lib/python3.10/site-packages/lab2
[1.382s] copying /home/student/anro_24l/build/lab2/build/lib/lab2/pick_place.py -> /home/student/anro_24l/install/lab2/lib/python3.10/site-packages/lab2
[1.382s] copying /home/student/anro_24l/build/lab2/build/lib/lab2/__init__.py -> /home/student/anro_24l/install/lab2/lib/python3.10/site-packages/lab2
[1.384s] byte-compiling /home/student/anro_24l/install/lab2/lib/python3.10/site-packages/lab2/tower_builder.py to tower_builder.cpython-310.pyc
[1.384s] byte-compiling /home/student/anro_24l/install/lab2/lib/python3.10/site-packages/lab2/pick_place.py to pick_place.cpython-310.pyc
[1.384s] byte-compiling /home/student/anro_24l/install/lab2/lib/python3.10/site-packages/lab2/__init__.py to __init__.cpython-310.pyc
[1.384s] running install_data
[1.384s] creating /home/student/anro_24l/install/lab2/share/ament_index
[1.384s] creating /home/student/anro_24l/install/lab2/share/ament_index/resource_index
[1.385s] creating /home/student/anro_24l/install/lab2/share/ament_index/resource_index/packages
[1.385s] copying resource/lab2 -> /home/student/anro_24l/install/lab2/share/ament_index/resource_index/packages
[1.385s] copying package.xml -> /home/student/anro_24l/install/lab2/share/lab2
[1.385s] running install_egg_info
[1.385s] Copying ../build/lab2/lab2.egg-info to /home/student/anro_24l/install/lab2/lib/python3.10/site-packages/lab2-0.0.0-py3.10.egg-info
[1.386s] running install_scripts
[1.405s] Installing pick_place = lab2.pick_place:maintower_builder script to /home/student/anro_24l/install/lab2/lib/lab2
[1.405s] writing list of installed files to '/home/student/anro_24l/build/lab2/install.log'
[1.455s] Invoked command in '/home/student/anro_24l/lab2' returned '0': PYTHONPATH=/home/student/anro_24l/build/lab2/prefix_override:/home/student/anro_24l/install/lab2/lib/python3.10/site-packages: /usr/bin/python3 setup.py egg_info --egg-base ../build/lab2 build --build-base /home/student/anro_24l/build/lab2/build install --record /home/student/anro_24l/build/lab2/install.log --single-version-externally-managed
