[0.092s] Invoking command in '/home/student/anro_ws/src/build/urdf_launch': AMENT_PREFIX_PATH=/home/student/anro_ws/src/install/joint_state_publisher_gui:/home/student/anro_ws/src/install/joint_state_publisher:${AMENT_PREFIX_PATH} CMAKE_PREFIX_PATH=${CMAKE_PREFIX_PATH}:/home/student/anro_ws/install/prd1:/home/student/anro_ws/install/lab2:/home/student/anro_ws/install/joint_state_publisher_gui:/home/student/anro_ws/install/joint_state_publisher:/home/student/anro_ws/install/inverse_kin:/home/student/anro_ws/install/angle_translator:/home/student/anro_ws/install/ForwardKin:/opt/dobot_anro_system/install/dobot_state_updater:/opt/dobot_anro_system/install/dobot_motion:/opt/dobot_anro_system/install/dobot_homing:/opt/dobot_anro_system/install/dobot_end_effector:/opt/dobot_anro_system/install/dobot_diagnostics:/opt/dobot_anro_system/install/dobot_control_panel:/opt/dobot_anro_system/install/dobot_bringup:/opt/ros/humble PYTHONPATH=/home/student/anro_ws/src/install/joint_state_publisher_gui/lib/python3.10/site-packages:/home/student/anro_ws/src/install/joint_state_publisher/lib/python3.10/site-packages:${PYTHONPATH} /usr/bin/cmake /home/student/anro_ws/src/urdf_launch -DCMAKE_INSTALL_PREFIX=/home/student/anro_ws/src/install/urdf_launch
[0.143s] -- The C compiler identification is GNU 11.4.0
[0.193s] -- The CXX compiler identification is GNU 11.4.0
[0.200s] -- Detecting C compiler ABI info
[0.264s] -- Detecting C compiler ABI info - done
[0.271s] -- Check for working C compiler: /usr/bin/cc - skipped
[0.271s] -- Detecting C compile features
[0.272s] -- Detecting C compile features - done
[0.275s] -- Detecting CXX compiler ABI info
[0.349s] -- Detecting CXX compiler ABI info - done
[0.356s] -- Check for working CXX compiler: /usr/bin/c++ - skipped
[0.357s] -- Detecting CXX compile features
[0.357s] -- Detecting CXX compile features - done
[0.361s] -- Found ament_cmake: 1.3.7 (/opt/ros/humble/share/ament_cmake/cmake)
[0.561s] -- Found Python3: /usr/bin/python3.10 (found version "3.10.12") found components: Interpreter 
[0.742s] -- Configuring done
[0.744s] -- Generating done
[0.745s] -- Build files have been written to: /home/student/anro_ws/src/build/urdf_launch
[0.749s] Invoked command in '/home/student/anro_ws/src/build/urdf_launch' returned '0': AMENT_PREFIX_PATH=/home/student/anro_ws/src/install/joint_state_publisher_gui:/home/student/anro_ws/src/install/joint_state_publisher:${AMENT_PREFIX_PATH} CMAKE_PREFIX_PATH=${CMAKE_PREFIX_PATH}:/home/student/anro_ws/install/prd1:/home/student/anro_ws/install/lab2:/home/student/anro_ws/install/joint_state_publisher_gui:/home/student/anro_ws/install/joint_state_publisher:/home/student/anro_ws/install/inverse_kin:/home/student/anro_ws/install/angle_translator:/home/student/anro_ws/install/ForwardKin:/opt/dobot_anro_system/install/dobot_state_updater:/opt/dobot_anro_system/install/dobot_motion:/opt/dobot_anro_system/install/dobot_homing:/opt/dobot_anro_system/install/dobot_end_effector:/opt/dobot_anro_system/install/dobot_diagnostics:/opt/dobot_anro_system/install/dobot_control_panel:/opt/dobot_anro_system/install/dobot_bringup:/opt/ros/humble PYTHONPATH=/home/student/anro_ws/src/install/joint_state_publisher_gui/lib/python3.10/site-packages:/home/student/anro_ws/src/install/joint_state_publisher/lib/python3.10/site-packages:${PYTHONPATH} /usr/bin/cmake /home/student/anro_ws/src/urdf_launch -DCMAKE_INSTALL_PREFIX=/home/student/anro_ws/src/install/urdf_launch
[0.751s] Invoking command in '/home/student/anro_ws/src/build/urdf_launch': AMENT_PREFIX_PATH=/home/student/anro_ws/src/install/joint_state_publisher_gui:/home/student/anro_ws/src/install/joint_state_publisher:${AMENT_PREFIX_PATH} CMAKE_PREFIX_PATH=${CMAKE_PREFIX_PATH}:/home/student/anro_ws/install/prd1:/home/student/anro_ws/install/lab2:/home/student/anro_ws/install/joint_state_publisher_gui:/home/student/anro_ws/install/joint_state_publisher:/home/student/anro_ws/install/inverse_kin:/home/student/anro_ws/install/angle_translator:/home/student/anro_ws/install/ForwardKin:/opt/dobot_anro_system/install/dobot_state_updater:/opt/dobot_anro_system/install/dobot_motion:/opt/dobot_anro_system/install/dobot_homing:/opt/dobot_anro_system/install/dobot_end_effector:/opt/dobot_anro_system/install/dobot_diagnostics:/opt/dobot_anro_system/install/dobot_control_panel:/opt/dobot_anro_system/install/dobot_bringup:/opt/ros/humble PYTHONPATH=/home/student/anro_ws/src/install/joint_state_publisher_gui/lib/python3.10/site-packages:/home/student/anro_ws/src/install/joint_state_publisher/lib/python3.10/site-packages:${PYTHONPATH} /usr/bin/cmake --build /home/student/anro_ws/src/build/urdf_launch -- -j4 -l4
[0.787s] Invoked command in '/home/student/anro_ws/src/build/urdf_launch' returned '0': AMENT_PREFIX_PATH=/home/student/anro_ws/src/install/joint_state_publisher_gui:/home/student/anro_ws/src/install/joint_state_publisher:${AMENT_PREFIX_PATH} CMAKE_PREFIX_PATH=${CMAKE_PREFIX_PATH}:/home/student/anro_ws/install/prd1:/home/student/anro_ws/install/lab2:/home/student/anro_ws/install/joint_state_publisher_gui:/home/student/anro_ws/install/joint_state_publisher:/home/student/anro_ws/install/inverse_kin:/home/student/anro_ws/install/angle_translator:/home/student/anro_ws/install/ForwardKin:/opt/dobot_anro_system/install/dobot_state_updater:/opt/dobot_anro_system/install/dobot_motion:/opt/dobot_anro_system/install/dobot_homing:/opt/dobot_anro_system/install/dobot_end_effector:/opt/dobot_anro_system/install/dobot_diagnostics:/opt/dobot_anro_system/install/dobot_control_panel:/opt/dobot_anro_system/install/dobot_bringup:/opt/ros/humble PYTHONPATH=/home/student/anro_ws/src/install/joint_state_publisher_gui/lib/python3.10/site-packages:/home/student/anro_ws/src/install/joint_state_publisher/lib/python3.10/site-packages:${PYTHONPATH} /usr/bin/cmake --build /home/student/anro_ws/src/build/urdf_launch -- -j4 -l4
[0.818s] Invoking command in '/home/student/anro_ws/src/build/urdf_launch': AMENT_PREFIX_PATH=/home/student/anro_ws/src/install/joint_state_publisher_gui:/home/student/anro_ws/src/install/joint_state_publisher:${AMENT_PREFIX_PATH} CMAKE_PREFIX_PATH=${CMAKE_PREFIX_PATH}:/home/student/anro_ws/install/prd1:/home/student/anro_ws/install/lab2:/home/student/anro_ws/install/joint_state_publisher_gui:/home/student/anro_ws/install/joint_state_publisher:/home/student/anro_ws/install/inverse_kin:/home/student/anro_ws/install/angle_translator:/home/student/anro_ws/install/ForwardKin:/opt/dobot_anro_system/install/dobot_state_updater:/opt/dobot_anro_system/install/dobot_motion:/opt/dobot_anro_system/install/dobot_homing:/opt/dobot_anro_system/install/dobot_end_effector:/opt/dobot_anro_system/install/dobot_diagnostics:/opt/dobot_anro_system/install/dobot_control_panel:/opt/dobot_anro_system/install/dobot_bringup:/opt/ros/humble PYTHONPATH=/home/student/anro_ws/src/install/joint_state_publisher_gui/lib/python3.10/site-packages:/home/student/anro_ws/src/install/joint_state_publisher/lib/python3.10/site-packages:${PYTHONPATH} /usr/bin/cmake --install /home/student/anro_ws/src/build/urdf_launch
[0.825s] -- Install configuration: ""
[0.826s] -- Installing: /home/student/anro_ws/src/install/urdf_launch/share/urdf_launch/config
[0.826s] -- Installing: /home/student/anro_ws/src/install/urdf_launch/share/urdf_launch/config/urdf.rviz
[0.826s] -- Installing: /home/student/anro_ws/src/install/urdf_launch/share/urdf_launch/launch
[0.826s] -- Installing: /home/student/anro_ws/src/install/urdf_launch/share/urdf_launch/launch/display.launch.py
[0.826s] -- Installing: /home/student/anro_ws/src/install/urdf_launch/share/urdf_launch/launch/description.launch.py
[0.826s] -- Installing: /home/student/anro_ws/src/install/urdf_launch/share/ament_index/resource_index/package_run_dependencies/urdf_launch
[0.826s] -- Installing: /home/student/anro_ws/src/install/urdf_launch/share/ament_index/resource_index/parent_prefix_path/urdf_launch
[0.826s] -- Installing: /home/student/anro_ws/src/install/urdf_launch/share/urdf_launch/environment/ament_prefix_path.sh
[0.827s] -- Installing: /home/student/anro_ws/src/install/urdf_launch/share/urdf_launch/environment/ament_prefix_path.dsv
[0.827s] -- Installing: /home/student/anro_ws/src/install/urdf_launch/share/urdf_launch/environment/path.sh
[0.827s] -- Installing: /home/student/anro_ws/src/install/urdf_launch/share/urdf_launch/environment/path.dsv
[0.827s] -- Installing: /home/student/anro_ws/src/install/urdf_launch/share/urdf_launch/local_setup.bash
[0.827s] -- Installing: /home/student/anro_ws/src/install/urdf_launch/share/urdf_launch/local_setup.sh
[0.827s] -- Installing: /home/student/anro_ws/src/install/urdf_launch/share/urdf_launch/local_setup.zsh
[0.827s] -- Installing: /home/student/anro_ws/src/install/urdf_launch/share/urdf_launch/local_setup.dsv
[0.827s] -- Installing: /home/student/anro_ws/src/install/urdf_launch/share/urdf_launch/package.dsv
[0.828s] -- Installing: /home/student/anro_ws/src/install/urdf_launch/share/ament_index/resource_index/packages/urdf_launch
[0.828s] -- Installing: /home/student/anro_ws/src/install/urdf_launch/share/urdf_launch/cmake/urdf_launchConfig.cmake
[0.828s] -- Installing: /home/student/anro_ws/src/install/urdf_launch/share/urdf_launch/cmake/urdf_launchConfig-version.cmake
[0.828s] -- Installing: /home/student/anro_ws/src/install/urdf_launch/share/urdf_launch/package.xml
[0.830s] Invoked command in '/home/student/anro_ws/src/build/urdf_launch' returned '0': AMENT_PREFIX_PATH=/home/student/anro_ws/src/install/joint_state_publisher_gui:/home/student/anro_ws/src/install/joint_state_publisher:${AMENT_PREFIX_PATH} CMAKE_PREFIX_PATH=${CMAKE_PREFIX_PATH}:/home/student/anro_ws/install/prd1:/home/student/anro_ws/install/lab2:/home/student/anro_ws/install/joint_state_publisher_gui:/home/student/anro_ws/install/joint_state_publisher:/home/student/anro_ws/install/inverse_kin:/home/student/anro_ws/install/angle_translator:/home/student/anro_ws/install/ForwardKin:/opt/dobot_anro_system/install/dobot_state_updater:/opt/dobot_anro_system/install/dobot_motion:/opt/dobot_anro_system/install/dobot_homing:/opt/dobot_anro_system/install/dobot_end_effector:/opt/dobot_anro_system/install/dobot_diagnostics:/opt/dobot_anro_system/install/dobot_control_panel:/opt/dobot_anro_system/install/dobot_bringup:/opt/ros/humble PYTHONPATH=/home/student/anro_ws/src/install/joint_state_publisher_gui/lib/python3.10/site-packages:/home/student/anro_ws/src/install/joint_state_publisher/lib/python3.10/site-packages:${PYTHONPATH} /usr/bin/cmake --install /home/student/anro_ws/src/build/urdf_launch
