[2.260s] Invoking command in '/home/student/anro_24l/lab2': PYTHONPATH=/home/student/anro_24l/build/lab2/prefix_override:/home/student/anro_24l/install/lab2/lib/python3.10/site-packages:${PYTHONPATH} /usr/bin/python3 setup.py egg_info --egg-base ../build/lab2 build --build-base /home/student/anro_24l/build/lab2/build install --record /home/student/anro_24l/build/lab2/install.log --single-version-externally-managed
[2.594s] running egg_info
[2.594s] writing ../build/lab2/lab2.egg-info/PKG-INFO
[2.594s] writing dependency_links to ../build/lab2/lab2.egg-info/dependency_links.txt
[2.595s] writing entry points to ../build/lab2/lab2.egg-info/entry_points.txt
[2.596s] writing requirements to ../build/lab2/lab2.egg-info/requires.txt
[2.596s] writing top-level names to ../build/lab2/lab2.egg-info/top_level.txt
[2.599s] reading manifest file '../build/lab2/lab2.egg-info/SOURCES.txt'
[2.600s] adding license file 'LICENSE'
[2.601s] writing manifest file '../build/lab2/lab2.egg-info/SOURCES.txt'
[2.601s] running build
[2.601s] running build_py
[2.603s] running install
[2.603s] running install_lib
[2.605s] running install_data
[2.606s] running install_egg_info
[2.609s] removing '/home/student/anro_24l/install/lab2/lib/python3.10/site-packages/lab2-0.0.0-py3.10.egg-info' (and everything under it)
[2.610s] Copying ../build/lab2/lab2.egg-info to /home/student/anro_24l/install/lab2/lib/python3.10/site-packages/lab2-0.0.0-py3.10.egg-info
[2.611s] running install_scripts
[2.635s] Installing pick_place = lab2.pick_place:maintower_builder script to /home/student/anro_24l/install/lab2/lib/lab2
[2.635s] writing list of installed files to '/home/student/anro_24l/build/lab2/install.log'
[2.958s] Invoked command in '/home/student/anro_24l/lab2' returned '0': PYTHONPATH=/home/student/anro_24l/build/lab2/prefix_override:/home/student/anro_24l/install/lab2/lib/python3.10/site-packages:${PYTHONPATH} /usr/bin/python3 setup.py egg_info --egg-base ../build/lab2 build --build-base /home/student/anro_24l/build/lab2/build install --record /home/student/anro_24l/build/lab2/install.log --single-version-externally-managed
