[1.384s] Invoking command in '/home/student/anro_24l/joint_state_publisher/joint_state_publisher': PYTHONPATH=/home/student/anro_24l/build/joint_state_publisher/prefix_override:/home/student/anro_24l/install/joint_state_publisher/lib/python3.10/site-packages: /usr/bin/python3 setup.py egg_info --egg-base ../../build/joint_state_publisher build --build-base /home/student/anro_24l/build/joint_state_publisher/build install --record /home/student/anro_24l/build/joint_state_publisher/install.log --single-version-externally-managed
[1.597s] running egg_info
[1.598s] writing ../../build/joint_state_publisher/joint_state_publisher.egg-info/PKG-INFO
[1.598s] writing dependency_links to ../../build/joint_state_publisher/joint_state_publisher.egg-info/dependency_links.txt
[1.598s] writing entry points to ../../build/joint_state_publisher/joint_state_publisher.egg-info/entry_points.txt
[1.599s] writing requirements to ../../build/joint_state_publisher/joint_state_publisher.egg-info/requires.txt
[1.599s] writing top-level names to ../../build/joint_state_publisher/joint_state_publisher.egg-info/top_level.txt
[1.600s] reading manifest file '../../build/joint_state_publisher/joint_state_publisher.egg-info/SOURCES.txt'
[1.601s] adding license file 'LICENSE'
[1.601s] writing manifest file '../../build/joint_state_publisher/joint_state_publisher.egg-info/SOURCES.txt'
[1.601s] running build
[1.601s] running build_py
[1.602s] running install
[1.602s] running install_lib
[1.603s] running install_data
[1.604s] running install_egg_info
[1.605s] removing '/home/student/anro_24l/install/joint_state_publisher/lib/python3.10/site-packages/joint_state_publisher-2.4.0-py3.10.egg-info' (and everything under it)
[1.605s] Copying ../../build/joint_state_publisher/joint_state_publisher.egg-info to /home/student/anro_24l/install/joint_state_publisher/lib/python3.10/site-packages/joint_state_publisher-2.4.0-py3.10.egg-info
[1.606s] running install_scripts
[1.627s] Installing joint_state_publisher script to /home/student/anro_24l/install/joint_state_publisher/lib/joint_state_publisher
[1.627s] writing list of installed files to '/home/student/anro_24l/build/joint_state_publisher/install.log'
[1.687s] Invoked command in '/home/student/anro_24l/joint_state_publisher/joint_state_publisher' returned '0': PYTHONPATH=/home/student/anro_24l/build/joint_state_publisher/prefix_override:/home/student/anro_24l/install/joint_state_publisher/lib/python3.10/site-packages: /usr/bin/python3 setup.py egg_info --egg-base ../../build/joint_state_publisher build --build-base /home/student/anro_24l/build/joint_state_publisher/build install --record /home/student/anro_24l/build/joint_state_publisher/install.log --single-version-externally-managed
