[2.497s] Invoking command in '/home/student/anro_ws/src/inverse_kin': PYTHONPATH=/home/student/anro_ws/src/build/inverse_kin/prefix_override:/home/student/anro_ws/src/install/inverse_kin/lib/python3.10/site-packages:${PYTHONPATH} /usr/bin/python3 setup.py egg_info --egg-base ../build/inverse_kin build --build-base /home/student/anro_ws/src/build/inverse_kin/build install --record /home/student/anro_ws/src/build/inverse_kin/install.log --single-version-externally-managed
[2.785s] running egg_info
[2.785s] writing ../build/inverse_kin/inverse_kin.egg-info/PKG-INFO
[2.786s] writing dependency_links to ../build/inverse_kin/inverse_kin.egg-info/dependency_links.txt
[2.787s] writing entry points to ../build/inverse_kin/inverse_kin.egg-info/entry_points.txt
[2.787s] writing requirements to ../build/inverse_kin/inverse_kin.egg-info/requires.txt
[2.788s] writing top-level names to ../build/inverse_kin/inverse_kin.egg-info/top_level.txt
[2.791s] reading manifest file '../build/inverse_kin/inverse_kin.egg-info/SOURCES.txt'
[2.792s] writing manifest file '../build/inverse_kin/inverse_kin.egg-info/SOURCES.txt'
[2.792s] running build
[2.793s] running build_py
[2.793s] running install
[2.794s] running install_lib
[2.796s] running install_data
[2.796s] running install_egg_info
[2.799s] removing '/home/student/anro_ws/src/install/inverse_kin/lib/python3.10/site-packages/inverse_kin-0.0.0-py3.10.egg-info' (and everything under it)
[2.799s] Copying ../build/inverse_kin/inverse_kin.egg-info to /home/student/anro_ws/src/install/inverse_kin/lib/python3.10/site-packages/inverse_kin-0.0.0-py3.10.egg-info
[2.801s] running install_scripts
[2.823s] Installing inverse_kin script to /home/student/anro_ws/src/install/inverse_kin/lib/inverse_kin
[2.824s] writing list of installed files to '/home/student/anro_ws/src/build/inverse_kin/install.log'
[2.876s] Invoked command in '/home/student/anro_ws/src/inverse_kin' returned '0': PYTHONPATH=/home/student/anro_ws/src/build/inverse_kin/prefix_override:/home/student/anro_ws/src/install/inverse_kin/lib/python3.10/site-packages:${PYTHONPATH} /usr/bin/python3 setup.py egg_info --egg-base ../build/inverse_kin build --build-base /home/student/anro_ws/src/build/inverse_kin/build install --record /home/student/anro_ws/src/build/inverse_kin/install.log --single-version-externally-managed
