[2.239s] Invoking command in '/home/student/anro_ws/src/lab2': PYTHONPATH=/home/student/anro_ws/src/build/lab2/prefix_override:/home/student/anro_ws/src/install/lab2/lib/python3.10/site-packages:${PYTHONPATH} /usr/bin/python3 setup.py egg_info --egg-base ../build/lab2 build --build-base /home/student/anro_ws/src/build/lab2/build install --record /home/student/anro_ws/src/build/lab2/install.log --single-version-externally-managed
[2.523s] running egg_info
[2.523s] creating ../build/lab2/lab2.egg-info
[2.524s] writing ../build/lab2/lab2.egg-info/PKG-INFO
[2.525s] writing dependency_links to ../build/lab2/lab2.egg-info/dependency_links.txt
[2.525s] writing entry points to ../build/lab2/lab2.egg-info/entry_points.txt
[2.525s] writing requirements to ../build/lab2/lab2.egg-info/requires.txt
[2.525s] writing top-level names to ../build/lab2/lab2.egg-info/top_level.txt
[2.526s] writing manifest file '../build/lab2/lab2.egg-info/SOURCES.txt'
[2.528s] reading manifest file '../build/lab2/lab2.egg-info/SOURCES.txt'
[2.528s] adding license file 'LICENSE'
[2.528s] writing manifest file '../build/lab2/lab2.egg-info/SOURCES.txt'
[2.529s] running build
[2.529s] running build_py
[2.529s] creating /home/student/anro_ws/src/build/lab2/build
[2.529s] creating /home/student/anro_ws/src/build/lab2/build/lib
[2.529s] creating /home/student/anro_ws/src/build/lab2/build/lib/lab2
[2.529s] copying lab2/tower_builder.py -> /home/student/anro_ws/src/build/lab2/build/lib/lab2
[2.530s] copying lab2/pick_place.py -> /home/student/anro_ws/src/build/lab2/build/lib/lab2
[2.530s] copying lab2/__init__.py -> /home/student/anro_ws/src/build/lab2/build/lib/lab2
[2.531s] running install
[2.531s] running install_lib
[2.532s] creating /home/student/anro_ws/src/install/lab2/lib/python3.10/site-packages/lab2
[2.532s] copying /home/student/anro_ws/src/build/lab2/build/lib/lab2/tower_builder.py -> /home/student/anro_ws/src/install/lab2/lib/python3.10/site-packages/lab2
[2.533s] copying /home/student/anro_ws/src/build/lab2/build/lib/lab2/pick_place.py -> /home/student/anro_ws/src/install/lab2/lib/python3.10/site-packages/lab2
[2.533s] copying /home/student/anro_ws/src/build/lab2/build/lib/lab2/__init__.py -> /home/student/anro_ws/src/install/lab2/lib/python3.10/site-packages/lab2
[2.534s] byte-compiling /home/student/anro_ws/src/install/lab2/lib/python3.10/site-packages/lab2/tower_builder.py to tower_builder.cpython-310.pyc
[2.536s] byte-compiling /home/student/anro_ws/src/install/lab2/lib/python3.10/site-packages/lab2/pick_place.py to pick_place.cpython-310.pyc
[2.537s] byte-compiling /home/student/anro_ws/src/install/lab2/lib/python3.10/site-packages/lab2/__init__.py to __init__.cpython-310.pyc
[2.538s] running install_data
[2.539s] creating /home/student/anro_ws/src/install/lab2/share/ament_index
[2.539s] creating /home/student/anro_ws/src/install/lab2/share/ament_index/resource_index
[2.539s] creating /home/student/anro_ws/src/install/lab2/share/ament_index/resource_index/packages
[2.539s] copying resource/lab2 -> /home/student/anro_ws/src/install/lab2/share/ament_index/resource_index/packages
[2.539s] copying package.xml -> /home/student/anro_ws/src/install/lab2/share/lab2
[2.539s] running install_egg_info
[2.541s] Copying ../build/lab2/lab2.egg-info to /home/student/anro_ws/src/install/lab2/lib/python3.10/site-packages/lab2-0.0.0-py3.10.egg-info
[2.547s] running install_scripts
[2.573s] Installing pick_place = lab2.pick_place:maintower_builder script to /home/student/anro_ws/src/install/lab2/lib/lab2
[2.574s] writing list of installed files to '/home/student/anro_ws/src/build/lab2/install.log'
[2.640s] Invoked command in '/home/student/anro_ws/src/lab2' returned '0': PYTHONPATH=/home/student/anro_ws/src/build/lab2/prefix_override:/home/student/anro_ws/src/install/lab2/lib/python3.10/site-packages:${PYTHONPATH} /usr/bin/python3 setup.py egg_info --egg-base ../build/lab2 build --build-base /home/student/anro_ws/src/build/lab2/build install --record /home/student/anro_ws/src/build/lab2/install.log --single-version-externally-managed
