running egg_info
creating ../build/inverse_kin/inverse_kin.egg-info
writing ../build/inverse_kin/inverse_kin.egg-info/PKG-INFO
writing dependency_links to ../build/inverse_kin/inverse_kin.egg-info/dependency_links.txt
writing entry points to ../build/inverse_kin/inverse_kin.egg-info/entry_points.txt
writing requirements to ../build/inverse_kin/inverse_kin.egg-info/requires.txt
writing top-level names to ../build/inverse_kin/inverse_kin.egg-info/top_level.txt
writing manifest file '../build/inverse_kin/inverse_kin.egg-info/SOURCES.txt'
reading manifest file '../build/inverse_kin/inverse_kin.egg-info/SOURCES.txt'
writing manifest file '../build/inverse_kin/inverse_kin.egg-info/SOURCES.txt'
running build
running build_py
creating /home/student/anro_24l/build/inverse_kin/build
creating /home/student/anro_24l/build/inverse_kin/build/lib
creating /home/student/anro_24l/build/inverse_kin/build/lib/inverse_kin
copying inverse_kin/inverse_kin.py -> /home/student/anro_24l/build/inverse_kin/build/lib/inverse_kin
copying inverse_kin/__init__.py -> /home/student/anro_24l/build/inverse_kin/build/lib/inverse_kin
running install
running install_lib
creating /home/student/anro_24l/install/inverse_kin/lib/python3.10/site-packages/inverse_kin
copying /home/student/anro_24l/build/inverse_kin/build/lib/inverse_kin/inverse_kin.py -> /home/student/anro_24l/install/inverse_kin/lib/python3.10/site-packages/inverse_kin
copying /home/student/anro_24l/build/inverse_kin/build/lib/inverse_kin/__init__.py -> /home/student/anro_24l/install/inverse_kin/lib/python3.10/site-packages/inverse_kin
byte-compiling /home/student/anro_24l/install/inverse_kin/lib/python3.10/site-packages/inverse_kin/inverse_kin.py to inverse_kin.cpython-310.pyc
byte-compiling /home/student/anro_24l/install/inverse_kin/lib/python3.10/site-packages/inverse_kin/__init__.py to __init__.cpython-310.pyc
running install_data
creating /home/student/anro_24l/install/inverse_kin/share/ament_index
creating /home/student/anro_24l/install/inverse_kin/share/ament_index/resource_index
creating /home/student/anro_24l/install/inverse_kin/share/ament_index/resource_index/packages
copying resource/inverse_kin -> /home/student/anro_24l/install/inverse_kin/share/ament_index/resource_index/packages
copying package.xml -> /home/student/anro_24l/install/inverse_kin/share/inverse_kin
running install_egg_info
Copying ../build/inverse_kin/inverse_kin.egg-info to /home/student/anro_24l/install/inverse_kin/lib/python3.10/site-packages/inverse_kin-0.0.0-py3.10.egg-info
running install_scripts
Installing inverse_kin script to /home/student/anro_24l/install/inverse_kin/lib/inverse_kin
writing list of installed files to '/home/student/anro_24l/build/inverse_kin/install.log'
