[1.324s] Invoking command in '/home/student/anro_24l/inverse_kin': PYTHONPATH=/home/student/anro_24l/build/inverse_kin/prefix_override:/home/student/anro_24l/install/inverse_kin/lib/python3.10/site-packages: /usr/bin/python3 setup.py egg_info --egg-base ../build/inverse_kin build --build-base /home/student/anro_24l/build/inverse_kin/build install --record /home/student/anro_24l/build/inverse_kin/install.log --single-version-externally-managed
[1.530s] running egg_info
[1.530s] creating ../build/inverse_kin/inverse_kin.egg-info
[1.531s] writing ../build/inverse_kin/inverse_kin.egg-info/PKG-INFO
[1.531s] writing dependency_links to ../build/inverse_kin/inverse_kin.egg-info/dependency_links.txt
[1.532s] writing entry points to ../build/inverse_kin/inverse_kin.egg-info/entry_points.txt
[1.532s] writing requirements to ../build/inverse_kin/inverse_kin.egg-info/requires.txt
[1.532s] writing top-level names to ../build/inverse_kin/inverse_kin.egg-info/top_level.txt
[1.533s] writing manifest file '../build/inverse_kin/inverse_kin.egg-info/SOURCES.txt'
[1.534s] reading manifest file '../build/inverse_kin/inverse_kin.egg-info/SOURCES.txt'
[1.535s] writing manifest file '../build/inverse_kin/inverse_kin.egg-info/SOURCES.txt'
[1.535s] running build
[1.536s] running build_py
[1.536s] creating /home/student/anro_24l/build/inverse_kin/build
[1.536s] creating /home/student/anro_24l/build/inverse_kin/build/lib
[1.536s] creating /home/student/anro_24l/build/inverse_kin/build/lib/inverse_kin
[1.536s] copying inverse_kin/inverse_kin.py -> /home/student/anro_24l/build/inverse_kin/build/lib/inverse_kin
[1.536s] copying inverse_kin/__init__.py -> /home/student/anro_24l/build/inverse_kin/build/lib/inverse_kin
[1.537s] running install
[1.537s] running install_lib
[1.538s] creating /home/student/anro_24l/install/inverse_kin/lib/python3.10/site-packages/inverse_kin
[1.538s] copying /home/student/anro_24l/build/inverse_kin/build/lib/inverse_kin/inverse_kin.py -> /home/student/anro_24l/install/inverse_kin/lib/python3.10/site-packages/inverse_kin
[1.539s] copying /home/student/anro_24l/build/inverse_kin/build/lib/inverse_kin/__init__.py -> /home/student/anro_24l/install/inverse_kin/lib/python3.10/site-packages/inverse_kin
[1.539s] byte-compiling /home/student/anro_24l/install/inverse_kin/lib/python3.10/site-packages/inverse_kin/inverse_kin.py to inverse_kin.cpython-310.pyc
[1.541s] byte-compiling /home/student/anro_24l/install/inverse_kin/lib/python3.10/site-packages/inverse_kin/__init__.py to __init__.cpython-310.pyc
[1.541s] running install_data
[1.541s] creating /home/student/anro_24l/install/inverse_kin/share/ament_index
[1.541s] creating /home/student/anro_24l/install/inverse_kin/share/ament_index/resource_index
[1.541s] creating /home/student/anro_24l/install/inverse_kin/share/ament_index/resource_index/packages
[1.541s] copying resource/inverse_kin -> /home/student/anro_24l/install/inverse_kin/share/ament_index/resource_index/packages
[1.541s] copying package.xml -> /home/student/anro_24l/install/inverse_kin/share/inverse_kin
[1.541s] running install_egg_info
[1.543s] Copying ../build/inverse_kin/inverse_kin.egg-info to /home/student/anro_24l/install/inverse_kin/lib/python3.10/site-packages/inverse_kin-0.0.0-py3.10.egg-info
[1.543s] running install_scripts
[1.564s] Installing inverse_kin script to /home/student/anro_24l/install/inverse_kin/lib/inverse_kin
[1.565s] writing list of installed files to '/home/student/anro_24l/build/inverse_kin/install.log'
[1.611s] Invoked command in '/home/student/anro_24l/inverse_kin' returned '0': PYTHONPATH=/home/student/anro_24l/build/inverse_kin/prefix_override:/home/student/anro_24l/install/inverse_kin/lib/python3.10/site-packages: /usr/bin/python3 setup.py egg_info --egg-base ../build/inverse_kin build --build-base /home/student/anro_24l/build/inverse_kin/build install --record /home/student/anro_24l/build/inverse_kin/install.log --single-version-externally-managed
