[1.040s] Invoking command in '/home/marcin/anro_ws/src/ROS2': PYTHONPATH=/home/marcin/anro_ws/src/build/ROS2/prefix_override:/home/marcin/anro_ws/src/install/ROS2/lib/python3.10/site-packages:${PYTHONPATH} /usr/bin/python3 -W ignore:setup.py install is deprecated setup.py egg_info --egg-base ../build/ROS2 build --build-base /home/marcin/anro_ws/src/build/ROS2/build install --record /home/marcin/anro_ws/src/build/ROS2/install.log --single-version-externally-managed install_data
[1.275s] running egg_info
[1.276s] creating ../build/ROS2/ROS2.egg-info
[1.276s] writing ../build/ROS2/ROS2.egg-info/PKG-INFO
[1.276s] writing dependency_links to ../build/ROS2/ROS2.egg-info/dependency_links.txt
[1.277s] writing entry points to ../build/ROS2/ROS2.egg-info/entry_points.txt
[1.277s] writing requirements to ../build/ROS2/ROS2.egg-info/requires.txt
[1.277s] writing top-level names to ../build/ROS2/ROS2.egg-info/top_level.txt
[1.277s] writing manifest file '../build/ROS2/ROS2.egg-info/SOURCES.txt'
[1.279s] reading manifest file '../build/ROS2/ROS2.egg-info/SOURCES.txt'
[1.279s] adding license file 'LICENSE'
[1.279s] writing manifest file '../build/ROS2/ROS2.egg-info/SOURCES.txt'
[1.280s] running build
[1.280s] running build_py
[1.280s] creating /home/marcin/anro_ws/src/build/ROS2/build
[1.280s] creating /home/marcin/anro_ws/src/build/ROS2/build/lib
[1.280s] creating /home/marcin/anro_ws/src/build/ROS2/build/lib/ROS2
[1.281s] copying ROS2/__init__.py -> /home/marcin/anro_ws/src/build/ROS2/build/lib/ROS2
[1.281s] copying ROS2/my_turtle_node.py -> /home/marcin/anro_ws/src/build/ROS2/build/lib/ROS2
[1.281s] running install
[1.281s] running install_lib
[1.282s] creating /home/marcin/anro_ws/src/install/ROS2/lib/python3.10/site-packages/ROS2
[1.282s] copying /home/marcin/anro_ws/src/build/ROS2/build/lib/ROS2/__init__.py -> /home/marcin/anro_ws/src/install/ROS2/lib/python3.10/site-packages/ROS2
[1.282s] copying /home/marcin/anro_ws/src/build/ROS2/build/lib/ROS2/my_turtle_node.py -> /home/marcin/anro_ws/src/install/ROS2/lib/python3.10/site-packages/ROS2
[1.282s] byte-compiling /home/marcin/anro_ws/src/install/ROS2/lib/python3.10/site-packages/ROS2/__init__.py to __init__.cpython-310.pyc
[1.282s] byte-compiling /home/marcin/anro_ws/src/install/ROS2/lib/python3.10/site-packages/ROS2/my_turtle_node.py to my_turtle_node.cpython-310.pyc
[1.283s] running install_data
[1.283s] creating /home/marcin/anro_ws/src/install/ROS2/share/ament_index
[1.284s] creating /home/marcin/anro_ws/src/install/ROS2/share/ament_index/resource_index
[1.284s] creating /home/marcin/anro_ws/src/install/ROS2/share/ament_index/resource_index/packages
[1.284s] copying resource/ROS2 -> /home/marcin/anro_ws/src/install/ROS2/share/ament_index/resource_index/packages
[1.284s] copying package.xml -> /home/marcin/anro_ws/src/install/ROS2/share/ROS2
[1.284s] creating /home/marcin/anro_ws/src/install/ROS2/share/ROS2/launch
[1.284s] copying launch/my_turtle_node_launch.py -> /home/marcin/anro_ws/src/install/ROS2/share/ROS2/launch
[1.284s] running install_egg_info
[1.286s] Copying ../build/ROS2/ROS2.egg-info to /home/marcin/anro_ws/src/install/ROS2/lib/python3.10/site-packages/ROS2-0.0.0-py3.10.egg-info
[1.287s] running install_scripts
[1.308s] Installing my_turtle_node script to /home/marcin/anro_ws/src/install/ROS2/lib/ROS2
[1.309s] writing list of installed files to '/home/marcin/anro_ws/src/build/ROS2/install.log'
[1.360s] Invoked command in '/home/marcin/anro_ws/src/ROS2' returned '0': PYTHONPATH=/home/marcin/anro_ws/src/build/ROS2/prefix_override:/home/marcin/anro_ws/src/install/ROS2/lib/python3.10/site-packages:${PYTHONPATH} /usr/bin/python3 -W ignore:setup.py install is deprecated setup.py egg_info --egg-base ../build/ROS2 build --build-base /home/marcin/anro_ws/src/build/ROS2/build install --record /home/marcin/anro_ws/src/build/ROS2/install.log --single-version-externally-managed install_data
