[2.151s] Invoking command in '/home/student/anro_ws/src/angle_translator': PYTHONPATH=/home/student/anro_ws/src/build/angle_translator/prefix_override:/home/student/anro_ws/src/install/angle_translator/lib/python3.10/site-packages:${PYTHONPATH} /usr/bin/python3 setup.py egg_info --egg-base ../build/angle_translator build --build-base /home/student/anro_ws/src/build/angle_translator/build install --record /home/student/anro_ws/src/build/angle_translator/install.log --single-version-externally-managed
[2.488s] running egg_info
[2.488s] creating ../build/angle_translator/angle_translator.egg-info
[2.489s] writing ../build/angle_translator/angle_translator.egg-info/PKG-INFO
[2.489s] writing dependency_links to ../build/angle_translator/angle_translator.egg-info/dependency_links.txt
[2.489s] writing entry points to ../build/angle_translator/angle_translator.egg-info/entry_points.txt
[2.489s] writing requirements to ../build/angle_translator/angle_translator.egg-info/requires.txt
[2.489s] writing top-level names to ../build/angle_translator/angle_translator.egg-info/top_level.txt
[2.489s] writing manifest file '../build/angle_translator/angle_translator.egg-info/SOURCES.txt'
[2.491s] reading manifest file '../build/angle_translator/angle_translator.egg-info/SOURCES.txt'
[2.491s] writing manifest file '../build/angle_translator/angle_translator.egg-info/SOURCES.txt'
[2.492s] running build
[2.492s] running build_py
[2.492s] creating /home/student/anro_ws/src/build/angle_translator/build
[2.492s] creating /home/student/anro_ws/src/build/angle_translator/build/lib
[2.493s] creating /home/student/anro_ws/src/build/angle_translator/build/lib/angle_translator
[2.493s] copying angle_translator/angle_translator.py -> /home/student/anro_ws/src/build/angle_translator/build/lib/angle_translator
[2.493s] copying angle_translator/__init__.py -> /home/student/anro_ws/src/build/angle_translator/build/lib/angle_translator
[2.493s] running install
[2.493s] running install_lib
[2.494s] creating /home/student/anro_ws/src/install/angle_translator/lib/python3.10/site-packages/angle_translator
[2.494s] copying /home/student/anro_ws/src/build/angle_translator/build/lib/angle_translator/angle_translator.py -> /home/student/anro_ws/src/install/angle_translator/lib/python3.10/site-packages/angle_translator
[2.494s] copying /home/student/anro_ws/src/build/angle_translator/build/lib/angle_translator/__init__.py -> /home/student/anro_ws/src/install/angle_translator/lib/python3.10/site-packages/angle_translator
[2.494s] byte-compiling /home/student/anro_ws/src/install/angle_translator/lib/python3.10/site-packages/angle_translator/angle_translator.py to angle_translator.cpython-310.pyc
[2.494s] byte-compiling /home/student/anro_ws/src/install/angle_translator/lib/python3.10/site-packages/angle_translator/__init__.py to __init__.cpython-310.pyc
[2.495s] running install_data
[2.495s] creating /home/student/anro_ws/src/install/angle_translator/share/ament_index
[2.495s] creating /home/student/anro_ws/src/install/angle_translator/share/ament_index/resource_index
[2.495s] creating /home/student/anro_ws/src/install/angle_translator/share/ament_index/resource_index/packages
[2.496s] copying resource/angle_translator -> /home/student/anro_ws/src/install/angle_translator/share/ament_index/resource_index/packages
[2.496s] copying package.xml -> /home/student/anro_ws/src/install/angle_translator/share/angle_translator
[2.496s] running install_egg_info
[2.497s] Copying ../build/angle_translator/angle_translator.egg-info to /home/student/anro_ws/src/install/angle_translator/lib/python3.10/site-packages/angle_translator-0.0.0-py3.10.egg-info
[2.498s] running install_scripts
[2.520s] Installing angle_translator script to /home/student/anro_ws/src/install/angle_translator/lib/angle_translator
[2.521s] writing list of installed files to '/home/student/anro_ws/src/build/angle_translator/install.log'
[2.952s] Invoked command in '/home/student/anro_ws/src/angle_translator' returned '0': PYTHONPATH=/home/student/anro_ws/src/build/angle_translator/prefix_override:/home/student/anro_ws/src/install/angle_translator/lib/python3.10/site-packages:${PYTHONPATH} /usr/bin/python3 setup.py egg_info --egg-base ../build/angle_translator build --build-base /home/student/anro_ws/src/build/angle_translator/build install --record /home/student/anro_ws/src/build/angle_translator/install.log --single-version-externally-managed
