[2.356s] Invoking command in '/home/student/anro_24l/Move_To_Point': PYTHONPATH=/home/student/anro_24l/build/Move_To_Point/prefix_override:/home/student/anro_24l/install/Move_To_Point/lib/python3.10/site-packages:${PYTHONPATH} /usr/bin/python3 setup.py egg_info --egg-base ../build/Move_To_Point build --build-base /home/student/anro_24l/build/Move_To_Point/build install --record /home/student/anro_24l/build/Move_To_Point/install.log --single-version-externally-managed
[2.677s] running egg_info
[2.679s] writing ../build/Move_To_Point/Move_To_Point.egg-info/PKG-INFO
[2.679s] writing dependency_links to ../build/Move_To_Point/Move_To_Point.egg-info/dependency_links.txt
[2.680s] writing entry points to ../build/Move_To_Point/Move_To_Point.egg-info/entry_points.txt
[2.682s] writing requirements to ../build/Move_To_Point/Move_To_Point.egg-info/requires.txt
[2.682s] writing top-level names to ../build/Move_To_Point/Move_To_Point.egg-info/top_level.txt
[2.685s] reading manifest file '../build/Move_To_Point/Move_To_Point.egg-info/SOURCES.txt'
[2.686s] writing manifest file '../build/Move_To_Point/Move_To_Point.egg-info/SOURCES.txt'
[2.687s] running build
[2.687s] running build_py
[2.687s] running install
[2.688s] running install_lib
[2.690s] running install_data
[2.691s] running install_egg_info
[2.693s] removing '/home/student/anro_24l/install/Move_To_Point/lib/python3.10/site-packages/Move_To_Point-0.0.0-py3.10.egg-info' (and everything under it)
[2.694s] Copying ../build/Move_To_Point/Move_To_Point.egg-info to /home/student/anro_24l/install/Move_To_Point/lib/python3.10/site-packages/Move_To_Point-0.0.0-py3.10.egg-info
[2.695s] running install_scripts
[2.725s] Installing Move_To_Point script to /home/student/anro_24l/install/Move_To_Point/lib/Move_To_Point
[2.726s] writing list of installed files to '/home/student/anro_24l/build/Move_To_Point/install.log'
[2.941s] Invoked command in '/home/student/anro_24l/Move_To_Point' returned '0': PYTHONPATH=/home/student/anro_24l/build/Move_To_Point/prefix_override:/home/student/anro_24l/install/Move_To_Point/lib/python3.10/site-packages:${PYTHONPATH} /usr/bin/python3 setup.py egg_info --egg-base ../build/Move_To_Point build --build-base /home/student/anro_24l/build/Move_To_Point/build install --record /home/student/anro_24l/build/Move_To_Point/install.log --single-version-externally-managed
