[0.048s] Invoking command in '/home/student/anro_24l/build/urdf_launch': AMENT_PREFIX_PATH=/home/student/anro_24l/install/joint_state_publisher_gui:/home/student/anro_24l/install/joint_state_publisher PYTHONPATH=/home/student/anro_24l/install/joint_state_publisher_gui/lib/python3.10/site-packages:/home/student/anro_24l/install/joint_state_publisher/lib/python3.10/site-packages /usr/bin/cmake /home/student/anro_24l/urdf_launch -DCMAKE_INSTALL_PREFIX=/home/student/anro_24l/install/urdf_launch
[0.191s] -- The C compiler identification is GNU 11.4.0
[0.300s] -- The CXX compiler identification is GNU 11.4.0
[0.311s] -- Detecting C compiler ABI info
[0.378s] -- Detecting C compiler ABI info - done
[0.386s] -- Check for working C compiler: /usr/bin/cc - skipped
[0.386s] -- Detecting C compile features
[0.387s] -- Detecting C compile features - done
[0.391s] -- Detecting CXX compiler ABI info
[0.463s] -- Detecting CXX compiler ABI info - done
[0.470s] -- Check for working CXX compiler: /usr/bin/c++ - skipped
[0.470s] -- Detecting CXX compile features
[0.471s] -- Detecting CXX compile features - done
[0.480s] [31mCMake Error at CMakeLists.txt:4 (find_package):
[0.481s]   By not providing "Findament_cmake.cmake" in CMAKE_MODULE_PATH this project
[0.481s]   has asked CMake to find a package configuration file provided by
[0.481s]   "ament_cmake", but CMake did not find one.
[0.481s] 
[0.481s]   Could not find a package configuration file provided by "ament_cmake" with
[0.481s]   any of the following names:
[0.481s] 
[0.481s]     ament_cmakeConfig.cmake
[0.481s]     ament_cmake-config.cmake
[0.481s] 
[0.481s]   Add the installation prefix of "ament_cmake" to CMAKE_PREFIX_PATH or set
[0.481s]   "ament_cmake_DIR" to a directory containing one of the above files.  If
[0.481s]   "ament_cmake" provides a separate development package or SDK, be sure it
[0.481s]   has been installed.
[0.481s] 
[0.481s] [0m
[0.481s] -- Configuring incomplete, errors occurred!
[0.481s] See also "/home/student/anro_24l/build/urdf_launch/CMakeFiles/CMakeOutput.log".
[0.484s] Invoked command in '/home/student/anro_24l/build/urdf_launch' returned '1': AMENT_PREFIX_PATH=/home/student/anro_24l/install/joint_state_publisher_gui:/home/student/anro_24l/install/joint_state_publisher PYTHONPATH=/home/student/anro_24l/install/joint_state_publisher_gui/lib/python3.10/site-packages:/home/student/anro_24l/install/joint_state_publisher/lib/python3.10/site-packages /usr/bin/cmake /home/student/anro_24l/urdf_launch -DCMAKE_INSTALL_PREFIX=/home/student/anro_24l/install/urdf_launch
