[2.198s] Invoking command in '/home/student/anro_24l/angle_translator': PYTHONPATH=/home/student/anro_24l/build/angle_translator/prefix_override:/home/student/anro_24l/install/angle_translator/lib/python3.10/site-packages:${PYTHONPATH} /usr/bin/python3 setup.py egg_info --egg-base ../build/angle_translator build --build-base /home/student/anro_24l/build/angle_translator/build install --record /home/student/anro_24l/build/angle_translator/install.log --single-version-externally-managed
[2.547s] running egg_info
[2.549s] writing ../build/angle_translator/angle_translator.egg-info/PKG-INFO
[2.550s] writing dependency_links to ../build/angle_translator/angle_translator.egg-info/dependency_links.txt
[2.551s] writing entry points to ../build/angle_translator/angle_translator.egg-info/entry_points.txt
[2.551s] writing requirements to ../build/angle_translator/angle_translator.egg-info/requires.txt
[2.552s] writing top-level names to ../build/angle_translator/angle_translator.egg-info/top_level.txt
[2.555s] reading manifest file '../build/angle_translator/angle_translator.egg-info/SOURCES.txt'
[2.556s] writing manifest file '../build/angle_translator/angle_translator.egg-info/SOURCES.txt'
[2.557s] running build
[2.557s] running build_py
[2.558s] running install
[2.559s] running install_lib
[2.561s] running install_data
[2.562s] running install_egg_info
[2.565s] removing '/home/student/anro_24l/install/angle_translator/lib/python3.10/site-packages/angle_translator-0.0.0-py3.10.egg-info' (and everything under it)
[2.568s] Copying ../build/angle_translator/angle_translator.egg-info to /home/student/anro_24l/install/angle_translator/lib/python3.10/site-packages/angle_translator-0.0.0-py3.10.egg-info
[2.568s] running install_scripts
[2.594s] Installing angle_translator script to /home/student/anro_24l/install/angle_translator/lib/angle_translator
[2.594s] writing list of installed files to '/home/student/anro_24l/build/angle_translator/install.log'
[2.870s] Invoked command in '/home/student/anro_24l/angle_translator' returned '0': PYTHONPATH=/home/student/anro_24l/build/angle_translator/prefix_override:/home/student/anro_24l/install/angle_translator/lib/python3.10/site-packages:${PYTHONPATH} /usr/bin/python3 setup.py egg_info --egg-base ../build/angle_translator build --build-base /home/student/anro_24l/build/angle_translator/build install --record /home/student/anro_24l/build/angle_translator/install.log --single-version-externally-managed
