running egg_info
writing ../../build/joint_state_publisher_gui/joint_state_publisher_gui.egg-info/PKG-INFO
writing dependency_links to ../../build/joint_state_publisher_gui/joint_state_publisher_gui.egg-info/dependency_links.txt
writing entry points to ../../build/joint_state_publisher_gui/joint_state_publisher_gui.egg-info/entry_points.txt
writing requirements to ../../build/joint_state_publisher_gui/joint_state_publisher_gui.egg-info/requires.txt
writing top-level names to ../../build/joint_state_publisher_gui/joint_state_publisher_gui.egg-info/top_level.txt
reading manifest file '../../build/joint_state_publisher_gui/joint_state_publisher_gui.egg-info/SOURCES.txt'
adding license file 'LICENSE'
writing manifest file '../../build/joint_state_publisher_gui/joint_state_publisher_gui.egg-info/SOURCES.txt'
running build
running build_py
running install
running install_lib
running install_data
running install_egg_info
removing '/home/student/anro_ws/src/install/joint_state_publisher_gui/lib/python3.10/site-packages/joint_state_publisher_gui-2.4.0-py3.10.egg-info' (and everything under it)
Copying ../../build/joint_state_publisher_gui/joint_state_publisher_gui.egg-info to /home/student/anro_ws/src/install/joint_state_publisher_gui/lib/python3.10/site-packages/joint_state_publisher_gui-2.4.0-py3.10.egg-info
running install_scripts
Installing joint_state_publisher_gui script to /home/student/anro_ws/src/install/joint_state_publisher_gui/lib/joint_state_publisher_gui
writing list of installed files to '/home/student/anro_ws/src/build/joint_state_publisher_gui/install.log'
