[2.246s] Invoking command in '/home/student/anro_ws/src/joint_state_publisher/joint_state_publisher_gui': AMENT_PREFIX_PATH=/home/student/anro_ws/src/install/joint_state_publisher:${AMENT_PREFIX_PATH} PYTHONPATH=/home/student/anro_ws/src/build/joint_state_publisher_gui/prefix_override:/home/student/anro_ws/src/install/joint_state_publisher_gui/lib/python3.10/site-packages:/home/student/anro_ws/src/install/joint_state_publisher/lib/python3.10/site-packages:${PYTHONPATH} /usr/bin/python3 setup.py egg_info --egg-base ../../build/joint_state_publisher_gui build --build-base /home/student/anro_ws/src/build/joint_state_publisher_gui/build install --record /home/student/anro_ws/src/build/joint_state_publisher_gui/install.log --single-version-externally-managed
[2.543s] running egg_info
[2.545s] writing ../../build/joint_state_publisher_gui/joint_state_publisher_gui.egg-info/PKG-INFO
[2.546s] writing dependency_links to ../../build/joint_state_publisher_gui/joint_state_publisher_gui.egg-info/dependency_links.txt
[2.546s] writing entry points to ../../build/joint_state_publisher_gui/joint_state_publisher_gui.egg-info/entry_points.txt
[2.547s] writing requirements to ../../build/joint_state_publisher_gui/joint_state_publisher_gui.egg-info/requires.txt
[2.548s] writing top-level names to ../../build/joint_state_publisher_gui/joint_state_publisher_gui.egg-info/top_level.txt
[2.550s] reading manifest file '../../build/joint_state_publisher_gui/joint_state_publisher_gui.egg-info/SOURCES.txt'
[2.551s] adding license file 'LICENSE'
[2.552s] writing manifest file '../../build/joint_state_publisher_gui/joint_state_publisher_gui.egg-info/SOURCES.txt'
[2.553s] running build
[2.553s] running build_py
[2.554s] running install
[2.555s] running install_lib
[2.559s] running install_data
[2.561s] running install_egg_info
[2.571s] removing '/home/student/anro_ws/src/install/joint_state_publisher_gui/lib/python3.10/site-packages/joint_state_publisher_gui-2.4.0-py3.10.egg-info' (and everything under it)
[2.572s] Copying ../../build/joint_state_publisher_gui/joint_state_publisher_gui.egg-info to /home/student/anro_ws/src/install/joint_state_publisher_gui/lib/python3.10/site-packages/joint_state_publisher_gui-2.4.0-py3.10.egg-info
[2.578s] running install_scripts
[2.614s] Installing joint_state_publisher_gui script to /home/student/anro_ws/src/install/joint_state_publisher_gui/lib/joint_state_publisher_gui
[2.614s] writing list of installed files to '/home/student/anro_ws/src/build/joint_state_publisher_gui/install.log'
[2.773s] Invoked command in '/home/student/anro_ws/src/joint_state_publisher/joint_state_publisher_gui' returned '0': AMENT_PREFIX_PATH=/home/student/anro_ws/src/install/joint_state_publisher:${AMENT_PREFIX_PATH} PYTHONPATH=/home/student/anro_ws/src/build/joint_state_publisher_gui/prefix_override:/home/student/anro_ws/src/install/joint_state_publisher_gui/lib/python3.10/site-packages:/home/student/anro_ws/src/install/joint_state_publisher/lib/python3.10/site-packages:${PYTHONPATH} /usr/bin/python3 setup.py egg_info --egg-base ../../build/joint_state_publisher_gui build --build-base /home/student/anro_ws/src/build/joint_state_publisher_gui/build install --record /home/student/anro_ws/src/build/joint_state_publisher_gui/install.log --single-version-externally-managed
