running egg_info
creating ../build/Move_To_Point/Move_To_Point.egg-info
writing ../build/Move_To_Point/Move_To_Point.egg-info/PKG-INFO
writing dependency_links to ../build/Move_To_Point/Move_To_Point.egg-info/dependency_links.txt
writing entry points to ../build/Move_To_Point/Move_To_Point.egg-info/entry_points.txt
writing requirements to ../build/Move_To_Point/Move_To_Point.egg-info/requires.txt
writing top-level names to ../build/Move_To_Point/Move_To_Point.egg-info/top_level.txt
writing manifest file '../build/Move_To_Point/Move_To_Point.egg-info/SOURCES.txt'
reading manifest file '../build/Move_To_Point/Move_To_Point.egg-info/SOURCES.txt'
writing manifest file '../build/Move_To_Point/Move_To_Point.egg-info/SOURCES.txt'
running build
running build_py
creating /home/student/anro_ws/src/build/Move_To_Point/build
creating /home/student/anro_ws/src/build/Move_To_Point/build/lib
creating /home/student/anro_ws/src/build/Move_To_Point/build/lib/Move_To_Point
copying Move_To_Point/Move_To_Point.py -> /home/student/anro_ws/src/build/Move_To_Point/build/lib/Move_To_Point
copying Move_To_Point/__init__.py -> /home/student/anro_ws/src/build/Move_To_Point/build/lib/Move_To_Point
running install
running install_lib
creating /home/student/anro_ws/src/install/Move_To_Point/lib/python3.10/site-packages/Move_To_Point
copying /home/student/anro_ws/src/build/Move_To_Point/build/lib/Move_To_Point/Move_To_Point.py -> /home/student/anro_ws/src/install/Move_To_Point/lib/python3.10/site-packages/Move_To_Point
copying /home/student/anro_ws/src/build/Move_To_Point/build/lib/Move_To_Point/__init__.py -> /home/student/anro_ws/src/install/Move_To_Point/lib/python3.10/site-packages/Move_To_Point
byte-compiling /home/student/anro_ws/src/install/Move_To_Point/lib/python3.10/site-packages/Move_To_Point/Move_To_Point.py to Move_To_Point.cpython-310.pyc
byte-compiling /home/student/anro_ws/src/install/Move_To_Point/lib/python3.10/site-packages/Move_To_Point/__init__.py to __init__.cpython-310.pyc
running install_data
creating /home/student/anro_ws/src/install/Move_To_Point/share/ament_index
creating /home/student/anro_ws/src/install/Move_To_Point/share/ament_index/resource_index
creating /home/student/anro_ws/src/install/Move_To_Point/share/ament_index/resource_index/packages
copying resource/Move_To_Point -> /home/student/anro_ws/src/install/Move_To_Point/share/ament_index/resource_index/packages
copying package.xml -> /home/student/anro_ws/src/install/Move_To_Point/share/Move_To_Point
running install_egg_info
Copying ../build/Move_To_Point/Move_To_Point.egg-info to /home/student/anro_ws/src/install/Move_To_Point/lib/python3.10/site-packages/Move_To_Point-0.0.0-py3.10.egg-info
running install_scripts
Installing Move_To_Point script to /home/student/anro_ws/src/install/Move_To_Point/lib/Move_To_Point
writing list of installed files to '/home/student/anro_ws/src/build/Move_To_Point/install.log'
