[1.346s] Invoking command in '/home/student/anro_24l/angle_translator': PYTHONPATH=/home/student/anro_24l/build/angle_translator/prefix_override:/home/student/anro_24l/install/angle_translator/lib/python3.10/site-packages: /usr/bin/python3 setup.py egg_info --egg-base ../build/angle_translator build --build-base /home/student/anro_24l/build/angle_translator/build install --record /home/student/anro_24l/build/angle_translator/install.log --single-version-externally-managed
[1.548s] running egg_info
[1.549s] writing ../build/angle_translator/angle_translator.egg-info/PKG-INFO
[1.550s] writing dependency_links to ../build/angle_translator/angle_translator.egg-info/dependency_links.txt
[1.550s] writing entry points to ../build/angle_translator/angle_translator.egg-info/entry_points.txt
[1.551s] writing requirements to ../build/angle_translator/angle_translator.egg-info/requires.txt
[1.551s] writing top-level names to ../build/angle_translator/angle_translator.egg-info/top_level.txt
[1.552s] reading manifest file '../build/angle_translator/angle_translator.egg-info/SOURCES.txt'
[1.552s] writing manifest file '../build/angle_translator/angle_translator.egg-info/SOURCES.txt'
[1.553s] running build
[1.553s] running build_py
[1.554s] running install
[1.554s] running install_lib
[1.555s] running install_data
[1.555s] running install_egg_info
[1.556s] removing '/home/student/anro_24l/install/angle_translator/lib/python3.10/site-packages/angle_translator-0.0.0-py3.10.egg-info' (and everything under it)
[1.556s] Copying ../build/angle_translator/angle_translator.egg-info to /home/student/anro_24l/install/angle_translator/lib/python3.10/site-packages/angle_translator-0.0.0-py3.10.egg-info
[1.557s] running install_scripts
[1.576s] Installing angle_translator script to /home/student/anro_24l/install/angle_translator/lib/angle_translator
[1.577s] writing list of installed files to '/home/student/anro_24l/build/angle_translator/install.log'
[1.622s] Invoked command in '/home/student/anro_24l/angle_translator' returned '0': PYTHONPATH=/home/student/anro_24l/build/angle_translator/prefix_override:/home/student/anro_24l/install/angle_translator/lib/python3.10/site-packages: /usr/bin/python3 setup.py egg_info --egg-base ../build/angle_translator build --build-base /home/student/anro_24l/build/angle_translator/build install --record /home/student/anro_24l/build/angle_translator/install.log --single-version-externally-managed
