[1.306s] Invoking command in '/home/student/anro_24l/prd1': PYTHONPATH=/home/student/anro_24l/build/prd1/prefix_override:/home/student/anro_24l/install/prd1/lib/python3.10/site-packages:${PYTHONPATH} /usr/bin/python3 setup.py egg_info --egg-base ../build/prd1 build --build-base /home/student/anro_24l/build/prd1/build install --record /home/student/anro_24l/build/prd1/install.log --single-version-externally-managed
[1.592s] running egg_info
[1.592s] writing ../build/prd1/prd1.egg-info/PKG-INFO
[1.593s] writing dependency_links to ../build/prd1/prd1.egg-info/dependency_links.txt
[1.593s] writing entry points to ../build/prd1/prd1.egg-info/entry_points.txt
[1.593s] writing requirements to ../build/prd1/prd1.egg-info/requires.txt
[1.593s] writing top-level names to ../build/prd1/prd1.egg-info/top_level.txt
[1.595s] reading manifest file '../build/prd1/prd1.egg-info/SOURCES.txt'
[1.596s] writing manifest file '../build/prd1/prd1.egg-info/SOURCES.txt'
[1.596s] running build
[1.596s] running build_py
[1.596s] running install
[1.597s] running install_lib
[1.598s] running install_data
[1.599s] running install_egg_info
[1.600s] removing '/home/student/anro_24l/install/prd1/lib/python3.10/site-packages/prd1-0.0.0-py3.10.egg-info' (and everything under it)
[1.601s] Copying ../build/prd1/prd1.egg-info to /home/student/anro_24l/install/prd1/lib/python3.10/site-packages/prd1-0.0.0-py3.10.egg-info
[1.602s] running install_scripts
[1.623s] Installing skz script to /home/student/anro_24l/install/prd1/lib/prd1
[1.623s] writing list of installed files to '/home/student/anro_24l/build/prd1/install.log'
[1.655s] Invoked command in '/home/student/anro_24l/prd1' returned '0': PYTHONPATH=/home/student/anro_24l/build/prd1/prefix_override:/home/student/anro_24l/install/prd1/lib/python3.10/site-packages:${PYTHONPATH} /usr/bin/python3 setup.py egg_info --egg-base ../build/prd1 build --build-base /home/student/anro_24l/build/prd1/build install --record /home/student/anro_24l/build/prd1/install.log --single-version-externally-managed
