[2.058s] Invoking command in '/home/student/anro_24l/prd1': PYTHONPATH=/home/student/anro_24l/build/prd1/prefix_override:/home/student/anro_24l/install/prd1/lib/python3.10/site-packages:${PYTHONPATH} /usr/bin/python3 setup.py egg_info --egg-base ../build/prd1 build --build-base /home/student/anro_24l/build/prd1/build install --record /home/student/anro_24l/build/prd1/install.log --single-version-externally-managed
[2.363s] running egg_info
[2.364s] writing ../build/prd1/prd1.egg-info/PKG-INFO
[2.365s] writing dependency_links to ../build/prd1/prd1.egg-info/dependency_links.txt
[2.365s] writing entry points to ../build/prd1/prd1.egg-info/entry_points.txt
[2.366s] writing requirements to ../build/prd1/prd1.egg-info/requires.txt
[2.366s] writing top-level names to ../build/prd1/prd1.egg-info/top_level.txt
[2.367s] reading manifest file '../build/prd1/prd1.egg-info/SOURCES.txt'
[2.367s] writing manifest file '../build/prd1/prd1.egg-info/SOURCES.txt'
[2.368s] running build
[2.368s] running build_py
[2.368s] running install
[2.369s] running install_lib
[2.369s] running install_data
[2.370s] running install_egg_info
[2.371s] removing '/home/student/anro_24l/install/prd1/lib/python3.10/site-packages/prd1-0.0.0-py3.10.egg-info' (and everything under it)
[2.372s] Copying ../build/prd1/prd1.egg-info to /home/student/anro_24l/install/prd1/lib/python3.10/site-packages/prd1-0.0.0-py3.10.egg-info
[2.372s] running install_scripts
[2.395s] Installing skz script to /home/student/anro_24l/install/prd1/lib/prd1
[2.396s] writing list of installed files to '/home/student/anro_24l/build/prd1/install.log'
[2.545s] Invoked command in '/home/student/anro_24l/prd1' returned '0': PYTHONPATH=/home/student/anro_24l/build/prd1/prefix_override:/home/student/anro_24l/install/prd1/lib/python3.10/site-packages:${PYTHONPATH} /usr/bin/python3 setup.py egg_info --egg-base ../build/prd1 build --build-base /home/student/anro_24l/build/prd1/build install --record /home/student/anro_24l/build/prd1/install.log --single-version-externally-managed
