[2.287s] Invoking command in '/home/student/anro_24l/angle_translator': PYTHONPATH=/home/student/anro_24l/build/angle_translator/prefix_override:/home/student/anro_24l/install/angle_translator/lib/python3.10/site-packages:${PYTHONPATH} /usr/bin/python3 setup.py egg_info --egg-base ../build/angle_translator build --build-base /home/student/anro_24l/build/angle_translator/build install --record /home/student/anro_24l/build/angle_translator/install.log --single-version-externally-managed
[2.631s] running egg_info
[2.631s] writing ../build/angle_translator/angle_translator.egg-info/PKG-INFO
[2.631s] writing dependency_links to ../build/angle_translator/angle_translator.egg-info/dependency_links.txt
[2.631s] writing entry points to ../build/angle_translator/angle_translator.egg-info/entry_points.txt
[2.631s] writing requirements to ../build/angle_translator/angle_translator.egg-info/requires.txt
[2.631s] writing top-level names to ../build/angle_translator/angle_translator.egg-info/top_level.txt
[2.633s] reading manifest file '../build/angle_translator/angle_translator.egg-info/SOURCES.txt'
[2.635s] writing manifest file '../build/angle_translator/angle_translator.egg-info/SOURCES.txt'
[2.636s] running build
[2.636s] running build_py
[2.636s] running install
[2.637s] running install_lib
[2.638s] running install_data
[2.638s] running install_egg_info
[2.640s] removing '/home/student/anro_24l/install/angle_translator/lib/python3.10/site-packages/angle_translator-0.0.0-py3.10.egg-info' (and everything under it)
[2.641s] Copying ../build/angle_translator/angle_translator.egg-info to /home/student/anro_24l/install/angle_translator/lib/python3.10/site-packages/angle_translator-0.0.0-py3.10.egg-info
[2.642s] running install_scripts
[2.669s] Installing angle_translator script to /home/student/anro_24l/install/angle_translator/lib/angle_translator
[2.669s] writing list of installed files to '/home/student/anro_24l/build/angle_translator/install.log'
[2.931s] Invoked command in '/home/student/anro_24l/angle_translator' returned '0': PYTHONPATH=/home/student/anro_24l/build/angle_translator/prefix_override:/home/student/anro_24l/install/angle_translator/lib/python3.10/site-packages:${PYTHONPATH} /usr/bin/python3 setup.py egg_info --egg-base ../build/angle_translator build --build-base /home/student/anro_24l/build/angle_translator/build install --record /home/student/anro_24l/build/angle_translator/install.log --single-version-externally-managed
