running egg_info
creating ../build/move_to_point/move_to_point.egg-info
writing ../build/move_to_point/move_to_point.egg-info/PKG-INFO
writing dependency_links to ../build/move_to_point/move_to_point.egg-info/dependency_links.txt
writing entry points to ../build/move_to_point/move_to_point.egg-info/entry_points.txt
writing requirements to ../build/move_to_point/move_to_point.egg-info/requires.txt
writing top-level names to ../build/move_to_point/move_to_point.egg-info/top_level.txt
writing manifest file '../build/move_to_point/move_to_point.egg-info/SOURCES.txt'
reading manifest file '../build/move_to_point/move_to_point.egg-info/SOURCES.txt'
writing manifest file '../build/move_to_point/move_to_point.egg-info/SOURCES.txt'
running build
running build_py
creating /home/student/anro_24l/build/move_to_point/build
creating /home/student/anro_24l/build/move_to_point/build/lib
creating /home/student/anro_24l/build/move_to_point/build/lib/move_to_point
copying move_to_point/move_to_point.py -> /home/student/anro_24l/build/move_to_point/build/lib/move_to_point
copying move_to_point/__init__.py -> /home/student/anro_24l/build/move_to_point/build/lib/move_to_point
running install
running install_lib
creating /home/student/anro_24l/install/move_to_point/lib/python3.10/site-packages/move_to_point
copying /home/student/anro_24l/build/move_to_point/build/lib/move_to_point/move_to_point.py -> /home/student/anro_24l/install/move_to_point/lib/python3.10/site-packages/move_to_point
copying /home/student/anro_24l/build/move_to_point/build/lib/move_to_point/__init__.py -> /home/student/anro_24l/install/move_to_point/lib/python3.10/site-packages/move_to_point
byte-compiling /home/student/anro_24l/install/move_to_point/lib/python3.10/site-packages/move_to_point/move_to_point.py to move_to_point.cpython-310.pyc
byte-compiling /home/student/anro_24l/install/move_to_point/lib/python3.10/site-packages/move_to_point/__init__.py to __init__.cpython-310.pyc
running install_data
creating /home/student/anro_24l/install/move_to_point/share/ament_index
creating /home/student/anro_24l/install/move_to_point/share/ament_index/resource_index
creating /home/student/anro_24l/install/move_to_point/share/ament_index/resource_index/packages
copying resource/move_to_point -> /home/student/anro_24l/install/move_to_point/share/ament_index/resource_index/packages
copying package.xml -> /home/student/anro_24l/install/move_to_point/share/move_to_point
running install_egg_info
Copying ../build/move_to_point/move_to_point.egg-info to /home/student/anro_24l/install/move_to_point/lib/python3.10/site-packages/move_to_point-0.0.0-py3.10.egg-info
running install_scripts
Installing move_to_point script to /home/student/anro_24l/install/move_to_point/lib/move_to_point
writing list of installed files to '/home/student/anro_24l/build/move_to_point/install.log'
