[2.306s] Invoking command in '/home/student/anro_24l/Move_To_Point': PYTHONPATH=/home/student/anro_24l/build/Move_To_Point/prefix_override:/home/student/anro_24l/install/Move_To_Point/lib/python3.10/site-packages:${PYTHONPATH} /usr/bin/python3 setup.py egg_info --egg-base ../build/Move_To_Point build --build-base /home/student/anro_24l/build/Move_To_Point/build install --record /home/student/anro_24l/build/Move_To_Point/install.log --single-version-externally-managed
[2.634s] running egg_info
[2.635s] writing ../build/Move_To_Point/Move_To_Point.egg-info/PKG-INFO
[2.635s] writing dependency_links to ../build/Move_To_Point/Move_To_Point.egg-info/dependency_links.txt
[2.636s] writing entry points to ../build/Move_To_Point/Move_To_Point.egg-info/entry_points.txt
[2.636s] writing requirements to ../build/Move_To_Point/Move_To_Point.egg-info/requires.txt
[2.636s] writing top-level names to ../build/Move_To_Point/Move_To_Point.egg-info/top_level.txt
[2.638s] reading manifest file '../build/Move_To_Point/Move_To_Point.egg-info/SOURCES.txt'
[2.639s] writing manifest file '../build/Move_To_Point/Move_To_Point.egg-info/SOURCES.txt'
[2.639s] running build
[2.639s] running build_py
[2.639s] running install
[2.640s] running install_lib
[2.641s] running install_data
[2.642s] running install_egg_info
[2.644s] removing '/home/student/anro_24l/install/Move_To_Point/lib/python3.10/site-packages/Move_To_Point-0.0.0-py3.10.egg-info' (and everything under it)
[2.644s] Copying ../build/Move_To_Point/Move_To_Point.egg-info to /home/student/anro_24l/install/Move_To_Point/lib/python3.10/site-packages/Move_To_Point-0.0.0-py3.10.egg-info
[2.645s] running install_scripts
[2.672s] Installing Move_To_Point script to /home/student/anro_24l/install/Move_To_Point/lib/Move_To_Point
[2.672s] writing list of installed files to '/home/student/anro_24l/build/Move_To_Point/install.log'
[2.835s] Invoked command in '/home/student/anro_24l/Move_To_Point' returned '0': PYTHONPATH=/home/student/anro_24l/build/Move_To_Point/prefix_override:/home/student/anro_24l/install/Move_To_Point/lib/python3.10/site-packages:${PYTHONPATH} /usr/bin/python3 setup.py egg_info --egg-base ../build/Move_To_Point build --build-base /home/student/anro_24l/build/Move_To_Point/build install --record /home/student/anro_24l/build/Move_To_Point/install.log --single-version-externally-managed
