[1.320s] Invoking command in '/home/student/anro_24l/forward_kin': PYTHONPATH=/home/student/anro_24l/build/forward_kin/prefix_override:/home/student/anro_24l/install/forward_kin/lib/python3.10/site-packages: /usr/bin/python3 setup.py egg_info --egg-base ../build/forward_kin build --build-base /home/student/anro_24l/build/forward_kin/build install --record /home/student/anro_24l/build/forward_kin/install.log --single-version-externally-managed
[1.531s] running egg_info
[1.531s] writing ../build/forward_kin/forward_kin.egg-info/PKG-INFO
[1.531s] writing dependency_links to ../build/forward_kin/forward_kin.egg-info/dependency_links.txt
[1.531s] writing entry points to ../build/forward_kin/forward_kin.egg-info/entry_points.txt
[1.532s] writing requirements to ../build/forward_kin/forward_kin.egg-info/requires.txt
[1.533s] writing top-level names to ../build/forward_kin/forward_kin.egg-info/top_level.txt
[1.536s] reading manifest file '../build/forward_kin/forward_kin.egg-info/SOURCES.txt'
[1.537s] writing manifest file '../build/forward_kin/forward_kin.egg-info/SOURCES.txt'
[1.538s] running build
[1.538s] running build_py
[1.538s] running install
[1.539s] running install_lib
[1.546s] running install_data
[1.547s] running install_egg_info
[1.553s] removing '/home/student/anro_24l/install/forward_kin/lib/python3.10/site-packages/forward_kin-0.0.0-py3.10.egg-info' (and everything under it)
[1.553s] Copying ../build/forward_kin/forward_kin.egg-info to /home/student/anro_24l/install/forward_kin/lib/python3.10/site-packages/forward_kin-0.0.0-py3.10.egg-info
[1.554s] running install_scripts
[1.586s] Installing forward_kin script to /home/student/anro_24l/install/forward_kin/lib/forward_kin
[1.587s] writing list of installed files to '/home/student/anro_24l/build/forward_kin/install.log'
[1.691s] Invoked command in '/home/student/anro_24l/forward_kin' returned '0': PYTHONPATH=/home/student/anro_24l/build/forward_kin/prefix_override:/home/student/anro_24l/install/forward_kin/lib/python3.10/site-packages: /usr/bin/python3 setup.py egg_info --egg-base ../build/forward_kin build --build-base /home/student/anro_24l/build/forward_kin/build install --record /home/student/anro_24l/build/forward_kin/install.log --single-version-externally-managed
