[1.388s] Invoking command in '/home/student/anro_24l/ForwardKin': PYTHONPATH=/home/student/anro_24l/build/ForwardKin/prefix_override:/home/student/anro_24l/install/ForwardKin/lib/python3.10/site-packages: /usr/bin/python3 setup.py egg_info --egg-base ../build/ForwardKin build --build-base /home/student/anro_24l/build/ForwardKin/build install --record /home/student/anro_24l/build/ForwardKin/install.log --single-version-externally-managed
[1.593s] running egg_info
[1.594s] creating ../build/ForwardKin/ForwardKin.egg-info
[1.594s] writing ../build/ForwardKin/ForwardKin.egg-info/PKG-INFO
[1.594s] writing dependency_links to ../build/ForwardKin/ForwardKin.egg-info/dependency_links.txt
[1.594s] writing entry points to ../build/ForwardKin/ForwardKin.egg-info/entry_points.txt
[1.595s] writing requirements to ../build/ForwardKin/ForwardKin.egg-info/requires.txt
[1.595s] writing top-level names to ../build/ForwardKin/ForwardKin.egg-info/top_level.txt
[1.595s] writing manifest file '../build/ForwardKin/ForwardKin.egg-info/SOURCES.txt'
[1.597s] reading manifest file '../build/ForwardKin/ForwardKin.egg-info/SOURCES.txt'
[1.597s] adding license file 'LICENSE'
[1.598s] writing manifest file '../build/ForwardKin/ForwardKin.egg-info/SOURCES.txt'
[1.598s] running build
[1.598s] running build_py
[1.599s] creating /home/student/anro_24l/build/ForwardKin/build
[1.599s] creating /home/student/anro_24l/build/ForwardKin/build/lib
[1.599s] creating /home/student/anro_24l/build/ForwardKin/build/lib/ForwardKin
[1.599s] copying ForwardKin/ForwardKin.py -> /home/student/anro_24l/build/ForwardKin/build/lib/ForwardKin
[1.599s] copying ForwardKin/tests.py -> /home/student/anro_24l/build/ForwardKin/build/lib/ForwardKin
[1.599s] copying ForwardKin/__init__.py -> /home/student/anro_24l/build/ForwardKin/build/lib/ForwardKin
[1.599s] running install
[1.599s] running install_lib
[1.600s] creating /home/student/anro_24l/install/ForwardKin/lib/python3.10/site-packages/ForwardKin
[1.600s] copying /home/student/anro_24l/build/ForwardKin/build/lib/ForwardKin/ForwardKin.py -> /home/student/anro_24l/install/ForwardKin/lib/python3.10/site-packages/ForwardKin
[1.601s] copying /home/student/anro_24l/build/ForwardKin/build/lib/ForwardKin/tests.py -> /home/student/anro_24l/install/ForwardKin/lib/python3.10/site-packages/ForwardKin
[1.601s] copying /home/student/anro_24l/build/ForwardKin/build/lib/ForwardKin/__init__.py -> /home/student/anro_24l/install/ForwardKin/lib/python3.10/site-packages/ForwardKin
[1.601s] byte-compiling /home/student/anro_24l/install/ForwardKin/lib/python3.10/site-packages/ForwardKin/ForwardKin.py to ForwardKin.cpython-310.pyc
[1.602s] byte-compiling /home/student/anro_24l/install/ForwardKin/lib/python3.10/site-packages/ForwardKin/tests.py to tests.cpython-310.pyc
[1.603s] byte-compiling /home/student/anro_24l/install/ForwardKin/lib/python3.10/site-packages/ForwardKin/__init__.py to __init__.cpython-310.pyc
[1.603s] running install_data
[1.604s] creating /home/student/anro_24l/install/ForwardKin/share/ament_index
[1.604s] creating /home/student/anro_24l/install/ForwardKin/share/ament_index/resource_index
[1.604s] creating /home/student/anro_24l/install/ForwardKin/share/ament_index/resource_index/packages
[1.604s] copying resource/ForwardKin -> /home/student/anro_24l/install/ForwardKin/share/ament_index/resource_index/packages
[1.604s] copying package.xml -> /home/student/anro_24l/install/ForwardKin/share/ForwardKin
[1.604s] running install_egg_info
[1.606s] Copying ../build/ForwardKin/ForwardKin.egg-info to /home/student/anro_24l/install/ForwardKin/lib/python3.10/site-packages/ForwardKin-0.0.0-py3.10.egg-info
[1.607s] running install_scripts
[1.630s] Installing ForwardKin script to /home/student/anro_24l/install/ForwardKin/lib/ForwardKin
[1.630s] writing list of installed files to '/home/student/anro_24l/build/ForwardKin/install.log'
[1.759s] Invoked command in '/home/student/anro_24l/ForwardKin' returned '0': PYTHONPATH=/home/student/anro_24l/build/ForwardKin/prefix_override:/home/student/anro_24l/install/ForwardKin/lib/python3.10/site-packages: /usr/bin/python3 setup.py egg_info --egg-base ../build/ForwardKin build --build-base /home/student/anro_24l/build/ForwardKin/build install --record /home/student/anro_24l/build/ForwardKin/install.log --single-version-externally-managed
