[1.368s] Invoking command in '/home/student/anro_24l/Move_To_Point': PYTHONPATH=/home/student/anro_24l/build/Move_To_Point/prefix_override:/home/student/anro_24l/install/Move_To_Point/lib/python3.10/site-packages: /usr/bin/python3 setup.py egg_info --egg-base ../build/Move_To_Point build --build-base /home/student/anro_24l/build/Move_To_Point/build install --record /home/student/anro_24l/build/Move_To_Point/install.log --single-version-externally-managed
[1.594s] running egg_info
[1.595s] writing ../build/Move_To_Point/Move_To_Point.egg-info/PKG-INFO
[1.595s] writing dependency_links to ../build/Move_To_Point/Move_To_Point.egg-info/dependency_links.txt
[1.596s] writing entry points to ../build/Move_To_Point/Move_To_Point.egg-info/entry_points.txt
[1.596s] writing requirements to ../build/Move_To_Point/Move_To_Point.egg-info/requires.txt
[1.596s] writing top-level names to ../build/Move_To_Point/Move_To_Point.egg-info/top_level.txt
[1.597s] reading manifest file '../build/Move_To_Point/Move_To_Point.egg-info/SOURCES.txt'
[1.598s] writing manifest file '../build/Move_To_Point/Move_To_Point.egg-info/SOURCES.txt'
[1.598s] running build
[1.598s] running build_py
[1.598s] running install
[1.599s] running install_lib
[1.599s] running install_data
[1.600s] running install_egg_info
[1.602s] removing '/home/student/anro_24l/install/Move_To_Point/lib/python3.10/site-packages/Move_To_Point-0.0.0-py3.10.egg-info' (and everything under it)
[1.602s] Copying ../build/Move_To_Point/Move_To_Point.egg-info to /home/student/anro_24l/install/Move_To_Point/lib/python3.10/site-packages/Move_To_Point-0.0.0-py3.10.egg-info
[1.603s] running install_scripts
[1.627s] Installing Move_To_Point script to /home/student/anro_24l/install/Move_To_Point/lib/Move_To_Point
[1.628s] writing list of installed files to '/home/student/anro_24l/build/Move_To_Point/install.log'
[1.715s] Invoked command in '/home/student/anro_24l/Move_To_Point' returned '0': PYTHONPATH=/home/student/anro_24l/build/Move_To_Point/prefix_override:/home/student/anro_24l/install/Move_To_Point/lib/python3.10/site-packages: /usr/bin/python3 setup.py egg_info --egg-base ../build/Move_To_Point build --build-base /home/student/anro_24l/build/Move_To_Point/build install --record /home/student/anro_24l/build/Move_To_Point/install.log --single-version-externally-managed
