[2.059s] Invoking command in '/home/student/anro_ws/src/prd1': PYTHONPATH=/home/student/anro_ws/src/build/prd1/prefix_override:/home/student/anro_ws/src/install/prd1/lib/python3.10/site-packages:${PYTHONPATH} /usr/bin/python3 setup.py egg_info --egg-base ../build/prd1 build --build-base /home/student/anro_ws/src/build/prd1/build install --record /home/student/anro_ws/src/build/prd1/install.log --single-version-externally-managed
[2.362s] running egg_info
[2.364s] writing ../build/prd1/prd1.egg-info/PKG-INFO
[2.365s] writing dependency_links to ../build/prd1/prd1.egg-info/dependency_links.txt
[2.365s] writing entry points to ../build/prd1/prd1.egg-info/entry_points.txt
[2.365s] writing requirements to ../build/prd1/prd1.egg-info/requires.txt
[2.365s] writing top-level names to ../build/prd1/prd1.egg-info/top_level.txt
[2.368s] reading manifest file '../build/prd1/prd1.egg-info/SOURCES.txt'
[2.369s] writing manifest file '../build/prd1/prd1.egg-info/SOURCES.txt'
[2.370s] running build
[2.370s] running build_py
[2.370s] running install
[2.371s] running install_lib
[2.373s] running install_data
[2.374s] running install_egg_info
[2.376s] removing '/home/student/anro_ws/src/install/prd1/lib/python3.10/site-packages/prd1-0.0.0-py3.10.egg-info' (and everything under it)
[2.377s] Copying ../build/prd1/prd1.egg-info to /home/student/anro_ws/src/install/prd1/lib/python3.10/site-packages/prd1-0.0.0-py3.10.egg-info
[2.378s] running install_scripts
[2.404s] Installing skz script to /home/student/anro_ws/src/install/prd1/lib/prd1
[2.405s] writing list of installed files to '/home/student/anro_ws/src/build/prd1/install.log'
[2.522s] Invoked command in '/home/student/anro_ws/src/prd1' returned '0': PYTHONPATH=/home/student/anro_ws/src/build/prd1/prefix_override:/home/student/anro_ws/src/install/prd1/lib/python3.10/site-packages:${PYTHONPATH} /usr/bin/python3 setup.py egg_info --egg-base ../build/prd1 build --build-base /home/student/anro_ws/src/build/prd1/build install --record /home/student/anro_ws/src/build/prd1/install.log --single-version-externally-managed
