[0.607s] DEBUG:colcon:Command line arguments: ['/usr/bin/colcon', 'build']
[0.607s] DEBUG:colcon:Parsed command line arguments: Namespace(log_base=None, log_level=None, verb_name='build', build_base='build', install_base='install', merge_install=False, symlink_install=False, test_result_base=None, continue_on_error=False, executor='parallel', parallel_workers=4, event_handlers=None, ignore_user_meta=False, metas=['./colcon.meta'], base_paths=['.'], packages_ignore=None, packages_ignore_regex=None, paths=None, packages_up_to=None, packages_up_to_regex=None, packages_above=None, packages_above_and_dependencies=None, packages_above_depth=None, packages_select_by_dep=None, packages_skip_by_dep=None, packages_skip_up_to=None, packages_select_build_failed=False, packages_skip_build_finished=False, packages_select_test_failures=False, packages_skip_test_passed=False, packages_select=None, packages_skip=None, packages_select_regex=None, packages_skip_regex=None, packages_start=None, packages_end=None, allow_overriding=[], cmake_args=None, cmake_target=None, cmake_target_skip_unavailable=False, cmake_clean_cache=False, cmake_clean_first=False, cmake_force_configure=False, ament_cmake_args=None, catkin_cmake_args=None, catkin_skip_building_tests=False, verb_parser=<colcon_defaults.argument_parser.defaults.DefaultArgumentsDecorator object at 0x7a99377f5c60>, verb_extension=<colcon_core.verb.build.BuildVerb object at 0x7a99377f7160>, main=<bound method BuildVerb.main of <colcon_core.verb.build.BuildVerb object at 0x7a99377f7160>>)
[0.638s] Level 1:colcon.colcon_core.package_discovery:discover_packages(colcon_meta) check parameters
[0.638s] Level 1:colcon.colcon_core.package_discovery:discover_packages(recursive) check parameters
[0.638s] Level 1:colcon.colcon_core.package_discovery:discover_packages(ignore) check parameters
[0.638s] Level 1:colcon.colcon_core.package_discovery:discover_packages(path) check parameters
[0.638s] Level 1:colcon.colcon_core.package_discovery:discover_packages(colcon_meta) discover
[0.638s] Level 1:colcon.colcon_core.package_discovery:discover_packages(recursive) discover
[0.638s] INFO:colcon.colcon_core.package_discovery:Crawling recursively for packages in '/home/student/anro_24l'
[0.639s] Level 1:colcon.colcon_core.package_identification:_identify(.) by extensions ['ignore', 'ignore_ament_install']
[0.639s] Level 1:colcon.colcon_core.package_identification:_identify(.) by extension 'ignore'
[0.639s] Level 1:colcon.colcon_core.package_identification:_identify(.) by extension 'ignore_ament_install'
[0.639s] Level 1:colcon.colcon_core.package_identification:_identify(.) by extensions ['colcon_pkg']
[0.639s] Level 1:colcon.colcon_core.package_identification:_identify(.) by extension 'colcon_pkg'
[0.639s] Level 1:colcon.colcon_core.package_identification:_identify(.) by extensions ['colcon_meta']
[0.639s] Level 1:colcon.colcon_core.package_identification:_identify(.) by extension 'colcon_meta'
[0.639s] Level 1:colcon.colcon_core.package_identification:_identify(.) by extensions ['ros']
[0.639s] Level 1:colcon.colcon_core.package_identification:_identify(.) by extension 'ros'
[0.649s] Level 1:colcon.colcon_core.package_identification:_identify(.) by extensions ['cmake', 'python']
[0.650s] Level 1:colcon.colcon_core.package_identification:_identify(.) by extension 'cmake'
[0.650s] Level 1:colcon.colcon_core.package_identification:_identify(.) by extension 'python'
[0.650s] Level 1:colcon.colcon_core.package_identification:_identify(.) by extensions ['python_setup_py']
[0.650s] Level 1:colcon.colcon_core.package_identification:_identify(.) by extension 'python_setup_py'
[0.650s] Level 1:colcon.colcon_core.package_identification:_identify(Move_To_Point) by extensions ['ignore', 'ignore_ament_install']
[0.650s] Level 1:colcon.colcon_core.package_identification:_identify(Move_To_Point) by extension 'ignore'
[0.650s] Level 1:colcon.colcon_core.package_identification:_identify(Move_To_Point) by extension 'ignore_ament_install'
[0.650s] Level 1:colcon.colcon_core.package_identification:_identify(Move_To_Point) by extensions ['colcon_pkg']
[0.650s] Level 1:colcon.colcon_core.package_identification:_identify(Move_To_Point) by extension 'colcon_pkg'
[0.650s] Level 1:colcon.colcon_core.package_identification:_identify(Move_To_Point) by extensions ['colcon_meta']
[0.650s] Level 1:colcon.colcon_core.package_identification:_identify(Move_To_Point) by extension 'colcon_meta'
[0.650s] Level 1:colcon.colcon_core.package_identification:_identify(Move_To_Point) by extensions ['ros']
[0.650s] Level 1:colcon.colcon_core.package_identification:_identify(Move_To_Point) by extension 'ros'
[0.652s] DEBUG:colcon.colcon_core.package_identification:Package 'Move_To_Point' with type 'ros.ament_python' and name 'Move_To_Point'
[0.653s] Level 1:colcon.colcon_core.package_identification:_identify(angle_translator) by extensions ['ignore', 'ignore_ament_install']
[0.653s] Level 1:colcon.colcon_core.package_identification:_identify(angle_translator) by extension 'ignore'
[0.653s] Level 1:colcon.colcon_core.package_identification:_identify(angle_translator) by extension 'ignore_ament_install'
[0.653s] Level 1:colcon.colcon_core.package_identification:_identify(angle_translator) by extensions ['colcon_pkg']
[0.653s] Level 1:colcon.colcon_core.package_identification:_identify(angle_translator) by extension 'colcon_pkg'
[0.653s] Level 1:colcon.colcon_core.package_identification:_identify(angle_translator) by extensions ['colcon_meta']
[0.653s] Level 1:colcon.colcon_core.package_identification:_identify(angle_translator) by extension 'colcon_meta'
[0.653s] Level 1:colcon.colcon_core.package_identification:_identify(angle_translator) by extensions ['ros']
[0.653s] Level 1:colcon.colcon_core.package_identification:_identify(angle_translator) by extension 'ros'
[0.653s] DEBUG:colcon.colcon_core.package_identification:Package 'angle_translator' with type 'ros.ament_python' and name 'angle_translator'
[0.654s] Level 1:colcon.colcon_core.package_identification:_identify(build) by extensions ['ignore', 'ignore_ament_install']
[0.654s] Level 1:colcon.colcon_core.package_identification:_identify(build) by extension 'ignore'
[0.654s] Level 1:colcon.colcon_core.package_identification:_identify(build) ignored
[0.654s] Level 1:colcon.colcon_core.package_identification:_identify(forward_kin) by extensions ['ignore', 'ignore_ament_install']
[0.654s] Level 1:colcon.colcon_core.package_identification:_identify(forward_kin) by extension 'ignore'
[0.654s] Level 1:colcon.colcon_core.package_identification:_identify(forward_kin) by extension 'ignore_ament_install'
[0.654s] Level 1:colcon.colcon_core.package_identification:_identify(forward_kin) by extensions ['colcon_pkg']
[0.654s] Level 1:colcon.colcon_core.package_identification:_identify(forward_kin) by extension 'colcon_pkg'
[0.654s] Level 1:colcon.colcon_core.package_identification:_identify(forward_kin) by extensions ['colcon_meta']
[0.654s] Level 1:colcon.colcon_core.package_identification:_identify(forward_kin) by extension 'colcon_meta'
[0.654s] Level 1:colcon.colcon_core.package_identification:_identify(forward_kin) by extensions ['ros']
[0.654s] Level 1:colcon.colcon_core.package_identification:_identify(forward_kin) by extension 'ros'
[0.655s] DEBUG:colcon.colcon_core.package_identification:Package 'forward_kin' with type 'ros.ament_python' and name 'forward_kin'
[0.655s] Level 1:colcon.colcon_core.package_identification:_identify(install) by extensions ['ignore', 'ignore_ament_install']
[0.655s] Level 1:colcon.colcon_core.package_identification:_identify(install) by extension 'ignore'
[0.655s] Level 1:colcon.colcon_core.package_identification:_identify(install) ignored
[0.655s] Level 1:colcon.colcon_core.package_identification:_identify(inverse_kin) by extensions ['ignore', 'ignore_ament_install']
[0.655s] Level 1:colcon.colcon_core.package_identification:_identify(inverse_kin) by extension 'ignore'
[0.655s] Level 1:colcon.colcon_core.package_identification:_identify(inverse_kin) by extension 'ignore_ament_install'
[0.655s] Level 1:colcon.colcon_core.package_identification:_identify(inverse_kin) by extensions ['colcon_pkg']
[0.656s] Level 1:colcon.colcon_core.package_identification:_identify(inverse_kin) by extension 'colcon_pkg'
[0.656s] Level 1:colcon.colcon_core.package_identification:_identify(inverse_kin) by extensions ['colcon_meta']
[0.656s] Level 1:colcon.colcon_core.package_identification:_identify(inverse_kin) by extension 'colcon_meta'
[0.656s] Level 1:colcon.colcon_core.package_identification:_identify(inverse_kin) by extensions ['ros']
[0.656s] Level 1:colcon.colcon_core.package_identification:_identify(inverse_kin) by extension 'ros'
[0.656s] DEBUG:colcon.colcon_core.package_identification:Package 'inverse_kin' with type 'ros.ament_python' and name 'inverse_kin'
[0.656s] Level 1:colcon.colcon_core.package_identification:_identify(joint_state_publisher) by extensions ['ignore', 'ignore_ament_install']
[0.656s] Level 1:colcon.colcon_core.package_identification:_identify(joint_state_publisher) by extension 'ignore'
[0.656s] Level 1:colcon.colcon_core.package_identification:_identify(joint_state_publisher) by extension 'ignore_ament_install'
[0.656s] Level 1:colcon.colcon_core.package_identification:_identify(joint_state_publisher) by extensions ['colcon_pkg']
[0.656s] Level 1:colcon.colcon_core.package_identification:_identify(joint_state_publisher) by extension 'colcon_pkg'
[0.657s] Level 1:colcon.colcon_core.package_identification:_identify(joint_state_publisher) by extensions ['colcon_meta']
[0.657s] Level 1:colcon.colcon_core.package_identification:_identify(joint_state_publisher) by extension 'colcon_meta'
[0.657s] Level 1:colcon.colcon_core.package_identification:_identify(joint_state_publisher) by extensions ['ros']
[0.657s] Level 1:colcon.colcon_core.package_identification:_identify(joint_state_publisher) by extension 'ros'
[0.657s] Level 1:colcon.colcon_core.package_identification:_identify(joint_state_publisher) by extensions ['cmake', 'python']
[0.657s] Level 1:colcon.colcon_core.package_identification:_identify(joint_state_publisher) by extension 'cmake'
[0.657s] Level 1:colcon.colcon_core.package_identification:_identify(joint_state_publisher) by extension 'python'
[0.657s] Level 1:colcon.colcon_core.package_identification:_identify(joint_state_publisher) by extensions ['python_setup_py']
[0.657s] Level 1:colcon.colcon_core.package_identification:_identify(joint_state_publisher) by extension 'python_setup_py'
[0.657s] Level 1:colcon.colcon_core.package_identification:_identify(joint_state_publisher/joint_state_publisher) by extensions ['ignore', 'ignore_ament_install']
[0.657s] Level 1:colcon.colcon_core.package_identification:_identify(joint_state_publisher/joint_state_publisher) by extension 'ignore'
[0.657s] Level 1:colcon.colcon_core.package_identification:_identify(joint_state_publisher/joint_state_publisher) by extension 'ignore_ament_install'
[0.657s] Level 1:colcon.colcon_core.package_identification:_identify(joint_state_publisher/joint_state_publisher) by extensions ['colcon_pkg']
[0.657s] Level 1:colcon.colcon_core.package_identification:_identify(joint_state_publisher/joint_state_publisher) by extension 'colcon_pkg'
[0.657s] Level 1:colcon.colcon_core.package_identification:_identify(joint_state_publisher/joint_state_publisher) by extensions ['colcon_meta']
[0.657s] Level 1:colcon.colcon_core.package_identification:_identify(joint_state_publisher/joint_state_publisher) by extension 'colcon_meta'
[0.657s] Level 1:colcon.colcon_core.package_identification:_identify(joint_state_publisher/joint_state_publisher) by extensions ['ros']
[0.657s] Level 1:colcon.colcon_core.package_identification:_identify(joint_state_publisher/joint_state_publisher) by extension 'ros'
[0.658s] DEBUG:colcon.colcon_core.package_identification:Package 'joint_state_publisher/joint_state_publisher' with type 'ros.ament_python' and name 'joint_state_publisher'
[0.658s] Level 1:colcon.colcon_core.package_identification:_identify(joint_state_publisher/joint_state_publisher_gui) by extensions ['ignore', 'ignore_ament_install']
[0.658s] Level 1:colcon.colcon_core.package_identification:_identify(joint_state_publisher/joint_state_publisher_gui) by extension 'ignore'
[0.658s] Level 1:colcon.colcon_core.package_identification:_identify(joint_state_publisher/joint_state_publisher_gui) by extension 'ignore_ament_install'
[0.658s] Level 1:colcon.colcon_core.package_identification:_identify(joint_state_publisher/joint_state_publisher_gui) by extensions ['colcon_pkg']
[0.658s] Level 1:colcon.colcon_core.package_identification:_identify(joint_state_publisher/joint_state_publisher_gui) by extension 'colcon_pkg'
[0.658s] Level 1:colcon.colcon_core.package_identification:_identify(joint_state_publisher/joint_state_publisher_gui) by extensions ['colcon_meta']
[0.658s] Level 1:colcon.colcon_core.package_identification:_identify(joint_state_publisher/joint_state_publisher_gui) by extension 'colcon_meta'
[0.658s] Level 1:colcon.colcon_core.package_identification:_identify(joint_state_publisher/joint_state_publisher_gui) by extensions ['ros']
[0.658s] Level 1:colcon.colcon_core.package_identification:_identify(joint_state_publisher/joint_state_publisher_gui) by extension 'ros'
[0.659s] DEBUG:colcon.colcon_core.package_identification:Package 'joint_state_publisher/joint_state_publisher_gui' with type 'ros.ament_python' and name 'joint_state_publisher_gui'
[0.659s] Level 1:colcon.colcon_core.package_identification:_identify(lab2) by extensions ['ignore', 'ignore_ament_install']
[0.659s] Level 1:colcon.colcon_core.package_identification:_identify(lab2) by extension 'ignore'
[0.659s] Level 1:colcon.colcon_core.package_identification:_identify(lab2) by extension 'ignore_ament_install'
[0.659s] Level 1:colcon.colcon_core.package_identification:_identify(lab2) by extensions ['colcon_pkg']
[0.659s] Level 1:colcon.colcon_core.package_identification:_identify(lab2) by extension 'colcon_pkg'
[0.659s] Level 1:colcon.colcon_core.package_identification:_identify(lab2) by extensions ['colcon_meta']
[0.659s] Level 1:colcon.colcon_core.package_identification:_identify(lab2) by extension 'colcon_meta'
[0.659s] Level 1:colcon.colcon_core.package_identification:_identify(lab2) by extensions ['ros']
[0.659s] Level 1:colcon.colcon_core.package_identification:_identify(lab2) by extension 'ros'
[0.660s] DEBUG:colcon.colcon_core.package_identification:Package 'lab2' with type 'ros.ament_python' and name 'lab2'
[0.660s] Level 1:colcon.colcon_core.package_identification:_identify(log) by extensions ['ignore', 'ignore_ament_install']
[0.660s] Level 1:colcon.colcon_core.package_identification:_identify(log) by extension 'ignore'
[0.660s] Level 1:colcon.colcon_core.package_identification:_identify(log) ignored
[0.660s] Level 1:colcon.colcon_core.package_identification:_identify(meROS) by extensions ['ignore', 'ignore_ament_install']
[0.660s] Level 1:colcon.colcon_core.package_identification:_identify(meROS) by extension 'ignore'
[0.660s] Level 1:colcon.colcon_core.package_identification:_identify(meROS) by extension 'ignore_ament_install'
[0.660s] Level 1:colcon.colcon_core.package_identification:_identify(meROS) by extensions ['colcon_pkg']
[0.661s] Level 1:colcon.colcon_core.package_identification:_identify(meROS) by extension 'colcon_pkg'
[0.661s] Level 1:colcon.colcon_core.package_identification:_identify(meROS) by extensions ['colcon_meta']
[0.661s] Level 1:colcon.colcon_core.package_identification:_identify(meROS) by extension 'colcon_meta'
[0.661s] Level 1:colcon.colcon_core.package_identification:_identify(meROS) by extensions ['ros']
[0.661s] Level 1:colcon.colcon_core.package_identification:_identify(meROS) by extension 'ros'
[0.661s] Level 1:colcon.colcon_core.package_identification:_identify(meROS) by extensions ['cmake', 'python']
[0.661s] Level 1:colcon.colcon_core.package_identification:_identify(meROS) by extension 'cmake'
[0.661s] Level 1:colcon.colcon_core.package_identification:_identify(meROS) by extension 'python'
[0.661s] Level 1:colcon.colcon_core.package_identification:_identify(meROS) by extensions ['python_setup_py']
[0.661s] Level 1:colcon.colcon_core.package_identification:_identify(meROS) by extension 'python_setup_py'
[0.661s] Level 1:colcon.colcon_core.package_identification:_identify(prd1) by extensions ['ignore', 'ignore_ament_install']
[0.661s] Level 1:colcon.colcon_core.package_identification:_identify(prd1) by extension 'ignore'
[0.661s] Level 1:colcon.colcon_core.package_identification:_identify(prd1) by extension 'ignore_ament_install'
[0.661s] Level 1:colcon.colcon_core.package_identification:_identify(prd1) by extensions ['colcon_pkg']
[0.661s] Level 1:colcon.colcon_core.package_identification:_identify(prd1) by extension 'colcon_pkg'
[0.661s] Level 1:colcon.colcon_core.package_identification:_identify(prd1) by extensions ['colcon_meta']
[0.661s] Level 1:colcon.colcon_core.package_identification:_identify(prd1) by extension 'colcon_meta'
[0.661s] Level 1:colcon.colcon_core.package_identification:_identify(prd1) by extensions ['ros']
[0.661s] Level 1:colcon.colcon_core.package_identification:_identify(prd1) by extension 'ros'
[0.662s] DEBUG:colcon.colcon_core.package_identification:Package 'prd1' with type 'ros.ament_python' and name 'prd1'
[0.662s] Level 1:colcon.colcon_core.package_identification:_identify(urdf_launch) by extensions ['ignore', 'ignore_ament_install']
[0.662s] Level 1:colcon.colcon_core.package_identification:_identify(urdf_launch) by extension 'ignore'
[0.662s] Level 1:colcon.colcon_core.package_identification:_identify(urdf_launch) by extension 'ignore_ament_install'
[0.662s] Level 1:colcon.colcon_core.package_identification:_identify(urdf_launch) by extensions ['colcon_pkg']
[0.662s] Level 1:colcon.colcon_core.package_identification:_identify(urdf_launch) by extension 'colcon_pkg'
[0.662s] Level 1:colcon.colcon_core.package_identification:_identify(urdf_launch) by extensions ['colcon_meta']
[0.662s] Level 1:colcon.colcon_core.package_identification:_identify(urdf_launch) by extension 'colcon_meta'
[0.662s] Level 1:colcon.colcon_core.package_identification:_identify(urdf_launch) by extensions ['ros']
[0.663s] Level 1:colcon.colcon_core.package_identification:_identify(urdf_launch) by extension 'ros'
[0.663s] DEBUG:colcon.colcon_core.package_identification:Package 'urdf_launch' with type 'ros.ament_cmake' and name 'urdf_launch'
[0.663s] Level 1:colcon.colcon_core.package_identification:_identify(urdf_tutorial) by extensions ['ignore', 'ignore_ament_install']
[0.663s] Level 1:colcon.colcon_core.package_identification:_identify(urdf_tutorial) by extension 'ignore'
[0.664s] Level 1:colcon.colcon_core.package_identification:_identify(urdf_tutorial) by extension 'ignore_ament_install'
[0.664s] Level 1:colcon.colcon_core.package_identification:_identify(urdf_tutorial) by extensions ['colcon_pkg']
[0.664s] Level 1:colcon.colcon_core.package_identification:_identify(urdf_tutorial) by extension 'colcon_pkg'
[0.664s] Level 1:colcon.colcon_core.package_identification:_identify(urdf_tutorial) by extensions ['colcon_meta']
[0.664s] Level 1:colcon.colcon_core.package_identification:_identify(urdf_tutorial) by extension 'colcon_meta'
[0.664s] Level 1:colcon.colcon_core.package_identification:_identify(urdf_tutorial) by extensions ['ros']
[0.664s] Level 1:colcon.colcon_core.package_identification:_identify(urdf_tutorial) by extension 'ros'
[0.664s] DEBUG:colcon.colcon_core.package_identification:Package 'urdf_tutorial' with type 'ros.ament_cmake' and name 'urdf_tutorial'
[0.664s] Level 1:colcon.colcon_core.package_discovery:discover_packages(recursive) using defaults
[0.664s] Level 1:colcon.colcon_core.package_discovery:discover_packages(ignore) discover
[0.664s] Level 1:colcon.colcon_core.package_discovery:discover_packages(ignore) using defaults
[0.664s] Level 1:colcon.colcon_core.package_discovery:discover_packages(path) discover
[0.664s] Level 1:colcon.colcon_core.package_discovery:discover_packages(path) using defaults
[0.724s] Level 1:colcon.colcon_core.package_discovery:discover_packages(prefix_path) check parameters
[0.724s] Level 1:colcon.colcon_core.package_discovery:discover_packages(prefix_path) discover
[0.732s] Level 1:colcon.colcon_core.package_discovery:discover_packages(prefix_path) using defaults
[0.748s] Level 5:colcon.colcon_core.verb:set package 'Move_To_Point' build argument 'cmake_args' from command line to 'None'
[0.748s] Level 5:colcon.colcon_core.verb:set package 'Move_To_Point' build argument 'cmake_target' from command line to 'None'
[0.748s] Level 5:colcon.colcon_core.verb:set package 'Move_To_Point' build argument 'cmake_target_skip_unavailable' from command line to 'False'
[0.748s] Level 5:colcon.colcon_core.verb:set package 'Move_To_Point' build argument 'cmake_clean_cache' from command line to 'False'
[0.748s] Level 5:colcon.colcon_core.verb:set package 'Move_To_Point' build argument 'cmake_clean_first' from command line to 'False'
[0.748s] Level 5:colcon.colcon_core.verb:set package 'Move_To_Point' build argument 'cmake_force_configure' from command line to 'False'
[0.749s] Level 5:colcon.colcon_core.verb:set package 'Move_To_Point' build argument 'ament_cmake_args' from command line to 'None'
[0.749s] Level 5:colcon.colcon_core.verb:set package 'Move_To_Point' build argument 'catkin_cmake_args' from command line to 'None'
[0.749s] Level 5:colcon.colcon_core.verb:set package 'Move_To_Point' build argument 'catkin_skip_building_tests' from command line to 'False'
[0.749s] DEBUG:colcon.colcon_core.verb:Building package 'Move_To_Point' with the following arguments: {'ament_cmake_args': None, 'build_base': '/home/student/anro_24l/build/Move_To_Point', 'catkin_cmake_args': None, 'catkin_skip_building_tests': False, 'cmake_args': None, 'cmake_clean_cache': False, 'cmake_clean_first': False, 'cmake_force_configure': False, 'cmake_target': None, 'cmake_target_skip_unavailable': False, 'install_base': '/home/student/anro_24l/install/Move_To_Point', 'merge_install': False, 'path': '/home/student/anro_24l/Move_To_Point', 'symlink_install': False, 'test_result_base': None}
[0.756s] Level 5:colcon.colcon_core.verb:set package 'angle_translator' build argument 'cmake_args' from command line to 'None'
[0.756s] Level 5:colcon.colcon_core.verb:set package 'angle_translator' build argument 'cmake_target' from command line to 'None'
[0.757s] Level 5:colcon.colcon_core.verb:set package 'angle_translator' build argument 'cmake_target_skip_unavailable' from command line to 'False'
[0.757s] Level 5:colcon.colcon_core.verb:set package 'angle_translator' build argument 'cmake_clean_cache' from command line to 'False'
[0.757s] Level 5:colcon.colcon_core.verb:set package 'angle_translator' build argument 'cmake_clean_first' from command line to 'False'
[0.757s] Level 5:colcon.colcon_core.verb:set package 'angle_translator' build argument 'cmake_force_configure' from command line to 'False'
[0.757s] Level 5:colcon.colcon_core.verb:set package 'angle_translator' build argument 'ament_cmake_args' from command line to 'None'
[0.757s] Level 5:colcon.colcon_core.verb:set package 'angle_translator' build argument 'catkin_cmake_args' from command line to 'None'
[0.757s] Level 5:colcon.colcon_core.verb:set package 'angle_translator' build argument 'catkin_skip_building_tests' from command line to 'False'
[0.757s] DEBUG:colcon.colcon_core.verb:Building package 'angle_translator' with the following arguments: {'ament_cmake_args': None, 'build_base': '/home/student/anro_24l/build/angle_translator', 'catkin_cmake_args': None, 'catkin_skip_building_tests': False, 'cmake_args': None, 'cmake_clean_cache': False, 'cmake_clean_first': False, 'cmake_force_configure': False, 'cmake_target': None, 'cmake_target_skip_unavailable': False, 'install_base': '/home/student/anro_24l/install/angle_translator', 'merge_install': False, 'path': '/home/student/anro_24l/angle_translator', 'symlink_install': False, 'test_result_base': None}
[0.765s] Level 5:colcon.colcon_core.verb:set package 'forward_kin' build argument 'cmake_args' from command line to 'None'
[0.765s] Level 5:colcon.colcon_core.verb:set package 'forward_kin' build argument 'cmake_target' from command line to 'None'
[0.765s] Level 5:colcon.colcon_core.verb:set package 'forward_kin' build argument 'cmake_target_skip_unavailable' from command line to 'False'
[0.765s] Level 5:colcon.colcon_core.verb:set package 'forward_kin' build argument 'cmake_clean_cache' from command line to 'False'
[0.765s] Level 5:colcon.colcon_core.verb:set package 'forward_kin' build argument 'cmake_clean_first' from command line to 'False'
[0.765s] Level 5:colcon.colcon_core.verb:set package 'forward_kin' build argument 'cmake_force_configure' from command line to 'False'
[0.765s] Level 5:colcon.colcon_core.verb:set package 'forward_kin' build argument 'ament_cmake_args' from command line to 'None'
[0.765s] Level 5:colcon.colcon_core.verb:set package 'forward_kin' build argument 'catkin_cmake_args' from command line to 'None'
[0.765s] Level 5:colcon.colcon_core.verb:set package 'forward_kin' build argument 'catkin_skip_building_tests' from command line to 'False'
[0.765s] DEBUG:colcon.colcon_core.verb:Building package 'forward_kin' with the following arguments: {'ament_cmake_args': None, 'build_base': '/home/student/anro_24l/build/forward_kin', 'catkin_cmake_args': None, 'catkin_skip_building_tests': False, 'cmake_args': None, 'cmake_clean_cache': False, 'cmake_clean_first': False, 'cmake_force_configure': False, 'cmake_target': None, 'cmake_target_skip_unavailable': False, 'install_base': '/home/student/anro_24l/install/forward_kin', 'merge_install': False, 'path': '/home/student/anro_24l/forward_kin', 'symlink_install': False, 'test_result_base': None}
[0.773s] Level 5:colcon.colcon_core.verb:set package 'inverse_kin' build argument 'cmake_args' from command line to 'None'
[0.773s] Level 5:colcon.colcon_core.verb:set package 'inverse_kin' build argument 'cmake_target' from command line to 'None'
[0.773s] Level 5:colcon.colcon_core.verb:set package 'inverse_kin' build argument 'cmake_target_skip_unavailable' from command line to 'False'
[0.773s] Level 5:colcon.colcon_core.verb:set package 'inverse_kin' build argument 'cmake_clean_cache' from command line to 'False'
[0.773s] Level 5:colcon.colcon_core.verb:set package 'inverse_kin' build argument 'cmake_clean_first' from command line to 'False'
[0.773s] Level 5:colcon.colcon_core.verb:set package 'inverse_kin' build argument 'cmake_force_configure' from command line to 'False'
[0.773s] Level 5:colcon.colcon_core.verb:set package 'inverse_kin' build argument 'ament_cmake_args' from command line to 'None'
[0.773s] Level 5:colcon.colcon_core.verb:set package 'inverse_kin' build argument 'catkin_cmake_args' from command line to 'None'
[0.773s] Level 5:colcon.colcon_core.verb:set package 'inverse_kin' build argument 'catkin_skip_building_tests' from command line to 'False'
[0.773s] DEBUG:colcon.colcon_core.verb:Building package 'inverse_kin' with the following arguments: {'ament_cmake_args': None, 'build_base': '/home/student/anro_24l/build/inverse_kin', 'catkin_cmake_args': None, 'catkin_skip_building_tests': False, 'cmake_args': None, 'cmake_clean_cache': False, 'cmake_clean_first': False, 'cmake_force_configure': False, 'cmake_target': None, 'cmake_target_skip_unavailable': False, 'install_base': '/home/student/anro_24l/install/inverse_kin', 'merge_install': False, 'path': '/home/student/anro_24l/inverse_kin', 'symlink_install': False, 'test_result_base': None}
[0.781s] Level 5:colcon.colcon_core.verb:set package 'joint_state_publisher' build argument 'cmake_args' from command line to 'None'
[0.781s] Level 5:colcon.colcon_core.verb:set package 'joint_state_publisher' build argument 'cmake_target' from command line to 'None'
[0.781s] Level 5:colcon.colcon_core.verb:set package 'joint_state_publisher' build argument 'cmake_target_skip_unavailable' from command line to 'False'
[0.781s] Level 5:colcon.colcon_core.verb:set package 'joint_state_publisher' build argument 'cmake_clean_cache' from command line to 'False'
[0.781s] Level 5:colcon.colcon_core.verb:set package 'joint_state_publisher' build argument 'cmake_clean_first' from command line to 'False'
[0.781s] Level 5:colcon.colcon_core.verb:set package 'joint_state_publisher' build argument 'cmake_force_configure' from command line to 'False'
[0.781s] Level 5:colcon.colcon_core.verb:set package 'joint_state_publisher' build argument 'ament_cmake_args' from command line to 'None'
[0.781s] Level 5:colcon.colcon_core.verb:set package 'joint_state_publisher' build argument 'catkin_cmake_args' from command line to 'None'
[0.781s] Level 5:colcon.colcon_core.verb:set package 'joint_state_publisher' build argument 'catkin_skip_building_tests' from command line to 'False'
[0.781s] DEBUG:colcon.colcon_core.verb:Building package 'joint_state_publisher' with the following arguments: {'ament_cmake_args': None, 'build_base': '/home/student/anro_24l/build/joint_state_publisher', 'catkin_cmake_args': None, 'catkin_skip_building_tests': False, 'cmake_args': None, 'cmake_clean_cache': False, 'cmake_clean_first': False, 'cmake_force_configure': False, 'cmake_target': None, 'cmake_target_skip_unavailable': False, 'install_base': '/home/student/anro_24l/install/joint_state_publisher', 'merge_install': False, 'path': '/home/student/anro_24l/joint_state_publisher/joint_state_publisher', 'symlink_install': False, 'test_result_base': None}
[0.789s] Level 5:colcon.colcon_core.verb:set package 'lab2' build argument 'cmake_args' from command line to 'None'
[0.789s] Level 5:colcon.colcon_core.verb:set package 'lab2' build argument 'cmake_target' from command line to 'None'
[0.789s] Level 5:colcon.colcon_core.verb:set package 'lab2' build argument 'cmake_target_skip_unavailable' from command line to 'False'
[0.789s] Level 5:colcon.colcon_core.verb:set package 'lab2' build argument 'cmake_clean_cache' from command line to 'False'
[0.789s] Level 5:colcon.colcon_core.verb:set package 'lab2' build argument 'cmake_clean_first' from command line to 'False'
[0.789s] Level 5:colcon.colcon_core.verb:set package 'lab2' build argument 'cmake_force_configure' from command line to 'False'
[0.790s] Level 5:colcon.colcon_core.verb:set package 'lab2' build argument 'ament_cmake_args' from command line to 'None'
[0.790s] Level 5:colcon.colcon_core.verb:set package 'lab2' build argument 'catkin_cmake_args' from command line to 'None'
[0.790s] Level 5:colcon.colcon_core.verb:set package 'lab2' build argument 'catkin_skip_building_tests' from command line to 'False'
[0.790s] DEBUG:colcon.colcon_core.verb:Building package 'lab2' with the following arguments: {'ament_cmake_args': None, 'build_base': '/home/student/anro_24l/build/lab2', 'catkin_cmake_args': None, 'catkin_skip_building_tests': False, 'cmake_args': None, 'cmake_clean_cache': False, 'cmake_clean_first': False, 'cmake_force_configure': False, 'cmake_target': None, 'cmake_target_skip_unavailable': False, 'install_base': '/home/student/anro_24l/install/lab2', 'merge_install': False, 'path': '/home/student/anro_24l/lab2', 'symlink_install': False, 'test_result_base': None}
[0.798s] Level 5:colcon.colcon_core.verb:set package 'prd1' build argument 'cmake_args' from command line to 'None'
[0.798s] Level 5:colcon.colcon_core.verb:set package 'prd1' build argument 'cmake_target' from command line to 'None'
[0.798s] Level 5:colcon.colcon_core.verb:set package 'prd1' build argument 'cmake_target_skip_unavailable' from command line to 'False'
[0.798s] Level 5:colcon.colcon_core.verb:set package 'prd1' build argument 'cmake_clean_cache' from command line to 'False'
[0.798s] Level 5:colcon.colcon_core.verb:set package 'prd1' build argument 'cmake_clean_first' from command line to 'False'
[0.798s] Level 5:colcon.colcon_core.verb:set package 'prd1' build argument 'cmake_force_configure' from command line to 'False'
[0.798s] Level 5:colcon.colcon_core.verb:set package 'prd1' build argument 'ament_cmake_args' from command line to 'None'
[0.798s] Level 5:colcon.colcon_core.verb:set package 'prd1' build argument 'catkin_cmake_args' from command line to 'None'
[0.798s] Level 5:colcon.colcon_core.verb:set package 'prd1' build argument 'catkin_skip_building_tests' from command line to 'False'
[0.798s] DEBUG:colcon.colcon_core.verb:Building package 'prd1' with the following arguments: {'ament_cmake_args': None, 'build_base': '/home/student/anro_24l/build/prd1', 'catkin_cmake_args': None, 'catkin_skip_building_tests': False, 'cmake_args': None, 'cmake_clean_cache': False, 'cmake_clean_first': False, 'cmake_force_configure': False, 'cmake_target': None, 'cmake_target_skip_unavailable': False, 'install_base': '/home/student/anro_24l/install/prd1', 'merge_install': False, 'path': '/home/student/anro_24l/prd1', 'symlink_install': False, 'test_result_base': None}
[0.806s] Level 5:colcon.colcon_core.verb:set package 'joint_state_publisher_gui' build argument 'cmake_args' from command line to 'None'
[0.806s] Level 5:colcon.colcon_core.verb:set package 'joint_state_publisher_gui' build argument 'cmake_target' from command line to 'None'
[0.806s] Level 5:colcon.colcon_core.verb:set package 'joint_state_publisher_gui' build argument 'cmake_target_skip_unavailable' from command line to 'False'
[0.806s] Level 5:colcon.colcon_core.verb:set package 'joint_state_publisher_gui' build argument 'cmake_clean_cache' from command line to 'False'
[0.806s] Level 5:colcon.colcon_core.verb:set package 'joint_state_publisher_gui' build argument 'cmake_clean_first' from command line to 'False'
[0.806s] Level 5:colcon.colcon_core.verb:set package 'joint_state_publisher_gui' build argument 'cmake_force_configure' from command line to 'False'
[0.806s] Level 5:colcon.colcon_core.verb:set package 'joint_state_publisher_gui' build argument 'ament_cmake_args' from command line to 'None'
[0.806s] Level 5:colcon.colcon_core.verb:set package 'joint_state_publisher_gui' build argument 'catkin_cmake_args' from command line to 'None'
[0.806s] Level 5:colcon.colcon_core.verb:set package 'joint_state_publisher_gui' build argument 'catkin_skip_building_tests' from command line to 'False'
[0.806s] DEBUG:colcon.colcon_core.verb:Building package 'joint_state_publisher_gui' with the following arguments: {'ament_cmake_args': None, 'build_base': '/home/student/anro_24l/build/joint_state_publisher_gui', 'catkin_cmake_args': None, 'catkin_skip_building_tests': False, 'cmake_args': None, 'cmake_clean_cache': False, 'cmake_clean_first': False, 'cmake_force_configure': False, 'cmake_target': None, 'cmake_target_skip_unavailable': False, 'install_base': '/home/student/anro_24l/install/joint_state_publisher_gui', 'merge_install': False, 'path': '/home/student/anro_24l/joint_state_publisher/joint_state_publisher_gui', 'symlink_install': False, 'test_result_base': None}
[0.814s] Level 5:colcon.colcon_core.verb:set package 'urdf_launch' build argument 'cmake_args' from command line to 'None'
[0.814s] Level 5:colcon.colcon_core.verb:set package 'urdf_launch' build argument 'cmake_target' from command line to 'None'
[0.814s] Level 5:colcon.colcon_core.verb:set package 'urdf_launch' build argument 'cmake_target_skip_unavailable' from command line to 'False'
[0.815s] Level 5:colcon.colcon_core.verb:set package 'urdf_launch' build argument 'cmake_clean_cache' from command line to 'False'
[0.815s] Level 5:colcon.colcon_core.verb:set package 'urdf_launch' build argument 'cmake_clean_first' from command line to 'False'
[0.815s] Level 5:colcon.colcon_core.verb:set package 'urdf_launch' build argument 'cmake_force_configure' from command line to 'False'
[0.815s] Level 5:colcon.colcon_core.verb:set package 'urdf_launch' build argument 'ament_cmake_args' from command line to 'None'
[0.815s] Level 5:colcon.colcon_core.verb:set package 'urdf_launch' build argument 'catkin_cmake_args' from command line to 'None'
[0.815s] Level 5:colcon.colcon_core.verb:set package 'urdf_launch' build argument 'catkin_skip_building_tests' from command line to 'False'
[0.815s] DEBUG:colcon.colcon_core.verb:Building package 'urdf_launch' with the following arguments: {'ament_cmake_args': None, 'build_base': '/home/student/anro_24l/build/urdf_launch', 'catkin_cmake_args': None, 'catkin_skip_building_tests': False, 'cmake_args': None, 'cmake_clean_cache': False, 'cmake_clean_first': False, 'cmake_force_configure': False, 'cmake_target': None, 'cmake_target_skip_unavailable': False, 'install_base': '/home/student/anro_24l/install/urdf_launch', 'merge_install': False, 'path': '/home/student/anro_24l/urdf_launch', 'symlink_install': False, 'test_result_base': None}
[0.822s] Level 5:colcon.colcon_core.verb:set package 'urdf_tutorial' build argument 'cmake_args' from command line to 'None'
[0.822s] Level 5:colcon.colcon_core.verb:set package 'urdf_tutorial' build argument 'cmake_target' from command line to 'None'
[0.823s] Level 5:colcon.colcon_core.verb:set package 'urdf_tutorial' build argument 'cmake_target_skip_unavailable' from command line to 'False'
[0.823s] Level 5:colcon.colcon_core.verb:set package 'urdf_tutorial' build argument 'cmake_clean_cache' from command line to 'False'
[0.823s] Level 5:colcon.colcon_core.verb:set package 'urdf_tutorial' build argument 'cmake_clean_first' from command line to 'False'
[0.823s] Level 5:colcon.colcon_core.verb:set package 'urdf_tutorial' build argument 'cmake_force_configure' from command line to 'False'
[0.823s] Level 5:colcon.colcon_core.verb:set package 'urdf_tutorial' build argument 'ament_cmake_args' from command line to 'None'
[0.823s] Level 5:colcon.colcon_core.verb:set package 'urdf_tutorial' build argument 'catkin_cmake_args' from command line to 'None'
[0.823s] Level 5:colcon.colcon_core.verb:set package 'urdf_tutorial' build argument 'catkin_skip_building_tests' from command line to 'False'
[0.823s] DEBUG:colcon.colcon_core.verb:Building package 'urdf_tutorial' with the following arguments: {'ament_cmake_args': None, 'build_base': '/home/student/anro_24l/build/urdf_tutorial', 'catkin_cmake_args': None, 'catkin_skip_building_tests': False, 'cmake_args': None, 'cmake_clean_cache': False, 'cmake_clean_first': False, 'cmake_force_configure': False, 'cmake_target': None, 'cmake_target_skip_unavailable': False, 'install_base': '/home/student/anro_24l/install/urdf_tutorial', 'merge_install': False, 'path': '/home/student/anro_24l/urdf_tutorial', 'symlink_install': False, 'test_result_base': None}
[0.830s] INFO:colcon.colcon_core.executor:Executing jobs using 'parallel' executor
[0.839s] DEBUG:colcon.colcon_parallel_executor.executor.parallel:run_until_complete
[0.839s] INFO:colcon.colcon_ros.task.ament_python.build:Building ROS package in '/home/student/anro_24l/joint_state_publisher/joint_state_publisher' with build type 'ament_python'
[0.839s] Level 1:colcon.colcon_core.shell:create_environment_hook('joint_state_publisher', 'ament_prefix_path')
[0.849s] INFO:colcon.colcon_core.plugin_system:Skipping extension 'colcon_core.shell.bat': Not used on non-Windows systems
[0.849s] INFO:colcon.colcon_core.shell:Creating environment hook '/home/student/anro_24l/install/joint_state_publisher/share/joint_state_publisher/hook/ament_prefix_path.ps1'
[0.850s] INFO:colcon.colcon_core.shell:Creating environment descriptor '/home/student/anro_24l/install/joint_state_publisher/share/joint_state_publisher/hook/ament_prefix_path.dsv'
[0.851s] INFO:colcon.colcon_core.shell:Creating environment hook '/home/student/anro_24l/install/joint_state_publisher/share/joint_state_publisher/hook/ament_prefix_path.sh'
[0.859s] INFO:colcon.colcon_core.shell:Skip shell extension 'powershell' for command environment: Not usable outside of PowerShell
[0.859s] DEBUG:colcon.colcon_core.shell:Skip shell extension 'dsv' for command environment
[0.869s] INFO:colcon.colcon_ros.task.ament_python.build:Building ROS package in '/home/student/anro_24l/Move_To_Point' with build type 'ament_python'
[0.869s] Level 1:colcon.colcon_core.shell:create_environment_hook('Move_To_Point', 'ament_prefix_path')
[0.878s] INFO:colcon.colcon_core.shell:Creating environment hook '/home/student/anro_24l/install/Move_To_Point/share/Move_To_Point/hook/ament_prefix_path.ps1'
[0.878s] INFO:colcon.colcon_core.shell:Creating environment descriptor '/home/student/anro_24l/install/Move_To_Point/share/Move_To_Point/hook/ament_prefix_path.dsv'
[0.879s] INFO:colcon.colcon_core.shell:Creating environment hook '/home/student/anro_24l/install/Move_To_Point/share/Move_To_Point/hook/ament_prefix_path.sh'
[0.887s] INFO:colcon.colcon_core.shell:Skip shell extension 'powershell' for command environment: Not usable outside of PowerShell
[0.887s] DEBUG:colcon.colcon_core.shell:Skip shell extension 'dsv' for command environment
[0.895s] INFO:colcon.colcon_ros.task.ament_python.build:Building ROS package in '/home/student/anro_24l/angle_translator' with build type 'ament_python'
[0.896s] Level 1:colcon.colcon_core.shell:create_environment_hook('angle_translator', 'ament_prefix_path')
[0.904s] INFO:colcon.colcon_core.shell:Creating environment hook '/home/student/anro_24l/install/angle_translator/share/angle_translator/hook/ament_prefix_path.ps1'
[0.905s] INFO:colcon.colcon_core.shell:Creating environment descriptor '/home/student/anro_24l/install/angle_translator/share/angle_translator/hook/ament_prefix_path.dsv'
[0.905s] INFO:colcon.colcon_core.shell:Creating environment hook '/home/student/anro_24l/install/angle_translator/share/angle_translator/hook/ament_prefix_path.sh'
[0.913s] INFO:colcon.colcon_core.shell:Skip shell extension 'powershell' for command environment: Not usable outside of PowerShell
[0.913s] DEBUG:colcon.colcon_core.shell:Skip shell extension 'dsv' for command environment
[0.922s] INFO:colcon.colcon_ros.task.ament_python.build:Building ROS package in '/home/student/anro_24l/forward_kin' with build type 'ament_python'
[0.922s] Level 1:colcon.colcon_core.shell:create_environment_hook('forward_kin', 'ament_prefix_path')
[0.931s] INFO:colcon.colcon_core.shell:Creating environment hook '/home/student/anro_24l/install/forward_kin/share/forward_kin/hook/ament_prefix_path.ps1'
[0.932s] INFO:colcon.colcon_core.shell:Creating environment descriptor '/home/student/anro_24l/install/forward_kin/share/forward_kin/hook/ament_prefix_path.dsv'
[0.932s] INFO:colcon.colcon_core.shell:Creating environment hook '/home/student/anro_24l/install/forward_kin/share/forward_kin/hook/ament_prefix_path.sh'
[0.940s] INFO:colcon.colcon_core.shell:Skip shell extension 'powershell' for command environment: Not usable outside of PowerShell
[0.940s] DEBUG:colcon.colcon_core.shell:Skip shell extension 'dsv' for command environment
[1.159s] INFO:colcon.colcon_core.task.python.build:Building Python package in '/home/student/anro_24l/joint_state_publisher/joint_state_publisher'
[1.168s] INFO:colcon.colcon_core.shell:Skip shell extension 'powershell' for command environment: Not usable outside of PowerShell
[1.168s] DEBUG:colcon.colcon_core.shell:Skip shell extension 'dsv' for command environment
[1.384s] INFO:colcon.colcon_core.task.python.build:Building Python package in '/home/student/anro_24l/Move_To_Point'
[1.392s] INFO:colcon.colcon_core.shell:Skip shell extension 'powershell' for command environment: Not usable outside of PowerShell
[1.392s] DEBUG:colcon.colcon_core.shell:Skip shell extension 'dsv' for command environment
[1.603s] INFO:colcon.colcon_core.task.python.build:Building Python package in '/home/student/anro_24l/angle_translator'
[1.612s] INFO:colcon.colcon_core.shell:Skip shell extension 'powershell' for command environment: Not usable outside of PowerShell
[1.612s] DEBUG:colcon.colcon_core.shell:Skip shell extension 'dsv' for command environment
[1.823s] INFO:colcon.colcon_core.task.python.build:Building Python package in '/home/student/anro_24l/forward_kin'
[1.831s] INFO:colcon.colcon_core.shell:Skip shell extension 'powershell' for command environment: Not usable outside of PowerShell
[1.831s] DEBUG:colcon.colcon_core.shell:Skip shell extension 'dsv' for command environment
[2.224s] DEBUG:colcon.colcon_core.event_handler.log_command:Invoking command in '/home/student/anro_24l/joint_state_publisher/joint_state_publisher': PYTHONPATH=/home/student/anro_24l/build/joint_state_publisher/prefix_override:/home/student/anro_24l/install/joint_state_publisher/lib/python3.10/site-packages: /usr/bin/python3 setup.py egg_info --egg-base ../../build/joint_state_publisher build --build-base /home/student/anro_24l/build/joint_state_publisher/build install --record /home/student/anro_24l/build/joint_state_publisher/install.log --single-version-externally-managed
[2.229s] DEBUG:colcon.colcon_core.event_handler.log_command:Invoking command in '/home/student/anro_24l/Move_To_Point': PYTHONPATH=/home/student/anro_24l/build/Move_To_Point/prefix_override:/home/student/anro_24l/install/Move_To_Point/lib/python3.10/site-packages: /usr/bin/python3 setup.py egg_info --egg-base ../build/Move_To_Point build --build-base /home/student/anro_24l/build/Move_To_Point/build install --record /home/student/anro_24l/build/Move_To_Point/install.log --single-version-externally-managed
[2.233s] DEBUG:colcon.colcon_core.event_handler.log_command:Invoking command in '/home/student/anro_24l/forward_kin': PYTHONPATH=/home/student/anro_24l/build/forward_kin/prefix_override:/home/student/anro_24l/install/forward_kin/lib/python3.10/site-packages: /usr/bin/python3 setup.py egg_info --egg-base ../build/forward_kin build --build-base /home/student/anro_24l/build/forward_kin/build install --record /home/student/anro_24l/build/forward_kin/install.log --single-version-externally-managed
[2.236s] DEBUG:colcon.colcon_core.event_handler.log_command:Invoking command in '/home/student/anro_24l/angle_translator': PYTHONPATH=/home/student/anro_24l/build/angle_translator/prefix_override:/home/student/anro_24l/install/angle_translator/lib/python3.10/site-packages: /usr/bin/python3 setup.py egg_info --egg-base ../build/angle_translator build --build-base /home/student/anro_24l/build/angle_translator/build install --record /home/student/anro_24l/build/angle_translator/install.log --single-version-externally-managed
[2.527s] DEBUG:colcon.colcon_core.event_handler.log_command:Invoked command in '/home/student/anro_24l/joint_state_publisher/joint_state_publisher' returned '0': PYTHONPATH=/home/student/anro_24l/build/joint_state_publisher/prefix_override:/home/student/anro_24l/install/joint_state_publisher/lib/python3.10/site-packages: /usr/bin/python3 setup.py egg_info --egg-base ../../build/joint_state_publisher build --build-base /home/student/anro_24l/build/joint_state_publisher/build install --record /home/student/anro_24l/build/joint_state_publisher/install.log --single-version-externally-managed
[2.532s] Level 1:colcon.colcon_core.environment:checking '/home/student/anro_24l/install/joint_state_publisher' for CMake module files
[2.532s] Level 1:colcon.colcon_core.environment:checking '/home/student/anro_24l/install/joint_state_publisher' for CMake config files
[2.533s] Level 1:colcon.colcon_core.environment:checking '/home/student/anro_24l/install/joint_state_publisher/lib'
[2.533s] Level 1:colcon.colcon_core.environment:checking '/home/student/anro_24l/install/joint_state_publisher/bin'
[2.534s] Level 1:colcon.colcon_core.environment:checking '/home/student/anro_24l/install/joint_state_publisher/lib/pkgconfig/joint_state_publisher.pc'
[2.534s] Level 1:colcon.colcon_core.environment:checking '/home/student/anro_24l/install/joint_state_publisher/lib/python3.10/site-packages'
[2.534s] Level 1:colcon.colcon_core.shell:create_environment_hook('joint_state_publisher', 'pythonpath')
[2.543s] INFO:colcon.colcon_core.shell:Creating environment hook '/home/student/anro_24l/install/joint_state_publisher/share/joint_state_publisher/hook/pythonpath.ps1'
[2.544s] INFO:colcon.colcon_core.shell:Creating environment descriptor '/home/student/anro_24l/install/joint_state_publisher/share/joint_state_publisher/hook/pythonpath.dsv'
[2.545s] INFO:colcon.colcon_core.shell:Creating environment hook '/home/student/anro_24l/install/joint_state_publisher/share/joint_state_publisher/hook/pythonpath.sh'
[2.545s] Level 1:colcon.colcon_core.environment:checking '/home/student/anro_24l/install/joint_state_publisher/bin'
[2.545s] Level 1:colcon.colcon_core.environment:create_environment_scripts_only(joint_state_publisher)
[2.553s] INFO:colcon.colcon_core.shell:Creating package script '/home/student/anro_24l/install/joint_state_publisher/share/joint_state_publisher/package.ps1'
[2.554s] INFO:colcon.colcon_core.shell:Creating package descriptor '/home/student/anro_24l/install/joint_state_publisher/share/joint_state_publisher/package.dsv'
[2.555s] INFO:colcon.colcon_core.shell:Creating package script '/home/student/anro_24l/install/joint_state_publisher/share/joint_state_publisher/package.sh'
[2.556s] INFO:colcon.colcon_core.shell:Creating package script '/home/student/anro_24l/install/joint_state_publisher/share/joint_state_publisher/package.bash'
[2.556s] INFO:colcon.colcon_core.shell:Creating package script '/home/student/anro_24l/install/joint_state_publisher/share/joint_state_publisher/package.zsh'
[2.557s] Level 1:colcon.colcon_core.environment:create_file_with_runtime_dependencies(/home/student/anro_24l/install/joint_state_publisher/share/colcon-core/packages/joint_state_publisher)
[2.557s] INFO:colcon.colcon_ros.task.ament_python.build:Building ROS package in '/home/student/anro_24l/joint_state_publisher/joint_state_publisher_gui' with build type 'ament_python'
[2.557s] Level 1:colcon.colcon_core.shell:create_environment_hook('joint_state_publisher_gui', 'ament_prefix_path')
[2.566s] INFO:colcon.colcon_core.shell:Creating environment hook '/home/student/anro_24l/install/joint_state_publisher_gui/share/joint_state_publisher_gui/hook/ament_prefix_path.ps1'
[2.567s] INFO:colcon.colcon_core.shell:Creating environment descriptor '/home/student/anro_24l/install/joint_state_publisher_gui/share/joint_state_publisher_gui/hook/ament_prefix_path.dsv'
[2.567s] INFO:colcon.colcon_core.shell:Creating environment hook '/home/student/anro_24l/install/joint_state_publisher_gui/share/joint_state_publisher_gui/hook/ament_prefix_path.sh'
[2.576s] INFO:colcon.colcon_core.shell:Skip shell extension 'powershell' for command environment: Not usable outside of PowerShell
[2.576s] DEBUG:colcon.colcon_core.shell:Skip shell extension 'dsv' for command environment
[2.586s] DEBUG:colcon.colcon_core.event_handler.log_command:Invoked command in '/home/student/anro_24l/angle_translator' returned '0': PYTHONPATH=/home/student/anro_24l/build/angle_translator/prefix_override:/home/student/anro_24l/install/angle_translator/lib/python3.10/site-packages: /usr/bin/python3 setup.py egg_info --egg-base ../build/angle_translator build --build-base /home/student/anro_24l/build/angle_translator/build install --record /home/student/anro_24l/build/angle_translator/install.log --single-version-externally-managed
[2.595s] Level 1:colcon.colcon_core.environment:checking '/home/student/anro_24l/install/angle_translator' for CMake module files
[2.595s] Level 1:colcon.colcon_core.environment:checking '/home/student/anro_24l/install/angle_translator' for CMake config files
[2.596s] Level 1:colcon.colcon_core.environment:checking '/home/student/anro_24l/install/angle_translator/lib'
[2.596s] Level 1:colcon.colcon_core.environment:checking '/home/student/anro_24l/install/angle_translator/bin'
[2.596s] Level 1:colcon.colcon_core.environment:checking '/home/student/anro_24l/install/angle_translator/lib/pkgconfig/angle_translator.pc'
[2.596s] Level 1:colcon.colcon_core.environment:checking '/home/student/anro_24l/install/angle_translator/lib/python3.10/site-packages'
[2.596s] Level 1:colcon.colcon_core.shell:create_environment_hook('angle_translator', 'pythonpath')
[2.604s] INFO:colcon.colcon_core.shell:Creating environment hook '/home/student/anro_24l/install/angle_translator/share/angle_translator/hook/pythonpath.ps1'
[2.605s] INFO:colcon.colcon_core.shell:Creating environment descriptor '/home/student/anro_24l/install/angle_translator/share/angle_translator/hook/pythonpath.dsv'
[2.605s] INFO:colcon.colcon_core.shell:Creating environment hook '/home/student/anro_24l/install/angle_translator/share/angle_translator/hook/pythonpath.sh'
[2.605s] Level 1:colcon.colcon_core.environment:checking '/home/student/anro_24l/install/angle_translator/bin'
[2.605s] Level 1:colcon.colcon_core.environment:create_environment_scripts_only(angle_translator)
[2.613s] INFO:colcon.colcon_core.shell:Creating package script '/home/student/anro_24l/install/angle_translator/share/angle_translator/package.ps1'
[2.614s] INFO:colcon.colcon_core.shell:Creating package descriptor '/home/student/anro_24l/install/angle_translator/share/angle_translator/package.dsv'
[2.614s] INFO:colcon.colcon_core.shell:Creating package script '/home/student/anro_24l/install/angle_translator/share/angle_translator/package.sh'
[2.615s] INFO:colcon.colcon_core.shell:Creating package script '/home/student/anro_24l/install/angle_translator/share/angle_translator/package.bash'
[2.615s] INFO:colcon.colcon_core.shell:Creating package script '/home/student/anro_24l/install/angle_translator/share/angle_translator/package.zsh'
[2.615s] Level 1:colcon.colcon_core.environment:create_file_with_runtime_dependencies(/home/student/anro_24l/install/angle_translator/share/colcon-core/packages/angle_translator)
[2.617s] DEBUG:colcon.colcon_core.event_handler.log_command:Invoked command in '/home/student/anro_24l/Move_To_Point' returned '0': PYTHONPATH=/home/student/anro_24l/build/Move_To_Point/prefix_override:/home/student/anro_24l/install/Move_To_Point/lib/python3.10/site-packages: /usr/bin/python3 setup.py egg_info --egg-base ../build/Move_To_Point build --build-base /home/student/anro_24l/build/Move_To_Point/build install --record /home/student/anro_24l/build/Move_To_Point/install.log --single-version-externally-managed
[2.624s] Level 1:colcon.colcon_core.environment:checking '/home/student/anro_24l/install/Move_To_Point' for CMake module files
[2.625s] Level 1:colcon.colcon_core.environment:checking '/home/student/anro_24l/install/Move_To_Point' for CMake config files
[2.625s] Level 1:colcon.colcon_core.environment:checking '/home/student/anro_24l/install/Move_To_Point/lib'
[2.625s] Level 1:colcon.colcon_core.environment:checking '/home/student/anro_24l/install/Move_To_Point/bin'
[2.625s] Level 1:colcon.colcon_core.environment:checking '/home/student/anro_24l/install/Move_To_Point/lib/pkgconfig/Move_To_Point.pc'
[2.626s] Level 1:colcon.colcon_core.environment:checking '/home/student/anro_24l/install/Move_To_Point/lib/python3.10/site-packages'
[2.626s] Level 1:colcon.colcon_core.shell:create_environment_hook('Move_To_Point', 'pythonpath')
[2.634s] INFO:colcon.colcon_core.shell:Creating environment hook '/home/student/anro_24l/install/Move_To_Point/share/Move_To_Point/hook/pythonpath.ps1'
[2.634s] INFO:colcon.colcon_core.shell:Creating environment descriptor '/home/student/anro_24l/install/Move_To_Point/share/Move_To_Point/hook/pythonpath.dsv'
[2.634s] INFO:colcon.colcon_core.shell:Creating environment hook '/home/student/anro_24l/install/Move_To_Point/share/Move_To_Point/hook/pythonpath.sh'
[2.635s] Level 1:colcon.colcon_core.environment:checking '/home/student/anro_24l/install/Move_To_Point/bin'
[2.635s] Level 1:colcon.colcon_core.environment:create_environment_scripts_only(Move_To_Point)
[2.643s] INFO:colcon.colcon_core.shell:Creating package script '/home/student/anro_24l/install/Move_To_Point/share/Move_To_Point/package.ps1'
[2.643s] INFO:colcon.colcon_core.shell:Creating package descriptor '/home/student/anro_24l/install/Move_To_Point/share/Move_To_Point/package.dsv'
[2.644s] INFO:colcon.colcon_core.shell:Creating package script '/home/student/anro_24l/install/Move_To_Point/share/Move_To_Point/package.sh'
[2.644s] INFO:colcon.colcon_core.shell:Creating package script '/home/student/anro_24l/install/Move_To_Point/share/Move_To_Point/package.bash'
[2.645s] INFO:colcon.colcon_core.shell:Creating package script '/home/student/anro_24l/install/Move_To_Point/share/Move_To_Point/package.zsh'
[2.645s] Level 1:colcon.colcon_core.environment:create_file_with_runtime_dependencies(/home/student/anro_24l/install/Move_To_Point/share/colcon-core/packages/Move_To_Point)
[2.647s] DEBUG:colcon.colcon_core.event_handler.log_command:Invoked command in '/home/student/anro_24l/forward_kin' returned '0': PYTHONPATH=/home/student/anro_24l/build/forward_kin/prefix_override:/home/student/anro_24l/install/forward_kin/lib/python3.10/site-packages: /usr/bin/python3 setup.py egg_info --egg-base ../build/forward_kin build --build-base /home/student/anro_24l/build/forward_kin/build install --record /home/student/anro_24l/build/forward_kin/install.log --single-version-externally-managed
[2.655s] Level 1:colcon.colcon_core.environment:checking '/home/student/anro_24l/install/forward_kin' for CMake module files
[2.655s] Level 1:colcon.colcon_core.environment:checking '/home/student/anro_24l/install/forward_kin' for CMake config files
[2.656s] Level 1:colcon.colcon_core.environment:checking '/home/student/anro_24l/install/forward_kin/lib'
[2.656s] Level 1:colcon.colcon_core.environment:checking '/home/student/anro_24l/install/forward_kin/bin'
[2.656s] Level 1:colcon.colcon_core.environment:checking '/home/student/anro_24l/install/forward_kin/lib/pkgconfig/forward_kin.pc'
[2.656s] Level 1:colcon.colcon_core.environment:checking '/home/student/anro_24l/install/forward_kin/lib/python3.10/site-packages'
[2.656s] Level 1:colcon.colcon_core.shell:create_environment_hook('forward_kin', 'pythonpath')
[2.664s] INFO:colcon.colcon_core.shell:Creating environment hook '/home/student/anro_24l/install/forward_kin/share/forward_kin/hook/pythonpath.ps1'
[2.665s] INFO:colcon.colcon_core.shell:Creating environment descriptor '/home/student/anro_24l/install/forward_kin/share/forward_kin/hook/pythonpath.dsv'
[2.665s] INFO:colcon.colcon_core.shell:Creating environment hook '/home/student/anro_24l/install/forward_kin/share/forward_kin/hook/pythonpath.sh'
[2.665s] Level 1:colcon.colcon_core.environment:checking '/home/student/anro_24l/install/forward_kin/bin'
[2.665s] Level 1:colcon.colcon_core.environment:create_environment_scripts_only(forward_kin)
[2.674s] INFO:colcon.colcon_core.shell:Creating package script '/home/student/anro_24l/install/forward_kin/share/forward_kin/package.ps1'
[2.674s] INFO:colcon.colcon_core.shell:Creating package descriptor '/home/student/anro_24l/install/forward_kin/share/forward_kin/package.dsv'
[2.675s] INFO:colcon.colcon_core.shell:Creating package script '/home/student/anro_24l/install/forward_kin/share/forward_kin/package.sh'
[2.675s] INFO:colcon.colcon_core.shell:Creating package script '/home/student/anro_24l/install/forward_kin/share/forward_kin/package.bash'
[2.676s] INFO:colcon.colcon_core.shell:Creating package script '/home/student/anro_24l/install/forward_kin/share/forward_kin/package.zsh'
[2.676s] Level 1:colcon.colcon_core.environment:create_file_with_runtime_dependencies(/home/student/anro_24l/install/forward_kin/share/colcon-core/packages/forward_kin)
[2.677s] INFO:colcon.colcon_ros.task.ament_python.build:Building ROS package in '/home/student/anro_24l/inverse_kin' with build type 'ament_python'
[2.677s] Level 1:colcon.colcon_core.shell:create_environment_hook('inverse_kin', 'ament_prefix_path')
[2.686s] INFO:colcon.colcon_core.shell:Creating environment hook '/home/student/anro_24l/install/inverse_kin/share/inverse_kin/hook/ament_prefix_path.ps1'
[2.686s] INFO:colcon.colcon_core.shell:Creating environment descriptor '/home/student/anro_24l/install/inverse_kin/share/inverse_kin/hook/ament_prefix_path.dsv'
[2.687s] INFO:colcon.colcon_core.shell:Creating environment hook '/home/student/anro_24l/install/inverse_kin/share/inverse_kin/hook/ament_prefix_path.sh'
[2.695s] INFO:colcon.colcon_core.shell:Skip shell extension 'powershell' for command environment: Not usable outside of PowerShell
[2.695s] DEBUG:colcon.colcon_core.shell:Skip shell extension 'dsv' for command environment
[2.704s] INFO:colcon.colcon_ros.task.ament_python.build:Building ROS package in '/home/student/anro_24l/lab2' with build type 'ament_python'
[2.704s] Level 1:colcon.colcon_core.shell:create_environment_hook('lab2', 'ament_prefix_path')
[2.713s] INFO:colcon.colcon_core.shell:Creating environment hook '/home/student/anro_24l/install/lab2/share/lab2/hook/ament_prefix_path.ps1'
[2.713s] INFO:colcon.colcon_core.shell:Creating environment descriptor '/home/student/anro_24l/install/lab2/share/lab2/hook/ament_prefix_path.dsv'
[2.713s] INFO:colcon.colcon_core.shell:Creating environment hook '/home/student/anro_24l/install/lab2/share/lab2/hook/ament_prefix_path.sh'
[2.722s] INFO:colcon.colcon_core.shell:Skip shell extension 'powershell' for command environment: Not usable outside of PowerShell
[2.722s] DEBUG:colcon.colcon_core.shell:Skip shell extension 'dsv' for command environment
[2.730s] INFO:colcon.colcon_ros.task.ament_python.build:Building ROS package in '/home/student/anro_24l/prd1' with build type 'ament_python'
[2.730s] Level 1:colcon.colcon_core.shell:create_environment_hook('prd1', 'ament_prefix_path')
[2.739s] INFO:colcon.colcon_core.shell:Creating environment hook '/home/student/anro_24l/install/prd1/share/prd1/hook/ament_prefix_path.ps1'
[2.740s] INFO:colcon.colcon_core.shell:Creating environment descriptor '/home/student/anro_24l/install/prd1/share/prd1/hook/ament_prefix_path.dsv'
[2.740s] INFO:colcon.colcon_core.shell:Creating environment hook '/home/student/anro_24l/install/prd1/share/prd1/hook/ament_prefix_path.sh'
[2.749s] INFO:colcon.colcon_core.shell:Skip shell extension 'powershell' for command environment: Not usable outside of PowerShell
[2.749s] DEBUG:colcon.colcon_core.shell:Skip shell extension 'dsv' for command environment
[2.963s] INFO:colcon.colcon_core.task.python.build:Building Python package in '/home/student/anro_24l/joint_state_publisher/joint_state_publisher_gui'
[2.971s] INFO:colcon.colcon_core.shell:Skip shell extension 'powershell' for command environment: Not usable outside of PowerShell
[2.971s] DEBUG:colcon.colcon_core.shell:Skip shell extension 'dsv' for command environment
[3.183s] INFO:colcon.colcon_core.task.python.build:Building Python package in '/home/student/anro_24l/inverse_kin'
[3.191s] INFO:colcon.colcon_core.shell:Skip shell extension 'powershell' for command environment: Not usable outside of PowerShell
[3.191s] DEBUG:colcon.colcon_core.shell:Skip shell extension 'dsv' for command environment
[3.400s] INFO:colcon.colcon_core.task.python.build:Building Python package in '/home/student/anro_24l/lab2'
[3.408s] INFO:colcon.colcon_core.shell:Skip shell extension 'powershell' for command environment: Not usable outside of PowerShell
[3.408s] DEBUG:colcon.colcon_core.shell:Skip shell extension 'dsv' for command environment
[3.623s] INFO:colcon.colcon_core.task.python.build:Building Python package in '/home/student/anro_24l/prd1'
[3.632s] INFO:colcon.colcon_core.shell:Skip shell extension 'powershell' for command environment: Not usable outside of PowerShell
[3.632s] DEBUG:colcon.colcon_core.shell:Skip shell extension 'dsv' for command environment
[4.012s] DEBUG:colcon.colcon_core.event_handler.log_command:Invoking command in '/home/student/anro_24l/inverse_kin': PYTHONPATH=/home/student/anro_24l/build/inverse_kin/prefix_override:/home/student/anro_24l/install/inverse_kin/lib/python3.10/site-packages: /usr/bin/python3 setup.py egg_info --egg-base ../build/inverse_kin build --build-base /home/student/anro_24l/build/inverse_kin/build install --record /home/student/anro_24l/build/inverse_kin/install.log --single-version-externally-managed
[4.025s] DEBUG:colcon.colcon_core.event_handler.log_command:Invoking command in '/home/student/anro_24l/joint_state_publisher/joint_state_publisher_gui': AMENT_PREFIX_PATH=/home/student/anro_24l/install/joint_state_publisher PYTHONPATH=/home/student/anro_24l/build/joint_state_publisher_gui/prefix_override:/home/student/anro_24l/install/joint_state_publisher_gui/lib/python3.10/site-packages:/home/student/anro_24l/install/joint_state_publisher/lib/python3.10/site-packages /usr/bin/python3 setup.py egg_info --egg-base ../../build/joint_state_publisher_gui build --build-base /home/student/anro_24l/build/joint_state_publisher_gui/build install --record /home/student/anro_24l/build/joint_state_publisher_gui/install.log --single-version-externally-managed
[4.038s] DEBUG:colcon.colcon_core.event_handler.log_command:Invoking command in '/home/student/anro_24l/prd1': PYTHONPATH=/home/student/anro_24l/build/prd1/prefix_override:/home/student/anro_24l/install/prd1/lib/python3.10/site-packages: /usr/bin/python3 setup.py egg_info --egg-base ../build/prd1 build --build-base /home/student/anro_24l/build/prd1/build install --record /home/student/anro_24l/build/prd1/install.log --single-version-externally-managed
[4.040s] DEBUG:colcon.colcon_core.event_handler.log_command:Invoking command in '/home/student/anro_24l/lab2': PYTHONPATH=/home/student/anro_24l/build/lab2/prefix_override:/home/student/anro_24l/install/lab2/lib/python3.10/site-packages: /usr/bin/python3 setup.py egg_info --egg-base ../build/lab2 build --build-base /home/student/anro_24l/build/lab2/build install --record /home/student/anro_24l/build/lab2/install.log --single-version-externally-managed
[4.314s] DEBUG:colcon.colcon_core.event_handler.log_command:Invoked command in '/home/student/anro_24l/inverse_kin' returned '0': PYTHONPATH=/home/student/anro_24l/build/inverse_kin/prefix_override:/home/student/anro_24l/install/inverse_kin/lib/python3.10/site-packages: /usr/bin/python3 setup.py egg_info --egg-base ../build/inverse_kin build --build-base /home/student/anro_24l/build/inverse_kin/build install --record /home/student/anro_24l/build/inverse_kin/install.log --single-version-externally-managed
[4.316s] Level 1:colcon.colcon_core.environment:checking '/home/student/anro_24l/install/inverse_kin' for CMake module files
[4.317s] Level 1:colcon.colcon_core.environment:checking '/home/student/anro_24l/install/inverse_kin' for CMake config files
[4.318s] Level 1:colcon.colcon_core.environment:checking '/home/student/anro_24l/install/inverse_kin/lib'
[4.318s] Level 1:colcon.colcon_core.environment:checking '/home/student/anro_24l/install/inverse_kin/bin'
[4.318s] Level 1:colcon.colcon_core.environment:checking '/home/student/anro_24l/install/inverse_kin/lib/pkgconfig/inverse_kin.pc'
[4.318s] Level 1:colcon.colcon_core.environment:checking '/home/student/anro_24l/install/inverse_kin/lib/python3.10/site-packages'
[4.318s] Level 1:colcon.colcon_core.shell:create_environment_hook('inverse_kin', 'pythonpath')
[4.328s] INFO:colcon.colcon_core.shell:Creating environment hook '/home/student/anro_24l/install/inverse_kin/share/inverse_kin/hook/pythonpath.ps1'
[4.328s] INFO:colcon.colcon_core.shell:Creating environment descriptor '/home/student/anro_24l/install/inverse_kin/share/inverse_kin/hook/pythonpath.dsv'
[4.329s] INFO:colcon.colcon_core.shell:Creating environment hook '/home/student/anro_24l/install/inverse_kin/share/inverse_kin/hook/pythonpath.sh'
[4.329s] Level 1:colcon.colcon_core.environment:checking '/home/student/anro_24l/install/inverse_kin/bin'
[4.329s] Level 1:colcon.colcon_core.environment:create_environment_scripts_only(inverse_kin)
[4.339s] INFO:colcon.colcon_core.shell:Creating package script '/home/student/anro_24l/install/inverse_kin/share/inverse_kin/package.ps1'
[4.339s] INFO:colcon.colcon_core.shell:Creating package descriptor '/home/student/anro_24l/install/inverse_kin/share/inverse_kin/package.dsv'
[4.340s] INFO:colcon.colcon_core.shell:Creating package script '/home/student/anro_24l/install/inverse_kin/share/inverse_kin/package.sh'
[4.340s] INFO:colcon.colcon_core.shell:Creating package script '/home/student/anro_24l/install/inverse_kin/share/inverse_kin/package.bash'
[4.341s] INFO:colcon.colcon_core.shell:Creating package script '/home/student/anro_24l/install/inverse_kin/share/inverse_kin/package.zsh'
[4.341s] Level 1:colcon.colcon_core.environment:create_file_with_runtime_dependencies(/home/student/anro_24l/install/inverse_kin/share/colcon-core/packages/inverse_kin)
[4.342s] DEBUG:colcon.colcon_core.event_handler.log_command:Invoked command in '/home/student/anro_24l/joint_state_publisher/joint_state_publisher_gui' returned '0': AMENT_PREFIX_PATH=/home/student/anro_24l/install/joint_state_publisher PYTHONPATH=/home/student/anro_24l/build/joint_state_publisher_gui/prefix_override:/home/student/anro_24l/install/joint_state_publisher_gui/lib/python3.10/site-packages:/home/student/anro_24l/install/joint_state_publisher/lib/python3.10/site-packages /usr/bin/python3 setup.py egg_info --egg-base ../../build/joint_state_publisher_gui build --build-base /home/student/anro_24l/build/joint_state_publisher_gui/build install --record /home/student/anro_24l/build/joint_state_publisher_gui/install.log --single-version-externally-managed
[4.352s] Level 1:colcon.colcon_core.environment:checking '/home/student/anro_24l/install/joint_state_publisher_gui' for CMake module files
[4.352s] Level 1:colcon.colcon_core.environment:checking '/home/student/anro_24l/install/joint_state_publisher_gui' for CMake config files
[4.353s] Level 1:colcon.colcon_core.environment:checking '/home/student/anro_24l/install/joint_state_publisher_gui/lib'
[4.353s] Level 1:colcon.colcon_core.environment:checking '/home/student/anro_24l/install/joint_state_publisher_gui/bin'
[4.353s] Level 1:colcon.colcon_core.environment:checking '/home/student/anro_24l/install/joint_state_publisher_gui/lib/pkgconfig/joint_state_publisher_gui.pc'
[4.353s] Level 1:colcon.colcon_core.environment:checking '/home/student/anro_24l/install/joint_state_publisher_gui/lib/python3.10/site-packages'
[4.353s] Level 1:colcon.colcon_core.shell:create_environment_hook('joint_state_publisher_gui', 'pythonpath')
[4.362s] INFO:colcon.colcon_core.shell:Creating environment hook '/home/student/anro_24l/install/joint_state_publisher_gui/share/joint_state_publisher_gui/hook/pythonpath.ps1'
[4.363s] INFO:colcon.colcon_core.shell:Creating environment descriptor '/home/student/anro_24l/install/joint_state_publisher_gui/share/joint_state_publisher_gui/hook/pythonpath.dsv'
[4.363s] INFO:colcon.colcon_core.shell:Creating environment hook '/home/student/anro_24l/install/joint_state_publisher_gui/share/joint_state_publisher_gui/hook/pythonpath.sh'
[4.364s] Level 1:colcon.colcon_core.environment:checking '/home/student/anro_24l/install/joint_state_publisher_gui/bin'
[4.364s] Level 1:colcon.colcon_core.environment:create_environment_scripts_only(joint_state_publisher_gui)
[4.372s] INFO:colcon.colcon_core.shell:Creating package script '/home/student/anro_24l/install/joint_state_publisher_gui/share/joint_state_publisher_gui/package.ps1'
[4.373s] INFO:colcon.colcon_core.shell:Creating package descriptor '/home/student/anro_24l/install/joint_state_publisher_gui/share/joint_state_publisher_gui/package.dsv'
[4.373s] INFO:colcon.colcon_core.shell:Creating package script '/home/student/anro_24l/install/joint_state_publisher_gui/share/joint_state_publisher_gui/package.sh'
[4.373s] INFO:colcon.colcon_core.shell:Creating package script '/home/student/anro_24l/install/joint_state_publisher_gui/share/joint_state_publisher_gui/package.bash'
[4.374s] INFO:colcon.colcon_core.shell:Creating package script '/home/student/anro_24l/install/joint_state_publisher_gui/share/joint_state_publisher_gui/package.zsh'
[4.374s] Level 1:colcon.colcon_core.environment:create_file_with_runtime_dependencies(/home/student/anro_24l/install/joint_state_publisher_gui/share/colcon-core/packages/joint_state_publisher_gui)
[4.375s] INFO:colcon.colcon_ros.task.ament_cmake.build:Building ROS package in '/home/student/anro_24l/urdf_launch' with build type 'ament_cmake'
[4.375s] INFO:colcon.colcon_cmake.task.cmake.build:Building CMake package in '/home/student/anro_24l/urdf_launch'
[4.384s] INFO:colcon.colcon_core.shell:Skip shell extension 'powershell' for command environment: Not usable outside of PowerShell
[4.384s] DEBUG:colcon.colcon_core.shell:Skip shell extension 'dsv' for command environment
[4.394s] DEBUG:colcon.colcon_core.event_handler.log_command:Invoked command in '/home/student/anro_24l/prd1' returned '0': PYTHONPATH=/home/student/anro_24l/build/prd1/prefix_override:/home/student/anro_24l/install/prd1/lib/python3.10/site-packages: /usr/bin/python3 setup.py egg_info --egg-base ../build/prd1 build --build-base /home/student/anro_24l/build/prd1/build install --record /home/student/anro_24l/build/prd1/install.log --single-version-externally-managed
[4.403s] Level 1:colcon.colcon_core.environment:checking '/home/student/anro_24l/install/prd1' for CMake module files
[4.403s] Level 1:colcon.colcon_core.environment:checking '/home/student/anro_24l/install/prd1' for CMake config files
[4.404s] Level 1:colcon.colcon_core.environment:checking '/home/student/anro_24l/install/prd1/lib'
[4.404s] Level 1:colcon.colcon_core.environment:checking '/home/student/anro_24l/install/prd1/bin'
[4.404s] Level 1:colcon.colcon_core.environment:checking '/home/student/anro_24l/install/prd1/lib/pkgconfig/prd1.pc'
[4.404s] Level 1:colcon.colcon_core.environment:checking '/home/student/anro_24l/install/prd1/lib/python3.10/site-packages'
[4.404s] Level 1:colcon.colcon_core.shell:create_environment_hook('prd1', 'pythonpath')
[4.413s] INFO:colcon.colcon_core.shell:Creating environment hook '/home/student/anro_24l/install/prd1/share/prd1/hook/pythonpath.ps1'
[4.413s] INFO:colcon.colcon_core.shell:Creating environment descriptor '/home/student/anro_24l/install/prd1/share/prd1/hook/pythonpath.dsv'
[4.413s] INFO:colcon.colcon_core.shell:Creating environment hook '/home/student/anro_24l/install/prd1/share/prd1/hook/pythonpath.sh'
[4.414s] Level 1:colcon.colcon_core.environment:checking '/home/student/anro_24l/install/prd1/bin'
[4.414s] Level 1:colcon.colcon_core.environment:create_environment_scripts_only(prd1)
[4.422s] INFO:colcon.colcon_core.shell:Creating package script '/home/student/anro_24l/install/prd1/share/prd1/package.ps1'
[4.423s] INFO:colcon.colcon_core.shell:Creating package descriptor '/home/student/anro_24l/install/prd1/share/prd1/package.dsv'
[4.423s] INFO:colcon.colcon_core.shell:Creating package script '/home/student/anro_24l/install/prd1/share/prd1/package.sh'
[4.423s] INFO:colcon.colcon_core.shell:Creating package script '/home/student/anro_24l/install/prd1/share/prd1/package.bash'
[4.424s] INFO:colcon.colcon_core.shell:Creating package script '/home/student/anro_24l/install/prd1/share/prd1/package.zsh'
[4.424s] Level 1:colcon.colcon_core.environment:create_file_with_runtime_dependencies(/home/student/anro_24l/install/prd1/share/colcon-core/packages/prd1)
[4.425s] DEBUG:colcon.colcon_core.event_handler.log_command:Invoked command in '/home/student/anro_24l/lab2' returned '0': PYTHONPATH=/home/student/anro_24l/build/lab2/prefix_override:/home/student/anro_24l/install/lab2/lib/python3.10/site-packages: /usr/bin/python3 setup.py egg_info --egg-base ../build/lab2 build --build-base /home/student/anro_24l/build/lab2/build install --record /home/student/anro_24l/build/lab2/install.log --single-version-externally-managed
[4.434s] Level 1:colcon.colcon_core.environment:checking '/home/student/anro_24l/install/lab2' for CMake module files
[4.434s] Level 1:colcon.colcon_core.environment:checking '/home/student/anro_24l/install/lab2' for CMake config files
[4.435s] Level 1:colcon.colcon_core.environment:checking '/home/student/anro_24l/install/lab2/lib'
[4.435s] Level 1:colcon.colcon_core.environment:checking '/home/student/anro_24l/install/lab2/bin'
[4.435s] Level 1:colcon.colcon_core.environment:checking '/home/student/anro_24l/install/lab2/lib/pkgconfig/lab2.pc'
[4.435s] Level 1:colcon.colcon_core.environment:checking '/home/student/anro_24l/install/lab2/lib/python3.10/site-packages'
[4.435s] Level 1:colcon.colcon_core.shell:create_environment_hook('lab2', 'pythonpath')
[4.455s] INFO:colcon.colcon_core.shell:Creating environment hook '/home/student/anro_24l/install/lab2/share/lab2/hook/pythonpath.ps1'
[4.456s] INFO:colcon.colcon_core.shell:Creating environment descriptor '/home/student/anro_24l/install/lab2/share/lab2/hook/pythonpath.dsv'
[4.456s] INFO:colcon.colcon_core.shell:Creating environment hook '/home/student/anro_24l/install/lab2/share/lab2/hook/pythonpath.sh'
[4.457s] Level 1:colcon.colcon_core.environment:checking '/home/student/anro_24l/install/lab2/bin'
[4.457s] Level 1:colcon.colcon_core.environment:create_environment_scripts_only(lab2)
[4.465s] INFO:colcon.colcon_core.shell:Creating package script '/home/student/anro_24l/install/lab2/share/lab2/package.ps1'
[4.466s] INFO:colcon.colcon_core.shell:Creating package descriptor '/home/student/anro_24l/install/lab2/share/lab2/package.dsv'
[4.466s] INFO:colcon.colcon_core.shell:Creating package script '/home/student/anro_24l/install/lab2/share/lab2/package.sh'
[4.467s] INFO:colcon.colcon_core.shell:Creating package script '/home/student/anro_24l/install/lab2/share/lab2/package.bash'
[4.467s] INFO:colcon.colcon_core.shell:Creating package script '/home/student/anro_24l/install/lab2/share/lab2/package.zsh'
[4.467s] Level 1:colcon.colcon_core.environment:create_file_with_runtime_dependencies(/home/student/anro_24l/install/lab2/share/colcon-core/packages/lab2)
[4.470s] DEBUG:colcon.colcon_core.event_handler.log_command:Invoking command in '/home/student/anro_24l/build/urdf_launch': AMENT_PREFIX_PATH=/home/student/anro_24l/install/joint_state_publisher_gui:/home/student/anro_24l/install/joint_state_publisher PYTHONPATH=/home/student/anro_24l/install/joint_state_publisher_gui/lib/python3.10/site-packages:/home/student/anro_24l/install/joint_state_publisher/lib/python3.10/site-packages /usr/bin/cmake /home/student/anro_24l/urdf_launch -DCMAKE_INSTALL_PREFIX=/home/student/anro_24l/install/urdf_launch
[4.491s] DEBUG:colcon.colcon_core.event_handler.log_command:Invoked command in '/home/student/anro_24l/build/urdf_launch' returned '1': AMENT_PREFIX_PATH=/home/student/anro_24l/install/joint_state_publisher_gui:/home/student/anro_24l/install/joint_state_publisher PYTHONPATH=/home/student/anro_24l/install/joint_state_publisher_gui/lib/python3.10/site-packages:/home/student/anro_24l/install/joint_state_publisher/lib/python3.10/site-packages /usr/bin/cmake /home/student/anro_24l/urdf_launch -DCMAKE_INSTALL_PREFIX=/home/student/anro_24l/install/urdf_launch
[4.501s] Level 1:colcon.colcon_core.environment:create_environment_scripts_only(urdf_launch)
[4.510s] Level 1:colcon.colcon_core.environment:checking '/home/student/anro_24l/install/urdf_launch' for CMake module files
[4.510s] Level 1:colcon.colcon_core.environment:checking '/home/student/anro_24l/install/urdf_launch' for CMake config files
[4.511s] Level 1:colcon.colcon_core.environment:checking '/home/student/anro_24l/install/urdf_launch/bin'
[4.511s] Level 1:colcon.colcon_core.environment:checking '/home/student/anro_24l/install/urdf_launch/lib/pkgconfig/urdf_launch.pc'
[4.511s] Level 1:colcon.colcon_core.environment:checking '/home/student/anro_24l/install/urdf_launch/lib/python3.10/site-packages'
[4.511s] Level 1:colcon.colcon_core.environment:checking '/home/student/anro_24l/install/urdf_launch/bin'
[4.519s] INFO:colcon.colcon_core.shell:Creating package script '/home/student/anro_24l/install/urdf_launch/share/urdf_launch/package.ps1'
[4.520s] INFO:colcon.colcon_core.shell:Creating package descriptor '/home/student/anro_24l/install/urdf_launch/share/urdf_launch/package.dsv'
[4.520s] INFO:colcon.colcon_core.shell:Creating package script '/home/student/anro_24l/install/urdf_launch/share/urdf_launch/package.sh'
[4.520s] INFO:colcon.colcon_core.shell:Creating package script '/home/student/anro_24l/install/urdf_launch/share/urdf_launch/package.bash'
[4.521s] INFO:colcon.colcon_core.shell:Creating package script '/home/student/anro_24l/install/urdf_launch/share/urdf_launch/package.zsh'
[4.521s] Level 1:colcon.colcon_core.environment:create_file_with_runtime_dependencies(/home/student/anro_24l/install/urdf_launch/share/colcon-core/packages/urdf_launch)
[4.531s] DEBUG:colcon.colcon_parallel_executor.executor.parallel:closing loop
[4.532s] DEBUG:colcon.colcon_parallel_executor.executor.parallel:loop closed
[4.532s] DEBUG:colcon.colcon_parallel_executor.executor.parallel:run_until_complete finished with '1'
[4.532s] DEBUG:colcon.colcon_core.event_reactor:joining thread
[4.545s] INFO:colcon.colcon_core.plugin_system:Skipping extension 'colcon_notification.desktop_notification.terminal_notifier': Not used on non-Darwin systems
[4.545s] INFO:colcon.colcon_core.plugin_system:Skipping extension 'colcon_notification.desktop_notification.win32': Not used on non-Windows systems
[4.545s] INFO:colcon.colcon_notification.desktop_notification:Sending desktop notification using 'notify2'
[4.556s] DEBUG:colcon.colcon_core.event_reactor:joined thread
[4.565s] INFO:colcon.colcon_core.shell:Creating prefix script '/home/student/anro_24l/install/local_setup.ps1'
[4.566s] INFO:colcon.colcon_core.shell:Creating prefix util module '/home/student/anro_24l/install/_local_setup_util_ps1.py'
[4.567s] INFO:colcon.colcon_core.shell:Creating prefix chain script '/home/student/anro_24l/install/setup.ps1'
[4.576s] INFO:colcon.colcon_core.shell:Creating prefix script '/home/student/anro_24l/install/local_setup.sh'
[4.576s] INFO:colcon.colcon_core.shell:Creating prefix util module '/home/student/anro_24l/install/_local_setup_util_sh.py'
[4.577s] INFO:colcon.colcon_core.shell:Creating prefix chain script '/home/student/anro_24l/install/setup.sh'
[4.586s] INFO:colcon.colcon_core.shell:Creating prefix script '/home/student/anro_24l/install/local_setup.bash'
[4.587s] INFO:colcon.colcon_core.shell:Creating prefix chain script '/home/student/anro_24l/install/setup.bash'
[4.595s] INFO:colcon.colcon_core.shell:Creating prefix script '/home/student/anro_24l/install/local_setup.zsh'
[4.596s] INFO:colcon.colcon_core.shell:Creating prefix chain script '/home/student/anro_24l/install/setup.zsh'
