running egg_info
creating ../build/prd1/prd1.egg-info
writing ../build/prd1/prd1.egg-info/PKG-INFO
writing dependency_links to ../build/prd1/prd1.egg-info/dependency_links.txt
writing entry points to ../build/prd1/prd1.egg-info/entry_points.txt
writing requirements to ../build/prd1/prd1.egg-info/requires.txt
writing top-level names to ../build/prd1/prd1.egg-info/top_level.txt
writing manifest file '../build/prd1/prd1.egg-info/SOURCES.txt'
reading manifest file '../build/prd1/prd1.egg-info/SOURCES.txt'
writing manifest file '../build/prd1/prd1.egg-info/SOURCES.txt'
running build
running build_py
creating /home/tp03/anro_ws/src/build/prd1/build
creating /home/tp03/anro_ws/src/build/prd1/build/lib
creating /home/tp03/anro_ws/src/build/prd1/build/lib/prd1
copying prd1/__init__.py -> /home/tp03/anro_ws/src/build/prd1/build/lib/prd1
copying prd1/turtle_tango.py -> /home/tp03/anro_ws/src/build/prd1/build/lib/prd1
running install
running install_lib
creating /home/tp03/anro_ws/src/install/prd1/lib/python3.10/site-packages/prd1
copying /home/tp03/anro_ws/src/build/prd1/build/lib/prd1/__init__.py -> /home/tp03/anro_ws/src/install/prd1/lib/python3.10/site-packages/prd1
copying /home/tp03/anro_ws/src/build/prd1/build/lib/prd1/turtle_tango.py -> /home/tp03/anro_ws/src/install/prd1/lib/python3.10/site-packages/prd1
byte-compiling /home/tp03/anro_ws/src/install/prd1/lib/python3.10/site-packages/prd1/__init__.py to __init__.cpython-310.pyc
byte-compiling /home/tp03/anro_ws/src/install/prd1/lib/python3.10/site-packages/prd1/turtle_tango.py to turtle_tango.cpython-310.pyc
running install_data
creating /home/tp03/anro_ws/src/install/prd1/share/ament_index
creating /home/tp03/anro_ws/src/install/prd1/share/ament_index/resource_index
creating /home/tp03/anro_ws/src/install/prd1/share/ament_index/resource_index/packages
copying resource/prd1 -> /home/tp03/anro_ws/src/install/prd1/share/ament_index/resource_index/packages
copying package.xml -> /home/tp03/anro_ws/src/install/prd1/share/prd1
creating /home/tp03/anro_ws/src/install/prd1/share/prd1/launch
copying launch/prd1_launch.py -> /home/tp03/anro_ws/src/install/prd1/share/prd1/launch
running install_egg_info
Copying ../build/prd1/prd1.egg-info to /home/tp03/anro_ws/src/install/prd1/lib/python3.10/site-packages/prd1-0.0.0-py3.10.egg-info
running install_scripts
Installing skż script to /home/tp03/anro_ws/src/install/prd1/lib/prd1
writing list of installed files to '/home/tp03/anro_ws/src/build/prd1/install.log'
