[0.757s] Invoking command in '/home/tp03/anro_ws/src/prd1': PYTHONPATH=/home/tp03/anro_ws/src/build/prd1/prefix_override:/home/tp03/anro_ws/src/install/prd1/lib/python3.10/site-packages:${PYTHONPATH} /usr/bin/python3 setup.py egg_info --egg-base ../build/prd1 build --build-base /home/tp03/anro_ws/src/build/prd1/build install --record /home/tp03/anro_ws/src/build/prd1/install.log --single-version-externally-managed
[0.930s] running egg_info
[0.931s] creating ../build/prd1/prd1.egg-info
[0.931s] writing ../build/prd1/prd1.egg-info/PKG-INFO
[0.931s] writing dependency_links to ../build/prd1/prd1.egg-info/dependency_links.txt
[0.931s] writing entry points to ../build/prd1/prd1.egg-info/entry_points.txt
[0.931s] writing requirements to ../build/prd1/prd1.egg-info/requires.txt
[0.931s] writing top-level names to ../build/prd1/prd1.egg-info/top_level.txt
[0.932s] writing manifest file '../build/prd1/prd1.egg-info/SOURCES.txt'
[0.933s] reading manifest file '../build/prd1/prd1.egg-info/SOURCES.txt'
[0.934s] writing manifest file '../build/prd1/prd1.egg-info/SOURCES.txt'
[0.934s] running build
[0.934s] running build_py
[0.934s] creating /home/tp03/anro_ws/src/build/prd1/build
[0.934s] creating /home/tp03/anro_ws/src/build/prd1/build/lib
[0.934s] creating /home/tp03/anro_ws/src/build/prd1/build/lib/prd1
[0.934s] copying prd1/__init__.py -> /home/tp03/anro_ws/src/build/prd1/build/lib/prd1
[0.935s] copying prd1/turtle_tango.py -> /home/tp03/anro_ws/src/build/prd1/build/lib/prd1
[0.935s] running install
[0.936s] /usr/lib/python3/dist-packages/setuptools/command/install.py:34: SetuptoolsDeprecationWarning: setup.py install is deprecated. Use build and pip and other standards-based tools.
[0.936s]   warnings.warn(
[0.936s] running install_lib
[0.936s] creating /home/tp03/anro_ws/src/install/prd1/lib/python3.10/site-packages/prd1
[0.936s] copying /home/tp03/anro_ws/src/build/prd1/build/lib/prd1/__init__.py -> /home/tp03/anro_ws/src/install/prd1/lib/python3.10/site-packages/prd1
[0.936s] copying /home/tp03/anro_ws/src/build/prd1/build/lib/prd1/turtle_tango.py -> /home/tp03/anro_ws/src/install/prd1/lib/python3.10/site-packages/prd1
[0.936s] byte-compiling /home/tp03/anro_ws/src/install/prd1/lib/python3.10/site-packages/prd1/__init__.py to __init__.cpython-310.pyc
[0.936s] byte-compiling /home/tp03/anro_ws/src/install/prd1/lib/python3.10/site-packages/prd1/turtle_tango.py to turtle_tango.cpython-310.pyc
[0.937s] running install_data
[0.937s] creating /home/tp03/anro_ws/src/install/prd1/share/ament_index
[0.937s] creating /home/tp03/anro_ws/src/install/prd1/share/ament_index/resource_index
[0.938s] creating /home/tp03/anro_ws/src/install/prd1/share/ament_index/resource_index/packages
[0.938s] copying resource/prd1 -> /home/tp03/anro_ws/src/install/prd1/share/ament_index/resource_index/packages
[0.938s] copying package.xml -> /home/tp03/anro_ws/src/install/prd1/share/prd1
[0.938s] creating /home/tp03/anro_ws/src/install/prd1/share/prd1/launch
[0.938s] copying launch/prd1_launch.py -> /home/tp03/anro_ws/src/install/prd1/share/prd1/launch
[0.938s] running install_egg_info
[0.940s] Copying ../build/prd1/prd1.egg-info to /home/tp03/anro_ws/src/install/prd1/lib/python3.10/site-packages/prd1-0.0.0-py3.10.egg-info
[0.940s] running install_scripts
[0.970s] Installing skż script to /home/tp03/anro_ws/src/install/prd1/lib/prd1
[0.970s] writing list of installed files to '/home/tp03/anro_ws/src/build/prd1/install.log'
[0.987s] Invoked command in '/home/tp03/anro_ws/src/prd1' returned '0': PYTHONPATH=/home/tp03/anro_ws/src/build/prd1/prefix_override:/home/tp03/anro_ws/src/install/prd1/lib/python3.10/site-packages:${PYTHONPATH} /usr/bin/python3 setup.py egg_info --egg-base ../build/prd1 build --build-base /home/tp03/anro_ws/src/build/prd1/build install --record /home/tp03/anro_ws/src/build/prd1/install.log --single-version-externally-managed
