running egg_info
writing ../build/inverse_kin/inverse_kin.egg-info/PKG-INFO
writing dependency_links to ../build/inverse_kin/inverse_kin.egg-info/dependency_links.txt
writing entry points to ../build/inverse_kin/inverse_kin.egg-info/entry_points.txt
writing requirements to ../build/inverse_kin/inverse_kin.egg-info/requires.txt
writing top-level names to ../build/inverse_kin/inverse_kin.egg-info/top_level.txt
reading manifest file '../build/inverse_kin/inverse_kin.egg-info/SOURCES.txt'
writing manifest file '../build/inverse_kin/inverse_kin.egg-info/SOURCES.txt'
running build
running build_py
copying inverse_kin/inverse_kin.py -> /home/student/anro_24l/build/inverse_kin/build/lib/inverse_kin
running install
running install_lib
copying /home/student/anro_24l/build/inverse_kin/build/lib/inverse_kin/inverse_kin.py -> /home/student/anro_24l/install/inverse_kin/lib/python3.10/site-packages/inverse_kin
byte-compiling /home/student/anro_24l/install/inverse_kin/lib/python3.10/site-packages/inverse_kin/inverse_kin.py to inverse_kin.cpython-310.pyc
running install_data
running install_egg_info
removing '/home/student/anro_24l/install/inverse_kin/lib/python3.10/site-packages/inverse_kin-0.0.0-py3.10.egg-info' (and everything under it)
Copying ../build/inverse_kin/inverse_kin.egg-info to /home/student/anro_24l/install/inverse_kin/lib/python3.10/site-packages/inverse_kin-0.0.0-py3.10.egg-info
running install_scripts
Installing inverse_kin script to /home/student/anro_24l/install/inverse_kin/lib/inverse_kin
writing list of installed files to '/home/student/anro_24l/build/inverse_kin/install.log'
