[1.334s] Invoking command in '/home/student/anro_24l/inverse_kin': PYTHONPATH=/home/student/anro_24l/build/inverse_kin/prefix_override:/home/student/anro_24l/install/inverse_kin/lib/python3.10/site-packages: /usr/bin/python3 setup.py egg_info --egg-base ../build/inverse_kin build --build-base /home/student/anro_24l/build/inverse_kin/build install --record /home/student/anro_24l/build/inverse_kin/install.log --single-version-externally-managed
[1.547s] running egg_info
[1.547s] writing ../build/inverse_kin/inverse_kin.egg-info/PKG-INFO
[1.548s] writing dependency_links to ../build/inverse_kin/inverse_kin.egg-info/dependency_links.txt
[1.548s] writing entry points to ../build/inverse_kin/inverse_kin.egg-info/entry_points.txt
[1.548s] writing requirements to ../build/inverse_kin/inverse_kin.egg-info/requires.txt
[1.548s] writing top-level names to ../build/inverse_kin/inverse_kin.egg-info/top_level.txt
[1.550s] reading manifest file '../build/inverse_kin/inverse_kin.egg-info/SOURCES.txt'
[1.551s] writing manifest file '../build/inverse_kin/inverse_kin.egg-info/SOURCES.txt'
[1.551s] running build
[1.551s] running build_py
[1.551s] copying inverse_kin/inverse_kin.py -> /home/student/anro_24l/build/inverse_kin/build/lib/inverse_kin
[1.552s] running install
[1.552s] running install_lib
[1.553s] copying /home/student/anro_24l/build/inverse_kin/build/lib/inverse_kin/inverse_kin.py -> /home/student/anro_24l/install/inverse_kin/lib/python3.10/site-packages/inverse_kin
[1.553s] byte-compiling /home/student/anro_24l/install/inverse_kin/lib/python3.10/site-packages/inverse_kin/inverse_kin.py to inverse_kin.cpython-310.pyc
[1.554s] running install_data
[1.555s] running install_egg_info
[1.556s] removing '/home/student/anro_24l/install/inverse_kin/lib/python3.10/site-packages/inverse_kin-0.0.0-py3.10.egg-info' (and everything under it)
[1.561s] Copying ../build/inverse_kin/inverse_kin.egg-info to /home/student/anro_24l/install/inverse_kin/lib/python3.10/site-packages/inverse_kin-0.0.0-py3.10.egg-info
[1.562s] running install_scripts
[1.583s] Installing inverse_kin script to /home/student/anro_24l/install/inverse_kin/lib/inverse_kin
[1.583s] writing list of installed files to '/home/student/anro_24l/build/inverse_kin/install.log'
[1.637s] Invoked command in '/home/student/anro_24l/inverse_kin' returned '0': PYTHONPATH=/home/student/anro_24l/build/inverse_kin/prefix_override:/home/student/anro_24l/install/inverse_kin/lib/python3.10/site-packages: /usr/bin/python3 setup.py egg_info --egg-base ../build/inverse_kin build --build-base /home/student/anro_24l/build/inverse_kin/build install --record /home/student/anro_24l/build/inverse_kin/install.log --single-version-externally-managed
