[2.337s] Invoking command in '/home/student/anro_24l/lab2': PYTHONPATH=/home/student/anro_24l/build/lab2/prefix_override:/home/student/anro_24l/install/lab2/lib/python3.10/site-packages:${PYTHONPATH} /usr/bin/python3 setup.py egg_info --egg-base ../build/lab2 build --build-base /home/student/anro_24l/build/lab2/build install --record /home/student/anro_24l/build/lab2/install.log --single-version-externally-managed
[2.699s] running egg_info
[2.701s] writing ../build/lab2/lab2.egg-info/PKG-INFO
[2.702s] writing dependency_links to ../build/lab2/lab2.egg-info/dependency_links.txt
[2.702s] writing entry points to ../build/lab2/lab2.egg-info/entry_points.txt
[2.703s] writing requirements to ../build/lab2/lab2.egg-info/requires.txt
[2.703s] writing top-level names to ../build/lab2/lab2.egg-info/top_level.txt
[2.707s] reading manifest file '../build/lab2/lab2.egg-info/SOURCES.txt'
[2.707s] adding license file 'LICENSE'
[2.708s] writing manifest file '../build/lab2/lab2.egg-info/SOURCES.txt'
[2.708s] running build
[2.708s] running build_py
[2.709s] running install
[2.710s] running install_lib
[2.717s] running install_data
[2.717s] running install_egg_info
[2.719s] removing '/home/student/anro_24l/install/lab2/lib/python3.10/site-packages/lab2-0.0.0-py3.10.egg-info' (and everything under it)
[2.725s] Copying ../build/lab2/lab2.egg-info to /home/student/anro_24l/install/lab2/lib/python3.10/site-packages/lab2-0.0.0-py3.10.egg-info
[2.725s] running install_scripts
[2.745s] Installing pick_place = lab2.pick_place:maintower_builder script to /home/student/anro_24l/install/lab2/lib/lab2
[2.745s] writing list of installed files to '/home/student/anro_24l/build/lab2/install.log'
[2.876s] Invoked command in '/home/student/anro_24l/lab2' returned '0': PYTHONPATH=/home/student/anro_24l/build/lab2/prefix_override:/home/student/anro_24l/install/lab2/lib/python3.10/site-packages:${PYTHONPATH} /usr/bin/python3 setup.py egg_info --egg-base ../build/lab2 build --build-base /home/student/anro_24l/build/lab2/build install --record /home/student/anro_24l/build/lab2/install.log --single-version-externally-managed
