[1.336s] Invoking command in '/home/student/anro_24l/lab2': PYTHONPATH=/home/student/anro_24l/build/lab2/prefix_override:/home/student/anro_24l/install/lab2/lib/python3.10/site-packages: /usr/bin/python3 setup.py egg_info --egg-base ../build/lab2 build --build-base /home/student/anro_24l/build/lab2/build install --record /home/student/anro_24l/build/lab2/install.log --single-version-externally-managed
[1.557s] running egg_info
[1.558s] writing ../build/lab2/lab2.egg-info/PKG-INFO
[1.558s] writing dependency_links to ../build/lab2/lab2.egg-info/dependency_links.txt
[1.559s] writing entry points to ../build/lab2/lab2.egg-info/entry_points.txt
[1.559s] writing requirements to ../build/lab2/lab2.egg-info/requires.txt
[1.559s] writing top-level names to ../build/lab2/lab2.egg-info/top_level.txt
[1.562s] reading manifest file '../build/lab2/lab2.egg-info/SOURCES.txt'
[1.562s] adding license file 'LICENSE'
[1.563s] writing manifest file '../build/lab2/lab2.egg-info/SOURCES.txt'
[1.563s] running build
[1.563s] running build_py
[1.564s] running install
[1.564s] running install_lib
[1.566s] running install_data
[1.566s] running install_egg_info
[1.568s] removing '/home/student/anro_24l/install/lab2/lib/python3.10/site-packages/lab2-0.0.0-py3.10.egg-info' (and everything under it)
[1.569s] Copying ../build/lab2/lab2.egg-info to /home/student/anro_24l/install/lab2/lib/python3.10/site-packages/lab2-0.0.0-py3.10.egg-info
[1.570s] running install_scripts
[1.597s] Installing pick_place = lab2.pick_place:maintower_builder script to /home/student/anro_24l/install/lab2/lib/lab2
[1.598s] writing list of installed files to '/home/student/anro_24l/build/lab2/install.log'
[1.721s] Invoked command in '/home/student/anro_24l/lab2' returned '0': PYTHONPATH=/home/student/anro_24l/build/lab2/prefix_override:/home/student/anro_24l/install/lab2/lib/python3.10/site-packages: /usr/bin/python3 setup.py egg_info --egg-base ../build/lab2 build --build-base /home/student/anro_24l/build/lab2/build install --record /home/student/anro_24l/build/lab2/install.log --single-version-externally-managed
