[0.096s] Invoking command in '/home/student/anro_ws/src/build/urdf_tutorial': AMENT_PREFIX_PATH=/home/student/anro_ws/src/install/urdf_launch:/home/student/anro_ws/src/install/joint_state_publisher_gui:/home/student/anro_ws/src/install/joint_state_publisher:${AMENT_PREFIX_PATH} CMAKE_PREFIX_PATH=/home/student/anro_ws/src/install/urdf_launch:/home/student/anro_ws/install/urdf_tutorial:/home/student/anro_ws/install/urdf_launch:/opt/dobot_anro_system/install/dobot_msgs:/opt/dobot_anro_system/install/dobot_driver:/home/student/anro_ws/install/prd1:/home/student/anro_ws/install/lab2:/home/student/anro_ws/install/joint_state_publisher_gui:/home/student/anro_ws/install/joint_state_publisher:/home/student/anro_ws/install/inverse_kin:/home/student/anro_ws/install/angle_translator:/home/student/anro_ws/install/ForwardKin:/opt/dobot_anro_system/install/dobot_state_updater:/opt/dobot_anro_system/install/dobot_motion:/opt/dobot_anro_system/install/dobot_homing:/opt/dobot_anro_system/install/dobot_end_effector:/opt/dobot_anro_system/install/dobot_diagnostics:/opt/dobot_anro_system/install/dobot_control_panel:/opt/dobot_anro_system/install/dobot_bringup:/opt/ros/humble PYTHONPATH=/home/student/anro_ws/src/install/joint_state_publisher_gui/lib/python3.10/site-packages:/home/student/anro_ws/src/install/joint_state_publisher/lib/python3.10/site-packages:${PYTHONPATH} /usr/bin/cmake /home/student/anro_ws/src/urdf_tutorial -DCMAKE_INSTALL_PREFIX=/home/student/anro_ws/src/install/urdf_tutorial
[0.153s] -- The C compiler identification is GNU 11.4.0
[0.206s] -- The CXX compiler identification is GNU 11.4.0
[0.213s] -- Detecting C compiler ABI info
[0.277s] -- Detecting C compiler ABI info - done
[0.285s] -- Check for working C compiler: /usr/bin/cc - skipped
[0.285s] -- Detecting C compile features
[0.285s] -- Detecting C compile features - done
[0.288s] -- Detecting CXX compiler ABI info
[0.363s] -- Detecting CXX compiler ABI info - done
[0.370s] -- Check for working CXX compiler: /usr/bin/c++ - skipped
[0.370s] -- Detecting CXX compile features
[0.371s] -- Detecting CXX compile features - done
[0.374s] -- Found ament_cmake: 1.3.7 (/opt/ros/humble/share/ament_cmake/cmake)
[0.572s] -- Found Python3: /usr/bin/python3.10 (found version "3.10.12") found components: Interpreter 
[0.695s] -- Found ament_lint_auto: 0.12.10 (/opt/ros/humble/share/ament_lint_auto/cmake)
[0.776s] -- Configuring done
[0.780s] -- Generating done
[0.781s] -- Build files have been written to: /home/student/anro_ws/src/build/urdf_tutorial
[0.785s] Invoked command in '/home/student/anro_ws/src/build/urdf_tutorial' returned '0': AMENT_PREFIX_PATH=/home/student/anro_ws/src/install/urdf_launch:/home/student/anro_ws/src/install/joint_state_publisher_gui:/home/student/anro_ws/src/install/joint_state_publisher:${AMENT_PREFIX_PATH} CMAKE_PREFIX_PATH=/home/student/anro_ws/src/install/urdf_launch:/home/student/anro_ws/install/urdf_tutorial:/home/student/anro_ws/install/urdf_launch:/opt/dobot_anro_system/install/dobot_msgs:/opt/dobot_anro_system/install/dobot_driver:/home/student/anro_ws/install/prd1:/home/student/anro_ws/install/lab2:/home/student/anro_ws/install/joint_state_publisher_gui:/home/student/anro_ws/install/joint_state_publisher:/home/student/anro_ws/install/inverse_kin:/home/student/anro_ws/install/angle_translator:/home/student/anro_ws/install/ForwardKin:/opt/dobot_anro_system/install/dobot_state_updater:/opt/dobot_anro_system/install/dobot_motion:/opt/dobot_anro_system/install/dobot_homing:/opt/dobot_anro_system/install/dobot_end_effector:/opt/dobot_anro_system/install/dobot_diagnostics:/opt/dobot_anro_system/install/dobot_control_panel:/opt/dobot_anro_system/install/dobot_bringup:/opt/ros/humble PYTHONPATH=/home/student/anro_ws/src/install/joint_state_publisher_gui/lib/python3.10/site-packages:/home/student/anro_ws/src/install/joint_state_publisher/lib/python3.10/site-packages:${PYTHONPATH} /usr/bin/cmake /home/student/anro_ws/src/urdf_tutorial -DCMAKE_INSTALL_PREFIX=/home/student/anro_ws/src/install/urdf_tutorial
[0.787s] Invoking command in '/home/student/anro_ws/src/build/urdf_tutorial': AMENT_PREFIX_PATH=/home/student/anro_ws/src/install/urdf_launch:/home/student/anro_ws/src/install/joint_state_publisher_gui:/home/student/anro_ws/src/install/joint_state_publisher:${AMENT_PREFIX_PATH} CMAKE_PREFIX_PATH=/home/student/anro_ws/src/install/urdf_launch:/home/student/anro_ws/install/urdf_tutorial:/home/student/anro_ws/install/urdf_launch:/opt/dobot_anro_system/install/dobot_msgs:/opt/dobot_anro_system/install/dobot_driver:/home/student/anro_ws/install/prd1:/home/student/anro_ws/install/lab2:/home/student/anro_ws/install/joint_state_publisher_gui:/home/student/anro_ws/install/joint_state_publisher:/home/student/anro_ws/install/inverse_kin:/home/student/anro_ws/install/angle_translator:/home/student/anro_ws/install/ForwardKin:/opt/dobot_anro_system/install/dobot_state_updater:/opt/dobot_anro_system/install/dobot_motion:/opt/dobot_anro_system/install/dobot_homing:/opt/dobot_anro_system/install/dobot_end_effector:/opt/dobot_anro_system/install/dobot_diagnostics:/opt/dobot_anro_system/install/dobot_control_panel:/opt/dobot_anro_system/install/dobot_bringup:/opt/ros/humble PYTHONPATH=/home/student/anro_ws/src/install/joint_state_publisher_gui/lib/python3.10/site-packages:/home/student/anro_ws/src/install/joint_state_publisher/lib/python3.10/site-packages:${PYTHONPATH} /usr/bin/cmake --build /home/student/anro_ws/src/build/urdf_tutorial -- -j4 -l4
[0.824s] Invoked command in '/home/student/anro_ws/src/build/urdf_tutorial' returned '0': AMENT_PREFIX_PATH=/home/student/anro_ws/src/install/urdf_launch:/home/student/anro_ws/src/install/joint_state_publisher_gui:/home/student/anro_ws/src/install/joint_state_publisher:${AMENT_PREFIX_PATH} CMAKE_PREFIX_PATH=/home/student/anro_ws/src/install/urdf_launch:/home/student/anro_ws/install/urdf_tutorial:/home/student/anro_ws/install/urdf_launch:/opt/dobot_anro_system/install/dobot_msgs:/opt/dobot_anro_system/install/dobot_driver:/home/student/anro_ws/install/prd1:/home/student/anro_ws/install/lab2:/home/student/anro_ws/install/joint_state_publisher_gui:/home/student/anro_ws/install/joint_state_publisher:/home/student/anro_ws/install/inverse_kin:/home/student/anro_ws/install/angle_translator:/home/student/anro_ws/install/ForwardKin:/opt/dobot_anro_system/install/dobot_state_updater:/opt/dobot_anro_system/install/dobot_motion:/opt/dobot_anro_system/install/dobot_homing:/opt/dobot_anro_system/install/dobot_end_effector:/opt/dobot_anro_system/install/dobot_diagnostics:/opt/dobot_anro_system/install/dobot_control_panel:/opt/dobot_anro_system/install/dobot_bringup:/opt/ros/humble PYTHONPATH=/home/student/anro_ws/src/install/joint_state_publisher_gui/lib/python3.10/site-packages:/home/student/anro_ws/src/install/joint_state_publisher/lib/python3.10/site-packages:${PYTHONPATH} /usr/bin/cmake --build /home/student/anro_ws/src/build/urdf_tutorial -- -j4 -l4
[0.846s] Invoking command in '/home/student/anro_ws/src/build/urdf_tutorial': AMENT_PREFIX_PATH=/home/student/anro_ws/src/install/urdf_launch:/home/student/anro_ws/src/install/joint_state_publisher_gui:/home/student/anro_ws/src/install/joint_state_publisher:${AMENT_PREFIX_PATH} CMAKE_PREFIX_PATH=/home/student/anro_ws/src/install/urdf_launch:/home/student/anro_ws/install/urdf_tutorial:/home/student/anro_ws/install/urdf_launch:/opt/dobot_anro_system/install/dobot_msgs:/opt/dobot_anro_system/install/dobot_driver:/home/student/anro_ws/install/prd1:/home/student/anro_ws/install/lab2:/home/student/anro_ws/install/joint_state_publisher_gui:/home/student/anro_ws/install/joint_state_publisher:/home/student/anro_ws/install/inverse_kin:/home/student/anro_ws/install/angle_translator:/home/student/anro_ws/install/ForwardKin:/opt/dobot_anro_system/install/dobot_state_updater:/opt/dobot_anro_system/install/dobot_motion:/opt/dobot_anro_system/install/dobot_homing:/opt/dobot_anro_system/install/dobot_end_effector:/opt/dobot_anro_system/install/dobot_diagnostics:/opt/dobot_anro_system/install/dobot_control_panel:/opt/dobot_anro_system/install/dobot_bringup:/opt/ros/humble PYTHONPATH=/home/student/anro_ws/src/install/joint_state_publisher_gui/lib/python3.10/site-packages:/home/student/anro_ws/src/install/joint_state_publisher/lib/python3.10/site-packages:${PYTHONPATH} /usr/bin/cmake --install /home/student/anro_ws/src/build/urdf_tutorial
[0.854s] -- Install configuration: ""
[0.854s] -- Installing: /home/student/anro_ws/src/install/urdf_tutorial/share/urdf_tutorial/images
[0.854s] -- Installing: /home/student/anro_ws/src/install/urdf_tutorial/share/urdf_tutorial/images/multipleshapes.png
[0.855s] -- Installing: /home/student/anro_ws/src/install/urdf_tutorial/share/urdf_tutorial/images/visual.png
[0.855s] -- Installing: /home/student/anro_ws/src/install/urdf_tutorial/share/urdf_tutorial/images/flexible.png
[0.855s] -- Installing: /home/student/anro_ws/src/install/urdf_tutorial/share/urdf_tutorial/images/origins.png
[0.855s] -- Installing: /home/student/anro_ws/src/install/urdf_tutorial/share/urdf_tutorial/images/materials.png
[0.855s] -- Installing: /home/student/anro_ws/src/install/urdf_tutorial/share/urdf_tutorial/images/myfirst.png
[0.856s] -- Installing: /home/student/anro_ws/src/install/urdf_tutorial/share/urdf_tutorial/launch
[0.856s] -- Installing: /home/student/anro_ws/src/install/urdf_tutorial/share/urdf_tutorial/launch/display.launch.py
[0.856s] -- Installing: /home/student/anro_ws/src/install/urdf_tutorial/share/urdf_tutorial/meshes
[0.856s] -- Installing: /home/student/anro_ws/src/install/urdf_tutorial/share/urdf_tutorial/meshes/l_finger.dae
[0.856s] -- Installing: /home/student/anro_ws/src/install/urdf_tutorial/share/urdf_tutorial/meshes/l_finger_color.png
[0.856s] -- Installing: /home/student/anro_ws/src/install/urdf_tutorial/share/urdf_tutorial/meshes/l_finger_tip_color.png
[0.856s] -- Installing: /home/student/anro_ws/src/install/urdf_tutorial/share/urdf_tutorial/meshes/l_finger_tip.dae
[0.857s] -- Installing: /home/student/anro_ws/src/install/urdf_tutorial/share/urdf_tutorial/rviz
[0.857s] -- Installing: /home/student/anro_ws/src/install/urdf_tutorial/share/urdf_tutorial/rviz/urdf.rviz
[0.857s] -- Installing: /home/student/anro_ws/src/install/urdf_tutorial/share/urdf_tutorial/urdf
[0.857s] -- Installing: /home/student/anro_ws/src/install/urdf_tutorial/share/urdf_tutorial/urdf/dobot.urdf
[0.857s] -- Installing: /home/student/anro_ws/src/install/urdf_tutorial/share/urdf_tutorial/urdf/dobot.urdf.xacro
[0.857s] -- Installing: /home/student/anro_ws/src/install/urdf_tutorial/share/urdf_tutorial/urdf/dobot_visual.urdf.xacro
[0.857s] -- Installing: /home/student/anro_ws/src/install/urdf_tutorial/share/ament_index/resource_index/package_run_dependencies/urdf_tutorial
[0.857s] -- Installing: /home/student/anro_ws/src/install/urdf_tutorial/share/ament_index/resource_index/parent_prefix_path/urdf_tutorial
[0.858s] -- Installing: /home/student/anro_ws/src/install/urdf_tutorial/share/urdf_tutorial/environment/ament_prefix_path.sh
[0.858s] -- Installing: /home/student/anro_ws/src/install/urdf_tutorial/share/urdf_tutorial/environment/ament_prefix_path.dsv
[0.858s] -- Installing: /home/student/anro_ws/src/install/urdf_tutorial/share/urdf_tutorial/environment/path.sh
[0.858s] -- Installing: /home/student/anro_ws/src/install/urdf_tutorial/share/urdf_tutorial/environment/path.dsv
[0.858s] -- Installing: /home/student/anro_ws/src/install/urdf_tutorial/share/urdf_tutorial/local_setup.bash
[0.858s] -- Installing: /home/student/anro_ws/src/install/urdf_tutorial/share/urdf_tutorial/local_setup.sh
[0.858s] -- Installing: /home/student/anro_ws/src/install/urdf_tutorial/share/urdf_tutorial/local_setup.zsh
[0.859s] -- Installing: /home/student/anro_ws/src/install/urdf_tutorial/share/urdf_tutorial/local_setup.dsv
[0.859s] -- Installing: /home/student/anro_ws/src/install/urdf_tutorial/share/urdf_tutorial/package.dsv
[0.859s] -- Installing: /home/student/anro_ws/src/install/urdf_tutorial/share/ament_index/resource_index/packages/urdf_tutorial
[0.859s] -- Installing: /home/student/anro_ws/src/install/urdf_tutorial/share/urdf_tutorial/cmake/urdf_tutorialConfig.cmake
[0.859s] -- Installing: /home/student/anro_ws/src/install/urdf_tutorial/share/urdf_tutorial/cmake/urdf_tutorialConfig-version.cmake
[0.859s] -- Installing: /home/student/anro_ws/src/install/urdf_tutorial/share/urdf_tutorial/package.xml
[0.861s] Invoked command in '/home/student/anro_ws/src/build/urdf_tutorial' returned '0': AMENT_PREFIX_PATH=/home/student/anro_ws/src/install/urdf_launch:/home/student/anro_ws/src/install/joint_state_publisher_gui:/home/student/anro_ws/src/install/joint_state_publisher:${AMENT_PREFIX_PATH} CMAKE_PREFIX_PATH=/home/student/anro_ws/src/install/urdf_launch:/home/student/anro_ws/install/urdf_tutorial:/home/student/anro_ws/install/urdf_launch:/opt/dobot_anro_system/install/dobot_msgs:/opt/dobot_anro_system/install/dobot_driver:/home/student/anro_ws/install/prd1:/home/student/anro_ws/install/lab2:/home/student/anro_ws/install/joint_state_publisher_gui:/home/student/anro_ws/install/joint_state_publisher:/home/student/anro_ws/install/inverse_kin:/home/student/anro_ws/install/angle_translator:/home/student/anro_ws/install/ForwardKin:/opt/dobot_anro_system/install/dobot_state_updater:/opt/dobot_anro_system/install/dobot_motion:/opt/dobot_anro_system/install/dobot_homing:/opt/dobot_anro_system/install/dobot_end_effector:/opt/dobot_anro_system/install/dobot_diagnostics:/opt/dobot_anro_system/install/dobot_control_panel:/opt/dobot_anro_system/install/dobot_bringup:/opt/ros/humble PYTHONPATH=/home/student/anro_ws/src/install/joint_state_publisher_gui/lib/python3.10/site-packages:/home/student/anro_ws/src/install/joint_state_publisher/lib/python3.10/site-packages:${PYTHONPATH} /usr/bin/cmake --install /home/student/anro_ws/src/build/urdf_tutorial
