[2.339s] Invoking command in '/home/student/anro_24l/angle_translator': PYTHONPATH=/home/student/anro_24l/build/angle_translator/prefix_override:/home/student/anro_24l/install/angle_translator/lib/python3.10/site-packages:${PYTHONPATH} /usr/bin/python3 setup.py egg_info --egg-base ../build/angle_translator build --build-base /home/student/anro_24l/build/angle_translator/build install --record /home/student/anro_24l/build/angle_translator/install.log --single-version-externally-managed
[2.659s] running egg_info
[2.660s] writing ../build/angle_translator/angle_translator.egg-info/PKG-INFO
[2.661s] writing dependency_links to ../build/angle_translator/angle_translator.egg-info/dependency_links.txt
[2.661s] writing entry points to ../build/angle_translator/angle_translator.egg-info/entry_points.txt
[2.661s] writing requirements to ../build/angle_translator/angle_translator.egg-info/requires.txt
[2.662s] writing top-level names to ../build/angle_translator/angle_translator.egg-info/top_level.txt
[2.662s] reading manifest file '../build/angle_translator/angle_translator.egg-info/SOURCES.txt'
[2.663s] writing manifest file '../build/angle_translator/angle_translator.egg-info/SOURCES.txt'
[2.664s] running build
[2.664s] running build_py
[2.664s] running install
[2.665s] running install_lib
[2.665s] running install_data
[2.666s] running install_egg_info
[2.668s] removing '/home/student/anro_24l/install/angle_translator/lib/python3.10/site-packages/angle_translator-0.0.0-py3.10.egg-info' (and everything under it)
[2.668s] Copying ../build/angle_translator/angle_translator.egg-info to /home/student/anro_24l/install/angle_translator/lib/python3.10/site-packages/angle_translator-0.0.0-py3.10.egg-info
[2.669s] running install_scripts
[2.695s] Installing angle_translator script to /home/student/anro_24l/install/angle_translator/lib/angle_translator
[2.696s] writing list of installed files to '/home/student/anro_24l/build/angle_translator/install.log'
[2.946s] Invoked command in '/home/student/anro_24l/angle_translator' returned '0': PYTHONPATH=/home/student/anro_24l/build/angle_translator/prefix_override:/home/student/anro_24l/install/angle_translator/lib/python3.10/site-packages:${PYTHONPATH} /usr/bin/python3 setup.py egg_info --egg-base ../build/angle_translator build --build-base /home/student/anro_24l/build/angle_translator/build install --record /home/student/anro_24l/build/angle_translator/install.log --single-version-externally-managed
