[2.727s] Invoking command in '/home/student/anro_24l/inverse_kin': PYTHONPATH=/home/student/anro_24l/build/inverse_kin/prefix_override:/home/student/anro_24l/install/inverse_kin/lib/python3.10/site-packages:${PYTHONPATH} /usr/bin/python3 setup.py egg_info --egg-base ../build/inverse_kin build --build-base /home/student/anro_24l/build/inverse_kin/build install --record /home/student/anro_24l/build/inverse_kin/install.log --single-version-externally-managed
[3.054s] running egg_info
[3.055s] writing ../build/inverse_kin/inverse_kin.egg-info/PKG-INFO
[3.055s] writing dependency_links to ../build/inverse_kin/inverse_kin.egg-info/dependency_links.txt
[3.056s] writing entry points to ../build/inverse_kin/inverse_kin.egg-info/entry_points.txt
[3.056s] writing requirements to ../build/inverse_kin/inverse_kin.egg-info/requires.txt
[3.056s] writing top-level names to ../build/inverse_kin/inverse_kin.egg-info/top_level.txt
[3.059s] reading manifest file '../build/inverse_kin/inverse_kin.egg-info/SOURCES.txt'
[3.065s] writing manifest file '../build/inverse_kin/inverse_kin.egg-info/SOURCES.txt'
[3.065s] running build
[3.065s] running build_py
[3.065s] running install
[3.065s] running install_lib
[3.065s] running install_data
[3.065s] running install_egg_info
[3.065s] removing '/home/student/anro_24l/install/inverse_kin/lib/python3.10/site-packages/inverse_kin-0.0.0-py3.10.egg-info' (and everything under it)
[3.065s] Copying ../build/inverse_kin/inverse_kin.egg-info to /home/student/anro_24l/install/inverse_kin/lib/python3.10/site-packages/inverse_kin-0.0.0-py3.10.egg-info
[3.066s] running install_scripts
[3.088s] Installing inverse_kin script to /home/student/anro_24l/install/inverse_kin/lib/inverse_kin
[3.088s] writing list of installed files to '/home/student/anro_24l/build/inverse_kin/install.log'
[3.243s] Invoked command in '/home/student/anro_24l/inverse_kin' returned '0': PYTHONPATH=/home/student/anro_24l/build/inverse_kin/prefix_override:/home/student/anro_24l/install/inverse_kin/lib/python3.10/site-packages:${PYTHONPATH} /usr/bin/python3 setup.py egg_info --egg-base ../build/inverse_kin build --build-base /home/student/anro_24l/build/inverse_kin/build install --record /home/student/anro_24l/build/inverse_kin/install.log --single-version-externally-managed
