[0.802s] Invoking command in '/home/tp03/anro_ws/src/lab2': PYTHONPATH=/home/tp03/anro_ws/src/build/lab2/prefix_override:/home/tp03/anro_ws/src/install/lab2/lib/python3.10/site-packages:${PYTHONPATH} /usr/bin/python3 setup.py egg_info --egg-base ../build/lab2 build --build-base /home/tp03/anro_ws/src/build/lab2/build install --record /home/tp03/anro_ws/src/build/lab2/install.log --single-version-externally-managed
[0.985s] running egg_info
[0.986s] creating ../build/lab2/lab2.egg-info
[0.986s] writing ../build/lab2/lab2.egg-info/PKG-INFO
[0.986s] writing dependency_links to ../build/lab2/lab2.egg-info/dependency_links.txt
[0.986s] writing entry points to ../build/lab2/lab2.egg-info/entry_points.txt
[0.986s] writing requirements to ../build/lab2/lab2.egg-info/requires.txt
[0.986s] writing top-level names to ../build/lab2/lab2.egg-info/top_level.txt
[0.986s] writing manifest file '../build/lab2/lab2.egg-info/SOURCES.txt'
[0.988s] reading manifest file '../build/lab2/lab2.egg-info/SOURCES.txt'
[0.989s] adding license file 'LICENSE'
[0.989s] writing manifest file '../build/lab2/lab2.egg-info/SOURCES.txt'
[0.989s] running build
[0.989s] running build_py
[0.989s] creating /home/tp03/anro_ws/src/build/lab2/build
[0.989s] creating /home/tp03/anro_ws/src/build/lab2/build/lib
[0.989s] creating /home/tp03/anro_ws/src/build/lab2/build/lib/lab2
[0.989s] copying lab2/__init__.py -> /home/tp03/anro_ws/src/build/lab2/build/lib/lab2
[0.990s] running install
[0.990s] /usr/lib/python3/dist-packages/setuptools/command/install.py:34: SetuptoolsDeprecationWarning: setup.py install is deprecated. Use build and pip and other standards-based tools.
[0.990s]   warnings.warn(
[0.990s] running install_lib
[0.991s] creating /home/tp03/anro_ws/src/install/lab2/lib/python3.10/site-packages/lab2
[0.991s] copying /home/tp03/anro_ws/src/build/lab2/build/lib/lab2/__init__.py -> /home/tp03/anro_ws/src/install/lab2/lib/python3.10/site-packages/lab2
[0.992s] byte-compiling /home/tp03/anro_ws/src/install/lab2/lib/python3.10/site-packages/lab2/__init__.py to __init__.cpython-310.pyc
[0.992s] running install_data
[0.992s] creating /home/tp03/anro_ws/src/install/lab2/share/ament_index
[0.992s] creating /home/tp03/anro_ws/src/install/lab2/share/ament_index/resource_index
[0.992s] creating /home/tp03/anro_ws/src/install/lab2/share/ament_index/resource_index/packages
[0.992s] copying resource/lab2 -> /home/tp03/anro_ws/src/install/lab2/share/ament_index/resource_index/packages
[0.992s] copying package.xml -> /home/tp03/anro_ws/src/install/lab2/share/lab2
[0.992s] running install_egg_info
[0.995s] Copying ../build/lab2/lab2.egg-info to /home/tp03/anro_ws/src/install/lab2/lib/python3.10/site-packages/lab2-0.0.0-py3.10.egg-info
[0.996s] running install_scripts
[1.025s] writing list of installed files to '/home/tp03/anro_ws/src/build/lab2/install.log'
[1.062s] Invoked command in '/home/tp03/anro_ws/src/lab2' returned '0': PYTHONPATH=/home/tp03/anro_ws/src/build/lab2/prefix_override:/home/tp03/anro_ws/src/install/lab2/lib/python3.10/site-packages:${PYTHONPATH} /usr/bin/python3 setup.py egg_info --egg-base ../build/lab2 build --build-base /home/tp03/anro_ws/src/build/lab2/build install --record /home/tp03/anro_ws/src/build/lab2/install.log --single-version-externally-managed
