[1.307s] Invoking command in '/home/student/anro_24l/prd1': PYTHONPATH=/home/student/anro_24l/build/prd1/prefix_override:/home/student/anro_24l/install/prd1/lib/python3.10/site-packages: /usr/bin/python3 setup.py egg_info --egg-base ../build/prd1 build --build-base /home/student/anro_24l/build/prd1/build install --record /home/student/anro_24l/build/prd1/install.log --single-version-externally-managed
[1.552s] running egg_info
[1.553s] writing ../build/prd1/prd1.egg-info/PKG-INFO
[1.553s] writing dependency_links to ../build/prd1/prd1.egg-info/dependency_links.txt
[1.554s] writing entry points to ../build/prd1/prd1.egg-info/entry_points.txt
[1.555s] writing requirements to ../build/prd1/prd1.egg-info/requires.txt
[1.555s] writing top-level names to ../build/prd1/prd1.egg-info/top_level.txt
[1.558s] reading manifest file '../build/prd1/prd1.egg-info/SOURCES.txt'
[1.559s] writing manifest file '../build/prd1/prd1.egg-info/SOURCES.txt'
[1.559s] running build
[1.559s] running build_py
[1.561s] running install
[1.561s] running install_lib
[1.563s] running install_data
[1.564s] running install_egg_info
[1.566s] removing '/home/student/anro_24l/install/prd1/lib/python3.10/site-packages/prd1-0.0.0-py3.10.egg-info' (and everything under it)
[1.566s] Copying ../build/prd1/prd1.egg-info to /home/student/anro_24l/install/prd1/lib/python3.10/site-packages/prd1-0.0.0-py3.10.egg-info
[1.568s] running install_scripts
[1.592s] Installing skz script to /home/student/anro_24l/install/prd1/lib/prd1
[1.593s] writing list of installed files to '/home/student/anro_24l/build/prd1/install.log'
[1.663s] Invoked command in '/home/student/anro_24l/prd1' returned '0': PYTHONPATH=/home/student/anro_24l/build/prd1/prefix_override:/home/student/anro_24l/install/prd1/lib/python3.10/site-packages: /usr/bin/python3 setup.py egg_info --egg-base ../build/prd1 build --build-base /home/student/anro_24l/build/prd1/build install --record /home/student/anro_24l/build/prd1/install.log --single-version-externally-managed
