[0.090s] Invoking command in '/home/student/anro_ws/src/build/urdf_tutorial': AMENT_PREFIX_PATH=/home/student/anro_ws/src/install/urdf_launch:/home/student/anro_ws/src/install/joint_state_publisher_gui:/home/student/anro_ws/src/install/joint_state_publisher:${AMENT_PREFIX_PATH} CMAKE_PREFIX_PATH=/home/student/anro_ws/src/install/urdf_launch:/home/student/anro_ws/install/urdf_tutorial:/home/student/anro_ws/install/urdf_launch:/opt/dobot_anro_system/install/dobot_msgs:/opt/dobot_anro_system/install/dobot_driver:/home/student/anro_ws/install/prd1:/home/student/anro_ws/install/lab2:/home/student/anro_ws/install/joint_state_publisher_gui:/home/student/anro_ws/install/joint_state_publisher:/home/student/anro_ws/install/inverse_kin:/home/student/anro_ws/install/angle_translator:/home/student/anro_ws/install/ForwardKin:/opt/dobot_anro_system/install/dobot_state_updater:/opt/dobot_anro_system/install/dobot_motion:/opt/dobot_anro_system/install/dobot_homing:/opt/dobot_anro_system/install/dobot_end_effector:/opt/dobot_anro_system/install/dobot_diagnostics:/opt/dobot_anro_system/install/dobot_control_panel:/opt/dobot_anro_system/install/dobot_bringup:/opt/ros/humble PYTHONPATH=/home/student/anro_ws/src/install/joint_state_publisher_gui/lib/python3.10/site-packages:/home/student/anro_ws/src/install/joint_state_publisher/lib/python3.10/site-packages:${PYTHONPATH} /usr/bin/cmake --build /home/student/anro_ws/src/build/urdf_tutorial -- -j4 -l4
[0.125s] Invoked command in '/home/student/anro_ws/src/build/urdf_tutorial' returned '0': AMENT_PREFIX_PATH=/home/student/anro_ws/src/install/urdf_launch:/home/student/anro_ws/src/install/joint_state_publisher_gui:/home/student/anro_ws/src/install/joint_state_publisher:${AMENT_PREFIX_PATH} CMAKE_PREFIX_PATH=/home/student/anro_ws/src/install/urdf_launch:/home/student/anro_ws/install/urdf_tutorial:/home/student/anro_ws/install/urdf_launch:/opt/dobot_anro_system/install/dobot_msgs:/opt/dobot_anro_system/install/dobot_driver:/home/student/anro_ws/install/prd1:/home/student/anro_ws/install/lab2:/home/student/anro_ws/install/joint_state_publisher_gui:/home/student/anro_ws/install/joint_state_publisher:/home/student/anro_ws/install/inverse_kin:/home/student/anro_ws/install/angle_translator:/home/student/anro_ws/install/ForwardKin:/opt/dobot_anro_system/install/dobot_state_updater:/opt/dobot_anro_system/install/dobot_motion:/opt/dobot_anro_system/install/dobot_homing:/opt/dobot_anro_system/install/dobot_end_effector:/opt/dobot_anro_system/install/dobot_diagnostics:/opt/dobot_anro_system/install/dobot_control_panel:/opt/dobot_anro_system/install/dobot_bringup:/opt/ros/humble PYTHONPATH=/home/student/anro_ws/src/install/joint_state_publisher_gui/lib/python3.10/site-packages:/home/student/anro_ws/src/install/joint_state_publisher/lib/python3.10/site-packages:${PYTHONPATH} /usr/bin/cmake --build /home/student/anro_ws/src/build/urdf_tutorial -- -j4 -l4
[0.146s] Invoking command in '/home/student/anro_ws/src/build/urdf_tutorial': AMENT_PREFIX_PATH=/home/student/anro_ws/src/install/urdf_launch:/home/student/anro_ws/src/install/joint_state_publisher_gui:/home/student/anro_ws/src/install/joint_state_publisher:${AMENT_PREFIX_PATH} CMAKE_PREFIX_PATH=/home/student/anro_ws/src/install/urdf_launch:/home/student/anro_ws/install/urdf_tutorial:/home/student/anro_ws/install/urdf_launch:/opt/dobot_anro_system/install/dobot_msgs:/opt/dobot_anro_system/install/dobot_driver:/home/student/anro_ws/install/prd1:/home/student/anro_ws/install/lab2:/home/student/anro_ws/install/joint_state_publisher_gui:/home/student/anro_ws/install/joint_state_publisher:/home/student/anro_ws/install/inverse_kin:/home/student/anro_ws/install/angle_translator:/home/student/anro_ws/install/ForwardKin:/opt/dobot_anro_system/install/dobot_state_updater:/opt/dobot_anro_system/install/dobot_motion:/opt/dobot_anro_system/install/dobot_homing:/opt/dobot_anro_system/install/dobot_end_effector:/opt/dobot_anro_system/install/dobot_diagnostics:/opt/dobot_anro_system/install/dobot_control_panel:/opt/dobot_anro_system/install/dobot_bringup:/opt/ros/humble PYTHONPATH=/home/student/anro_ws/src/install/joint_state_publisher_gui/lib/python3.10/site-packages:/home/student/anro_ws/src/install/joint_state_publisher/lib/python3.10/site-packages:${PYTHONPATH} /usr/bin/cmake --install /home/student/anro_ws/src/build/urdf_tutorial
[0.153s] -- Install configuration: ""
[0.154s] -- Up-to-date: /home/student/anro_ws/src/install/urdf_tutorial/share/urdf_tutorial/images
[0.154s] -- Up-to-date: /home/student/anro_ws/src/install/urdf_tutorial/share/urdf_tutorial/images/multipleshapes.png
[0.154s] -- Up-to-date: /home/student/anro_ws/src/install/urdf_tutorial/share/urdf_tutorial/images/visual.png
[0.154s] -- Up-to-date: /home/student/anro_ws/src/install/urdf_tutorial/share/urdf_tutorial/images/flexible.png
[0.154s] -- Up-to-date: /home/student/anro_ws/src/install/urdf_tutorial/share/urdf_tutorial/images/origins.png
[0.154s] -- Up-to-date: /home/student/anro_ws/src/install/urdf_tutorial/share/urdf_tutorial/images/materials.png
[0.154s] -- Up-to-date: /home/student/anro_ws/src/install/urdf_tutorial/share/urdf_tutorial/images/myfirst.png
[0.154s] -- Up-to-date: /home/student/anro_ws/src/install/urdf_tutorial/share/urdf_tutorial/launch
[0.154s] -- Installing: /home/student/anro_ws/src/install/urdf_tutorial/share/urdf_tutorial/launch/display.launch.py
[0.154s] -- Up-to-date: /home/student/anro_ws/src/install/urdf_tutorial/share/urdf_tutorial/meshes
[0.154s] -- Up-to-date: /home/student/anro_ws/src/install/urdf_tutorial/share/urdf_tutorial/meshes/l_finger.dae
[0.155s] -- Up-to-date: /home/student/anro_ws/src/install/urdf_tutorial/share/urdf_tutorial/meshes/l_finger_color.png
[0.155s] -- Up-to-date: /home/student/anro_ws/src/install/urdf_tutorial/share/urdf_tutorial/meshes/l_finger_tip_color.png
[0.155s] -- Up-to-date: /home/student/anro_ws/src/install/urdf_tutorial/share/urdf_tutorial/meshes/l_finger_tip.dae
[0.155s] -- Up-to-date: /home/student/anro_ws/src/install/urdf_tutorial/share/urdf_tutorial/rviz
[0.155s] -- Up-to-date: /home/student/anro_ws/src/install/urdf_tutorial/share/urdf_tutorial/rviz/urdf.rviz
[0.155s] -- Up-to-date: /home/student/anro_ws/src/install/urdf_tutorial/share/urdf_tutorial/urdf
[0.155s] -- Up-to-date: /home/student/anro_ws/src/install/urdf_tutorial/share/urdf_tutorial/urdf/dobot.urdf
[0.155s] -- Up-to-date: /home/student/anro_ws/src/install/urdf_tutorial/share/urdf_tutorial/urdf/dobot.urdf.xacro
[0.155s] -- Up-to-date: /home/student/anro_ws/src/install/urdf_tutorial/share/urdf_tutorial/urdf/dobot_visual.urdf.xacro
[0.155s] -- Up-to-date: /home/student/anro_ws/src/install/urdf_tutorial/share/ament_index/resource_index/package_run_dependencies/urdf_tutorial
[0.156s] -- Up-to-date: /home/student/anro_ws/src/install/urdf_tutorial/share/ament_index/resource_index/parent_prefix_path/urdf_tutorial
[0.156s] -- Up-to-date: /home/student/anro_ws/src/install/urdf_tutorial/share/urdf_tutorial/environment/ament_prefix_path.sh
[0.156s] -- Up-to-date: /home/student/anro_ws/src/install/urdf_tutorial/share/urdf_tutorial/environment/ament_prefix_path.dsv
[0.157s] -- Up-to-date: /home/student/anro_ws/src/install/urdf_tutorial/share/urdf_tutorial/environment/path.sh
[0.157s] -- Up-to-date: /home/student/anro_ws/src/install/urdf_tutorial/share/urdf_tutorial/environment/path.dsv
[0.157s] -- Up-to-date: /home/student/anro_ws/src/install/urdf_tutorial/share/urdf_tutorial/local_setup.bash
[0.157s] -- Up-to-date: /home/student/anro_ws/src/install/urdf_tutorial/share/urdf_tutorial/local_setup.sh
[0.157s] -- Up-to-date: /home/student/anro_ws/src/install/urdf_tutorial/share/urdf_tutorial/local_setup.zsh
[0.157s] -- Up-to-date: /home/student/anro_ws/src/install/urdf_tutorial/share/urdf_tutorial/local_setup.dsv
[0.157s] -- Up-to-date: /home/student/anro_ws/src/install/urdf_tutorial/share/urdf_tutorial/package.dsv
[0.158s] -- Up-to-date: /home/student/anro_ws/src/install/urdf_tutorial/share/ament_index/resource_index/packages/urdf_tutorial
[0.158s] -- Up-to-date: /home/student/anro_ws/src/install/urdf_tutorial/share/urdf_tutorial/cmake/urdf_tutorialConfig.cmake
[0.158s] -- Up-to-date: /home/student/anro_ws/src/install/urdf_tutorial/share/urdf_tutorial/cmake/urdf_tutorialConfig-version.cmake
[0.158s] -- Up-to-date: /home/student/anro_ws/src/install/urdf_tutorial/share/urdf_tutorial/package.xml
[0.158s] Invoked command in '/home/student/anro_ws/src/build/urdf_tutorial' returned '0': AMENT_PREFIX_PATH=/home/student/anro_ws/src/install/urdf_launch:/home/student/anro_ws/src/install/joint_state_publisher_gui:/home/student/anro_ws/src/install/joint_state_publisher:${AMENT_PREFIX_PATH} CMAKE_PREFIX_PATH=/home/student/anro_ws/src/install/urdf_launch:/home/student/anro_ws/install/urdf_tutorial:/home/student/anro_ws/install/urdf_launch:/opt/dobot_anro_system/install/dobot_msgs:/opt/dobot_anro_system/install/dobot_driver:/home/student/anro_ws/install/prd1:/home/student/anro_ws/install/lab2:/home/student/anro_ws/install/joint_state_publisher_gui:/home/student/anro_ws/install/joint_state_publisher:/home/student/anro_ws/install/inverse_kin:/home/student/anro_ws/install/angle_translator:/home/student/anro_ws/install/ForwardKin:/opt/dobot_anro_system/install/dobot_state_updater:/opt/dobot_anro_system/install/dobot_motion:/opt/dobot_anro_system/install/dobot_homing:/opt/dobot_anro_system/install/dobot_end_effector:/opt/dobot_anro_system/install/dobot_diagnostics:/opt/dobot_anro_system/install/dobot_control_panel:/opt/dobot_anro_system/install/dobot_bringup:/opt/ros/humble PYTHONPATH=/home/student/anro_ws/src/install/joint_state_publisher_gui/lib/python3.10/site-packages:/home/student/anro_ws/src/install/joint_state_publisher/lib/python3.10/site-packages:${PYTHONPATH} /usr/bin/cmake --install /home/student/anro_ws/src/build/urdf_tutorial
