running egg_info
writing ../build/angle_translator/angle_translator.egg-info/PKG-INFO
writing dependency_links to ../build/angle_translator/angle_translator.egg-info/dependency_links.txt
writing entry points to ../build/angle_translator/angle_translator.egg-info/entry_points.txt
writing requirements to ../build/angle_translator/angle_translator.egg-info/requires.txt
writing top-level names to ../build/angle_translator/angle_translator.egg-info/top_level.txt
reading manifest file '../build/angle_translator/angle_translator.egg-info/SOURCES.txt'
writing manifest file '../build/angle_translator/angle_translator.egg-info/SOURCES.txt'
running build
running build_py
copying angle_translator/angle_translator.py -> /home/student/anro_24l/build/angle_translator/build/lib/angle_translator
running install
running install_lib
copying /home/student/anro_24l/build/angle_translator/build/lib/angle_translator/angle_translator.py -> /home/student/anro_24l/install/angle_translator/lib/python3.10/site-packages/angle_translator
byte-compiling /home/student/anro_24l/install/angle_translator/lib/python3.10/site-packages/angle_translator/angle_translator.py to angle_translator.cpython-310.pyc
running install_data
running install_egg_info
removing '/home/student/anro_24l/install/angle_translator/lib/python3.10/site-packages/angle_translator-0.0.0-py3.10.egg-info' (and everything under it)
Copying ../build/angle_translator/angle_translator.egg-info to /home/student/anro_24l/install/angle_translator/lib/python3.10/site-packages/angle_translator-0.0.0-py3.10.egg-info
running install_scripts
Installing angle_translator script to /home/student/anro_24l/install/angle_translator/lib/angle_translator
writing list of installed files to '/home/student/anro_24l/build/angle_translator/install.log'
