[0.088s] Invoking command in '/home/student/anro_ws/src/build/urdf_launch': AMENT_PREFIX_PATH=/home/student/anro_ws/src/install/joint_state_publisher_gui:/home/student/anro_ws/src/install/joint_state_publisher:${AMENT_PREFIX_PATH} CMAKE_PREFIX_PATH=${CMAKE_PREFIX_PATH}:/home/student/anro_ws/install/prd1:/home/student/anro_ws/install/lab2:/home/student/anro_ws/install/joint_state_publisher_gui:/home/student/anro_ws/install/joint_state_publisher:/home/student/anro_ws/install/inverse_kin:/home/student/anro_ws/install/angle_translator:/home/student/anro_ws/install/ForwardKin:/opt/dobot_anro_system/install/dobot_state_updater:/opt/dobot_anro_system/install/dobot_motion:/opt/dobot_anro_system/install/dobot_homing:/opt/dobot_anro_system/install/dobot_end_effector:/opt/dobot_anro_system/install/dobot_diagnostics:/opt/dobot_anro_system/install/dobot_control_panel:/opt/dobot_anro_system/install/dobot_bringup:/opt/ros/humble PYTHONPATH=/home/student/anro_ws/src/install/joint_state_publisher_gui/lib/python3.10/site-packages:/home/student/anro_ws/src/install/joint_state_publisher/lib/python3.10/site-packages:${PYTHONPATH} /usr/bin/cmake --build /home/student/anro_ws/src/build/urdf_launch -- -j4 -l4
[0.124s] Invoked command in '/home/student/anro_ws/src/build/urdf_launch' returned '0': AMENT_PREFIX_PATH=/home/student/anro_ws/src/install/joint_state_publisher_gui:/home/student/anro_ws/src/install/joint_state_publisher:${AMENT_PREFIX_PATH} CMAKE_PREFIX_PATH=${CMAKE_PREFIX_PATH}:/home/student/anro_ws/install/prd1:/home/student/anro_ws/install/lab2:/home/student/anro_ws/install/joint_state_publisher_gui:/home/student/anro_ws/install/joint_state_publisher:/home/student/anro_ws/install/inverse_kin:/home/student/anro_ws/install/angle_translator:/home/student/anro_ws/install/ForwardKin:/opt/dobot_anro_system/install/dobot_state_updater:/opt/dobot_anro_system/install/dobot_motion:/opt/dobot_anro_system/install/dobot_homing:/opt/dobot_anro_system/install/dobot_end_effector:/opt/dobot_anro_system/install/dobot_diagnostics:/opt/dobot_anro_system/install/dobot_control_panel:/opt/dobot_anro_system/install/dobot_bringup:/opt/ros/humble PYTHONPATH=/home/student/anro_ws/src/install/joint_state_publisher_gui/lib/python3.10/site-packages:/home/student/anro_ws/src/install/joint_state_publisher/lib/python3.10/site-packages:${PYTHONPATH} /usr/bin/cmake --build /home/student/anro_ws/src/build/urdf_launch -- -j4 -l4
[0.153s] Invoking command in '/home/student/anro_ws/src/build/urdf_launch': AMENT_PREFIX_PATH=/home/student/anro_ws/src/install/joint_state_publisher_gui:/home/student/anro_ws/src/install/joint_state_publisher:${AMENT_PREFIX_PATH} CMAKE_PREFIX_PATH=${CMAKE_PREFIX_PATH}:/home/student/anro_ws/install/prd1:/home/student/anro_ws/install/lab2:/home/student/anro_ws/install/joint_state_publisher_gui:/home/student/anro_ws/install/joint_state_publisher:/home/student/anro_ws/install/inverse_kin:/home/student/anro_ws/install/angle_translator:/home/student/anro_ws/install/ForwardKin:/opt/dobot_anro_system/install/dobot_state_updater:/opt/dobot_anro_system/install/dobot_motion:/opt/dobot_anro_system/install/dobot_homing:/opt/dobot_anro_system/install/dobot_end_effector:/opt/dobot_anro_system/install/dobot_diagnostics:/opt/dobot_anro_system/install/dobot_control_panel:/opt/dobot_anro_system/install/dobot_bringup:/opt/ros/humble PYTHONPATH=/home/student/anro_ws/src/install/joint_state_publisher_gui/lib/python3.10/site-packages:/home/student/anro_ws/src/install/joint_state_publisher/lib/python3.10/site-packages:${PYTHONPATH} /usr/bin/cmake --install /home/student/anro_ws/src/build/urdf_launch
[0.160s] -- Install configuration: ""
[0.160s] -- Up-to-date: /home/student/anro_ws/src/install/urdf_launch/share/urdf_launch/config
[0.160s] -- Up-to-date: /home/student/anro_ws/src/install/urdf_launch/share/urdf_launch/config/urdf.rviz
[0.161s] -- Up-to-date: /home/student/anro_ws/src/install/urdf_launch/share/urdf_launch/launch
[0.161s] -- Up-to-date: /home/student/anro_ws/src/install/urdf_launch/share/urdf_launch/launch/display.launch.py
[0.161s] -- Up-to-date: /home/student/anro_ws/src/install/urdf_launch/share/urdf_launch/launch/description.launch.py
[0.161s] -- Up-to-date: /home/student/anro_ws/src/install/urdf_launch/share/ament_index/resource_index/package_run_dependencies/urdf_launch
[0.161s] -- Up-to-date: /home/student/anro_ws/src/install/urdf_launch/share/ament_index/resource_index/parent_prefix_path/urdf_launch
[0.161s] -- Up-to-date: /home/student/anro_ws/src/install/urdf_launch/share/urdf_launch/environment/ament_prefix_path.sh
[0.161s] -- Up-to-date: /home/student/anro_ws/src/install/urdf_launch/share/urdf_launch/environment/ament_prefix_path.dsv
[0.161s] -- Up-to-date: /home/student/anro_ws/src/install/urdf_launch/share/urdf_launch/environment/path.sh
[0.161s] -- Up-to-date: /home/student/anro_ws/src/install/urdf_launch/share/urdf_launch/environment/path.dsv
[0.161s] -- Up-to-date: /home/student/anro_ws/src/install/urdf_launch/share/urdf_launch/local_setup.bash
[0.161s] -- Up-to-date: /home/student/anro_ws/src/install/urdf_launch/share/urdf_launch/local_setup.sh
[0.161s] -- Up-to-date: /home/student/anro_ws/src/install/urdf_launch/share/urdf_launch/local_setup.zsh
[0.161s] -- Up-to-date: /home/student/anro_ws/src/install/urdf_launch/share/urdf_launch/local_setup.dsv
[0.161s] -- Up-to-date: /home/student/anro_ws/src/install/urdf_launch/share/urdf_launch/package.dsv
[0.161s] -- Up-to-date: /home/student/anro_ws/src/install/urdf_launch/share/ament_index/resource_index/packages/urdf_launch
[0.162s] -- Up-to-date: /home/student/anro_ws/src/install/urdf_launch/share/urdf_launch/cmake/urdf_launchConfig.cmake
[0.162s] -- Up-to-date: /home/student/anro_ws/src/install/urdf_launch/share/urdf_launch/cmake/urdf_launchConfig-version.cmake
[0.162s] -- Up-to-date: /home/student/anro_ws/src/install/urdf_launch/share/urdf_launch/package.xml
[0.163s] Invoked command in '/home/student/anro_ws/src/build/urdf_launch' returned '0': AMENT_PREFIX_PATH=/home/student/anro_ws/src/install/joint_state_publisher_gui:/home/student/anro_ws/src/install/joint_state_publisher:${AMENT_PREFIX_PATH} CMAKE_PREFIX_PATH=${CMAKE_PREFIX_PATH}:/home/student/anro_ws/install/prd1:/home/student/anro_ws/install/lab2:/home/student/anro_ws/install/joint_state_publisher_gui:/home/student/anro_ws/install/joint_state_publisher:/home/student/anro_ws/install/inverse_kin:/home/student/anro_ws/install/angle_translator:/home/student/anro_ws/install/ForwardKin:/opt/dobot_anro_system/install/dobot_state_updater:/opt/dobot_anro_system/install/dobot_motion:/opt/dobot_anro_system/install/dobot_homing:/opt/dobot_anro_system/install/dobot_end_effector:/opt/dobot_anro_system/install/dobot_diagnostics:/opt/dobot_anro_system/install/dobot_control_panel:/opt/dobot_anro_system/install/dobot_bringup:/opt/ros/humble PYTHONPATH=/home/student/anro_ws/src/install/joint_state_publisher_gui/lib/python3.10/site-packages:/home/student/anro_ws/src/install/joint_state_publisher/lib/python3.10/site-packages:${PYTHONPATH} /usr/bin/cmake --install /home/student/anro_ws/src/build/urdf_launch
