[2.073s] Invoking command in '/home/student/anro_ws/src/prd1': PYTHONPATH=/home/student/anro_ws/src/build/prd1/prefix_override:/home/student/anro_ws/src/install/prd1/lib/python3.10/site-packages:${PYTHONPATH} /usr/bin/python3 setup.py egg_info --egg-base ../build/prd1 build --build-base /home/student/anro_ws/src/build/prd1/build install --record /home/student/anro_ws/src/build/prd1/install.log --single-version-externally-managed
[2.385s] running egg_info
[2.387s] creating ../build/prd1/prd1.egg-info
[2.388s] writing ../build/prd1/prd1.egg-info/PKG-INFO
[2.389s] writing dependency_links to ../build/prd1/prd1.egg-info/dependency_links.txt
[2.389s] writing entry points to ../build/prd1/prd1.egg-info/entry_points.txt
[2.389s] writing requirements to ../build/prd1/prd1.egg-info/requires.txt
[2.389s] writing top-level names to ../build/prd1/prd1.egg-info/top_level.txt
[2.389s] writing manifest file '../build/prd1/prd1.egg-info/SOURCES.txt'
[2.391s] reading manifest file '../build/prd1/prd1.egg-info/SOURCES.txt'
[2.391s] writing manifest file '../build/prd1/prd1.egg-info/SOURCES.txt'
[2.392s] running build
[2.392s] running build_py
[2.392s] creating /home/student/anro_ws/src/build/prd1/build
[2.392s] creating /home/student/anro_ws/src/build/prd1/build/lib
[2.392s] creating /home/student/anro_ws/src/build/prd1/build/lib/prd1
[2.393s] copying prd1/turtle_tango.py -> /home/student/anro_ws/src/build/prd1/build/lib/prd1
[2.393s] copying prd1/__init__.py -> /home/student/anro_ws/src/build/prd1/build/lib/prd1
[2.393s] running install
[2.393s] running install_lib
[2.394s] creating /home/student/anro_ws/src/install/prd1/lib/python3.10/site-packages/prd1
[2.394s] copying /home/student/anro_ws/src/build/prd1/build/lib/prd1/turtle_tango.py -> /home/student/anro_ws/src/install/prd1/lib/python3.10/site-packages/prd1
[2.395s] copying /home/student/anro_ws/src/build/prd1/build/lib/prd1/__init__.py -> /home/student/anro_ws/src/install/prd1/lib/python3.10/site-packages/prd1
[2.396s] byte-compiling /home/student/anro_ws/src/install/prd1/lib/python3.10/site-packages/prd1/turtle_tango.py to turtle_tango.cpython-310.pyc
[2.397s] byte-compiling /home/student/anro_ws/src/install/prd1/lib/python3.10/site-packages/prd1/__init__.py to __init__.cpython-310.pyc
[2.397s] running install_data
[2.397s] creating /home/student/anro_ws/src/install/prd1/share/ament_index
[2.397s] creating /home/student/anro_ws/src/install/prd1/share/ament_index/resource_index
[2.398s] creating /home/student/anro_ws/src/install/prd1/share/ament_index/resource_index/packages
[2.398s] copying resource/prd1 -> /home/student/anro_ws/src/install/prd1/share/ament_index/resource_index/packages
[2.398s] copying package.xml -> /home/student/anro_ws/src/install/prd1/share/prd1
[2.398s] creating /home/student/anro_ws/src/install/prd1/share/prd1/launch
[2.398s] copying launch/prd1_launch.py -> /home/student/anro_ws/src/install/prd1/share/prd1/launch
[2.398s] running install_egg_info
[2.401s] Copying ../build/prd1/prd1.egg-info to /home/student/anro_ws/src/install/prd1/lib/python3.10/site-packages/prd1-0.0.0-py3.10.egg-info
[2.402s] running install_scripts
[2.427s] Installing skz script to /home/student/anro_ws/src/install/prd1/lib/prd1
[2.427s] writing list of installed files to '/home/student/anro_ws/src/build/prd1/install.log'
[2.510s] Invoked command in '/home/student/anro_ws/src/prd1' returned '0': PYTHONPATH=/home/student/anro_ws/src/build/prd1/prefix_override:/home/student/anro_ws/src/install/prd1/lib/python3.10/site-packages:${PYTHONPATH} /usr/bin/python3 setup.py egg_info --egg-base ../build/prd1 build --build-base /home/student/anro_ws/src/build/prd1/build install --record /home/student/anro_ws/src/build/prd1/install.log --single-version-externally-managed
