[1.413s] Invoking command in '/home/student/anro_24l/joint_state_publisher/joint_state_publisher': PYTHONPATH=/home/student/anro_24l/build/joint_state_publisher/prefix_override:/home/student/anro_24l/install/joint_state_publisher/lib/python3.10/site-packages: /usr/bin/python3 setup.py egg_info --egg-base ../../build/joint_state_publisher build --build-base /home/student/anro_24l/build/joint_state_publisher/build install --record /home/student/anro_24l/build/joint_state_publisher/install.log --single-version-externally-managed
[1.638s] running egg_info
[1.639s] creating ../../build/joint_state_publisher/joint_state_publisher.egg-info
[1.639s] writing ../../build/joint_state_publisher/joint_state_publisher.egg-info/PKG-INFO
[1.639s] writing dependency_links to ../../build/joint_state_publisher/joint_state_publisher.egg-info/dependency_links.txt
[1.640s] writing entry points to ../../build/joint_state_publisher/joint_state_publisher.egg-info/entry_points.txt
[1.640s] writing requirements to ../../build/joint_state_publisher/joint_state_publisher.egg-info/requires.txt
[1.640s] writing top-level names to ../../build/joint_state_publisher/joint_state_publisher.egg-info/top_level.txt
[1.640s] writing manifest file '../../build/joint_state_publisher/joint_state_publisher.egg-info/SOURCES.txt'
[1.642s] reading manifest file '../../build/joint_state_publisher/joint_state_publisher.egg-info/SOURCES.txt'
[1.642s] adding license file 'LICENSE'
[1.643s] writing manifest file '../../build/joint_state_publisher/joint_state_publisher.egg-info/SOURCES.txt'
[1.643s] running build
[1.644s] running build_py
[1.644s] creating /home/student/anro_24l/build/joint_state_publisher/build
[1.644s] creating /home/student/anro_24l/build/joint_state_publisher/build/lib
[1.644s] creating /home/student/anro_24l/build/joint_state_publisher/build/lib/joint_state_publisher
[1.645s] copying joint_state_publisher/joint_state_publisher.py -> /home/student/anro_24l/build/joint_state_publisher/build/lib/joint_state_publisher
[1.646s] copying joint_state_publisher/__init__.py -> /home/student/anro_24l/build/joint_state_publisher/build/lib/joint_state_publisher
[1.646s] running install
[1.647s] running install_lib
[1.648s] creating /home/student/anro_24l/install/joint_state_publisher/lib/python3.10/site-packages/joint_state_publisher
[1.648s] copying /home/student/anro_24l/build/joint_state_publisher/build/lib/joint_state_publisher/joint_state_publisher.py -> /home/student/anro_24l/install/joint_state_publisher/lib/python3.10/site-packages/joint_state_publisher
[1.648s] copying /home/student/anro_24l/build/joint_state_publisher/build/lib/joint_state_publisher/__init__.py -> /home/student/anro_24l/install/joint_state_publisher/lib/python3.10/site-packages/joint_state_publisher
[1.649s] byte-compiling /home/student/anro_24l/install/joint_state_publisher/lib/python3.10/site-packages/joint_state_publisher/joint_state_publisher.py to joint_state_publisher.cpython-310.pyc
[1.653s] byte-compiling /home/student/anro_24l/install/joint_state_publisher/lib/python3.10/site-packages/joint_state_publisher/__init__.py to __init__.cpython-310.pyc
[1.653s] running install_data
[1.654s] creating /home/student/anro_24l/install/joint_state_publisher/share/ament_index
[1.654s] creating /home/student/anro_24l/install/joint_state_publisher/share/ament_index/resource_index
[1.654s] creating /home/student/anro_24l/install/joint_state_publisher/share/ament_index/resource_index/packages
[1.654s] copying resource/joint_state_publisher -> /home/student/anro_24l/install/joint_state_publisher/share/ament_index/resource_index/packages
[1.655s] copying package.xml -> /home/student/anro_24l/install/joint_state_publisher/share/joint_state_publisher
[1.655s] running install_egg_info
[1.657s] Copying ../../build/joint_state_publisher/joint_state_publisher.egg-info to /home/student/anro_24l/install/joint_state_publisher/lib/python3.10/site-packages/joint_state_publisher-2.4.0-py3.10.egg-info
[1.658s] running install_scripts
[1.681s] Installing joint_state_publisher script to /home/student/anro_24l/install/joint_state_publisher/lib/joint_state_publisher
[1.682s] writing list of installed files to '/home/student/anro_24l/build/joint_state_publisher/install.log'
[1.821s] Invoked command in '/home/student/anro_24l/joint_state_publisher/joint_state_publisher' returned '0': PYTHONPATH=/home/student/anro_24l/build/joint_state_publisher/prefix_override:/home/student/anro_24l/install/joint_state_publisher/lib/python3.10/site-packages: /usr/bin/python3 setup.py egg_info --egg-base ../../build/joint_state_publisher build --build-base /home/student/anro_24l/build/joint_state_publisher/build install --record /home/student/anro_24l/build/joint_state_publisher/install.log --single-version-externally-managed
