[2.482s] Invoking command in '/home/student/anro_24l/joint_state_publisher/joint_state_publisher': PYTHONPATH=/home/student/anro_24l/build/joint_state_publisher/prefix_override:/home/student/anro_24l/install/joint_state_publisher/lib/python3.10/site-packages:${PYTHONPATH} /usr/bin/python3 setup.py egg_info --egg-base ../../build/joint_state_publisher build --build-base /home/student/anro_24l/build/joint_state_publisher/build install --record /home/student/anro_24l/build/joint_state_publisher/install.log --single-version-externally-managed
[2.777s] running egg_info
[2.777s] writing ../../build/joint_state_publisher/joint_state_publisher.egg-info/PKG-INFO
[2.778s] writing dependency_links to ../../build/joint_state_publisher/joint_state_publisher.egg-info/dependency_links.txt
[2.779s] writing entry points to ../../build/joint_state_publisher/joint_state_publisher.egg-info/entry_points.txt
[2.779s] writing requirements to ../../build/joint_state_publisher/joint_state_publisher.egg-info/requires.txt
[2.780s] writing top-level names to ../../build/joint_state_publisher/joint_state_publisher.egg-info/top_level.txt
[2.783s] reading manifest file '../../build/joint_state_publisher/joint_state_publisher.egg-info/SOURCES.txt'
[2.783s] adding license file 'LICENSE'
[2.783s] writing manifest file '../../build/joint_state_publisher/joint_state_publisher.egg-info/SOURCES.txt'
[2.784s] running build
[2.784s] running build_py
[2.785s] running install
[2.786s] running install_lib
[2.788s] running install_data
[2.788s] running install_egg_info
[2.790s] removing '/home/student/anro_24l/install/joint_state_publisher/lib/python3.10/site-packages/joint_state_publisher-2.4.0-py3.10.egg-info' (and everything under it)
[2.791s] Copying ../../build/joint_state_publisher/joint_state_publisher.egg-info to /home/student/anro_24l/install/joint_state_publisher/lib/python3.10/site-packages/joint_state_publisher-2.4.0-py3.10.egg-info
[2.791s] running install_scripts
[2.814s] Installing joint_state_publisher script to /home/student/anro_24l/install/joint_state_publisher/lib/joint_state_publisher
[2.815s] writing list of installed files to '/home/student/anro_24l/build/joint_state_publisher/install.log'
[2.873s] Invoked command in '/home/student/anro_24l/joint_state_publisher/joint_state_publisher' returned '0': PYTHONPATH=/home/student/anro_24l/build/joint_state_publisher/prefix_override:/home/student/anro_24l/install/joint_state_publisher/lib/python3.10/site-packages:${PYTHONPATH} /usr/bin/python3 setup.py egg_info --egg-base ../../build/joint_state_publisher build --build-base /home/student/anro_24l/build/joint_state_publisher/build install --record /home/student/anro_24l/build/joint_state_publisher/install.log --single-version-externally-managed
