[2.085s] Invoking command in '/home/student/anro_24l/forward_kin': PYTHONPATH=/home/student/anro_24l/build/forward_kin/prefix_override:/home/student/anro_24l/install/forward_kin/lib/python3.10/site-packages:${PYTHONPATH} /usr/bin/python3 setup.py egg_info --egg-base ../build/forward_kin build --build-base /home/student/anro_24l/build/forward_kin/build install --record /home/student/anro_24l/build/forward_kin/install.log --single-version-externally-managed
[2.424s] running egg_info
[2.424s] writing ../build/forward_kin/forward_kin.egg-info/PKG-INFO
[2.424s] writing dependency_links to ../build/forward_kin/forward_kin.egg-info/dependency_links.txt
[2.427s] writing entry points to ../build/forward_kin/forward_kin.egg-info/entry_points.txt
[2.428s] writing requirements to ../build/forward_kin/forward_kin.egg-info/requires.txt
[2.429s] writing top-level names to ../build/forward_kin/forward_kin.egg-info/top_level.txt
[2.437s] reading manifest file '../build/forward_kin/forward_kin.egg-info/SOURCES.txt'
[2.438s] writing manifest file '../build/forward_kin/forward_kin.egg-info/SOURCES.txt'
[2.440s] running build
[2.440s] running build_py
[2.441s] running install
[2.442s] running install_lib
[2.444s] running install_data
[2.448s] running install_egg_info
[2.448s] removing '/home/student/anro_24l/install/forward_kin/lib/python3.10/site-packages/forward_kin-0.0.0-py3.10.egg-info' (and everything under it)
[2.448s] Copying ../build/forward_kin/forward_kin.egg-info to /home/student/anro_24l/install/forward_kin/lib/python3.10/site-packages/forward_kin-0.0.0-py3.10.egg-info
[2.448s] running install_scripts
[2.474s] Installing forward_kin script to /home/student/anro_24l/install/forward_kin/lib/forward_kin
[2.475s] writing list of installed files to '/home/student/anro_24l/build/forward_kin/install.log'
[2.948s] Invoked command in '/home/student/anro_24l/forward_kin' returned '0': PYTHONPATH=/home/student/anro_24l/build/forward_kin/prefix_override:/home/student/anro_24l/install/forward_kin/lib/python3.10/site-packages:${PYTHONPATH} /usr/bin/python3 setup.py egg_info --egg-base ../build/forward_kin build --build-base /home/student/anro_24l/build/forward_kin/build install --record /home/student/anro_24l/build/forward_kin/install.log --single-version-externally-managed
