[1.039s] Invoking command in '/home/marcin/anro_ws/src/joint_state_publisher': PYTHONPATH=/home/marcin/anro_ws/src/build/joint_state_publisher/prefix_override:/home/marcin/anro_ws/src/install/joint_state_publisher/lib/python3.10/site-packages:${PYTHONPATH} /usr/bin/python3 -W ignore:setup.py install is deprecated setup.py egg_info --egg-base ../build/joint_state_publisher build --build-base /home/marcin/anro_ws/src/build/joint_state_publisher/build install --record /home/marcin/anro_ws/src/build/joint_state_publisher/install.log --single-version-externally-managed install_data
[1.277s] running egg_info
[1.277s] creating ../build/joint_state_publisher/joint_state_publisher.egg-info
[1.278s] writing ../build/joint_state_publisher/joint_state_publisher.egg-info/PKG-INFO
[1.278s] writing dependency_links to ../build/joint_state_publisher/joint_state_publisher.egg-info/dependency_links.txt
[1.278s] writing entry points to ../build/joint_state_publisher/joint_state_publisher.egg-info/entry_points.txt
[1.278s] writing requirements to ../build/joint_state_publisher/joint_state_publisher.egg-info/requires.txt
[1.278s] writing top-level names to ../build/joint_state_publisher/joint_state_publisher.egg-info/top_level.txt
[1.278s] writing manifest file '../build/joint_state_publisher/joint_state_publisher.egg-info/SOURCES.txt'
[1.281s] reading manifest file '../build/joint_state_publisher/joint_state_publisher.egg-info/SOURCES.txt'
[1.281s] adding license file 'LICENSE'
[1.282s] writing manifest file '../build/joint_state_publisher/joint_state_publisher.egg-info/SOURCES.txt'
[1.282s] running build
[1.282s] running build_py
[1.282s] creating /home/marcin/anro_ws/src/build/joint_state_publisher/build
[1.282s] creating /home/marcin/anro_ws/src/build/joint_state_publisher/build/lib
[1.282s] creating /home/marcin/anro_ws/src/build/joint_state_publisher/build/lib/joint_state_publisher
[1.282s] copying joint_state_publisher/joint_state_publisher.py -> /home/marcin/anro_ws/src/build/joint_state_publisher/build/lib/joint_state_publisher
[1.283s] copying joint_state_publisher/__init__.py -> /home/marcin/anro_ws/src/build/joint_state_publisher/build/lib/joint_state_publisher
[1.283s] running install
[1.283s] running install_lib
[1.284s] creating /home/marcin/anro_ws/src/install/joint_state_publisher/lib/python3.10/site-packages/joint_state_publisher
[1.284s] copying /home/marcin/anro_ws/src/build/joint_state_publisher/build/lib/joint_state_publisher/joint_state_publisher.py -> /home/marcin/anro_ws/src/install/joint_state_publisher/lib/python3.10/site-packages/joint_state_publisher
[1.284s] copying /home/marcin/anro_ws/src/build/joint_state_publisher/build/lib/joint_state_publisher/__init__.py -> /home/marcin/anro_ws/src/install/joint_state_publisher/lib/python3.10/site-packages/joint_state_publisher
[1.285s] byte-compiling /home/marcin/anro_ws/src/install/joint_state_publisher/lib/python3.10/site-packages/joint_state_publisher/joint_state_publisher.py to joint_state_publisher.cpython-310.pyc
[1.289s] byte-compiling /home/marcin/anro_ws/src/install/joint_state_publisher/lib/python3.10/site-packages/joint_state_publisher/__init__.py to __init__.cpython-310.pyc
[1.290s] running install_data
[1.290s] creating /home/marcin/anro_ws/src/install/joint_state_publisher/share/ament_index
[1.290s] creating /home/marcin/anro_ws/src/install/joint_state_publisher/share/ament_index/resource_index
[1.290s] creating /home/marcin/anro_ws/src/install/joint_state_publisher/share/ament_index/resource_index/packages
[1.290s] copying resource/joint_state_publisher -> /home/marcin/anro_ws/src/install/joint_state_publisher/share/ament_index/resource_index/packages
[1.290s] copying package.xml -> /home/marcin/anro_ws/src/install/joint_state_publisher/share/joint_state_publisher
[1.290s] running install_egg_info
[1.291s] Copying ../build/joint_state_publisher/joint_state_publisher.egg-info to /home/marcin/anro_ws/src/install/joint_state_publisher/lib/python3.10/site-packages/joint_state_publisher-2.4.0-py3.10.egg-info
[1.292s] running install_scripts
[1.311s] Installing joint_state_publisher script to /home/marcin/anro_ws/src/install/joint_state_publisher/lib/joint_state_publisher
[1.311s] writing list of installed files to '/home/marcin/anro_ws/src/build/joint_state_publisher/install.log'
[1.364s] Invoked command in '/home/marcin/anro_ws/src/joint_state_publisher' returned '0': PYTHONPATH=/home/marcin/anro_ws/src/build/joint_state_publisher/prefix_override:/home/marcin/anro_ws/src/install/joint_state_publisher/lib/python3.10/site-packages:${PYTHONPATH} /usr/bin/python3 -W ignore:setup.py install is deprecated setup.py egg_info --egg-base ../build/joint_state_publisher build --build-base /home/marcin/anro_ws/src/build/joint_state_publisher/build install --record /home/marcin/anro_ws/src/build/joint_state_publisher/install.log --single-version-externally-managed install_data
