[0.980s] Invoking command in '/home/student/anro_24l/prd1': PYTHONPATH=/home/student/anro_24l/build/prd1/prefix_override:/home/student/anro_24l/install/prd1/lib/python3.10/site-packages:${PYTHONPATH} /usr/bin/python3 setup.py egg_info --egg-base ../build/prd1 build --build-base /home/student/anro_24l/build/prd1/build install --record /home/student/anro_24l/build/prd1/install.log --single-version-externally-managed
[1.266s] running egg_info
[1.268s] writing ../build/prd1/prd1.egg-info/PKG-INFO
[1.268s] writing dependency_links to ../build/prd1/prd1.egg-info/dependency_links.txt
[1.268s] writing entry points to ../build/prd1/prd1.egg-info/entry_points.txt
[1.268s] writing requirements to ../build/prd1/prd1.egg-info/requires.txt
[1.268s] writing top-level names to ../build/prd1/prd1.egg-info/top_level.txt
[1.269s] reading manifest file '../build/prd1/prd1.egg-info/SOURCES.txt'
[1.270s] writing manifest file '../build/prd1/prd1.egg-info/SOURCES.txt'
[1.270s] running build
[1.270s] running build_py
[1.271s] running install
[1.271s] running install_lib
[1.272s] running install_data
[1.273s] running install_egg_info
[1.275s] removing '/home/student/anro_24l/install/prd1/lib/python3.10/site-packages/prd1-0.0.0-py3.10.egg-info' (and everything under it)
[1.275s] Copying ../build/prd1/prd1.egg-info to /home/student/anro_24l/install/prd1/lib/python3.10/site-packages/prd1-0.0.0-py3.10.egg-info
[1.276s] running install_scripts
[1.296s] Installing skz script to /home/student/anro_24l/install/prd1/lib/prd1
[1.297s] writing list of installed files to '/home/student/anro_24l/build/prd1/install.log'
[1.332s] Invoked command in '/home/student/anro_24l/prd1' returned '0': PYTHONPATH=/home/student/anro_24l/build/prd1/prefix_override:/home/student/anro_24l/install/prd1/lib/python3.10/site-packages:${PYTHONPATH} /usr/bin/python3 setup.py egg_info --egg-base ../build/prd1 build --build-base /home/student/anro_24l/build/prd1/build install --record /home/student/anro_24l/build/prd1/install.log --single-version-externally-managed
