[1.040s] Invoking command in '/home/student/anro_24l/prd1': PYTHONPATH=/home/student/anro_24l/build/prd1/prefix_override:/home/student/anro_24l/install/prd1/lib/python3.10/site-packages: /usr/bin/python3 setup.py egg_info --egg-base ../build/prd1 build --build-base /home/student/anro_24l/build/prd1/build install --record /home/student/anro_24l/build/prd1/install.log --single-version-externally-managed
[1.241s] running egg_info
[1.241s] creating ../build/prd1/prd1.egg-info
[1.241s] writing ../build/prd1/prd1.egg-info/PKG-INFO
[1.241s] writing dependency_links to ../build/prd1/prd1.egg-info/dependency_links.txt
[1.241s] writing entry points to ../build/prd1/prd1.egg-info/entry_points.txt
[1.241s] writing requirements to ../build/prd1/prd1.egg-info/requires.txt
[1.241s] writing top-level names to ../build/prd1/prd1.egg-info/top_level.txt
[1.241s] writing manifest file '../build/prd1/prd1.egg-info/SOURCES.txt'
[1.243s] reading manifest file '../build/prd1/prd1.egg-info/SOURCES.txt'
[1.244s] writing manifest file '../build/prd1/prd1.egg-info/SOURCES.txt'
[1.244s] running build
[1.244s] running build_py
[1.244s] creating /home/student/anro_24l/build/prd1/build
[1.244s] creating /home/student/anro_24l/build/prd1/build/lib
[1.244s] creating /home/student/anro_24l/build/prd1/build/lib/prd1
[1.244s] copying prd1/turtle_tango.py -> /home/student/anro_24l/build/prd1/build/lib/prd1
[1.244s] copying prd1/__init__.py -> /home/student/anro_24l/build/prd1/build/lib/prd1
[1.244s] running install
[1.244s] running install_lib
[1.245s] creating /home/student/anro_24l/install/prd1/lib/python3.10/site-packages/prd1
[1.245s] copying /home/student/anro_24l/build/prd1/build/lib/prd1/turtle_tango.py -> /home/student/anro_24l/install/prd1/lib/python3.10/site-packages/prd1
[1.245s] copying /home/student/anro_24l/build/prd1/build/lib/prd1/__init__.py -> /home/student/anro_24l/install/prd1/lib/python3.10/site-packages/prd1
[1.245s] byte-compiling /home/student/anro_24l/install/prd1/lib/python3.10/site-packages/prd1/turtle_tango.py to turtle_tango.cpython-310.pyc
[1.246s] byte-compiling /home/student/anro_24l/install/prd1/lib/python3.10/site-packages/prd1/__init__.py to __init__.cpython-310.pyc
[1.246s] running install_data
[1.246s] creating /home/student/anro_24l/install/prd1/share/ament_index
[1.246s] creating /home/student/anro_24l/install/prd1/share/ament_index/resource_index
[1.246s] creating /home/student/anro_24l/install/prd1/share/ament_index/resource_index/packages
[1.246s] copying resource/prd1 -> /home/student/anro_24l/install/prd1/share/ament_index/resource_index/packages
[1.246s] copying package.xml -> /home/student/anro_24l/install/prd1/share/prd1
[1.246s] creating /home/student/anro_24l/install/prd1/share/prd1/launch
[1.247s] copying launch/prd1_launch.py -> /home/student/anro_24l/install/prd1/share/prd1/launch
[1.247s] running install_egg_info
[1.248s] Copying ../build/prd1/prd1.egg-info to /home/student/anro_24l/install/prd1/lib/python3.10/site-packages/prd1-0.0.0-py3.10.egg-info
[1.249s] running install_scripts
[1.269s] Installing skz script to /home/student/anro_24l/install/prd1/lib/prd1
[1.269s] writing list of installed files to '/home/student/anro_24l/build/prd1/install.log'
[1.385s] Invoked command in '/home/student/anro_24l/prd1' returned '0': PYTHONPATH=/home/student/anro_24l/build/prd1/prefix_override:/home/student/anro_24l/install/prd1/lib/python3.10/site-packages: /usr/bin/python3 setup.py egg_info --egg-base ../build/prd1 build --build-base /home/student/anro_24l/build/prd1/build install --record /home/student/anro_24l/build/prd1/install.log --single-version-externally-managed
