[1.064s] Invoking command in '/home/student/anro_24l/joint_state_publisher/joint_state_publisher_gui': AMENT_PREFIX_PATH=/home/student/anro_24l/install/joint_state_publisher PYTHONPATH=/home/student/anro_24l/build/joint_state_publisher_gui/prefix_override:/home/student/anro_24l/install/joint_state_publisher_gui/lib/python3.10/site-packages:/home/student/anro_24l/install/joint_state_publisher/lib/python3.10/site-packages /usr/bin/python3 setup.py egg_info --egg-base ../../build/joint_state_publisher_gui build --build-base /home/student/anro_24l/build/joint_state_publisher_gui/build install --record /home/student/anro_24l/build/joint_state_publisher_gui/install.log --single-version-externally-managed
[1.262s] running egg_info
[1.264s] creating ../../build/joint_state_publisher_gui/joint_state_publisher_gui.egg-info
[1.264s] writing ../../build/joint_state_publisher_gui/joint_state_publisher_gui.egg-info/PKG-INFO
[1.265s] writing dependency_links to ../../build/joint_state_publisher_gui/joint_state_publisher_gui.egg-info/dependency_links.txt
[1.265s] writing entry points to ../../build/joint_state_publisher_gui/joint_state_publisher_gui.egg-info/entry_points.txt
[1.265s] writing requirements to ../../build/joint_state_publisher_gui/joint_state_publisher_gui.egg-info/requires.txt
[1.265s] writing top-level names to ../../build/joint_state_publisher_gui/joint_state_publisher_gui.egg-info/top_level.txt
[1.265s] writing manifest file '../../build/joint_state_publisher_gui/joint_state_publisher_gui.egg-info/SOURCES.txt'
[1.267s] reading manifest file '../../build/joint_state_publisher_gui/joint_state_publisher_gui.egg-info/SOURCES.txt'
[1.267s] adding license file 'LICENSE'
[1.268s] writing manifest file '../../build/joint_state_publisher_gui/joint_state_publisher_gui.egg-info/SOURCES.txt'
[1.268s] running build
[1.268s] running build_py
[1.268s] creating /home/student/anro_24l/build/joint_state_publisher_gui/build
[1.268s] creating /home/student/anro_24l/build/joint_state_publisher_gui/build/lib
[1.268s] creating /home/student/anro_24l/build/joint_state_publisher_gui/build/lib/joint_state_publisher_gui
[1.268s] copying joint_state_publisher_gui/joint_state_publisher_gui.py -> /home/student/anro_24l/build/joint_state_publisher_gui/build/lib/joint_state_publisher_gui
[1.268s] copying joint_state_publisher_gui/flow_layout.py -> /home/student/anro_24l/build/joint_state_publisher_gui/build/lib/joint_state_publisher_gui
[1.268s] copying joint_state_publisher_gui/__init__.py -> /home/student/anro_24l/build/joint_state_publisher_gui/build/lib/joint_state_publisher_gui
[1.268s] running install
[1.269s] running install_lib
[1.269s] creating /home/student/anro_24l/install/joint_state_publisher_gui/lib/python3.10/site-packages/joint_state_publisher_gui
[1.270s] copying /home/student/anro_24l/build/joint_state_publisher_gui/build/lib/joint_state_publisher_gui/joint_state_publisher_gui.py -> /home/student/anro_24l/install/joint_state_publisher_gui/lib/python3.10/site-packages/joint_state_publisher_gui
[1.270s] copying /home/student/anro_24l/build/joint_state_publisher_gui/build/lib/joint_state_publisher_gui/flow_layout.py -> /home/student/anro_24l/install/joint_state_publisher_gui/lib/python3.10/site-packages/joint_state_publisher_gui
[1.270s] copying /home/student/anro_24l/build/joint_state_publisher_gui/build/lib/joint_state_publisher_gui/__init__.py -> /home/student/anro_24l/install/joint_state_publisher_gui/lib/python3.10/site-packages/joint_state_publisher_gui
[1.270s] byte-compiling /home/student/anro_24l/install/joint_state_publisher_gui/lib/python3.10/site-packages/joint_state_publisher_gui/joint_state_publisher_gui.py to joint_state_publisher_gui.cpython-310.pyc
[1.271s] byte-compiling /home/student/anro_24l/install/joint_state_publisher_gui/lib/python3.10/site-packages/joint_state_publisher_gui/flow_layout.py to flow_layout.cpython-310.pyc
[1.271s] byte-compiling /home/student/anro_24l/install/joint_state_publisher_gui/lib/python3.10/site-packages/joint_state_publisher_gui/__init__.py to __init__.cpython-310.pyc
[1.271s] running install_data
[1.271s] creating /home/student/anro_24l/install/joint_state_publisher_gui/share/ament_index
[1.271s] creating /home/student/anro_24l/install/joint_state_publisher_gui/share/ament_index/resource_index
[1.272s] creating /home/student/anro_24l/install/joint_state_publisher_gui/share/ament_index/resource_index/packages
[1.272s] copying resource/joint_state_publisher_gui -> /home/student/anro_24l/install/joint_state_publisher_gui/share/ament_index/resource_index/packages
[1.272s] copying package.xml -> /home/student/anro_24l/install/joint_state_publisher_gui/share/joint_state_publisher_gui
[1.272s] running install_egg_info
[1.273s] Copying ../../build/joint_state_publisher_gui/joint_state_publisher_gui.egg-info to /home/student/anro_24l/install/joint_state_publisher_gui/lib/python3.10/site-packages/joint_state_publisher_gui-2.4.0-py3.10.egg-info
[1.274s] running install_scripts
[1.294s] Installing joint_state_publisher_gui script to /home/student/anro_24l/install/joint_state_publisher_gui/lib/joint_state_publisher_gui
[1.294s] writing list of installed files to '/home/student/anro_24l/build/joint_state_publisher_gui/install.log'
[1.363s] Invoked command in '/home/student/anro_24l/joint_state_publisher/joint_state_publisher_gui' returned '0': AMENT_PREFIX_PATH=/home/student/anro_24l/install/joint_state_publisher PYTHONPATH=/home/student/anro_24l/build/joint_state_publisher_gui/prefix_override:/home/student/anro_24l/install/joint_state_publisher_gui/lib/python3.10/site-packages:/home/student/anro_24l/install/joint_state_publisher/lib/python3.10/site-packages /usr/bin/python3 setup.py egg_info --egg-base ../../build/joint_state_publisher_gui build --build-base /home/student/anro_24l/build/joint_state_publisher_gui/build install --record /home/student/anro_24l/build/joint_state_publisher_gui/install.log --single-version-externally-managed
