running egg_info
writing ../build/Move_To_Point/Move_To_Point.egg-info/PKG-INFO
writing dependency_links to ../build/Move_To_Point/Move_To_Point.egg-info/dependency_links.txt
writing entry points to ../build/Move_To_Point/Move_To_Point.egg-info/entry_points.txt
writing requirements to ../build/Move_To_Point/Move_To_Point.egg-info/requires.txt
writing top-level names to ../build/Move_To_Point/Move_To_Point.egg-info/top_level.txt
reading manifest file '../build/Move_To_Point/Move_To_Point.egg-info/SOURCES.txt'
writing manifest file '../build/Move_To_Point/Move_To_Point.egg-info/SOURCES.txt'
running build
running build_py
copying Move_To_Point/Move_To_Point.py -> /home/student/anro_ws/src/build/Move_To_Point/build/lib/Move_To_Point
running install
running install_lib
copying /home/student/anro_ws/src/build/Move_To_Point/build/lib/Move_To_Point/Move_To_Point.py -> /home/student/anro_ws/src/install/Move_To_Point/lib/python3.10/site-packages/Move_To_Point
byte-compiling /home/student/anro_ws/src/install/Move_To_Point/lib/python3.10/site-packages/Move_To_Point/Move_To_Point.py to Move_To_Point.cpython-310.pyc
running install_data
running install_egg_info
removing '/home/student/anro_ws/src/install/Move_To_Point/lib/python3.10/site-packages/Move_To_Point-0.0.0-py3.10.egg-info' (and everything under it)
Copying ../build/Move_To_Point/Move_To_Point.egg-info to /home/student/anro_ws/src/install/Move_To_Point/lib/python3.10/site-packages/Move_To_Point-0.0.0-py3.10.egg-info
running install_scripts
Installing Move_To_Point script to /home/student/anro_ws/src/install/Move_To_Point/lib/Move_To_Point
writing list of installed files to '/home/student/anro_ws/src/build/Move_To_Point/install.log'
