running egg_info
writing ../build/ForwardKin/ForwardKin.egg-info/PKG-INFO
writing dependency_links to ../build/ForwardKin/ForwardKin.egg-info/dependency_links.txt
writing entry points to ../build/ForwardKin/ForwardKin.egg-info/entry_points.txt
writing requirements to ../build/ForwardKin/ForwardKin.egg-info/requires.txt
writing top-level names to ../build/ForwardKin/ForwardKin.egg-info/top_level.txt
reading manifest file '../build/ForwardKin/ForwardKin.egg-info/SOURCES.txt'
adding license file 'LICENSE'
writing manifest file '../build/ForwardKin/ForwardKin.egg-info/SOURCES.txt'
running build
running build_py
running install
running install_lib
running install_data
running install_egg_info
removing '/home/student/anro_ws/src/install/ForwardKin/lib/python3.10/site-packages/ForwardKin-0.0.0-py3.10.egg-info' (and everything under it)
Copying ../build/ForwardKin/ForwardKin.egg-info to /home/student/anro_ws/src/install/ForwardKin/lib/python3.10/site-packages/ForwardKin-0.0.0-py3.10.egg-info
running install_scripts
Installing ForwardKin script to /home/student/anro_ws/src/install/ForwardKin/lib/ForwardKin
writing list of installed files to '/home/student/anro_ws/src/build/ForwardKin/install.log'
