[2.316s] Invoking command in '/home/student/anro_24l/Move_To_Point': PYTHONPATH=/home/student/anro_24l/build/Move_To_Point/prefix_override:/home/student/anro_24l/install/Move_To_Point/lib/python3.10/site-packages:${PYTHONPATH} /usr/bin/python3 setup.py egg_info --egg-base ../build/Move_To_Point build --build-base /home/student/anro_24l/build/Move_To_Point/build install --record /home/student/anro_24l/build/Move_To_Point/install.log --single-version-externally-managed
[2.604s] running egg_info
[2.605s] writing ../build/Move_To_Point/Move_To_Point.egg-info/PKG-INFO
[2.606s] writing dependency_links to ../build/Move_To_Point/Move_To_Point.egg-info/dependency_links.txt
[2.607s] writing entry points to ../build/Move_To_Point/Move_To_Point.egg-info/entry_points.txt
[2.607s] writing requirements to ../build/Move_To_Point/Move_To_Point.egg-info/requires.txt
[2.608s] writing top-level names to ../build/Move_To_Point/Move_To_Point.egg-info/top_level.txt
[2.609s] reading manifest file '../build/Move_To_Point/Move_To_Point.egg-info/SOURCES.txt'
[2.610s] writing manifest file '../build/Move_To_Point/Move_To_Point.egg-info/SOURCES.txt'
[2.611s] running build
[2.611s] running build_py
[2.612s] running install
[2.613s] running install_lib
[2.614s] running install_data
[2.614s] running install_egg_info
[2.615s] removing '/home/student/anro_24l/install/Move_To_Point/lib/python3.10/site-packages/Move_To_Point-0.0.0-py3.10.egg-info' (and everything under it)
[2.615s] Copying ../build/Move_To_Point/Move_To_Point.egg-info to /home/student/anro_24l/install/Move_To_Point/lib/python3.10/site-packages/Move_To_Point-0.0.0-py3.10.egg-info
[2.615s] running install_scripts
[2.641s] Installing Move_To_Point script to /home/student/anro_24l/install/Move_To_Point/lib/Move_To_Point
[2.642s] writing list of installed files to '/home/student/anro_24l/build/Move_To_Point/install.log'
[2.861s] Invoked command in '/home/student/anro_24l/Move_To_Point' returned '0': PYTHONPATH=/home/student/anro_24l/build/Move_To_Point/prefix_override:/home/student/anro_24l/install/Move_To_Point/lib/python3.10/site-packages:${PYTHONPATH} /usr/bin/python3 setup.py egg_info --egg-base ../build/Move_To_Point build --build-base /home/student/anro_24l/build/Move_To_Point/build install --record /home/student/anro_24l/build/Move_To_Point/install.log --single-version-externally-managed
