[0.780s] Invoking command in '/home/tp03/anro_ws/src/prd1': PYTHONPATH=/home/tp03/anro_ws/src/build/prd1/prefix_override:/home/tp03/anro_ws/src/install/prd1/lib/python3.10/site-packages:${PYTHONPATH} /usr/bin/python3 setup.py egg_info --egg-base ../build/prd1 build --build-base /home/tp03/anro_ws/src/build/prd1/build install --record /home/tp03/anro_ws/src/build/prd1/install.log --single-version-externally-managed
[0.958s] running egg_info
[0.959s] writing ../build/prd1/prd1.egg-info/PKG-INFO
[0.959s] writing dependency_links to ../build/prd1/prd1.egg-info/dependency_links.txt
[0.960s] writing entry points to ../build/prd1/prd1.egg-info/entry_points.txt
[0.960s] writing requirements to ../build/prd1/prd1.egg-info/requires.txt
[0.960s] writing top-level names to ../build/prd1/prd1.egg-info/top_level.txt
[0.961s] reading manifest file '../build/prd1/prd1.egg-info/SOURCES.txt'
[0.962s] writing manifest file '../build/prd1/prd1.egg-info/SOURCES.txt'
[0.962s] running build
[0.962s] running build_py
[0.962s] copying prd1/turtle_tango.py -> /home/tp03/anro_ws/src/build/prd1/build/lib/prd1
[0.963s] running install
[0.963s] running install_lib
[0.963s] /usr/lib/python3/dist-packages/setuptools/command/install.py:34: SetuptoolsDeprecationWarning: setup.py install is deprecated. Use build and pip and other standards-based tools.
[0.963s]   warnings.warn(
[0.964s] copying /home/tp03/anro_ws/src/build/prd1/build/lib/prd1/turtle_tango.py -> /home/tp03/anro_ws/src/install/prd1/lib/python3.10/site-packages/prd1
[0.964s] byte-compiling /home/tp03/anro_ws/src/install/prd1/lib/python3.10/site-packages/prd1/turtle_tango.py to turtle_tango.cpython-310.pyc
[0.965s] running install_data
[0.965s] copying launch/prd1_launch.py -> /home/tp03/anro_ws/src/install/prd1/share/prd1/launch
[0.965s] running install_egg_info
[0.968s] removing '/home/tp03/anro_ws/src/install/prd1/lib/python3.10/site-packages/prd1-0.0.0-py3.10.egg-info' (and everything under it)
[0.968s] Copying ../build/prd1/prd1.egg-info to /home/tp03/anro_ws/src/install/prd1/lib/python3.10/site-packages/prd1-0.0.0-py3.10.egg-info
[0.968s] running install_scripts
[1.000s] Installing skz script to /home/tp03/anro_ws/src/install/prd1/lib/prd1
[1.000s] writing list of installed files to '/home/tp03/anro_ws/src/build/prd1/install.log'
[1.018s] Invoked command in '/home/tp03/anro_ws/src/prd1' returned '0': PYTHONPATH=/home/tp03/anro_ws/src/build/prd1/prefix_override:/home/tp03/anro_ws/src/install/prd1/lib/python3.10/site-packages:${PYTHONPATH} /usr/bin/python3 setup.py egg_info --egg-base ../build/prd1 build --build-base /home/tp03/anro_ws/src/build/prd1/build install --record /home/tp03/anro_ws/src/build/prd1/install.log --single-version-externally-managed
