[0.763s] DEBUG:colcon:Command line arguments: ['/usr/bin/colcon', 'build']
[0.763s] DEBUG:colcon:Parsed command line arguments: Namespace(log_base=None, log_level=None, verb_name='build', build_base='build', install_base='install', merge_install=False, symlink_install=False, test_result_base=None, continue_on_error=False, executor='parallel', parallel_workers=4, event_handlers=None, ignore_user_meta=False, metas=['./colcon.meta'], base_paths=['.'], packages_ignore=None, packages_ignore_regex=None, paths=None, packages_up_to=None, packages_up_to_regex=None, packages_above=None, packages_above_and_dependencies=None, packages_above_depth=None, packages_select_by_dep=None, packages_skip_by_dep=None, packages_skip_up_to=None, packages_select_build_failed=False, packages_skip_build_finished=False, packages_select_test_failures=False, packages_skip_test_passed=False, packages_select=None, packages_skip=None, packages_select_regex=None, packages_skip_regex=None, packages_start=None, packages_end=None, allow_overriding=[], cmake_args=None, cmake_target=None, cmake_target_skip_unavailable=False, cmake_clean_cache=False, cmake_clean_first=False, cmake_force_configure=False, ament_cmake_args=None, catkin_cmake_args=None, catkin_skip_building_tests=False, verb_parser=<colcon_defaults.argument_parser.defaults.DefaultArgumentsDecorator object at 0x795279973970>, verb_extension=<colcon_core.verb.build.BuildVerb object at 0x795279973bb0>, main=<bound method BuildVerb.main of <colcon_core.verb.build.BuildVerb object at 0x795279973bb0>>)
[0.816s] Level 1:colcon.colcon_core.package_discovery:discover_packages(colcon_meta) check parameters
[0.816s] Level 1:colcon.colcon_core.package_discovery:discover_packages(recursive) check parameters
[0.816s] Level 1:colcon.colcon_core.package_discovery:discover_packages(ignore) check parameters
[0.816s] Level 1:colcon.colcon_core.package_discovery:discover_packages(path) check parameters
[0.816s] Level 1:colcon.colcon_core.package_discovery:discover_packages(colcon_meta) discover
[0.816s] Level 1:colcon.colcon_core.package_discovery:discover_packages(recursive) discover
[0.816s] INFO:colcon.colcon_core.package_discovery:Crawling recursively for packages in '/home/student/anro_24l'
[0.816s] Level 1:colcon.colcon_core.package_identification:_identify(.) by extensions ['ignore', 'ignore_ament_install']
[0.816s] Level 1:colcon.colcon_core.package_identification:_identify(.) by extension 'ignore'
[0.816s] Level 1:colcon.colcon_core.package_identification:_identify(.) by extension 'ignore_ament_install'
[0.816s] Level 1:colcon.colcon_core.package_identification:_identify(.) by extensions ['colcon_pkg']
[0.816s] Level 1:colcon.colcon_core.package_identification:_identify(.) by extension 'colcon_pkg'
[0.816s] Level 1:colcon.colcon_core.package_identification:_identify(.) by extensions ['colcon_meta']
[0.817s] Level 1:colcon.colcon_core.package_identification:_identify(.) by extension 'colcon_meta'
[0.817s] Level 1:colcon.colcon_core.package_identification:_identify(.) by extensions ['ros']
[0.817s] Level 1:colcon.colcon_core.package_identification:_identify(.) by extension 'ros'
[0.830s] Level 1:colcon.colcon_core.package_identification:_identify(.) by extensions ['cmake', 'python']
[0.830s] Level 1:colcon.colcon_core.package_identification:_identify(.) by extension 'cmake'
[0.830s] Level 1:colcon.colcon_core.package_identification:_identify(.) by extension 'python'
[0.830s] Level 1:colcon.colcon_core.package_identification:_identify(.) by extensions ['python_setup_py']
[0.830s] Level 1:colcon.colcon_core.package_identification:_identify(.) by extension 'python_setup_py'
[0.830s] Level 1:colcon.colcon_core.package_identification:_identify(ForwardKin) by extensions ['ignore', 'ignore_ament_install']
[0.830s] Level 1:colcon.colcon_core.package_identification:_identify(ForwardKin) by extension 'ignore'
[0.830s] Level 1:colcon.colcon_core.package_identification:_identify(ForwardKin) by extension 'ignore_ament_install'
[0.830s] Level 1:colcon.colcon_core.package_identification:_identify(ForwardKin) by extensions ['colcon_pkg']
[0.830s] Level 1:colcon.colcon_core.package_identification:_identify(ForwardKin) by extension 'colcon_pkg'
[0.830s] Level 1:colcon.colcon_core.package_identification:_identify(ForwardKin) by extensions ['colcon_meta']
[0.830s] Level 1:colcon.colcon_core.package_identification:_identify(ForwardKin) by extension 'colcon_meta'
[0.831s] Level 1:colcon.colcon_core.package_identification:_identify(ForwardKin) by extensions ['ros']
[0.831s] Level 1:colcon.colcon_core.package_identification:_identify(ForwardKin) by extension 'ros'
[0.833s] DEBUG:colcon.colcon_core.package_identification:Package 'ForwardKin' with type 'ros.ament_python' and name 'ForwardKin'
[0.833s] Level 1:colcon.colcon_core.package_identification:_identify(angle_translator) by extensions ['ignore', 'ignore_ament_install']
[0.833s] Level 1:colcon.colcon_core.package_identification:_identify(angle_translator) by extension 'ignore'
[0.833s] Level 1:colcon.colcon_core.package_identification:_identify(angle_translator) by extension 'ignore_ament_install'
[0.834s] Level 1:colcon.colcon_core.package_identification:_identify(angle_translator) by extensions ['colcon_pkg']
[0.834s] Level 1:colcon.colcon_core.package_identification:_identify(angle_translator) by extension 'colcon_pkg'
[0.834s] Level 1:colcon.colcon_core.package_identification:_identify(angle_translator) by extensions ['colcon_meta']
[0.834s] Level 1:colcon.colcon_core.package_identification:_identify(angle_translator) by extension 'colcon_meta'
[0.834s] Level 1:colcon.colcon_core.package_identification:_identify(angle_translator) by extensions ['ros']
[0.834s] Level 1:colcon.colcon_core.package_identification:_identify(angle_translator) by extension 'ros'
[0.834s] DEBUG:colcon.colcon_core.package_identification:Package 'angle_translator' with type 'ros.ament_python' and name 'angle_translator'
[0.834s] Level 1:colcon.colcon_core.package_identification:_identify(build) by extensions ['ignore', 'ignore_ament_install']
[0.834s] Level 1:colcon.colcon_core.package_identification:_identify(build) by extension 'ignore'
[0.834s] Level 1:colcon.colcon_core.package_identification:_identify(build) ignored
[0.834s] Level 1:colcon.colcon_core.package_identification:_identify(install) by extensions ['ignore', 'ignore_ament_install']
[0.835s] Level 1:colcon.colcon_core.package_identification:_identify(install) by extension 'ignore'
[0.835s] Level 1:colcon.colcon_core.package_identification:_identify(install) ignored
[0.835s] Level 1:colcon.colcon_core.package_identification:_identify(inverse_kin) by extensions ['ignore', 'ignore_ament_install']
[0.835s] Level 1:colcon.colcon_core.package_identification:_identify(inverse_kin) by extension 'ignore'
[0.835s] Level 1:colcon.colcon_core.package_identification:_identify(inverse_kin) by extension 'ignore_ament_install'
[0.835s] Level 1:colcon.colcon_core.package_identification:_identify(inverse_kin) by extensions ['colcon_pkg']
[0.835s] Level 1:colcon.colcon_core.package_identification:_identify(inverse_kin) by extension 'colcon_pkg'
[0.835s] Level 1:colcon.colcon_core.package_identification:_identify(inverse_kin) by extensions ['colcon_meta']
[0.835s] Level 1:colcon.colcon_core.package_identification:_identify(inverse_kin) by extension 'colcon_meta'
[0.835s] Level 1:colcon.colcon_core.package_identification:_identify(inverse_kin) by extensions ['ros']
[0.835s] Level 1:colcon.colcon_core.package_identification:_identify(inverse_kin) by extension 'ros'
[0.835s] DEBUG:colcon.colcon_core.package_identification:Package 'inverse_kin' with type 'ros.ament_python' and name 'inverse_kin'
[0.836s] Level 1:colcon.colcon_core.package_identification:_identify(joint_state_publisher) by extensions ['ignore', 'ignore_ament_install']
[0.836s] Level 1:colcon.colcon_core.package_identification:_identify(joint_state_publisher) by extension 'ignore'
[0.836s] Level 1:colcon.colcon_core.package_identification:_identify(joint_state_publisher) by extension 'ignore_ament_install'
[0.836s] Level 1:colcon.colcon_core.package_identification:_identify(joint_state_publisher) by extensions ['colcon_pkg']
[0.836s] Level 1:colcon.colcon_core.package_identification:_identify(joint_state_publisher) by extension 'colcon_pkg'
[0.836s] Level 1:colcon.colcon_core.package_identification:_identify(joint_state_publisher) by extensions ['colcon_meta']
[0.836s] Level 1:colcon.colcon_core.package_identification:_identify(joint_state_publisher) by extension 'colcon_meta'
[0.836s] Level 1:colcon.colcon_core.package_identification:_identify(joint_state_publisher) by extensions ['ros']
[0.836s] Level 1:colcon.colcon_core.package_identification:_identify(joint_state_publisher) by extension 'ros'
[0.836s] Level 1:colcon.colcon_core.package_identification:_identify(joint_state_publisher) by extensions ['cmake', 'python']
[0.836s] Level 1:colcon.colcon_core.package_identification:_identify(joint_state_publisher) by extension 'cmake'
[0.836s] Level 1:colcon.colcon_core.package_identification:_identify(joint_state_publisher) by extension 'python'
[0.836s] Level 1:colcon.colcon_core.package_identification:_identify(joint_state_publisher) by extensions ['python_setup_py']
[0.836s] Level 1:colcon.colcon_core.package_identification:_identify(joint_state_publisher) by extension 'python_setup_py'
[0.836s] Level 1:colcon.colcon_core.package_identification:_identify(joint_state_publisher/joint_state_publisher) by extensions ['ignore', 'ignore_ament_install']
[0.836s] Level 1:colcon.colcon_core.package_identification:_identify(joint_state_publisher/joint_state_publisher) by extension 'ignore'
[0.836s] Level 1:colcon.colcon_core.package_identification:_identify(joint_state_publisher/joint_state_publisher) by extension 'ignore_ament_install'
[0.837s] Level 1:colcon.colcon_core.package_identification:_identify(joint_state_publisher/joint_state_publisher) by extensions ['colcon_pkg']
[0.837s] Level 1:colcon.colcon_core.package_identification:_identify(joint_state_publisher/joint_state_publisher) by extension 'colcon_pkg'
[0.837s] Level 1:colcon.colcon_core.package_identification:_identify(joint_state_publisher/joint_state_publisher) by extensions ['colcon_meta']
[0.837s] Level 1:colcon.colcon_core.package_identification:_identify(joint_state_publisher/joint_state_publisher) by extension 'colcon_meta'
[0.837s] Level 1:colcon.colcon_core.package_identification:_identify(joint_state_publisher/joint_state_publisher) by extensions ['ros']
[0.837s] Level 1:colcon.colcon_core.package_identification:_identify(joint_state_publisher/joint_state_publisher) by extension 'ros'
[0.837s] DEBUG:colcon.colcon_core.package_identification:Package 'joint_state_publisher/joint_state_publisher' with type 'ros.ament_python' and name 'joint_state_publisher'
[0.837s] Level 1:colcon.colcon_core.package_identification:_identify(joint_state_publisher/joint_state_publisher_gui) by extensions ['ignore', 'ignore_ament_install']
[0.837s] Level 1:colcon.colcon_core.package_identification:_identify(joint_state_publisher/joint_state_publisher_gui) by extension 'ignore'
[0.838s] Level 1:colcon.colcon_core.package_identification:_identify(joint_state_publisher/joint_state_publisher_gui) by extension 'ignore_ament_install'
[0.838s] Level 1:colcon.colcon_core.package_identification:_identify(joint_state_publisher/joint_state_publisher_gui) by extensions ['colcon_pkg']
[0.838s] Level 1:colcon.colcon_core.package_identification:_identify(joint_state_publisher/joint_state_publisher_gui) by extension 'colcon_pkg'
[0.838s] Level 1:colcon.colcon_core.package_identification:_identify(joint_state_publisher/joint_state_publisher_gui) by extensions ['colcon_meta']
[0.838s] Level 1:colcon.colcon_core.package_identification:_identify(joint_state_publisher/joint_state_publisher_gui) by extension 'colcon_meta'
[0.838s] Level 1:colcon.colcon_core.package_identification:_identify(joint_state_publisher/joint_state_publisher_gui) by extensions ['ros']
[0.838s] Level 1:colcon.colcon_core.package_identification:_identify(joint_state_publisher/joint_state_publisher_gui) by extension 'ros'
[0.838s] DEBUG:colcon.colcon_core.package_identification:Package 'joint_state_publisher/joint_state_publisher_gui' with type 'ros.ament_python' and name 'joint_state_publisher_gui'
[0.838s] Level 1:colcon.colcon_core.package_identification:_identify(lab2) by extensions ['ignore', 'ignore_ament_install']
[0.838s] Level 1:colcon.colcon_core.package_identification:_identify(lab2) by extension 'ignore'
[0.839s] Level 1:colcon.colcon_core.package_identification:_identify(lab2) by extension 'ignore_ament_install'
[0.839s] Level 1:colcon.colcon_core.package_identification:_identify(lab2) by extensions ['colcon_pkg']
[0.839s] Level 1:colcon.colcon_core.package_identification:_identify(lab2) by extension 'colcon_pkg'
[0.839s] Level 1:colcon.colcon_core.package_identification:_identify(lab2) by extensions ['colcon_meta']
[0.839s] Level 1:colcon.colcon_core.package_identification:_identify(lab2) by extension 'colcon_meta'
[0.839s] Level 1:colcon.colcon_core.package_identification:_identify(lab2) by extensions ['ros']
[0.839s] Level 1:colcon.colcon_core.package_identification:_identify(lab2) by extension 'ros'
[0.839s] DEBUG:colcon.colcon_core.package_identification:Package 'lab2' with type 'ros.ament_python' and name 'lab2'
[0.839s] Level 1:colcon.colcon_core.package_identification:_identify(log) by extensions ['ignore', 'ignore_ament_install']
[0.839s] Level 1:colcon.colcon_core.package_identification:_identify(log) by extension 'ignore'
[0.839s] Level 1:colcon.colcon_core.package_identification:_identify(log) ignored
[0.840s] Level 1:colcon.colcon_core.package_identification:_identify(prd1) by extensions ['ignore', 'ignore_ament_install']
[0.840s] Level 1:colcon.colcon_core.package_identification:_identify(prd1) by extension 'ignore'
[0.840s] Level 1:colcon.colcon_core.package_identification:_identify(prd1) by extension 'ignore_ament_install'
[0.840s] Level 1:colcon.colcon_core.package_identification:_identify(prd1) by extensions ['colcon_pkg']
[0.840s] Level 1:colcon.colcon_core.package_identification:_identify(prd1) by extension 'colcon_pkg'
[0.840s] Level 1:colcon.colcon_core.package_identification:_identify(prd1) by extensions ['colcon_meta']
[0.840s] Level 1:colcon.colcon_core.package_identification:_identify(prd1) by extension 'colcon_meta'
[0.840s] Level 1:colcon.colcon_core.package_identification:_identify(prd1) by extensions ['ros']
[0.840s] Level 1:colcon.colcon_core.package_identification:_identify(prd1) by extension 'ros'
[0.840s] DEBUG:colcon.colcon_core.package_identification:Package 'prd1' with type 'ros.ament_python' and name 'prd1'
[0.841s] Level 1:colcon.colcon_core.package_identification:_identify(urdf_launch) by extensions ['ignore', 'ignore_ament_install']
[0.841s] Level 1:colcon.colcon_core.package_identification:_identify(urdf_launch) by extension 'ignore'
[0.841s] Level 1:colcon.colcon_core.package_identification:_identify(urdf_launch) by extension 'ignore_ament_install'
[0.841s] Level 1:colcon.colcon_core.package_identification:_identify(urdf_launch) by extensions ['colcon_pkg']
[0.841s] Level 1:colcon.colcon_core.package_identification:_identify(urdf_launch) by extension 'colcon_pkg'
[0.841s] Level 1:colcon.colcon_core.package_identification:_identify(urdf_launch) by extensions ['colcon_meta']
[0.841s] Level 1:colcon.colcon_core.package_identification:_identify(urdf_launch) by extension 'colcon_meta'
[0.841s] Level 1:colcon.colcon_core.package_identification:_identify(urdf_launch) by extensions ['ros']
[0.841s] Level 1:colcon.colcon_core.package_identification:_identify(urdf_launch) by extension 'ros'
[0.842s] DEBUG:colcon.colcon_core.package_identification:Package 'urdf_launch' with type 'ros.ament_cmake' and name 'urdf_launch'
[0.842s] Level 1:colcon.colcon_core.package_identification:_identify(urdf_tutorial) by extensions ['ignore', 'ignore_ament_install']
[0.842s] Level 1:colcon.colcon_core.package_identification:_identify(urdf_tutorial) by extension 'ignore'
[0.842s] Level 1:colcon.colcon_core.package_identification:_identify(urdf_tutorial) by extension 'ignore_ament_install'
[0.842s] Level 1:colcon.colcon_core.package_identification:_identify(urdf_tutorial) by extensions ['colcon_pkg']
[0.842s] Level 1:colcon.colcon_core.package_identification:_identify(urdf_tutorial) by extension 'colcon_pkg'
[0.842s] Level 1:colcon.colcon_core.package_identification:_identify(urdf_tutorial) by extensions ['colcon_meta']
[0.842s] Level 1:colcon.colcon_core.package_identification:_identify(urdf_tutorial) by extension 'colcon_meta'
[0.842s] Level 1:colcon.colcon_core.package_identification:_identify(urdf_tutorial) by extensions ['ros']
[0.842s] Level 1:colcon.colcon_core.package_identification:_identify(urdf_tutorial) by extension 'ros'
[0.843s] DEBUG:colcon.colcon_core.package_identification:Package 'urdf_tutorial' with type 'ros.ament_cmake' and name 'urdf_tutorial'
[0.843s] Level 1:colcon.colcon_core.package_discovery:discover_packages(recursive) using defaults
[0.843s] Level 1:colcon.colcon_core.package_discovery:discover_packages(ignore) discover
[0.843s] Level 1:colcon.colcon_core.package_discovery:discover_packages(ignore) using defaults
[0.843s] Level 1:colcon.colcon_core.package_discovery:discover_packages(path) discover
[0.843s] Level 1:colcon.colcon_core.package_discovery:discover_packages(path) using defaults
[0.910s] Level 1:colcon.colcon_core.package_discovery:discover_packages(prefix_path) check parameters
[0.910s] Level 1:colcon.colcon_core.package_discovery:discover_packages(prefix_path) discover
[0.919s] Level 1:colcon.colcon_core.package_discovery:discover_packages(prefix_path) using defaults
[0.935s] Level 5:colcon.colcon_core.verb:set package 'ForwardKin' build argument 'cmake_args' from command line to 'None'
[0.935s] Level 5:colcon.colcon_core.verb:set package 'ForwardKin' build argument 'cmake_target' from command line to 'None'
[0.935s] Level 5:colcon.colcon_core.verb:set package 'ForwardKin' build argument 'cmake_target_skip_unavailable' from command line to 'False'
[0.935s] Level 5:colcon.colcon_core.verb:set package 'ForwardKin' build argument 'cmake_clean_cache' from command line to 'False'
[0.935s] Level 5:colcon.colcon_core.verb:set package 'ForwardKin' build argument 'cmake_clean_first' from command line to 'False'
[0.935s] Level 5:colcon.colcon_core.verb:set package 'ForwardKin' build argument 'cmake_force_configure' from command line to 'False'
[0.935s] Level 5:colcon.colcon_core.verb:set package 'ForwardKin' build argument 'ament_cmake_args' from command line to 'None'
[0.935s] Level 5:colcon.colcon_core.verb:set package 'ForwardKin' build argument 'catkin_cmake_args' from command line to 'None'
[0.935s] Level 5:colcon.colcon_core.verb:set package 'ForwardKin' build argument 'catkin_skip_building_tests' from command line to 'False'
[0.935s] DEBUG:colcon.colcon_core.verb:Building package 'ForwardKin' with the following arguments: {'ament_cmake_args': None, 'build_base': '/home/student/anro_24l/build/ForwardKin', 'catkin_cmake_args': None, 'catkin_skip_building_tests': False, 'cmake_args': None, 'cmake_clean_cache': False, 'cmake_clean_first': False, 'cmake_force_configure': False, 'cmake_target': None, 'cmake_target_skip_unavailable': False, 'install_base': '/home/student/anro_24l/install/ForwardKin', 'merge_install': False, 'path': '/home/student/anro_24l/ForwardKin', 'symlink_install': False, 'test_result_base': None}
[0.943s] Level 5:colcon.colcon_core.verb:set package 'angle_translator' build argument 'cmake_args' from command line to 'None'
[0.943s] Level 5:colcon.colcon_core.verb:set package 'angle_translator' build argument 'cmake_target' from command line to 'None'
[0.943s] Level 5:colcon.colcon_core.verb:set package 'angle_translator' build argument 'cmake_target_skip_unavailable' from command line to 'False'
[0.943s] Level 5:colcon.colcon_core.verb:set package 'angle_translator' build argument 'cmake_clean_cache' from command line to 'False'
[0.943s] Level 5:colcon.colcon_core.verb:set package 'angle_translator' build argument 'cmake_clean_first' from command line to 'False'
[0.943s] Level 5:colcon.colcon_core.verb:set package 'angle_translator' build argument 'cmake_force_configure' from command line to 'False'
[0.943s] Level 5:colcon.colcon_core.verb:set package 'angle_translator' build argument 'ament_cmake_args' from command line to 'None'
[0.943s] Level 5:colcon.colcon_core.verb:set package 'angle_translator' build argument 'catkin_cmake_args' from command line to 'None'
[0.943s] Level 5:colcon.colcon_core.verb:set package 'angle_translator' build argument 'catkin_skip_building_tests' from command line to 'False'
[0.943s] DEBUG:colcon.colcon_core.verb:Building package 'angle_translator' with the following arguments: {'ament_cmake_args': None, 'build_base': '/home/student/anro_24l/build/angle_translator', 'catkin_cmake_args': None, 'catkin_skip_building_tests': False, 'cmake_args': None, 'cmake_clean_cache': False, 'cmake_clean_first': False, 'cmake_force_configure': False, 'cmake_target': None, 'cmake_target_skip_unavailable': False, 'install_base': '/home/student/anro_24l/install/angle_translator', 'merge_install': False, 'path': '/home/student/anro_24l/angle_translator', 'symlink_install': False, 'test_result_base': None}
[0.951s] Level 5:colcon.colcon_core.verb:set package 'inverse_kin' build argument 'cmake_args' from command line to 'None'
[0.951s] Level 5:colcon.colcon_core.verb:set package 'inverse_kin' build argument 'cmake_target' from command line to 'None'
[0.951s] Level 5:colcon.colcon_core.verb:set package 'inverse_kin' build argument 'cmake_target_skip_unavailable' from command line to 'False'
[0.951s] Level 5:colcon.colcon_core.verb:set package 'inverse_kin' build argument 'cmake_clean_cache' from command line to 'False'
[0.951s] Level 5:colcon.colcon_core.verb:set package 'inverse_kin' build argument 'cmake_clean_first' from command line to 'False'
[0.951s] Level 5:colcon.colcon_core.verb:set package 'inverse_kin' build argument 'cmake_force_configure' from command line to 'False'
[0.951s] Level 5:colcon.colcon_core.verb:set package 'inverse_kin' build argument 'ament_cmake_args' from command line to 'None'
[0.951s] Level 5:colcon.colcon_core.verb:set package 'inverse_kin' build argument 'catkin_cmake_args' from command line to 'None'
[0.951s] Level 5:colcon.colcon_core.verb:set package 'inverse_kin' build argument 'catkin_skip_building_tests' from command line to 'False'
[0.951s] DEBUG:colcon.colcon_core.verb:Building package 'inverse_kin' with the following arguments: {'ament_cmake_args': None, 'build_base': '/home/student/anro_24l/build/inverse_kin', 'catkin_cmake_args': None, 'catkin_skip_building_tests': False, 'cmake_args': None, 'cmake_clean_cache': False, 'cmake_clean_first': False, 'cmake_force_configure': False, 'cmake_target': None, 'cmake_target_skip_unavailable': False, 'install_base': '/home/student/anro_24l/install/inverse_kin', 'merge_install': False, 'path': '/home/student/anro_24l/inverse_kin', 'symlink_install': False, 'test_result_base': None}
[0.958s] Level 5:colcon.colcon_core.verb:set package 'joint_state_publisher' build argument 'cmake_args' from command line to 'None'
[0.958s] Level 5:colcon.colcon_core.verb:set package 'joint_state_publisher' build argument 'cmake_target' from command line to 'None'
[0.959s] Level 5:colcon.colcon_core.verb:set package 'joint_state_publisher' build argument 'cmake_target_skip_unavailable' from command line to 'False'
[0.959s] Level 5:colcon.colcon_core.verb:set package 'joint_state_publisher' build argument 'cmake_clean_cache' from command line to 'False'
[0.959s] Level 5:colcon.colcon_core.verb:set package 'joint_state_publisher' build argument 'cmake_clean_first' from command line to 'False'
[0.959s] Level 5:colcon.colcon_core.verb:set package 'joint_state_publisher' build argument 'cmake_force_configure' from command line to 'False'
[0.959s] Level 5:colcon.colcon_core.verb:set package 'joint_state_publisher' build argument 'ament_cmake_args' from command line to 'None'
[0.959s] Level 5:colcon.colcon_core.verb:set package 'joint_state_publisher' build argument 'catkin_cmake_args' from command line to 'None'
[0.959s] Level 5:colcon.colcon_core.verb:set package 'joint_state_publisher' build argument 'catkin_skip_building_tests' from command line to 'False'
[0.959s] DEBUG:colcon.colcon_core.verb:Building package 'joint_state_publisher' with the following arguments: {'ament_cmake_args': None, 'build_base': '/home/student/anro_24l/build/joint_state_publisher', 'catkin_cmake_args': None, 'catkin_skip_building_tests': False, 'cmake_args': None, 'cmake_clean_cache': False, 'cmake_clean_first': False, 'cmake_force_configure': False, 'cmake_target': None, 'cmake_target_skip_unavailable': False, 'install_base': '/home/student/anro_24l/install/joint_state_publisher', 'merge_install': False, 'path': '/home/student/anro_24l/joint_state_publisher/joint_state_publisher', 'symlink_install': False, 'test_result_base': None}
[0.966s] Level 5:colcon.colcon_core.verb:set package 'lab2' build argument 'cmake_args' from command line to 'None'
[0.966s] Level 5:colcon.colcon_core.verb:set package 'lab2' build argument 'cmake_target' from command line to 'None'
[0.966s] Level 5:colcon.colcon_core.verb:set package 'lab2' build argument 'cmake_target_skip_unavailable' from command line to 'False'
[0.966s] Level 5:colcon.colcon_core.verb:set package 'lab2' build argument 'cmake_clean_cache' from command line to 'False'
[0.966s] Level 5:colcon.colcon_core.verb:set package 'lab2' build argument 'cmake_clean_first' from command line to 'False'
[0.966s] Level 5:colcon.colcon_core.verb:set package 'lab2' build argument 'cmake_force_configure' from command line to 'False'
[0.966s] Level 5:colcon.colcon_core.verb:set package 'lab2' build argument 'ament_cmake_args' from command line to 'None'
[0.966s] Level 5:colcon.colcon_core.verb:set package 'lab2' build argument 'catkin_cmake_args' from command line to 'None'
[0.966s] Level 5:colcon.colcon_core.verb:set package 'lab2' build argument 'catkin_skip_building_tests' from command line to 'False'
[0.966s] DEBUG:colcon.colcon_core.verb:Building package 'lab2' with the following arguments: {'ament_cmake_args': None, 'build_base': '/home/student/anro_24l/build/lab2', 'catkin_cmake_args': None, 'catkin_skip_building_tests': False, 'cmake_args': None, 'cmake_clean_cache': False, 'cmake_clean_first': False, 'cmake_force_configure': False, 'cmake_target': None, 'cmake_target_skip_unavailable': False, 'install_base': '/home/student/anro_24l/install/lab2', 'merge_install': False, 'path': '/home/student/anro_24l/lab2', 'symlink_install': False, 'test_result_base': None}
[0.974s] Level 5:colcon.colcon_core.verb:set package 'prd1' build argument 'cmake_args' from command line to 'None'
[0.974s] Level 5:colcon.colcon_core.verb:set package 'prd1' build argument 'cmake_target' from command line to 'None'
[0.974s] Level 5:colcon.colcon_core.verb:set package 'prd1' build argument 'cmake_target_skip_unavailable' from command line to 'False'
[0.974s] Level 5:colcon.colcon_core.verb:set package 'prd1' build argument 'cmake_clean_cache' from command line to 'False'
[0.974s] Level 5:colcon.colcon_core.verb:set package 'prd1' build argument 'cmake_clean_first' from command line to 'False'
[0.974s] Level 5:colcon.colcon_core.verb:set package 'prd1' build argument 'cmake_force_configure' from command line to 'False'
[0.974s] Level 5:colcon.colcon_core.verb:set package 'prd1' build argument 'ament_cmake_args' from command line to 'None'
[0.974s] Level 5:colcon.colcon_core.verb:set package 'prd1' build argument 'catkin_cmake_args' from command line to 'None'
[0.974s] Level 5:colcon.colcon_core.verb:set package 'prd1' build argument 'catkin_skip_building_tests' from command line to 'False'
[0.974s] DEBUG:colcon.colcon_core.verb:Building package 'prd1' with the following arguments: {'ament_cmake_args': None, 'build_base': '/home/student/anro_24l/build/prd1', 'catkin_cmake_args': None, 'catkin_skip_building_tests': False, 'cmake_args': None, 'cmake_clean_cache': False, 'cmake_clean_first': False, 'cmake_force_configure': False, 'cmake_target': None, 'cmake_target_skip_unavailable': False, 'install_base': '/home/student/anro_24l/install/prd1', 'merge_install': False, 'path': '/home/student/anro_24l/prd1', 'symlink_install': False, 'test_result_base': None}
[0.982s] Level 5:colcon.colcon_core.verb:set package 'joint_state_publisher_gui' build argument 'cmake_args' from command line to 'None'
[0.982s] Level 5:colcon.colcon_core.verb:set package 'joint_state_publisher_gui' build argument 'cmake_target' from command line to 'None'
[0.982s] Level 5:colcon.colcon_core.verb:set package 'joint_state_publisher_gui' build argument 'cmake_target_skip_unavailable' from command line to 'False'
[0.982s] Level 5:colcon.colcon_core.verb:set package 'joint_state_publisher_gui' build argument 'cmake_clean_cache' from command line to 'False'
[0.982s] Level 5:colcon.colcon_core.verb:set package 'joint_state_publisher_gui' build argument 'cmake_clean_first' from command line to 'False'
[0.982s] Level 5:colcon.colcon_core.verb:set package 'joint_state_publisher_gui' build argument 'cmake_force_configure' from command line to 'False'
[0.982s] Level 5:colcon.colcon_core.verb:set package 'joint_state_publisher_gui' build argument 'ament_cmake_args' from command line to 'None'
[0.982s] Level 5:colcon.colcon_core.verb:set package 'joint_state_publisher_gui' build argument 'catkin_cmake_args' from command line to 'None'
[0.982s] Level 5:colcon.colcon_core.verb:set package 'joint_state_publisher_gui' build argument 'catkin_skip_building_tests' from command line to 'False'
[0.982s] DEBUG:colcon.colcon_core.verb:Building package 'joint_state_publisher_gui' with the following arguments: {'ament_cmake_args': None, 'build_base': '/home/student/anro_24l/build/joint_state_publisher_gui', 'catkin_cmake_args': None, 'catkin_skip_building_tests': False, 'cmake_args': None, 'cmake_clean_cache': False, 'cmake_clean_first': False, 'cmake_force_configure': False, 'cmake_target': None, 'cmake_target_skip_unavailable': False, 'install_base': '/home/student/anro_24l/install/joint_state_publisher_gui', 'merge_install': False, 'path': '/home/student/anro_24l/joint_state_publisher/joint_state_publisher_gui', 'symlink_install': False, 'test_result_base': None}
[0.989s] Level 5:colcon.colcon_core.verb:set package 'urdf_launch' build argument 'cmake_args' from command line to 'None'
[0.989s] Level 5:colcon.colcon_core.verb:set package 'urdf_launch' build argument 'cmake_target' from command line to 'None'
[0.989s] Level 5:colcon.colcon_core.verb:set package 'urdf_launch' build argument 'cmake_target_skip_unavailable' from command line to 'False'
[0.989s] Level 5:colcon.colcon_core.verb:set package 'urdf_launch' build argument 'cmake_clean_cache' from command line to 'False'
[0.989s] Level 5:colcon.colcon_core.verb:set package 'urdf_launch' build argument 'cmake_clean_first' from command line to 'False'
[0.990s] Level 5:colcon.colcon_core.verb:set package 'urdf_launch' build argument 'cmake_force_configure' from command line to 'False'
[0.990s] Level 5:colcon.colcon_core.verb:set package 'urdf_launch' build argument 'ament_cmake_args' from command line to 'None'
[0.990s] Level 5:colcon.colcon_core.verb:set package 'urdf_launch' build argument 'catkin_cmake_args' from command line to 'None'
[0.990s] Level 5:colcon.colcon_core.verb:set package 'urdf_launch' build argument 'catkin_skip_building_tests' from command line to 'False'
[0.990s] DEBUG:colcon.colcon_core.verb:Building package 'urdf_launch' with the following arguments: {'ament_cmake_args': None, 'build_base': '/home/student/anro_24l/build/urdf_launch', 'catkin_cmake_args': None, 'catkin_skip_building_tests': False, 'cmake_args': None, 'cmake_clean_cache': False, 'cmake_clean_first': False, 'cmake_force_configure': False, 'cmake_target': None, 'cmake_target_skip_unavailable': False, 'install_base': '/home/student/anro_24l/install/urdf_launch', 'merge_install': False, 'path': '/home/student/anro_24l/urdf_launch', 'symlink_install': False, 'test_result_base': None}
[0.997s] Level 5:colcon.colcon_core.verb:set package 'urdf_tutorial' build argument 'cmake_args' from command line to 'None'
[0.997s] Level 5:colcon.colcon_core.verb:set package 'urdf_tutorial' build argument 'cmake_target' from command line to 'None'
[0.997s] Level 5:colcon.colcon_core.verb:set package 'urdf_tutorial' build argument 'cmake_target_skip_unavailable' from command line to 'False'
[0.997s] Level 5:colcon.colcon_core.verb:set package 'urdf_tutorial' build argument 'cmake_clean_cache' from command line to 'False'
[0.997s] Level 5:colcon.colcon_core.verb:set package 'urdf_tutorial' build argument 'cmake_clean_first' from command line to 'False'
[0.997s] Level 5:colcon.colcon_core.verb:set package 'urdf_tutorial' build argument 'cmake_force_configure' from command line to 'False'
[0.997s] Level 5:colcon.colcon_core.verb:set package 'urdf_tutorial' build argument 'ament_cmake_args' from command line to 'None'
[0.997s] Level 5:colcon.colcon_core.verb:set package 'urdf_tutorial' build argument 'catkin_cmake_args' from command line to 'None'
[0.997s] Level 5:colcon.colcon_core.verb:set package 'urdf_tutorial' build argument 'catkin_skip_building_tests' from command line to 'False'
[0.997s] DEBUG:colcon.colcon_core.verb:Building package 'urdf_tutorial' with the following arguments: {'ament_cmake_args': None, 'build_base': '/home/student/anro_24l/build/urdf_tutorial', 'catkin_cmake_args': None, 'catkin_skip_building_tests': False, 'cmake_args': None, 'cmake_clean_cache': False, 'cmake_clean_first': False, 'cmake_force_configure': False, 'cmake_target': None, 'cmake_target_skip_unavailable': False, 'install_base': '/home/student/anro_24l/install/urdf_tutorial', 'merge_install': False, 'path': '/home/student/anro_24l/urdf_tutorial', 'symlink_install': False, 'test_result_base': None}
[1.005s] INFO:colcon.colcon_core.executor:Executing jobs using 'parallel' executor
[1.013s] DEBUG:colcon.colcon_parallel_executor.executor.parallel:run_until_complete
[1.013s] INFO:colcon.colcon_ros.task.ament_python.build:Building ROS package in '/home/student/anro_24l/joint_state_publisher/joint_state_publisher' with build type 'ament_python'
[1.013s] Level 1:colcon.colcon_core.shell:create_environment_hook('joint_state_publisher', 'ament_prefix_path')
[1.025s] INFO:colcon.colcon_core.plugin_system:Skipping extension 'colcon_core.shell.bat': Not used on non-Windows systems
[1.025s] INFO:colcon.colcon_core.shell:Creating environment hook '/home/student/anro_24l/install/joint_state_publisher/share/joint_state_publisher/hook/ament_prefix_path.ps1'
[1.026s] INFO:colcon.colcon_core.shell:Creating environment descriptor '/home/student/anro_24l/install/joint_state_publisher/share/joint_state_publisher/hook/ament_prefix_path.dsv'
[1.027s] INFO:colcon.colcon_core.shell:Creating environment hook '/home/student/anro_24l/install/joint_state_publisher/share/joint_state_publisher/hook/ament_prefix_path.sh'
[1.036s] INFO:colcon.colcon_core.shell:Skip shell extension 'powershell' for command environment: Not usable outside of PowerShell
[1.036s] DEBUG:colcon.colcon_core.shell:Skip shell extension 'dsv' for command environment
[1.045s] INFO:colcon.colcon_ros.task.ament_python.build:Building ROS package in '/home/student/anro_24l/ForwardKin' with build type 'ament_python'
[1.045s] Level 1:colcon.colcon_core.shell:create_environment_hook('ForwardKin', 'ament_prefix_path')
[1.053s] INFO:colcon.colcon_core.shell:Creating environment hook '/home/student/anro_24l/install/ForwardKin/share/ForwardKin/hook/ament_prefix_path.ps1'
[1.054s] INFO:colcon.colcon_core.shell:Creating environment descriptor '/home/student/anro_24l/install/ForwardKin/share/ForwardKin/hook/ament_prefix_path.dsv'
[1.054s] INFO:colcon.colcon_core.shell:Creating environment hook '/home/student/anro_24l/install/ForwardKin/share/ForwardKin/hook/ament_prefix_path.sh'
[1.062s] INFO:colcon.colcon_core.shell:Skip shell extension 'powershell' for command environment: Not usable outside of PowerShell
[1.062s] DEBUG:colcon.colcon_core.shell:Skip shell extension 'dsv' for command environment
[1.070s] INFO:colcon.colcon_ros.task.ament_python.build:Building ROS package in '/home/student/anro_24l/angle_translator' with build type 'ament_python'
[1.070s] Level 1:colcon.colcon_core.shell:create_environment_hook('angle_translator', 'ament_prefix_path')
[1.079s] INFO:colcon.colcon_core.shell:Creating environment hook '/home/student/anro_24l/install/angle_translator/share/angle_translator/hook/ament_prefix_path.ps1'
[1.079s] INFO:colcon.colcon_core.shell:Creating environment descriptor '/home/student/anro_24l/install/angle_translator/share/angle_translator/hook/ament_prefix_path.dsv'
[1.080s] INFO:colcon.colcon_core.shell:Creating environment hook '/home/student/anro_24l/install/angle_translator/share/angle_translator/hook/ament_prefix_path.sh'
[1.087s] INFO:colcon.colcon_core.shell:Skip shell extension 'powershell' for command environment: Not usable outside of PowerShell
[1.087s] DEBUG:colcon.colcon_core.shell:Skip shell extension 'dsv' for command environment
[1.096s] INFO:colcon.colcon_ros.task.ament_python.build:Building ROS package in '/home/student/anro_24l/inverse_kin' with build type 'ament_python'
[1.096s] Level 1:colcon.colcon_core.shell:create_environment_hook('inverse_kin', 'ament_prefix_path')
[1.105s] INFO:colcon.colcon_core.shell:Creating environment hook '/home/student/anro_24l/install/inverse_kin/share/inverse_kin/hook/ament_prefix_path.ps1'
[1.105s] INFO:colcon.colcon_core.shell:Creating environment descriptor '/home/student/anro_24l/install/inverse_kin/share/inverse_kin/hook/ament_prefix_path.dsv'
[1.105s] INFO:colcon.colcon_core.shell:Creating environment hook '/home/student/anro_24l/install/inverse_kin/share/inverse_kin/hook/ament_prefix_path.sh'
[1.114s] INFO:colcon.colcon_core.shell:Skip shell extension 'powershell' for command environment: Not usable outside of PowerShell
[1.114s] DEBUG:colcon.colcon_core.shell:Skip shell extension 'dsv' for command environment
[1.327s] INFO:colcon.colcon_core.task.python.build:Building Python package in '/home/student/anro_24l/joint_state_publisher/joint_state_publisher'
[1.335s] INFO:colcon.colcon_core.shell:Skip shell extension 'powershell' for command environment: Not usable outside of PowerShell
[1.335s] DEBUG:colcon.colcon_core.shell:Skip shell extension 'dsv' for command environment
[1.550s] INFO:colcon.colcon_core.task.python.build:Building Python package in '/home/student/anro_24l/ForwardKin'
[1.558s] INFO:colcon.colcon_core.shell:Skip shell extension 'powershell' for command environment: Not usable outside of PowerShell
[1.559s] DEBUG:colcon.colcon_core.shell:Skip shell extension 'dsv' for command environment
[1.767s] INFO:colcon.colcon_core.task.python.build:Building Python package in '/home/student/anro_24l/angle_translator'
[1.775s] INFO:colcon.colcon_core.shell:Skip shell extension 'powershell' for command environment: Not usable outside of PowerShell
[1.775s] DEBUG:colcon.colcon_core.shell:Skip shell extension 'dsv' for command environment
[1.987s] INFO:colcon.colcon_core.task.python.build:Building Python package in '/home/student/anro_24l/inverse_kin'
[1.995s] INFO:colcon.colcon_core.shell:Skip shell extension 'powershell' for command environment: Not usable outside of PowerShell
[1.995s] DEBUG:colcon.colcon_core.shell:Skip shell extension 'dsv' for command environment
[2.420s] DEBUG:colcon.colcon_core.event_handler.log_command:Invoking command in '/home/student/anro_24l/inverse_kin': PYTHONPATH=/home/student/anro_24l/build/inverse_kin/prefix_override:/home/student/anro_24l/install/inverse_kin/lib/python3.10/site-packages: /usr/bin/python3 setup.py egg_info --egg-base ../build/inverse_kin build --build-base /home/student/anro_24l/build/inverse_kin/build install --record /home/student/anro_24l/build/inverse_kin/install.log --single-version-externally-managed
[2.426s] DEBUG:colcon.colcon_core.event_handler.log_command:Invoking command in '/home/student/anro_24l/angle_translator': PYTHONPATH=/home/student/anro_24l/build/angle_translator/prefix_override:/home/student/anro_24l/install/angle_translator/lib/python3.10/site-packages: /usr/bin/python3 setup.py egg_info --egg-base ../build/angle_translator build --build-base /home/student/anro_24l/build/angle_translator/build install --record /home/student/anro_24l/build/angle_translator/install.log --single-version-externally-managed
[2.426s] DEBUG:colcon.colcon_core.event_handler.log_command:Invoking command in '/home/student/anro_24l/joint_state_publisher/joint_state_publisher': PYTHONPATH=/home/student/anro_24l/build/joint_state_publisher/prefix_override:/home/student/anro_24l/install/joint_state_publisher/lib/python3.10/site-packages: /usr/bin/python3 setup.py egg_info --egg-base ../../build/joint_state_publisher build --build-base /home/student/anro_24l/build/joint_state_publisher/build install --record /home/student/anro_24l/build/joint_state_publisher/install.log --single-version-externally-managed
[2.433s] DEBUG:colcon.colcon_core.event_handler.log_command:Invoking command in '/home/student/anro_24l/ForwardKin': PYTHONPATH=/home/student/anro_24l/build/ForwardKin/prefix_override:/home/student/anro_24l/install/ForwardKin/lib/python3.10/site-packages: /usr/bin/python3 setup.py egg_info --egg-base ../build/ForwardKin build --build-base /home/student/anro_24l/build/ForwardKin/build install --record /home/student/anro_24l/build/ForwardKin/install.log --single-version-externally-managed
[2.707s] DEBUG:colcon.colcon_core.event_handler.log_command:Invoked command in '/home/student/anro_24l/inverse_kin' returned '0': PYTHONPATH=/home/student/anro_24l/build/inverse_kin/prefix_override:/home/student/anro_24l/install/inverse_kin/lib/python3.10/site-packages: /usr/bin/python3 setup.py egg_info --egg-base ../build/inverse_kin build --build-base /home/student/anro_24l/build/inverse_kin/build install --record /home/student/anro_24l/build/inverse_kin/install.log --single-version-externally-managed
[2.722s] Level 1:colcon.colcon_core.environment:checking '/home/student/anro_24l/install/inverse_kin' for CMake module files
[2.722s] Level 1:colcon.colcon_core.environment:checking '/home/student/anro_24l/install/inverse_kin' for CMake config files
[2.723s] Level 1:colcon.colcon_core.environment:checking '/home/student/anro_24l/install/inverse_kin/lib'
[2.723s] Level 1:colcon.colcon_core.environment:checking '/home/student/anro_24l/install/inverse_kin/bin'
[2.723s] Level 1:colcon.colcon_core.environment:checking '/home/student/anro_24l/install/inverse_kin/lib/pkgconfig/inverse_kin.pc'
[2.724s] Level 1:colcon.colcon_core.environment:checking '/home/student/anro_24l/install/inverse_kin/lib/python3.10/site-packages'
[2.724s] Level 1:colcon.colcon_core.shell:create_environment_hook('inverse_kin', 'pythonpath')
[2.732s] INFO:colcon.colcon_core.shell:Creating environment hook '/home/student/anro_24l/install/inverse_kin/share/inverse_kin/hook/pythonpath.ps1'
[2.733s] INFO:colcon.colcon_core.shell:Creating environment descriptor '/home/student/anro_24l/install/inverse_kin/share/inverse_kin/hook/pythonpath.dsv'
[2.733s] INFO:colcon.colcon_core.shell:Creating environment hook '/home/student/anro_24l/install/inverse_kin/share/inverse_kin/hook/pythonpath.sh'
[2.734s] Level 1:colcon.colcon_core.environment:checking '/home/student/anro_24l/install/inverse_kin/bin'
[2.734s] Level 1:colcon.colcon_core.environment:create_environment_scripts_only(inverse_kin)
[2.742s] INFO:colcon.colcon_core.shell:Creating package script '/home/student/anro_24l/install/inverse_kin/share/inverse_kin/package.ps1'
[2.743s] INFO:colcon.colcon_core.shell:Creating package descriptor '/home/student/anro_24l/install/inverse_kin/share/inverse_kin/package.dsv'
[2.744s] INFO:colcon.colcon_core.shell:Creating package script '/home/student/anro_24l/install/inverse_kin/share/inverse_kin/package.sh'
[2.745s] INFO:colcon.colcon_core.shell:Creating package script '/home/student/anro_24l/install/inverse_kin/share/inverse_kin/package.bash'
[2.746s] INFO:colcon.colcon_core.shell:Creating package script '/home/student/anro_24l/install/inverse_kin/share/inverse_kin/package.zsh'
[2.747s] Level 1:colcon.colcon_core.environment:create_file_with_runtime_dependencies(/home/student/anro_24l/install/inverse_kin/share/colcon-core/packages/inverse_kin)
[2.747s] INFO:colcon.colcon_ros.task.ament_python.build:Building ROS package in '/home/student/anro_24l/lab2' with build type 'ament_python'
[2.748s] Level 1:colcon.colcon_core.shell:create_environment_hook('lab2', 'ament_prefix_path')
[2.756s] INFO:colcon.colcon_core.shell:Creating environment hook '/home/student/anro_24l/install/lab2/share/lab2/hook/ament_prefix_path.ps1'
[2.757s] INFO:colcon.colcon_core.shell:Creating environment descriptor '/home/student/anro_24l/install/lab2/share/lab2/hook/ament_prefix_path.dsv'
[2.757s] INFO:colcon.colcon_core.shell:Creating environment hook '/home/student/anro_24l/install/lab2/share/lab2/hook/ament_prefix_path.sh'
[2.765s] INFO:colcon.colcon_core.shell:Skip shell extension 'powershell' for command environment: Not usable outside of PowerShell
[2.765s] DEBUG:colcon.colcon_core.shell:Skip shell extension 'dsv' for command environment
[2.775s] DEBUG:colcon.colcon_core.event_handler.log_command:Invoked command in '/home/student/anro_24l/angle_translator' returned '0': PYTHONPATH=/home/student/anro_24l/build/angle_translator/prefix_override:/home/student/anro_24l/install/angle_translator/lib/python3.10/site-packages: /usr/bin/python3 setup.py egg_info --egg-base ../build/angle_translator build --build-base /home/student/anro_24l/build/angle_translator/build install --record /home/student/anro_24l/build/angle_translator/install.log --single-version-externally-managed
[2.783s] Level 1:colcon.colcon_core.environment:checking '/home/student/anro_24l/install/angle_translator' for CMake module files
[2.783s] Level 1:colcon.colcon_core.environment:checking '/home/student/anro_24l/install/angle_translator' for CMake config files
[2.784s] Level 1:colcon.colcon_core.environment:checking '/home/student/anro_24l/install/angle_translator/lib'
[2.784s] Level 1:colcon.colcon_core.environment:checking '/home/student/anro_24l/install/angle_translator/bin'
[2.784s] Level 1:colcon.colcon_core.environment:checking '/home/student/anro_24l/install/angle_translator/lib/pkgconfig/angle_translator.pc'
[2.784s] Level 1:colcon.colcon_core.environment:checking '/home/student/anro_24l/install/angle_translator/lib/python3.10/site-packages'
[2.784s] Level 1:colcon.colcon_core.shell:create_environment_hook('angle_translator', 'pythonpath')
[2.792s] INFO:colcon.colcon_core.shell:Creating environment hook '/home/student/anro_24l/install/angle_translator/share/angle_translator/hook/pythonpath.ps1'
[2.792s] INFO:colcon.colcon_core.shell:Creating environment descriptor '/home/student/anro_24l/install/angle_translator/share/angle_translator/hook/pythonpath.dsv'
[2.793s] INFO:colcon.colcon_core.shell:Creating environment hook '/home/student/anro_24l/install/angle_translator/share/angle_translator/hook/pythonpath.sh'
[2.793s] Level 1:colcon.colcon_core.environment:checking '/home/student/anro_24l/install/angle_translator/bin'
[2.793s] Level 1:colcon.colcon_core.environment:create_environment_scripts_only(angle_translator)
[2.801s] INFO:colcon.colcon_core.shell:Creating package script '/home/student/anro_24l/install/angle_translator/share/angle_translator/package.ps1'
[2.802s] INFO:colcon.colcon_core.shell:Creating package descriptor '/home/student/anro_24l/install/angle_translator/share/angle_translator/package.dsv'
[2.802s] INFO:colcon.colcon_core.shell:Creating package script '/home/student/anro_24l/install/angle_translator/share/angle_translator/package.sh'
[2.802s] INFO:colcon.colcon_core.shell:Creating package script '/home/student/anro_24l/install/angle_translator/share/angle_translator/package.bash'
[2.802s] INFO:colcon.colcon_core.shell:Creating package script '/home/student/anro_24l/install/angle_translator/share/angle_translator/package.zsh'
[2.803s] Level 1:colcon.colcon_core.environment:create_file_with_runtime_dependencies(/home/student/anro_24l/install/angle_translator/share/colcon-core/packages/angle_translator)
[2.804s] DEBUG:colcon.colcon_core.event_handler.log_command:Invoked command in '/home/student/anro_24l/ForwardKin' returned '0': PYTHONPATH=/home/student/anro_24l/build/ForwardKin/prefix_override:/home/student/anro_24l/install/ForwardKin/lib/python3.10/site-packages: /usr/bin/python3 setup.py egg_info --egg-base ../build/ForwardKin build --build-base /home/student/anro_24l/build/ForwardKin/build install --record /home/student/anro_24l/build/ForwardKin/install.log --single-version-externally-managed
[2.812s] Level 1:colcon.colcon_core.environment:checking '/home/student/anro_24l/install/ForwardKin' for CMake module files
[2.813s] Level 1:colcon.colcon_core.environment:checking '/home/student/anro_24l/install/ForwardKin' for CMake config files
[2.813s] Level 1:colcon.colcon_core.environment:checking '/home/student/anro_24l/install/ForwardKin/lib'
[2.813s] Level 1:colcon.colcon_core.environment:checking '/home/student/anro_24l/install/ForwardKin/bin'
[2.813s] Level 1:colcon.colcon_core.environment:checking '/home/student/anro_24l/install/ForwardKin/lib/pkgconfig/ForwardKin.pc'
[2.813s] Level 1:colcon.colcon_core.environment:checking '/home/student/anro_24l/install/ForwardKin/lib/python3.10/site-packages'
[2.813s] Level 1:colcon.colcon_core.shell:create_environment_hook('ForwardKin', 'pythonpath')
[2.821s] INFO:colcon.colcon_core.shell:Creating environment hook '/home/student/anro_24l/install/ForwardKin/share/ForwardKin/hook/pythonpath.ps1'
[2.822s] INFO:colcon.colcon_core.shell:Creating environment descriptor '/home/student/anro_24l/install/ForwardKin/share/ForwardKin/hook/pythonpath.dsv'
[2.822s] INFO:colcon.colcon_core.shell:Creating environment hook '/home/student/anro_24l/install/ForwardKin/share/ForwardKin/hook/pythonpath.sh'
[2.823s] Level 1:colcon.colcon_core.environment:checking '/home/student/anro_24l/install/ForwardKin/bin'
[2.823s] Level 1:colcon.colcon_core.environment:create_environment_scripts_only(ForwardKin)
[2.831s] INFO:colcon.colcon_core.shell:Creating package script '/home/student/anro_24l/install/ForwardKin/share/ForwardKin/package.ps1'
[2.832s] INFO:colcon.colcon_core.shell:Creating package descriptor '/home/student/anro_24l/install/ForwardKin/share/ForwardKin/package.dsv'
[2.832s] INFO:colcon.colcon_core.shell:Creating package script '/home/student/anro_24l/install/ForwardKin/share/ForwardKin/package.sh'
[2.832s] INFO:colcon.colcon_core.shell:Creating package script '/home/student/anro_24l/install/ForwardKin/share/ForwardKin/package.bash'
[2.833s] INFO:colcon.colcon_core.shell:Creating package script '/home/student/anro_24l/install/ForwardKin/share/ForwardKin/package.zsh'
[2.833s] Level 1:colcon.colcon_core.environment:create_file_with_runtime_dependencies(/home/student/anro_24l/install/ForwardKin/share/colcon-core/packages/ForwardKin)
[2.835s] DEBUG:colcon.colcon_core.event_handler.log_command:Invoked command in '/home/student/anro_24l/joint_state_publisher/joint_state_publisher' returned '0': PYTHONPATH=/home/student/anro_24l/build/joint_state_publisher/prefix_override:/home/student/anro_24l/install/joint_state_publisher/lib/python3.10/site-packages: /usr/bin/python3 setup.py egg_info --egg-base ../../build/joint_state_publisher build --build-base /home/student/anro_24l/build/joint_state_publisher/build install --record /home/student/anro_24l/build/joint_state_publisher/install.log --single-version-externally-managed
[2.842s] Level 1:colcon.colcon_core.environment:checking '/home/student/anro_24l/install/joint_state_publisher' for CMake module files
[2.843s] Level 1:colcon.colcon_core.environment:checking '/home/student/anro_24l/install/joint_state_publisher' for CMake config files
[2.843s] Level 1:colcon.colcon_core.environment:checking '/home/student/anro_24l/install/joint_state_publisher/lib'
[2.843s] Level 1:colcon.colcon_core.environment:checking '/home/student/anro_24l/install/joint_state_publisher/bin'
[2.843s] Level 1:colcon.colcon_core.environment:checking '/home/student/anro_24l/install/joint_state_publisher/lib/pkgconfig/joint_state_publisher.pc'
[2.844s] Level 1:colcon.colcon_core.environment:checking '/home/student/anro_24l/install/joint_state_publisher/lib/python3.10/site-packages'
[2.844s] Level 1:colcon.colcon_core.shell:create_environment_hook('joint_state_publisher', 'pythonpath')
[2.852s] INFO:colcon.colcon_core.shell:Creating environment hook '/home/student/anro_24l/install/joint_state_publisher/share/joint_state_publisher/hook/pythonpath.ps1'
[2.852s] INFO:colcon.colcon_core.shell:Creating environment descriptor '/home/student/anro_24l/install/joint_state_publisher/share/joint_state_publisher/hook/pythonpath.dsv'
[2.852s] INFO:colcon.colcon_core.shell:Creating environment hook '/home/student/anro_24l/install/joint_state_publisher/share/joint_state_publisher/hook/pythonpath.sh'
[2.853s] Level 1:colcon.colcon_core.environment:checking '/home/student/anro_24l/install/joint_state_publisher/bin'
[2.853s] Level 1:colcon.colcon_core.environment:create_environment_scripts_only(joint_state_publisher)
[2.860s] INFO:colcon.colcon_core.shell:Creating package script '/home/student/anro_24l/install/joint_state_publisher/share/joint_state_publisher/package.ps1'
[2.861s] INFO:colcon.colcon_core.shell:Creating package descriptor '/home/student/anro_24l/install/joint_state_publisher/share/joint_state_publisher/package.dsv'
[2.861s] INFO:colcon.colcon_core.shell:Creating package script '/home/student/anro_24l/install/joint_state_publisher/share/joint_state_publisher/package.sh'
[2.861s] INFO:colcon.colcon_core.shell:Creating package script '/home/student/anro_24l/install/joint_state_publisher/share/joint_state_publisher/package.bash'
[2.862s] INFO:colcon.colcon_core.shell:Creating package script '/home/student/anro_24l/install/joint_state_publisher/share/joint_state_publisher/package.zsh'
[2.862s] Level 1:colcon.colcon_core.environment:create_file_with_runtime_dependencies(/home/student/anro_24l/install/joint_state_publisher/share/colcon-core/packages/joint_state_publisher)
[2.863s] INFO:colcon.colcon_ros.task.ament_python.build:Building ROS package in '/home/student/anro_24l/joint_state_publisher/joint_state_publisher_gui' with build type 'ament_python'
[2.863s] Level 1:colcon.colcon_core.shell:create_environment_hook('joint_state_publisher_gui', 'ament_prefix_path')
[2.872s] INFO:colcon.colcon_core.shell:Creating environment hook '/home/student/anro_24l/install/joint_state_publisher_gui/share/joint_state_publisher_gui/hook/ament_prefix_path.ps1'
[2.872s] INFO:colcon.colcon_core.shell:Creating environment descriptor '/home/student/anro_24l/install/joint_state_publisher_gui/share/joint_state_publisher_gui/hook/ament_prefix_path.dsv'
[2.872s] INFO:colcon.colcon_core.shell:Creating environment hook '/home/student/anro_24l/install/joint_state_publisher_gui/share/joint_state_publisher_gui/hook/ament_prefix_path.sh'
[2.881s] INFO:colcon.colcon_core.shell:Skip shell extension 'powershell' for command environment: Not usable outside of PowerShell
[2.881s] DEBUG:colcon.colcon_core.shell:Skip shell extension 'dsv' for command environment
[2.889s] INFO:colcon.colcon_ros.task.ament_python.build:Building ROS package in '/home/student/anro_24l/prd1' with build type 'ament_python'
[2.889s] Level 1:colcon.colcon_core.shell:create_environment_hook('prd1', 'ament_prefix_path')
[2.897s] INFO:colcon.colcon_core.shell:Creating environment hook '/home/student/anro_24l/install/prd1/share/prd1/hook/ament_prefix_path.ps1'
[2.898s] INFO:colcon.colcon_core.shell:Creating environment descriptor '/home/student/anro_24l/install/prd1/share/prd1/hook/ament_prefix_path.dsv'
[2.898s] INFO:colcon.colcon_core.shell:Creating environment hook '/home/student/anro_24l/install/prd1/share/prd1/hook/ament_prefix_path.sh'
[2.907s] INFO:colcon.colcon_core.shell:Skip shell extension 'powershell' for command environment: Not usable outside of PowerShell
[2.907s] DEBUG:colcon.colcon_core.shell:Skip shell extension 'dsv' for command environment
[3.118s] INFO:colcon.colcon_core.task.python.build:Building Python package in '/home/student/anro_24l/lab2'
[3.126s] INFO:colcon.colcon_core.shell:Skip shell extension 'powershell' for command environment: Not usable outside of PowerShell
[3.126s] DEBUG:colcon.colcon_core.shell:Skip shell extension 'dsv' for command environment
[3.340s] INFO:colcon.colcon_core.task.python.build:Building Python package in '/home/student/anro_24l/joint_state_publisher/joint_state_publisher_gui'
[3.348s] INFO:colcon.colcon_core.shell:Skip shell extension 'powershell' for command environment: Not usable outside of PowerShell
[3.348s] DEBUG:colcon.colcon_core.shell:Skip shell extension 'dsv' for command environment
[3.561s] INFO:colcon.colcon_core.task.python.build:Building Python package in '/home/student/anro_24l/prd1'
[3.569s] INFO:colcon.colcon_core.shell:Skip shell extension 'powershell' for command environment: Not usable outside of PowerShell
[3.569s] DEBUG:colcon.colcon_core.shell:Skip shell extension 'dsv' for command environment
[3.926s] DEBUG:colcon.colcon_core.event_handler.log_command:Invoking command in '/home/student/anro_24l/lab2': PYTHONPATH=/home/student/anro_24l/build/lab2/prefix_override:/home/student/anro_24l/install/lab2/lib/python3.10/site-packages: /usr/bin/python3 setup.py egg_info --egg-base ../build/lab2 build --build-base /home/student/anro_24l/build/lab2/build install --record /home/student/anro_24l/build/lab2/install.log --single-version-externally-managed
[3.928s] DEBUG:colcon.colcon_core.event_handler.log_command:Invoking command in '/home/student/anro_24l/joint_state_publisher/joint_state_publisher_gui': AMENT_PREFIX_PATH=/home/student/anro_24l/install/joint_state_publisher PYTHONPATH=/home/student/anro_24l/build/joint_state_publisher_gui/prefix_override:/home/student/anro_24l/install/joint_state_publisher_gui/lib/python3.10/site-packages:/home/student/anro_24l/install/joint_state_publisher/lib/python3.10/site-packages /usr/bin/python3 setup.py egg_info --egg-base ../../build/joint_state_publisher_gui build --build-base /home/student/anro_24l/build/joint_state_publisher_gui/build install --record /home/student/anro_24l/build/joint_state_publisher_gui/install.log --single-version-externally-managed
[3.930s] DEBUG:colcon.colcon_core.event_handler.log_command:Invoking command in '/home/student/anro_24l/prd1': PYTHONPATH=/home/student/anro_24l/build/prd1/prefix_override:/home/student/anro_24l/install/prd1/lib/python3.10/site-packages: /usr/bin/python3 setup.py egg_info --egg-base ../build/prd1 build --build-base /home/student/anro_24l/build/prd1/build install --record /home/student/anro_24l/build/prd1/install.log --single-version-externally-managed
[4.203s] DEBUG:colcon.colcon_core.event_handler.log_command:Invoked command in '/home/student/anro_24l/lab2' returned '0': PYTHONPATH=/home/student/anro_24l/build/lab2/prefix_override:/home/student/anro_24l/install/lab2/lib/python3.10/site-packages: /usr/bin/python3 setup.py egg_info --egg-base ../build/lab2 build --build-base /home/student/anro_24l/build/lab2/build install --record /home/student/anro_24l/build/lab2/install.log --single-version-externally-managed
[4.206s] Level 1:colcon.colcon_core.environment:checking '/home/student/anro_24l/install/lab2' for CMake module files
[4.206s] Level 1:colcon.colcon_core.environment:checking '/home/student/anro_24l/install/lab2' for CMake config files
[4.206s] Level 1:colcon.colcon_core.environment:checking '/home/student/anro_24l/install/lab2/lib'
[4.206s] Level 1:colcon.colcon_core.environment:checking '/home/student/anro_24l/install/lab2/bin'
[4.206s] Level 1:colcon.colcon_core.environment:checking '/home/student/anro_24l/install/lab2/lib/pkgconfig/lab2.pc'
[4.207s] Level 1:colcon.colcon_core.environment:checking '/home/student/anro_24l/install/lab2/lib/python3.10/site-packages'
[4.207s] Level 1:colcon.colcon_core.shell:create_environment_hook('lab2', 'pythonpath')
[4.215s] INFO:colcon.colcon_core.shell:Creating environment hook '/home/student/anro_24l/install/lab2/share/lab2/hook/pythonpath.ps1'
[4.215s] INFO:colcon.colcon_core.shell:Creating environment descriptor '/home/student/anro_24l/install/lab2/share/lab2/hook/pythonpath.dsv'
[4.215s] INFO:colcon.colcon_core.shell:Creating environment hook '/home/student/anro_24l/install/lab2/share/lab2/hook/pythonpath.sh'
[4.216s] Level 1:colcon.colcon_core.environment:checking '/home/student/anro_24l/install/lab2/bin'
[4.216s] Level 1:colcon.colcon_core.environment:create_environment_scripts_only(lab2)
[4.224s] INFO:colcon.colcon_core.shell:Creating package script '/home/student/anro_24l/install/lab2/share/lab2/package.ps1'
[4.224s] INFO:colcon.colcon_core.shell:Creating package descriptor '/home/student/anro_24l/install/lab2/share/lab2/package.dsv'
[4.224s] INFO:colcon.colcon_core.shell:Creating package script '/home/student/anro_24l/install/lab2/share/lab2/package.sh'
[4.225s] INFO:colcon.colcon_core.shell:Creating package script '/home/student/anro_24l/install/lab2/share/lab2/package.bash'
[4.225s] INFO:colcon.colcon_core.shell:Creating package script '/home/student/anro_24l/install/lab2/share/lab2/package.zsh'
[4.225s] Level 1:colcon.colcon_core.environment:create_file_with_runtime_dependencies(/home/student/anro_24l/install/lab2/share/colcon-core/packages/lab2)
[4.227s] DEBUG:colcon.colcon_core.event_handler.log_command:Invoked command in '/home/student/anro_24l/joint_state_publisher/joint_state_publisher_gui' returned '0': AMENT_PREFIX_PATH=/home/student/anro_24l/install/joint_state_publisher PYTHONPATH=/home/student/anro_24l/build/joint_state_publisher_gui/prefix_override:/home/student/anro_24l/install/joint_state_publisher_gui/lib/python3.10/site-packages:/home/student/anro_24l/install/joint_state_publisher/lib/python3.10/site-packages /usr/bin/python3 setup.py egg_info --egg-base ../../build/joint_state_publisher_gui build --build-base /home/student/anro_24l/build/joint_state_publisher_gui/build install --record /home/student/anro_24l/build/joint_state_publisher_gui/install.log --single-version-externally-managed
[4.236s] Level 1:colcon.colcon_core.environment:checking '/home/student/anro_24l/install/joint_state_publisher_gui' for CMake module files
[4.236s] Level 1:colcon.colcon_core.environment:checking '/home/student/anro_24l/install/joint_state_publisher_gui' for CMake config files
[4.237s] Level 1:colcon.colcon_core.environment:checking '/home/student/anro_24l/install/joint_state_publisher_gui/lib'
[4.237s] Level 1:colcon.colcon_core.environment:checking '/home/student/anro_24l/install/joint_state_publisher_gui/bin'
[4.237s] Level 1:colcon.colcon_core.environment:checking '/home/student/anro_24l/install/joint_state_publisher_gui/lib/pkgconfig/joint_state_publisher_gui.pc'
[4.237s] Level 1:colcon.colcon_core.environment:checking '/home/student/anro_24l/install/joint_state_publisher_gui/lib/python3.10/site-packages'
[4.237s] Level 1:colcon.colcon_core.shell:create_environment_hook('joint_state_publisher_gui', 'pythonpath')
[4.245s] INFO:colcon.colcon_core.shell:Creating environment hook '/home/student/anro_24l/install/joint_state_publisher_gui/share/joint_state_publisher_gui/hook/pythonpath.ps1'
[4.245s] INFO:colcon.colcon_core.shell:Creating environment descriptor '/home/student/anro_24l/install/joint_state_publisher_gui/share/joint_state_publisher_gui/hook/pythonpath.dsv'
[4.246s] INFO:colcon.colcon_core.shell:Creating environment hook '/home/student/anro_24l/install/joint_state_publisher_gui/share/joint_state_publisher_gui/hook/pythonpath.sh'
[4.246s] Level 1:colcon.colcon_core.environment:checking '/home/student/anro_24l/install/joint_state_publisher_gui/bin'
[4.246s] Level 1:colcon.colcon_core.environment:create_environment_scripts_only(joint_state_publisher_gui)
[4.254s] INFO:colcon.colcon_core.shell:Creating package script '/home/student/anro_24l/install/joint_state_publisher_gui/share/joint_state_publisher_gui/package.ps1'
[4.255s] INFO:colcon.colcon_core.shell:Creating package descriptor '/home/student/anro_24l/install/joint_state_publisher_gui/share/joint_state_publisher_gui/package.dsv'
[4.255s] INFO:colcon.colcon_core.shell:Creating package script '/home/student/anro_24l/install/joint_state_publisher_gui/share/joint_state_publisher_gui/package.sh'
[4.256s] INFO:colcon.colcon_core.shell:Creating package script '/home/student/anro_24l/install/joint_state_publisher_gui/share/joint_state_publisher_gui/package.bash'
[4.256s] INFO:colcon.colcon_core.shell:Creating package script '/home/student/anro_24l/install/joint_state_publisher_gui/share/joint_state_publisher_gui/package.zsh'
[4.256s] Level 1:colcon.colcon_core.environment:create_file_with_runtime_dependencies(/home/student/anro_24l/install/joint_state_publisher_gui/share/colcon-core/packages/joint_state_publisher_gui)
[4.257s] INFO:colcon.colcon_ros.task.ament_cmake.build:Building ROS package in '/home/student/anro_24l/urdf_launch' with build type 'ament_cmake'
[4.257s] INFO:colcon.colcon_cmake.task.cmake.build:Building CMake package in '/home/student/anro_24l/urdf_launch'
[4.266s] INFO:colcon.colcon_core.shell:Skip shell extension 'powershell' for command environment: Not usable outside of PowerShell
[4.266s] DEBUG:colcon.colcon_core.shell:Skip shell extension 'dsv' for command environment
[4.275s] DEBUG:colcon.colcon_core.event_handler.log_command:Invoked command in '/home/student/anro_24l/prd1' returned '0': PYTHONPATH=/home/student/anro_24l/build/prd1/prefix_override:/home/student/anro_24l/install/prd1/lib/python3.10/site-packages: /usr/bin/python3 setup.py egg_info --egg-base ../build/prd1 build --build-base /home/student/anro_24l/build/prd1/build install --record /home/student/anro_24l/build/prd1/install.log --single-version-externally-managed
[4.283s] Level 1:colcon.colcon_core.environment:checking '/home/student/anro_24l/install/prd1' for CMake module files
[4.283s] Level 1:colcon.colcon_core.environment:checking '/home/student/anro_24l/install/prd1' for CMake config files
[4.284s] Level 1:colcon.colcon_core.environment:checking '/home/student/anro_24l/install/prd1/lib'
[4.284s] Level 1:colcon.colcon_core.environment:checking '/home/student/anro_24l/install/prd1/bin'
[4.284s] Level 1:colcon.colcon_core.environment:checking '/home/student/anro_24l/install/prd1/lib/pkgconfig/prd1.pc'
[4.284s] Level 1:colcon.colcon_core.environment:checking '/home/student/anro_24l/install/prd1/lib/python3.10/site-packages'
[4.284s] Level 1:colcon.colcon_core.shell:create_environment_hook('prd1', 'pythonpath')
[4.292s] INFO:colcon.colcon_core.shell:Creating environment hook '/home/student/anro_24l/install/prd1/share/prd1/hook/pythonpath.ps1'
[4.292s] INFO:colcon.colcon_core.shell:Creating environment descriptor '/home/student/anro_24l/install/prd1/share/prd1/hook/pythonpath.dsv'
[4.292s] INFO:colcon.colcon_core.shell:Creating environment hook '/home/student/anro_24l/install/prd1/share/prd1/hook/pythonpath.sh'
[4.293s] Level 1:colcon.colcon_core.environment:checking '/home/student/anro_24l/install/prd1/bin'
[4.293s] Level 1:colcon.colcon_core.environment:create_environment_scripts_only(prd1)
[4.301s] INFO:colcon.colcon_core.shell:Creating package script '/home/student/anro_24l/install/prd1/share/prd1/package.ps1'
[4.301s] INFO:colcon.colcon_core.shell:Creating package descriptor '/home/student/anro_24l/install/prd1/share/prd1/package.dsv'
[4.302s] INFO:colcon.colcon_core.shell:Creating package script '/home/student/anro_24l/install/prd1/share/prd1/package.sh'
[4.302s] INFO:colcon.colcon_core.shell:Creating package script '/home/student/anro_24l/install/prd1/share/prd1/package.bash'
[4.302s] INFO:colcon.colcon_core.shell:Creating package script '/home/student/anro_24l/install/prd1/share/prd1/package.zsh'
[4.302s] Level 1:colcon.colcon_core.environment:create_file_with_runtime_dependencies(/home/student/anro_24l/install/prd1/share/colcon-core/packages/prd1)
[4.306s] DEBUG:colcon.colcon_core.event_handler.log_command:Invoking command in '/home/student/anro_24l/build/urdf_launch': AMENT_PREFIX_PATH=/home/student/anro_24l/install/joint_state_publisher_gui:/home/student/anro_24l/install/joint_state_publisher PYTHONPATH=/home/student/anro_24l/install/joint_state_publisher_gui/lib/python3.10/site-packages:/home/student/anro_24l/install/joint_state_publisher/lib/python3.10/site-packages /usr/bin/cmake /home/student/anro_24l/urdf_launch -DCMAKE_INSTALL_PREFIX=/home/student/anro_24l/install/urdf_launch
[4.742s] DEBUG:colcon.colcon_core.event_handler.log_command:Invoked command in '/home/student/anro_24l/build/urdf_launch' returned '1': AMENT_PREFIX_PATH=/home/student/anro_24l/install/joint_state_publisher_gui:/home/student/anro_24l/install/joint_state_publisher PYTHONPATH=/home/student/anro_24l/install/joint_state_publisher_gui/lib/python3.10/site-packages:/home/student/anro_24l/install/joint_state_publisher/lib/python3.10/site-packages /usr/bin/cmake /home/student/anro_24l/urdf_launch -DCMAKE_INSTALL_PREFIX=/home/student/anro_24l/install/urdf_launch
[4.752s] Level 1:colcon.colcon_core.environment:create_environment_scripts_only(urdf_launch)
[4.760s] Level 1:colcon.colcon_core.environment:checking '/home/student/anro_24l/install/urdf_launch' for CMake module files
[4.760s] Level 1:colcon.colcon_core.environment:checking '/home/student/anro_24l/install/urdf_launch' for CMake config files
[4.760s] Level 1:colcon.colcon_core.environment:checking '/home/student/anro_24l/install/urdf_launch/bin'
[4.761s] Level 1:colcon.colcon_core.environment:checking '/home/student/anro_24l/install/urdf_launch/lib/pkgconfig/urdf_launch.pc'
[4.761s] Level 1:colcon.colcon_core.environment:checking '/home/student/anro_24l/install/urdf_launch/lib/python3.10/site-packages'
[4.761s] Level 1:colcon.colcon_core.environment:checking '/home/student/anro_24l/install/urdf_launch/bin'
[4.769s] INFO:colcon.colcon_core.shell:Creating package script '/home/student/anro_24l/install/urdf_launch/share/urdf_launch/package.ps1'
[4.769s] INFO:colcon.colcon_core.shell:Creating package descriptor '/home/student/anro_24l/install/urdf_launch/share/urdf_launch/package.dsv'
[4.770s] INFO:colcon.colcon_core.shell:Creating package script '/home/student/anro_24l/install/urdf_launch/share/urdf_launch/package.sh'
[4.770s] INFO:colcon.colcon_core.shell:Creating package script '/home/student/anro_24l/install/urdf_launch/share/urdf_launch/package.bash'
[4.770s] INFO:colcon.colcon_core.shell:Creating package script '/home/student/anro_24l/install/urdf_launch/share/urdf_launch/package.zsh'
[4.770s] Level 1:colcon.colcon_core.environment:create_file_with_runtime_dependencies(/home/student/anro_24l/install/urdf_launch/share/colcon-core/packages/urdf_launch)
[4.771s] DEBUG:colcon.colcon_parallel_executor.executor.parallel:closing loop
[4.771s] DEBUG:colcon.colcon_parallel_executor.executor.parallel:loop closed
[4.771s] DEBUG:colcon.colcon_parallel_executor.executor.parallel:run_until_complete finished with '1'
[4.771s] DEBUG:colcon.colcon_core.event_reactor:joining thread
[4.785s] INFO:colcon.colcon_core.plugin_system:Skipping extension 'colcon_notification.desktop_notification.terminal_notifier': Not used on non-Darwin systems
[4.785s] INFO:colcon.colcon_core.plugin_system:Skipping extension 'colcon_notification.desktop_notification.win32': Not used on non-Windows systems
[4.785s] INFO:colcon.colcon_notification.desktop_notification:Sending desktop notification using 'notify2'
[4.804s] DEBUG:colcon.colcon_core.event_reactor:joined thread
[4.813s] INFO:colcon.colcon_core.shell:Creating prefix script '/home/student/anro_24l/install/local_setup.ps1'
[4.814s] INFO:colcon.colcon_core.shell:Creating prefix util module '/home/student/anro_24l/install/_local_setup_util_ps1.py'
[4.815s] INFO:colcon.colcon_core.shell:Creating prefix chain script '/home/student/anro_24l/install/setup.ps1'
[4.824s] INFO:colcon.colcon_core.shell:Creating prefix script '/home/student/anro_24l/install/local_setup.sh'
[4.824s] INFO:colcon.colcon_core.shell:Creating prefix util module '/home/student/anro_24l/install/_local_setup_util_sh.py'
[4.825s] INFO:colcon.colcon_core.shell:Creating prefix chain script '/home/student/anro_24l/install/setup.sh'
[4.834s] INFO:colcon.colcon_core.shell:Creating prefix script '/home/student/anro_24l/install/local_setup.bash'
[4.834s] INFO:colcon.colcon_core.shell:Creating prefix chain script '/home/student/anro_24l/install/setup.bash'
[4.861s] INFO:colcon.colcon_core.shell:Creating prefix script '/home/student/anro_24l/install/local_setup.zsh'
[4.861s] INFO:colcon.colcon_core.shell:Creating prefix chain script '/home/student/anro_24l/install/setup.zsh'
