[2.402s] Invoking command in '/home/student/anro_ws/src/joint_state_publisher/joint_state_publisher': PYTHONPATH=/home/student/anro_ws/src/build/joint_state_publisher/prefix_override:/home/student/anro_ws/src/install/joint_state_publisher/lib/python3.10/site-packages:${PYTHONPATH} /usr/bin/python3 setup.py egg_info --egg-base ../../build/joint_state_publisher build --build-base /home/student/anro_ws/src/build/joint_state_publisher/build install --record /home/student/anro_ws/src/build/joint_state_publisher/install.log --single-version-externally-managed
[2.699s] running egg_info
[2.699s] creating ../../build/joint_state_publisher/joint_state_publisher.egg-info
[2.699s] writing ../../build/joint_state_publisher/joint_state_publisher.egg-info/PKG-INFO
[2.699s] writing dependency_links to ../../build/joint_state_publisher/joint_state_publisher.egg-info/dependency_links.txt
[2.699s] writing entry points to ../../build/joint_state_publisher/joint_state_publisher.egg-info/entry_points.txt
[2.699s] writing requirements to ../../build/joint_state_publisher/joint_state_publisher.egg-info/requires.txt
[2.699s] writing top-level names to ../../build/joint_state_publisher/joint_state_publisher.egg-info/top_level.txt
[2.699s] writing manifest file '../../build/joint_state_publisher/joint_state_publisher.egg-info/SOURCES.txt'
[2.700s] reading manifest file '../../build/joint_state_publisher/joint_state_publisher.egg-info/SOURCES.txt'
[2.700s] adding license file 'LICENSE'
[2.700s] writing manifest file '../../build/joint_state_publisher/joint_state_publisher.egg-info/SOURCES.txt'
[2.700s] running build
[2.700s] running build_py
[2.700s] creating /home/student/anro_ws/src/build/joint_state_publisher/build
[2.700s] creating /home/student/anro_ws/src/build/joint_state_publisher/build/lib
[2.701s] creating /home/student/anro_ws/src/build/joint_state_publisher/build/lib/joint_state_publisher
[2.701s] copying joint_state_publisher/joint_state_publisher.py -> /home/student/anro_ws/src/build/joint_state_publisher/build/lib/joint_state_publisher
[2.701s] copying joint_state_publisher/__init__.py -> /home/student/anro_ws/src/build/joint_state_publisher/build/lib/joint_state_publisher
[2.701s] running install
[2.701s] running install_lib
[2.702s] creating /home/student/anro_ws/src/install/joint_state_publisher/lib/python3.10/site-packages/joint_state_publisher
[2.702s] copying /home/student/anro_ws/src/build/joint_state_publisher/build/lib/joint_state_publisher/joint_state_publisher.py -> /home/student/anro_ws/src/install/joint_state_publisher/lib/python3.10/site-packages/joint_state_publisher
[2.702s] copying /home/student/anro_ws/src/build/joint_state_publisher/build/lib/joint_state_publisher/__init__.py -> /home/student/anro_ws/src/install/joint_state_publisher/lib/python3.10/site-packages/joint_state_publisher
[2.703s] byte-compiling /home/student/anro_ws/src/install/joint_state_publisher/lib/python3.10/site-packages/joint_state_publisher/joint_state_publisher.py to joint_state_publisher.cpython-310.pyc
[2.706s] byte-compiling /home/student/anro_ws/src/install/joint_state_publisher/lib/python3.10/site-packages/joint_state_publisher/__init__.py to __init__.cpython-310.pyc
[2.707s] running install_data
[2.707s] creating /home/student/anro_ws/src/install/joint_state_publisher/share/ament_index
[2.707s] creating /home/student/anro_ws/src/install/joint_state_publisher/share/ament_index/resource_index
[2.707s] creating /home/student/anro_ws/src/install/joint_state_publisher/share/ament_index/resource_index/packages
[2.708s] copying resource/joint_state_publisher -> /home/student/anro_ws/src/install/joint_state_publisher/share/ament_index/resource_index/packages
[2.708s] copying package.xml -> /home/student/anro_ws/src/install/joint_state_publisher/share/joint_state_publisher
[2.708s] running install_egg_info
[2.709s] Copying ../../build/joint_state_publisher/joint_state_publisher.egg-info to /home/student/anro_ws/src/install/joint_state_publisher/lib/python3.10/site-packages/joint_state_publisher-2.4.0-py3.10.egg-info
[2.710s] running install_scripts
[2.732s] Installing joint_state_publisher script to /home/student/anro_ws/src/install/joint_state_publisher/lib/joint_state_publisher
[2.732s] writing list of installed files to '/home/student/anro_ws/src/build/joint_state_publisher/install.log'
[2.792s] Invoked command in '/home/student/anro_ws/src/joint_state_publisher/joint_state_publisher' returned '0': PYTHONPATH=/home/student/anro_ws/src/build/joint_state_publisher/prefix_override:/home/student/anro_ws/src/install/joint_state_publisher/lib/python3.10/site-packages:${PYTHONPATH} /usr/bin/python3 setup.py egg_info --egg-base ../../build/joint_state_publisher build --build-base /home/student/anro_ws/src/build/joint_state_publisher/build install --record /home/student/anro_ws/src/build/joint_state_publisher/install.log --single-version-externally-managed
