running egg_info
creating ../build/lab2/lab2.egg-info
writing ../build/lab2/lab2.egg-info/PKG-INFO
writing dependency_links to ../build/lab2/lab2.egg-info/dependency_links.txt
writing entry points to ../build/lab2/lab2.egg-info/entry_points.txt
writing requirements to ../build/lab2/lab2.egg-info/requires.txt
writing top-level names to ../build/lab2/lab2.egg-info/top_level.txt
writing manifest file '../build/lab2/lab2.egg-info/SOURCES.txt'
reading manifest file '../build/lab2/lab2.egg-info/SOURCES.txt'
adding license file 'LICENSE'
writing manifest file '../build/lab2/lab2.egg-info/SOURCES.txt'
running build
running build_py
creating /home/marcin/anro_ws/src/build/lab2/build
creating /home/marcin/anro_ws/src/build/lab2/build/lib
creating /home/marcin/anro_ws/src/build/lab2/build/lib/lab2
copying lab2/tower_builder.py -> /home/marcin/anro_ws/src/build/lab2/build/lib/lab2
copying lab2/__init__.py -> /home/marcin/anro_ws/src/build/lab2/build/lib/lab2
copying lab2/pick_place.py -> /home/marcin/anro_ws/src/build/lab2/build/lib/lab2
running install
running install_lib
creating /home/marcin/anro_ws/src/install/lab2/lib/python3.10/site-packages/lab2
copying /home/marcin/anro_ws/src/build/lab2/build/lib/lab2/tower_builder.py -> /home/marcin/anro_ws/src/install/lab2/lib/python3.10/site-packages/lab2
copying /home/marcin/anro_ws/src/build/lab2/build/lib/lab2/__init__.py -> /home/marcin/anro_ws/src/install/lab2/lib/python3.10/site-packages/lab2
copying /home/marcin/anro_ws/src/build/lab2/build/lib/lab2/pick_place.py -> /home/marcin/anro_ws/src/install/lab2/lib/python3.10/site-packages/lab2
byte-compiling /home/marcin/anro_ws/src/install/lab2/lib/python3.10/site-packages/lab2/tower_builder.py to tower_builder.cpython-310.pyc
byte-compiling /home/marcin/anro_ws/src/install/lab2/lib/python3.10/site-packages/lab2/__init__.py to __init__.cpython-310.pyc
byte-compiling /home/marcin/anro_ws/src/install/lab2/lib/python3.10/site-packages/lab2/pick_place.py to pick_place.cpython-310.pyc
running install_data
creating /home/marcin/anro_ws/src/install/lab2/share/ament_index
creating /home/marcin/anro_ws/src/install/lab2/share/ament_index/resource_index
creating /home/marcin/anro_ws/src/install/lab2/share/ament_index/resource_index/packages
copying resource/lab2 -> /home/marcin/anro_ws/src/install/lab2/share/ament_index/resource_index/packages
copying package.xml -> /home/marcin/anro_ws/src/install/lab2/share/lab2
creating /home/marcin/anro_ws/src/install/lab2/share/lab2/launch
copying launch/pick_place_launch.py -> /home/marcin/anro_ws/src/install/lab2/share/lab2/launch
copying launch/tower_builder_launch.py -> /home/marcin/anro_ws/src/install/lab2/share/lab2/launch
running install_egg_info
Copying ../build/lab2/lab2.egg-info to /home/marcin/anro_ws/src/install/lab2/lib/python3.10/site-packages/lab2-0.0.0-py3.10.egg-info
running install_scripts
Installing pick_place script to /home/marcin/anro_ws/src/install/lab2/lib/lab2
Installing tower_builder script to /home/marcin/anro_ws/src/install/lab2/lib/lab2
writing list of installed files to '/home/marcin/anro_ws/src/build/lab2/install.log'
