[1.036s] Invoking command in '/home/marcin/anro_ws/src/lab2': PYTHONPATH=/home/marcin/anro_ws/src/build/lab2/prefix_override:/home/marcin/anro_ws/src/install/lab2/lib/python3.10/site-packages:${PYTHONPATH} /usr/bin/python3 -W ignore:setup.py install is deprecated setup.py egg_info --egg-base ../build/lab2 build --build-base /home/marcin/anro_ws/src/build/lab2/build install --record /home/marcin/anro_ws/src/build/lab2/install.log --single-version-externally-managed install_data
[1.277s] running egg_info
[1.278s] creating ../build/lab2/lab2.egg-info
[1.278s] writing ../build/lab2/lab2.egg-info/PKG-INFO
[1.278s] writing dependency_links to ../build/lab2/lab2.egg-info/dependency_links.txt
[1.279s] writing entry points to ../build/lab2/lab2.egg-info/entry_points.txt
[1.279s] writing requirements to ../build/lab2/lab2.egg-info/requires.txt
[1.279s] writing top-level names to ../build/lab2/lab2.egg-info/top_level.txt
[1.279s] writing manifest file '../build/lab2/lab2.egg-info/SOURCES.txt'
[1.281s] reading manifest file '../build/lab2/lab2.egg-info/SOURCES.txt'
[1.282s] adding license file 'LICENSE'
[1.282s] writing manifest file '../build/lab2/lab2.egg-info/SOURCES.txt'
[1.282s] running build
[1.282s] running build_py
[1.282s] creating /home/marcin/anro_ws/src/build/lab2/build
[1.282s] creating /home/marcin/anro_ws/src/build/lab2/build/lib
[1.283s] creating /home/marcin/anro_ws/src/build/lab2/build/lib/lab2
[1.283s] copying lab2/tower_builder.py -> /home/marcin/anro_ws/src/build/lab2/build/lib/lab2
[1.283s] copying lab2/__init__.py -> /home/marcin/anro_ws/src/build/lab2/build/lib/lab2
[1.283s] copying lab2/pick_place.py -> /home/marcin/anro_ws/src/build/lab2/build/lib/lab2
[1.283s] running install
[1.283s] running install_lib
[1.284s] creating /home/marcin/anro_ws/src/install/lab2/lib/python3.10/site-packages/lab2
[1.284s] copying /home/marcin/anro_ws/src/build/lab2/build/lib/lab2/tower_builder.py -> /home/marcin/anro_ws/src/install/lab2/lib/python3.10/site-packages/lab2
[1.285s] copying /home/marcin/anro_ws/src/build/lab2/build/lib/lab2/__init__.py -> /home/marcin/anro_ws/src/install/lab2/lib/python3.10/site-packages/lab2
[1.285s] copying /home/marcin/anro_ws/src/build/lab2/build/lib/lab2/pick_place.py -> /home/marcin/anro_ws/src/install/lab2/lib/python3.10/site-packages/lab2
[1.285s] byte-compiling /home/marcin/anro_ws/src/install/lab2/lib/python3.10/site-packages/lab2/tower_builder.py to tower_builder.cpython-310.pyc
[1.286s] byte-compiling /home/marcin/anro_ws/src/install/lab2/lib/python3.10/site-packages/lab2/__init__.py to __init__.cpython-310.pyc
[1.286s] byte-compiling /home/marcin/anro_ws/src/install/lab2/lib/python3.10/site-packages/lab2/pick_place.py to pick_place.cpython-310.pyc
[1.287s] running install_data
[1.287s] creating /home/marcin/anro_ws/src/install/lab2/share/ament_index
[1.287s] creating /home/marcin/anro_ws/src/install/lab2/share/ament_index/resource_index
[1.287s] creating /home/marcin/anro_ws/src/install/lab2/share/ament_index/resource_index/packages
[1.287s] copying resource/lab2 -> /home/marcin/anro_ws/src/install/lab2/share/ament_index/resource_index/packages
[1.287s] copying package.xml -> /home/marcin/anro_ws/src/install/lab2/share/lab2
[1.287s] creating /home/marcin/anro_ws/src/install/lab2/share/lab2/launch
[1.288s] copying launch/pick_place_launch.py -> /home/marcin/anro_ws/src/install/lab2/share/lab2/launch
[1.288s] copying launch/tower_builder_launch.py -> /home/marcin/anro_ws/src/install/lab2/share/lab2/launch
[1.288s] running install_egg_info
[1.290s] Copying ../build/lab2/lab2.egg-info to /home/marcin/anro_ws/src/install/lab2/lib/python3.10/site-packages/lab2-0.0.0-py3.10.egg-info
[1.290s] running install_scripts
[1.309s] Installing pick_place script to /home/marcin/anro_ws/src/install/lab2/lib/lab2
[1.309s] Installing tower_builder script to /home/marcin/anro_ws/src/install/lab2/lib/lab2
[1.309s] writing list of installed files to '/home/marcin/anro_ws/src/build/lab2/install.log'
[1.364s] Invoked command in '/home/marcin/anro_ws/src/lab2' returned '0': PYTHONPATH=/home/marcin/anro_ws/src/build/lab2/prefix_override:/home/marcin/anro_ws/src/install/lab2/lib/python3.10/site-packages:${PYTHONPATH} /usr/bin/python3 -W ignore:setup.py install is deprecated setup.py egg_info --egg-base ../build/lab2 build --build-base /home/marcin/anro_ws/src/build/lab2/build install --record /home/marcin/anro_ws/src/build/lab2/install.log --single-version-externally-managed install_data
