[0.514s] DEBUG:colcon:Command line arguments: ['/usr/bin/colcon', 'build']
[0.514s] DEBUG:colcon:Parsed command line arguments: Namespace(log_base=None, log_level=None, verb_name='build', build_base='build', install_base='install', merge_install=False, symlink_install=False, test_result_base=None, continue_on_error=False, executor='parallel', parallel_workers=16, event_handlers=None, ignore_user_meta=False, metas=['./colcon.meta'], base_paths=['.'], packages_ignore=None, packages_ignore_regex=None, paths=None, packages_up_to=None, packages_up_to_regex=None, packages_above=None, packages_above_and_dependencies=None, packages_above_depth=None, packages_select_by_dep=None, packages_skip_by_dep=None, packages_skip_up_to=None, packages_select_build_failed=False, packages_skip_build_finished=False, packages_select_test_failures=False, packages_skip_test_passed=False, packages_select=None, packages_skip=None, packages_select_regex=None, packages_skip_regex=None, packages_start=None, packages_end=None, allow_overriding=[], cmake_args=None, cmake_target=None, cmake_target_skip_unavailable=False, cmake_clean_cache=False, cmake_clean_first=False, cmake_force_configure=False, ament_cmake_args=None, catkin_cmake_args=None, catkin_skip_building_tests=False, verb_parser=<colcon_defaults.argument_parser.defaults.DefaultArgumentsDecorator object at 0x7f71a42befb0>, verb_extension=<colcon_core.verb.build.BuildVerb object at 0x7f71a42bfdc0>, main=<bound method BuildVerb.main of <colcon_core.verb.build.BuildVerb object at 0x7f71a42bfdc0>>)
[0.568s] Level 1:colcon.colcon_core.package_discovery:discover_packages(colcon_meta) check parameters
[0.568s] Level 1:colcon.colcon_core.package_discovery:discover_packages(recursive) check parameters
[0.568s] Level 1:colcon.colcon_core.package_discovery:discover_packages(ignore) check parameters
[0.568s] Level 1:colcon.colcon_core.package_discovery:discover_packages(path) check parameters
[0.568s] Level 1:colcon.colcon_core.package_discovery:discover_packages(colcon_meta) discover
[0.568s] Level 1:colcon.colcon_core.package_discovery:discover_packages(recursive) discover
[0.568s] INFO:colcon.colcon_core.package_discovery:Crawling recursively for packages in '/home/tp03/anro_ws/src'
[0.568s] Level 1:colcon.colcon_core.package_identification:_identify(.) by extensions ['ignore', 'ignore_ament_install']
[0.568s] Level 1:colcon.colcon_core.package_identification:_identify(.) by extension 'ignore'
[0.568s] Level 1:colcon.colcon_core.package_identification:_identify(.) by extension 'ignore_ament_install'
[0.568s] Level 1:colcon.colcon_core.package_identification:_identify(.) by extensions ['colcon_pkg']
[0.568s] Level 1:colcon.colcon_core.package_identification:_identify(.) by extension 'colcon_pkg'
[0.568s] Level 1:colcon.colcon_core.package_identification:_identify(.) by extensions ['colcon_meta']
[0.568s] Level 1:colcon.colcon_core.package_identification:_identify(.) by extension 'colcon_meta'
[0.568s] Level 1:colcon.colcon_core.package_identification:_identify(.) by extensions ['ros']
[0.569s] Level 1:colcon.colcon_core.package_identification:_identify(.) by extension 'ros'
[0.575s] Level 1:colcon.colcon_core.package_identification:_identify(.) by extensions ['cmake', 'python']
[0.575s] Level 1:colcon.colcon_core.package_identification:_identify(.) by extension 'cmake'
[0.575s] Level 1:colcon.colcon_core.package_identification:_identify(.) by extension 'python'
[0.575s] Level 1:colcon.colcon_core.package_identification:_identify(.) by extensions ['python_setup_py']
[0.575s] Level 1:colcon.colcon_core.package_identification:_identify(.) by extension 'python_setup_py'
[0.576s] Level 1:colcon.colcon_core.package_identification:_identify(build) by extensions ['ignore', 'ignore_ament_install']
[0.576s] Level 1:colcon.colcon_core.package_identification:_identify(build) by extension 'ignore'
[0.576s] Level 1:colcon.colcon_core.package_identification:_identify(build) ignored
[0.576s] Level 1:colcon.colcon_core.package_identification:_identify(install) by extensions ['ignore', 'ignore_ament_install']
[0.576s] Level 1:colcon.colcon_core.package_identification:_identify(install) by extension 'ignore'
[0.576s] Level 1:colcon.colcon_core.package_identification:_identify(install) ignored
[0.576s] Level 1:colcon.colcon_core.package_identification:_identify(lab2) by extensions ['ignore', 'ignore_ament_install']
[0.576s] Level 1:colcon.colcon_core.package_identification:_identify(lab2) by extension 'ignore'
[0.576s] Level 1:colcon.colcon_core.package_identification:_identify(lab2) by extension 'ignore_ament_install'
[0.576s] Level 1:colcon.colcon_core.package_identification:_identify(lab2) by extensions ['colcon_pkg']
[0.576s] Level 1:colcon.colcon_core.package_identification:_identify(lab2) by extension 'colcon_pkg'
[0.576s] Level 1:colcon.colcon_core.package_identification:_identify(lab2) by extensions ['colcon_meta']
[0.576s] Level 1:colcon.colcon_core.package_identification:_identify(lab2) by extension 'colcon_meta'
[0.576s] Level 1:colcon.colcon_core.package_identification:_identify(lab2) by extensions ['ros']
[0.576s] Level 1:colcon.colcon_core.package_identification:_identify(lab2) by extension 'ros'
[0.578s] DEBUG:colcon.colcon_core.package_identification:Package 'lab2' with type 'ros.ament_python' and name 'lab2'
[0.578s] Level 1:colcon.colcon_core.package_identification:_identify(log) by extensions ['ignore', 'ignore_ament_install']
[0.578s] Level 1:colcon.colcon_core.package_identification:_identify(log) by extension 'ignore'
[0.578s] Level 1:colcon.colcon_core.package_identification:_identify(log) ignored
[0.578s] Level 1:colcon.colcon_core.package_identification:_identify(prd1) by extensions ['ignore', 'ignore_ament_install']
[0.578s] Level 1:colcon.colcon_core.package_identification:_identify(prd1) by extension 'ignore'
[0.578s] Level 1:colcon.colcon_core.package_identification:_identify(prd1) by extension 'ignore_ament_install'
[0.578s] Level 1:colcon.colcon_core.package_identification:_identify(prd1) by extensions ['colcon_pkg']
[0.578s] Level 1:colcon.colcon_core.package_identification:_identify(prd1) by extension 'colcon_pkg'
[0.578s] Level 1:colcon.colcon_core.package_identification:_identify(prd1) by extensions ['colcon_meta']
[0.578s] Level 1:colcon.colcon_core.package_identification:_identify(prd1) by extension 'colcon_meta'
[0.578s] Level 1:colcon.colcon_core.package_identification:_identify(prd1) by extensions ['ros']
[0.578s] Level 1:colcon.colcon_core.package_identification:_identify(prd1) by extension 'ros'
[0.578s] DEBUG:colcon.colcon_core.package_identification:Package 'prd1' with type 'ros.ament_python' and name 'prd1'
[0.579s] Level 1:colcon.colcon_core.package_discovery:discover_packages(recursive) using defaults
[0.579s] Level 1:colcon.colcon_core.package_discovery:discover_packages(ignore) discover
[0.579s] Level 1:colcon.colcon_core.package_discovery:discover_packages(ignore) using defaults
[0.579s] Level 1:colcon.colcon_core.package_discovery:discover_packages(path) discover
[0.579s] Level 1:colcon.colcon_core.package_discovery:discover_packages(path) using defaults
[0.638s] Level 1:colcon.colcon_core.package_discovery:discover_packages(prefix_path) check parameters
[0.638s] Level 1:colcon.colcon_core.package_discovery:discover_packages(prefix_path) discover
[0.653s] DEBUG:colcon.colcon_installed_package_information.package_discovery:Found 2 installed packages in /home/tp03/anro_ws/src/install
[0.659s] DEBUG:colcon.colcon_installed_package_information.package_discovery:Found 2 installed packages in /home/tp03/anro_ws/install
[0.666s] DEBUG:colcon.colcon_installed_package_information.package_discovery:Found 288 installed packages in /opt/ros/humble
[0.667s] Level 1:colcon.colcon_core.package_discovery:discover_packages(prefix_path) using defaults
[0.723s] Level 5:colcon.colcon_core.verb:set package 'lab2' build argument 'cmake_args' from command line to 'None'
[0.723s] Level 5:colcon.colcon_core.verb:set package 'lab2' build argument 'cmake_target' from command line to 'None'
[0.723s] Level 5:colcon.colcon_core.verb:set package 'lab2' build argument 'cmake_target_skip_unavailable' from command line to 'False'
[0.723s] Level 5:colcon.colcon_core.verb:set package 'lab2' build argument 'cmake_clean_cache' from command line to 'False'
[0.723s] Level 5:colcon.colcon_core.verb:set package 'lab2' build argument 'cmake_clean_first' from command line to 'False'
[0.723s] Level 5:colcon.colcon_core.verb:set package 'lab2' build argument 'cmake_force_configure' from command line to 'False'
[0.723s] Level 5:colcon.colcon_core.verb:set package 'lab2' build argument 'ament_cmake_args' from command line to 'None'
[0.724s] Level 5:colcon.colcon_core.verb:set package 'lab2' build argument 'catkin_cmake_args' from command line to 'None'
[0.724s] Level 5:colcon.colcon_core.verb:set package 'lab2' build argument 'catkin_skip_building_tests' from command line to 'False'
[0.724s] DEBUG:colcon.colcon_core.verb:Building package 'lab2' with the following arguments: {'ament_cmake_args': None, 'build_base': '/home/tp03/anro_ws/src/build/lab2', 'catkin_cmake_args': None, 'catkin_skip_building_tests': False, 'cmake_args': None, 'cmake_clean_cache': False, 'cmake_clean_first': False, 'cmake_force_configure': False, 'cmake_target': None, 'cmake_target_skip_unavailable': False, 'install_base': '/home/tp03/anro_ws/src/install/lab2', 'merge_install': False, 'path': '/home/tp03/anro_ws/src/lab2', 'symlink_install': False, 'test_result_base': None}
[0.730s] Level 5:colcon.colcon_core.verb:set package 'prd1' build argument 'cmake_args' from command line to 'None'
[0.730s] Level 5:colcon.colcon_core.verb:set package 'prd1' build argument 'cmake_target' from command line to 'None'
[0.730s] Level 5:colcon.colcon_core.verb:set package 'prd1' build argument 'cmake_target_skip_unavailable' from command line to 'False'
[0.730s] Level 5:colcon.colcon_core.verb:set package 'prd1' build argument 'cmake_clean_cache' from command line to 'False'
[0.730s] Level 5:colcon.colcon_core.verb:set package 'prd1' build argument 'cmake_clean_first' from command line to 'False'
[0.730s] Level 5:colcon.colcon_core.verb:set package 'prd1' build argument 'cmake_force_configure' from command line to 'False'
[0.730s] Level 5:colcon.colcon_core.verb:set package 'prd1' build argument 'ament_cmake_args' from command line to 'None'
[0.730s] Level 5:colcon.colcon_core.verb:set package 'prd1' build argument 'catkin_cmake_args' from command line to 'None'
[0.730s] Level 5:colcon.colcon_core.verb:set package 'prd1' build argument 'catkin_skip_building_tests' from command line to 'False'
[0.730s] DEBUG:colcon.colcon_core.verb:Building package 'prd1' with the following arguments: {'ament_cmake_args': None, 'build_base': '/home/tp03/anro_ws/src/build/prd1', 'catkin_cmake_args': None, 'catkin_skip_building_tests': False, 'cmake_args': None, 'cmake_clean_cache': False, 'cmake_clean_first': False, 'cmake_force_configure': False, 'cmake_target': None, 'cmake_target_skip_unavailable': False, 'install_base': '/home/tp03/anro_ws/src/install/prd1', 'merge_install': False, 'path': '/home/tp03/anro_ws/src/prd1', 'symlink_install': False, 'test_result_base': None}
[0.737s] INFO:colcon.colcon_core.executor:Executing jobs using 'parallel' executor
[0.744s] DEBUG:colcon.colcon_parallel_executor.executor.parallel:run_until_complete
[0.744s] INFO:colcon.colcon_ros.task.ament_python.build:Building ROS package in '/home/tp03/anro_ws/src/lab2' with build type 'ament_python'
[0.744s] Level 1:colcon.colcon_core.shell:create_environment_hook('lab2', 'ament_prefix_path')
[0.754s] INFO:colcon.colcon_core.plugin_system:Skipping extension 'colcon_core.shell.bat': Not used on non-Windows systems
[0.754s] INFO:colcon.colcon_core.shell:Creating environment hook '/home/tp03/anro_ws/src/install/lab2/share/lab2/hook/ament_prefix_path.ps1'
[0.755s] INFO:colcon.colcon_core.shell:Creating environment descriptor '/home/tp03/anro_ws/src/install/lab2/share/lab2/hook/ament_prefix_path.dsv'
[0.755s] INFO:colcon.colcon_core.shell:Creating environment hook '/home/tp03/anro_ws/src/install/lab2/share/lab2/hook/ament_prefix_path.sh'
[0.763s] INFO:colcon.colcon_core.shell:Skip shell extension 'powershell' for command environment: Not usable outside of PowerShell
[0.763s] DEBUG:colcon.colcon_core.shell:Skip shell extension 'dsv' for command environment
[0.793s] INFO:colcon.colcon_ros.task.ament_python.build:Building ROS package in '/home/tp03/anro_ws/src/prd1' with build type 'ament_python'
[0.794s] Level 1:colcon.colcon_core.shell:create_environment_hook('prd1', 'ament_prefix_path')
[0.802s] INFO:colcon.colcon_core.shell:Creating environment hook '/home/tp03/anro_ws/src/install/prd1/share/prd1/hook/ament_prefix_path.ps1'
[0.802s] INFO:colcon.colcon_core.shell:Creating environment descriptor '/home/tp03/anro_ws/src/install/prd1/share/prd1/hook/ament_prefix_path.dsv'
[0.803s] INFO:colcon.colcon_core.shell:Creating environment hook '/home/tp03/anro_ws/src/install/prd1/share/prd1/hook/ament_prefix_path.sh'
[0.815s] INFO:colcon.colcon_core.shell:Skip shell extension 'powershell' for command environment: Not usable outside of PowerShell
[0.815s] DEBUG:colcon.colcon_core.shell:Skip shell extension 'dsv' for command environment
[1.023s] INFO:colcon.colcon_core.task.python.build:Building Python package in '/home/tp03/anro_ws/src/lab2'
[1.030s] INFO:colcon.colcon_core.shell:Skip shell extension 'powershell' for command environment: Not usable outside of PowerShell
[1.030s] DEBUG:colcon.colcon_core.shell:Skip shell extension 'dsv' for command environment
[1.231s] INFO:colcon.colcon_core.task.python.build:Building Python package in '/home/tp03/anro_ws/src/prd1'
[1.238s] INFO:colcon.colcon_core.shell:Skip shell extension 'powershell' for command environment: Not usable outside of PowerShell
[1.238s] DEBUG:colcon.colcon_core.shell:Skip shell extension 'dsv' for command environment
[1.574s] DEBUG:colcon.colcon_core.event_handler.log_command:Invoking command in '/home/tp03/anro_ws/src/prd1': PYTHONPATH=/home/tp03/anro_ws/src/build/prd1/prefix_override:/home/tp03/anro_ws/src/install/prd1/lib/python3.10/site-packages:${PYTHONPATH} /usr/bin/python3 setup.py egg_info --egg-base ../build/prd1 build --build-base /home/tp03/anro_ws/src/build/prd1/build install --record /home/tp03/anro_ws/src/build/prd1/install.log --single-version-externally-managed
[1.587s] DEBUG:colcon.colcon_core.event_handler.log_command:Invoking command in '/home/tp03/anro_ws/src/lab2': PYTHONPATH=/home/tp03/anro_ws/src/build/lab2/prefix_override:/home/tp03/anro_ws/src/install/lab2/lib/python3.10/site-packages:${PYTHONPATH} /usr/bin/python3 setup.py egg_info --egg-base ../build/lab2 build --build-base /home/tp03/anro_ws/src/build/lab2/build install --record /home/tp03/anro_ws/src/build/lab2/install.log --single-version-externally-managed
[1.812s] DEBUG:colcon.colcon_core.event_handler.log_command:Invoked command in '/home/tp03/anro_ws/src/prd1' returned '0': PYTHONPATH=/home/tp03/anro_ws/src/build/prd1/prefix_override:/home/tp03/anro_ws/src/install/prd1/lib/python3.10/site-packages:${PYTHONPATH} /usr/bin/python3 setup.py egg_info --egg-base ../build/prd1 build --build-base /home/tp03/anro_ws/src/build/prd1/build install --record /home/tp03/anro_ws/src/build/prd1/install.log --single-version-externally-managed
[1.822s] Level 1:colcon.colcon_core.environment:checking '/home/tp03/anro_ws/src/install/prd1' for CMake module files
[1.822s] Level 1:colcon.colcon_core.environment:checking '/home/tp03/anro_ws/src/install/prd1' for CMake config files
[1.823s] Level 1:colcon.colcon_core.environment:checking '/home/tp03/anro_ws/src/install/prd1/lib'
[1.823s] Level 1:colcon.colcon_core.environment:checking '/home/tp03/anro_ws/src/install/prd1/bin'
[1.823s] Level 1:colcon.colcon_core.environment:checking '/home/tp03/anro_ws/src/install/prd1/lib/pkgconfig/prd1.pc'
[1.823s] Level 1:colcon.colcon_core.environment:checking '/home/tp03/anro_ws/src/install/prd1/lib/python3.10/site-packages'
[1.823s] Level 1:colcon.colcon_core.shell:create_environment_hook('prd1', 'pythonpath')
[1.831s] INFO:colcon.colcon_core.shell:Creating environment hook '/home/tp03/anro_ws/src/install/prd1/share/prd1/hook/pythonpath.ps1'
[1.831s] INFO:colcon.colcon_core.shell:Creating environment descriptor '/home/tp03/anro_ws/src/install/prd1/share/prd1/hook/pythonpath.dsv'
[1.832s] INFO:colcon.colcon_core.shell:Creating environment hook '/home/tp03/anro_ws/src/install/prd1/share/prd1/hook/pythonpath.sh'
[1.832s] Level 1:colcon.colcon_core.environment:checking '/home/tp03/anro_ws/src/install/prd1/bin'
[1.832s] Level 1:colcon.colcon_core.environment:create_environment_scripts_only(prd1)
[1.839s] INFO:colcon.colcon_core.shell:Creating package script '/home/tp03/anro_ws/src/install/prd1/share/prd1/package.ps1'
[1.839s] INFO:colcon.colcon_core.shell:Creating package descriptor '/home/tp03/anro_ws/src/install/prd1/share/prd1/package.dsv'
[1.839s] INFO:colcon.colcon_core.shell:Creating package script '/home/tp03/anro_ws/src/install/prd1/share/prd1/package.sh'
[1.840s] INFO:colcon.colcon_core.shell:Creating package script '/home/tp03/anro_ws/src/install/prd1/share/prd1/package.bash'
[1.840s] INFO:colcon.colcon_core.shell:Creating package script '/home/tp03/anro_ws/src/install/prd1/share/prd1/package.zsh'
[1.841s] Level 1:colcon.colcon_core.environment:create_file_with_runtime_dependencies(/home/tp03/anro_ws/src/install/prd1/share/colcon-core/packages/prd1)
[1.843s] DEBUG:colcon.colcon_core.event_handler.log_command:Invoked command in '/home/tp03/anro_ws/src/lab2' returned '0': PYTHONPATH=/home/tp03/anro_ws/src/build/lab2/prefix_override:/home/tp03/anro_ws/src/install/lab2/lib/python3.10/site-packages:${PYTHONPATH} /usr/bin/python3 setup.py egg_info --egg-base ../build/lab2 build --build-base /home/tp03/anro_ws/src/build/lab2/build install --record /home/tp03/anro_ws/src/build/lab2/install.log --single-version-externally-managed
[1.849s] Level 1:colcon.colcon_core.environment:checking '/home/tp03/anro_ws/src/install/lab2' for CMake module files
[1.850s] Level 1:colcon.colcon_core.environment:checking '/home/tp03/anro_ws/src/install/lab2' for CMake config files
[1.850s] Level 1:colcon.colcon_core.environment:checking '/home/tp03/anro_ws/src/install/lab2/lib'
[1.850s] Level 1:colcon.colcon_core.environment:checking '/home/tp03/anro_ws/src/install/lab2/bin'
[1.850s] Level 1:colcon.colcon_core.environment:checking '/home/tp03/anro_ws/src/install/lab2/lib/pkgconfig/lab2.pc'
[1.850s] Level 1:colcon.colcon_core.environment:checking '/home/tp03/anro_ws/src/install/lab2/lib/python3.10/site-packages'
[1.850s] Level 1:colcon.colcon_core.shell:create_environment_hook('lab2', 'pythonpath')
[1.859s] INFO:colcon.colcon_core.shell:Creating environment hook '/home/tp03/anro_ws/src/install/lab2/share/lab2/hook/pythonpath.ps1'
[1.859s] INFO:colcon.colcon_core.shell:Creating environment descriptor '/home/tp03/anro_ws/src/install/lab2/share/lab2/hook/pythonpath.dsv'
[1.860s] INFO:colcon.colcon_core.shell:Creating environment hook '/home/tp03/anro_ws/src/install/lab2/share/lab2/hook/pythonpath.sh'
[1.860s] Level 1:colcon.colcon_core.environment:checking '/home/tp03/anro_ws/src/install/lab2/bin'
[1.860s] Level 1:colcon.colcon_core.environment:create_environment_scripts_only(lab2)
[1.867s] INFO:colcon.colcon_core.shell:Creating package script '/home/tp03/anro_ws/src/install/lab2/share/lab2/package.ps1'
[1.867s] INFO:colcon.colcon_core.shell:Creating package descriptor '/home/tp03/anro_ws/src/install/lab2/share/lab2/package.dsv'
[1.867s] INFO:colcon.colcon_core.shell:Creating package script '/home/tp03/anro_ws/src/install/lab2/share/lab2/package.sh'
[1.868s] INFO:colcon.colcon_core.shell:Creating package script '/home/tp03/anro_ws/src/install/lab2/share/lab2/package.bash'
[1.868s] INFO:colcon.colcon_core.shell:Creating package script '/home/tp03/anro_ws/src/install/lab2/share/lab2/package.zsh'
[1.868s] Level 1:colcon.colcon_core.environment:create_file_with_runtime_dependencies(/home/tp03/anro_ws/src/install/lab2/share/colcon-core/packages/lab2)
[1.868s] DEBUG:colcon.colcon_parallel_executor.executor.parallel:closing loop
[1.868s] DEBUG:colcon.colcon_parallel_executor.executor.parallel:loop closed
[1.868s] DEBUG:colcon.colcon_parallel_executor.executor.parallel:run_until_complete finished with '0'
[1.869s] DEBUG:colcon.colcon_core.event_reactor:joining thread
[1.883s] INFO:colcon.colcon_core.plugin_system:Skipping extension 'colcon_notification.desktop_notification.terminal_notifier': Not used on non-Darwin systems
[1.883s] INFO:colcon.colcon_core.plugin_system:Skipping extension 'colcon_notification.desktop_notification.win32': Not used on non-Windows systems
[1.883s] INFO:colcon.colcon_notification.desktop_notification:Sending desktop notification using 'notify2'
[1.893s] DEBUG:colcon.colcon_core.event_reactor:joined thread
[1.907s] INFO:colcon.colcon_core.shell:Creating prefix script '/home/tp03/anro_ws/src/install/local_setup.ps1'
[1.907s] INFO:colcon.colcon_core.shell:Creating prefix util module '/home/tp03/anro_ws/src/install/_local_setup_util_ps1.py'
[1.908s] INFO:colcon.colcon_core.shell:Creating prefix chain script '/home/tp03/anro_ws/src/install/setup.ps1'
[1.918s] INFO:colcon.colcon_core.shell:Creating prefix script '/home/tp03/anro_ws/src/install/local_setup.sh'
[1.919s] INFO:colcon.colcon_core.shell:Creating prefix util module '/home/tp03/anro_ws/src/install/_local_setup_util_sh.py'
[1.919s] INFO:colcon.colcon_core.shell:Creating prefix chain script '/home/tp03/anro_ws/src/install/setup.sh'
[1.929s] INFO:colcon.colcon_core.shell:Creating prefix script '/home/tp03/anro_ws/src/install/local_setup.bash'
[1.929s] INFO:colcon.colcon_core.shell:Creating prefix chain script '/home/tp03/anro_ws/src/install/setup.bash'
[1.940s] INFO:colcon.colcon_core.shell:Creating prefix script '/home/tp03/anro_ws/src/install/local_setup.zsh'
[1.940s] INFO:colcon.colcon_core.shell:Creating prefix chain script '/home/tp03/anro_ws/src/install/setup.zsh'
