[2.247s] Invoking command in '/home/student/anro_24l/move_to_point': PYTHONPATH=/home/student/anro_24l/build/move_to_point/prefix_override:/home/student/anro_24l/install/move_to_point/lib/python3.10/site-packages:${PYTHONPATH} /usr/bin/python3 setup.py egg_info --egg-base ../build/move_to_point build --build-base /home/student/anro_24l/build/move_to_point/build install --record /home/student/anro_24l/build/move_to_point/install.log --single-version-externally-managed
[2.599s] running egg_info
[2.600s] writing ../build/move_to_point/move_to_point.egg-info/PKG-INFO
[2.600s] writing dependency_links to ../build/move_to_point/move_to_point.egg-info/dependency_links.txt
[2.600s] writing entry points to ../build/move_to_point/move_to_point.egg-info/entry_points.txt
[2.600s] writing requirements to ../build/move_to_point/move_to_point.egg-info/requires.txt
[2.600s] writing top-level names to ../build/move_to_point/move_to_point.egg-info/top_level.txt
[2.602s] reading manifest file '../build/move_to_point/move_to_point.egg-info/SOURCES.txt'
[2.604s] writing manifest file '../build/move_to_point/move_to_point.egg-info/SOURCES.txt'
[2.605s] running build
[2.605s] running build_py
[2.605s] running install
[2.605s] running install_lib
[2.606s] running install_data
[2.606s] running install_egg_info
[2.613s] removing '/home/student/anro_24l/install/move_to_point/lib/python3.10/site-packages/move_to_point-0.0.0-py3.10.egg-info' (and everything under it)
[2.613s] Copying ../build/move_to_point/move_to_point.egg-info to /home/student/anro_24l/install/move_to_point/lib/python3.10/site-packages/move_to_point-0.0.0-py3.10.egg-info
[2.613s] running install_scripts
[2.638s] Installing move_to_point script to /home/student/anro_24l/install/move_to_point/lib/move_to_point
[2.639s] writing list of installed files to '/home/student/anro_24l/build/move_to_point/install.log'
[2.825s] Invoked command in '/home/student/anro_24l/move_to_point' returned '0': PYTHONPATH=/home/student/anro_24l/build/move_to_point/prefix_override:/home/student/anro_24l/install/move_to_point/lib/python3.10/site-packages:${PYTHONPATH} /usr/bin/python3 setup.py egg_info --egg-base ../build/move_to_point build --build-base /home/student/anro_24l/build/move_to_point/build install --record /home/student/anro_24l/build/move_to_point/install.log --single-version-externally-managed
