[1.467s] Invoking command in '/home/student/anro_24l/joint_state_publisher/joint_state_publisher_gui': AMENT_PREFIX_PATH=/home/student/anro_24l/install/joint_state_publisher PYTHONPATH=/home/student/anro_24l/build/joint_state_publisher_gui/prefix_override:/home/student/anro_24l/install/joint_state_publisher_gui/lib/python3.10/site-packages:/home/student/anro_24l/install/joint_state_publisher/lib/python3.10/site-packages /usr/bin/python3 setup.py egg_info --egg-base ../../build/joint_state_publisher_gui build --build-base /home/student/anro_24l/build/joint_state_publisher_gui/build install --record /home/student/anro_24l/build/joint_state_publisher_gui/install.log --single-version-externally-managed
[1.689s] running egg_info
[1.690s] writing ../../build/joint_state_publisher_gui/joint_state_publisher_gui.egg-info/PKG-INFO
[1.690s] writing dependency_links to ../../build/joint_state_publisher_gui/joint_state_publisher_gui.egg-info/dependency_links.txt
[1.690s] writing entry points to ../../build/joint_state_publisher_gui/joint_state_publisher_gui.egg-info/entry_points.txt
[1.690s] writing requirements to ../../build/joint_state_publisher_gui/joint_state_publisher_gui.egg-info/requires.txt
[1.690s] writing top-level names to ../../build/joint_state_publisher_gui/joint_state_publisher_gui.egg-info/top_level.txt
[1.692s] reading manifest file '../../build/joint_state_publisher_gui/joint_state_publisher_gui.egg-info/SOURCES.txt'
[1.692s] adding license file 'LICENSE'
[1.693s] writing manifest file '../../build/joint_state_publisher_gui/joint_state_publisher_gui.egg-info/SOURCES.txt'
[1.693s] running build
[1.693s] running build_py
[1.693s] running install
[1.694s] running install_lib
[1.695s] running install_data
[1.695s] running install_egg_info
[1.696s] removing '/home/student/anro_24l/install/joint_state_publisher_gui/lib/python3.10/site-packages/joint_state_publisher_gui-2.4.0-py3.10.egg-info' (and everything under it)
[1.697s] Copying ../../build/joint_state_publisher_gui/joint_state_publisher_gui.egg-info to /home/student/anro_24l/install/joint_state_publisher_gui/lib/python3.10/site-packages/joint_state_publisher_gui-2.4.0-py3.10.egg-info
[1.698s] running install_scripts
[1.719s] Installing joint_state_publisher_gui script to /home/student/anro_24l/install/joint_state_publisher_gui/lib/joint_state_publisher_gui
[1.720s] writing list of installed files to '/home/student/anro_24l/build/joint_state_publisher_gui/install.log'
[1.784s] Invoked command in '/home/student/anro_24l/joint_state_publisher/joint_state_publisher_gui' returned '0': AMENT_PREFIX_PATH=/home/student/anro_24l/install/joint_state_publisher PYTHONPATH=/home/student/anro_24l/build/joint_state_publisher_gui/prefix_override:/home/student/anro_24l/install/joint_state_publisher_gui/lib/python3.10/site-packages:/home/student/anro_24l/install/joint_state_publisher/lib/python3.10/site-packages /usr/bin/python3 setup.py egg_info --egg-base ../../build/joint_state_publisher_gui build --build-base /home/student/anro_24l/build/joint_state_publisher_gui/build install --record /home/student/anro_24l/build/joint_state_publisher_gui/install.log --single-version-externally-managed
