[0.842s] Invoking command in '/home/tp03/anro_ws/src/lab2': PYTHONPATH=/home/tp03/anro_ws/src/build/lab2/prefix_override:/home/tp03/anro_ws/src/install/lab2/lib/python3.10/site-packages:${PYTHONPATH} /usr/bin/python3 setup.py egg_info --egg-base ../build/lab2 build --build-base /home/tp03/anro_ws/src/build/lab2/build install --record /home/tp03/anro_ws/src/build/lab2/install.log --single-version-externally-managed
[1.023s] running egg_info
[1.024s] writing ../build/lab2/lab2.egg-info/PKG-INFO
[1.024s] writing dependency_links to ../build/lab2/lab2.egg-info/dependency_links.txt
[1.025s] writing entry points to ../build/lab2/lab2.egg-info/entry_points.txt
[1.025s] writing requirements to ../build/lab2/lab2.egg-info/requires.txt
[1.025s] writing top-level names to ../build/lab2/lab2.egg-info/top_level.txt
[1.027s] reading manifest file '../build/lab2/lab2.egg-info/SOURCES.txt'
[1.027s] adding license file 'LICENSE'
[1.028s] writing manifest file '../build/lab2/lab2.egg-info/SOURCES.txt'
[1.028s] running build
[1.028s] running build_py
[1.028s] running install
[1.028s] running install_lib
[1.028s] /usr/lib/python3/dist-packages/setuptools/command/install.py:34: SetuptoolsDeprecationWarning: setup.py install is deprecated. Use build and pip and other standards-based tools.
[1.028s]   warnings.warn(
[1.030s] running install_data
[1.030s] running install_egg_info
[1.034s] removing '/home/tp03/anro_ws/src/install/lab2/lib/python3.10/site-packages/lab2-0.0.0-py3.10.egg-info' (and everything under it)
[1.034s] Copying ../build/lab2/lab2.egg-info to /home/tp03/anro_ws/src/install/lab2/lib/python3.10/site-packages/lab2-0.0.0-py3.10.egg-info
[1.034s] running install_scripts
[1.067s] writing list of installed files to '/home/tp03/anro_ws/src/build/lab2/install.log'
[1.098s] Invoked command in '/home/tp03/anro_ws/src/lab2' returned '0': PYTHONPATH=/home/tp03/anro_ws/src/build/lab2/prefix_override:/home/tp03/anro_ws/src/install/lab2/lib/python3.10/site-packages:${PYTHONPATH} /usr/bin/python3 setup.py egg_info --egg-base ../build/lab2 build --build-base /home/tp03/anro_ws/src/build/lab2/build install --record /home/tp03/anro_ws/src/build/lab2/install.log --single-version-externally-managed
