[0.681s] Invoking command in '/home/marcin/anro_ws/src/build/urdf_tutorial': CMAKE_PREFIX_PATH=${CMAKE_PREFIX_PATH}:/home/marcin/anro_ws/install/lab2:/home/marcin/anro_ws/install/joint_state_publisher:/home/marcin/anro_ws/install/ROS2:/opt/ros/humble /usr/bin/cmake /home/marcin/anro_ws/src/urdf_tutorial -DCMAKE_INSTALL_PREFIX=/home/marcin/anro_ws/src/install/urdf_tutorial
[0.806s] -- The C compiler identification is GNU 11.4.0
[0.915s] -- The CXX compiler identification is GNU 11.4.0
[0.928s] -- Detecting C compiler ABI info
[1.011s] -- Detecting C compiler ABI info - done
[1.018s] -- Check for working C compiler: /usr/bin/cc - skipped
[1.018s] -- Detecting C compile features
[1.019s] -- Detecting C compile features - done
[1.025s] -- Detecting CXX compiler ABI info
[1.112s] -- Detecting CXX compiler ABI info - done
[1.119s] -- Check for working CXX compiler: /usr/bin/c++ - skipped
[1.119s] -- Detecting CXX compile features
[1.120s] -- Detecting CXX compile features - done
[1.124s] -- Found ament_cmake: 1.3.8 (/opt/ros/humble/share/ament_cmake/cmake)
[1.294s] -- Found Python3: /usr/bin/python3 (found version "3.10.12") found components: Interpreter 
[1.397s] -- Found ament_lint_auto: 0.12.10 (/opt/ros/humble/share/ament_lint_auto/cmake)
[1.456s] -- Configuring done
[1.458s] -- Generating done
[1.459s] -- Build files have been written to: /home/marcin/anro_ws/src/build/urdf_tutorial
[1.465s] Invoked command in '/home/marcin/anro_ws/src/build/urdf_tutorial' returned '0': CMAKE_PREFIX_PATH=${CMAKE_PREFIX_PATH}:/home/marcin/anro_ws/install/lab2:/home/marcin/anro_ws/install/joint_state_publisher:/home/marcin/anro_ws/install/ROS2:/opt/ros/humble /usr/bin/cmake /home/marcin/anro_ws/src/urdf_tutorial -DCMAKE_INSTALL_PREFIX=/home/marcin/anro_ws/src/install/urdf_tutorial
[1.465s] Invoking command in '/home/marcin/anro_ws/src/build/urdf_tutorial': CMAKE_PREFIX_PATH=${CMAKE_PREFIX_PATH}:/home/marcin/anro_ws/install/lab2:/home/marcin/anro_ws/install/joint_state_publisher:/home/marcin/anro_ws/install/ROS2:/opt/ros/humble /usr/bin/cmake --build /home/marcin/anro_ws/src/build/urdf_tutorial -- -j16 -l16
[1.504s] Invoked command in '/home/marcin/anro_ws/src/build/urdf_tutorial' returned '0': CMAKE_PREFIX_PATH=${CMAKE_PREFIX_PATH}:/home/marcin/anro_ws/install/lab2:/home/marcin/anro_ws/install/joint_state_publisher:/home/marcin/anro_ws/install/ROS2:/opt/ros/humble /usr/bin/cmake --build /home/marcin/anro_ws/src/build/urdf_tutorial -- -j16 -l16
[1.540s] Invoking command in '/home/marcin/anro_ws/src/build/urdf_tutorial': CMAKE_PREFIX_PATH=${CMAKE_PREFIX_PATH}:/home/marcin/anro_ws/install/lab2:/home/marcin/anro_ws/install/joint_state_publisher:/home/marcin/anro_ws/install/ROS2:/opt/ros/humble /usr/bin/cmake --install /home/marcin/anro_ws/src/build/urdf_tutorial
[1.548s] -- Install configuration: ""
[1.548s] -- Installing: /home/marcin/anro_ws/src/install/urdf_tutorial/share/urdf_tutorial/images
[1.548s] -- Installing: /home/marcin/anro_ws/src/install/urdf_tutorial/share/urdf_tutorial/images/myfirst.png
[1.549s] -- Installing: /home/marcin/anro_ws/src/install/urdf_tutorial/share/urdf_tutorial/images/multipleshapes.png
[1.549s] -- Installing: /home/marcin/anro_ws/src/install/urdf_tutorial/share/urdf_tutorial/images/origins.png
[1.550s] -- Installing: /home/marcin/anro_ws/src/install/urdf_tutorial/share/urdf_tutorial/images/visual.png
[1.550s] -- Installing: /home/marcin/anro_ws/src/install/urdf_tutorial/share/urdf_tutorial/images/flexible.png
[1.551s] -- Installing: /home/marcin/anro_ws/src/install/urdf_tutorial/share/urdf_tutorial/images/materials.png
[1.552s] -- Installing: /home/marcin/anro_ws/src/install/urdf_tutorial/share/urdf_tutorial/launch
[1.552s] -- Installing: /home/marcin/anro_ws/src/install/urdf_tutorial/share/urdf_tutorial/launch/display.launch.py
[1.552s] -- Installing: /home/marcin/anro_ws/src/install/urdf_tutorial/share/urdf_tutorial/meshes
[1.553s] -- Installing: /home/marcin/anro_ws/src/install/urdf_tutorial/share/urdf_tutorial/meshes/l_finger_tip_color.png
[1.553s] -- Installing: /home/marcin/anro_ws/src/install/urdf_tutorial/share/urdf_tutorial/meshes/l_finger_color.png
[1.553s] -- Installing: /home/marcin/anro_ws/src/install/urdf_tutorial/share/urdf_tutorial/meshes/l_finger_tip.dae
[1.553s] -- Installing: /home/marcin/anro_ws/src/install/urdf_tutorial/share/urdf_tutorial/meshes/l_finger.dae
[1.554s] -- Installing: /home/marcin/anro_ws/src/install/urdf_tutorial/share/urdf_tutorial/rviz
[1.554s] -- Installing: /home/marcin/anro_ws/src/install/urdf_tutorial/share/urdf_tutorial/rviz/urdf.rviz
[1.554s] -- Installing: /home/marcin/anro_ws/src/install/urdf_tutorial/share/urdf_tutorial/urdf
[1.554s] -- Installing: /home/marcin/anro_ws/src/install/urdf_tutorial/share/urdf_tutorial/urdf/01-myfirst.urdf
[1.554s] -- Installing: /home/marcin/anro_ws/src/install/urdf_tutorial/share/urdf_tutorial/urdf/05-visual.urdf
[1.554s] -- Installing: /home/marcin/anro_ws/src/install/urdf_tutorial/share/urdf_tutorial/urdf/03-origins.urdf
[1.555s] -- Installing: /home/marcin/anro_ws/src/install/urdf_tutorial/share/urdf_tutorial/urdf/06-flexible.urdf
[1.555s] -- Installing: /home/marcin/anro_ws/src/install/urdf_tutorial/share/urdf_tutorial/urdf/04-materials.urdf
[1.555s] -- Installing: /home/marcin/anro_ws/src/install/urdf_tutorial/share/urdf_tutorial/urdf/07-physics.urdf
[1.555s] -- Installing: /home/marcin/anro_ws/src/install/urdf_tutorial/share/urdf_tutorial/urdf/08-macroed.urdf.xacro
[1.555s] -- Installing: /home/marcin/anro_ws/src/install/urdf_tutorial/share/urdf_tutorial/urdf/02-multipleshapes.urdf
[1.556s] -- Installing: /home/marcin/anro_ws/src/install/urdf_tutorial/share/ament_index/resource_index/package_run_dependencies/urdf_tutorial
[1.556s] -- Installing: /home/marcin/anro_ws/src/install/urdf_tutorial/share/ament_index/resource_index/parent_prefix_path/urdf_tutorial
[1.556s] -- Installing: /home/marcin/anro_ws/src/install/urdf_tutorial/share/urdf_tutorial/environment/ament_prefix_path.sh
[1.556s] -- Installing: /home/marcin/anro_ws/src/install/urdf_tutorial/share/urdf_tutorial/environment/ament_prefix_path.dsv
[1.556s] -- Installing: /home/marcin/anro_ws/src/install/urdf_tutorial/share/urdf_tutorial/environment/path.sh
[1.556s] -- Installing: /home/marcin/anro_ws/src/install/urdf_tutorial/share/urdf_tutorial/environment/path.dsv
[1.556s] -- Installing: /home/marcin/anro_ws/src/install/urdf_tutorial/share/urdf_tutorial/local_setup.bash
[1.557s] -- Installing: /home/marcin/anro_ws/src/install/urdf_tutorial/share/urdf_tutorial/local_setup.sh
[1.557s] -- Installing: /home/marcin/anro_ws/src/install/urdf_tutorial/share/urdf_tutorial/local_setup.zsh
[1.557s] -- Installing: /home/marcin/anro_ws/src/install/urdf_tutorial/share/urdf_tutorial/local_setup.dsv
[1.557s] -- Installing: /home/marcin/anro_ws/src/install/urdf_tutorial/share/urdf_tutorial/package.dsv
[1.557s] -- Installing: /home/marcin/anro_ws/src/install/urdf_tutorial/share/ament_index/resource_index/packages/urdf_tutorial
[1.557s] -- Installing: /home/marcin/anro_ws/src/install/urdf_tutorial/share/urdf_tutorial/cmake/urdf_tutorialConfig.cmake
[1.558s] -- Installing: /home/marcin/anro_ws/src/install/urdf_tutorial/share/urdf_tutorial/cmake/urdf_tutorialConfig-version.cmake
[1.558s] -- Installing: /home/marcin/anro_ws/src/install/urdf_tutorial/share/urdf_tutorial/package.xml
[1.561s] Invoked command in '/home/marcin/anro_ws/src/build/urdf_tutorial' returned '0': CMAKE_PREFIX_PATH=${CMAKE_PREFIX_PATH}:/home/marcin/anro_ws/install/lab2:/home/marcin/anro_ws/install/joint_state_publisher:/home/marcin/anro_ws/install/ROS2:/opt/ros/humble /usr/bin/cmake --install /home/marcin/anro_ws/src/build/urdf_tutorial
