[1.360s] Invoking command in '/home/student/anro_24l/Move_To_Point': PYTHONPATH=/home/student/anro_24l/build/Move_To_Point/prefix_override:/home/student/anro_24l/install/Move_To_Point/lib/python3.10/site-packages: /usr/bin/python3 setup.py egg_info --egg-base ../build/Move_To_Point build --build-base /home/student/anro_24l/build/Move_To_Point/build install --record /home/student/anro_24l/build/Move_To_Point/install.log --single-version-externally-managed
[1.568s] running egg_info
[1.568s] creating ../build/Move_To_Point/Move_To_Point.egg-info
[1.569s] writing ../build/Move_To_Point/Move_To_Point.egg-info/PKG-INFO
[1.569s] writing dependency_links to ../build/Move_To_Point/Move_To_Point.egg-info/dependency_links.txt
[1.569s] writing entry points to ../build/Move_To_Point/Move_To_Point.egg-info/entry_points.txt
[1.569s] writing requirements to ../build/Move_To_Point/Move_To_Point.egg-info/requires.txt
[1.569s] writing top-level names to ../build/Move_To_Point/Move_To_Point.egg-info/top_level.txt
[1.569s] writing manifest file '../build/Move_To_Point/Move_To_Point.egg-info/SOURCES.txt'
[1.571s] reading manifest file '../build/Move_To_Point/Move_To_Point.egg-info/SOURCES.txt'
[1.572s] writing manifest file '../build/Move_To_Point/Move_To_Point.egg-info/SOURCES.txt'
[1.572s] running build
[1.572s] running build_py
[1.572s] creating /home/student/anro_24l/build/Move_To_Point/build
[1.573s] creating /home/student/anro_24l/build/Move_To_Point/build/lib
[1.573s] creating /home/student/anro_24l/build/Move_To_Point/build/lib/Move_To_Point
[1.573s] copying Move_To_Point/Move_To_Point.py -> /home/student/anro_24l/build/Move_To_Point/build/lib/Move_To_Point
[1.573s] copying Move_To_Point/__init__.py -> /home/student/anro_24l/build/Move_To_Point/build/lib/Move_To_Point
[1.573s] running install
[1.573s] running install_lib
[1.574s] creating /home/student/anro_24l/install/Move_To_Point/lib/python3.10/site-packages/Move_To_Point
[1.574s] copying /home/student/anro_24l/build/Move_To_Point/build/lib/Move_To_Point/Move_To_Point.py -> /home/student/anro_24l/install/Move_To_Point/lib/python3.10/site-packages/Move_To_Point
[1.574s] copying /home/student/anro_24l/build/Move_To_Point/build/lib/Move_To_Point/__init__.py -> /home/student/anro_24l/install/Move_To_Point/lib/python3.10/site-packages/Move_To_Point
[1.575s] byte-compiling /home/student/anro_24l/install/Move_To_Point/lib/python3.10/site-packages/Move_To_Point/Move_To_Point.py to Move_To_Point.cpython-310.pyc
[1.575s] byte-compiling /home/student/anro_24l/install/Move_To_Point/lib/python3.10/site-packages/Move_To_Point/__init__.py to __init__.cpython-310.pyc
[1.576s] running install_data
[1.576s] creating /home/student/anro_24l/install/Move_To_Point/share/ament_index
[1.576s] creating /home/student/anro_24l/install/Move_To_Point/share/ament_index/resource_index
[1.576s] creating /home/student/anro_24l/install/Move_To_Point/share/ament_index/resource_index/packages
[1.576s] copying resource/Move_To_Point -> /home/student/anro_24l/install/Move_To_Point/share/ament_index/resource_index/packages
[1.577s] copying package.xml -> /home/student/anro_24l/install/Move_To_Point/share/Move_To_Point
[1.577s] running install_egg_info
[1.578s] Copying ../build/Move_To_Point/Move_To_Point.egg-info to /home/student/anro_24l/install/Move_To_Point/lib/python3.10/site-packages/Move_To_Point-0.0.0-py3.10.egg-info
[1.579s] running install_scripts
[1.602s] Installing Move_To_Point script to /home/student/anro_24l/install/Move_To_Point/lib/Move_To_Point
[1.602s] writing list of installed files to '/home/student/anro_24l/build/Move_To_Point/install.log'
[1.747s] Invoked command in '/home/student/anro_24l/Move_To_Point' returned '0': PYTHONPATH=/home/student/anro_24l/build/Move_To_Point/prefix_override:/home/student/anro_24l/install/Move_To_Point/lib/python3.10/site-packages: /usr/bin/python3 setup.py egg_info --egg-base ../build/Move_To_Point build --build-base /home/student/anro_24l/build/Move_To_Point/build install --record /home/student/anro_24l/build/Move_To_Point/install.log --single-version-externally-managed
